2025-09-15 02:11:24.622 [info] [main] Log level: Info
2025-09-15 02:11:24.622 [info] [main] Validating found git in: "git"
2025-09-15 02:11:24.622 [info] [main] Using git "2.43.0" from "git"
2025-09-15 02:11:24.622 [info] [Model][doInitialScan] Initial repository scan started
2025-09-15 02:11:24.622 [info] > git rev-parse --show-toplevel [7ms]
2025-09-15 02:11:24.622 [info] > git rev-parse --git-dir --git-common-dir [3ms]
2025-09-15 02:11:24.622 [info] [Model][openRepository] Opened repository (path): /home/efarzad22
2025-09-15 02:11:24.622 [info] [Model][openRepository] Opened repository (real path): /home/efarzad22
2025-09-15 02:11:24.622 [info] > git rev-parse --show-toplevel [8ms]
2025-09-15 02:11:24.622 [info] > git config --get commit.template [15ms]
2025-09-15 02:11:24.622 [info] > git for-each-ref --format=%(refname)%00%(upstream:short)%00%(objectname)%00%(upstream:track)%00%(upstream:remotename)%00%(upstream:remoteref) refs/heads/main refs/remotes/main [34ms]
2025-09-15 02:11:24.622 [info] > git for-each-ref --sort -committerdate --format %(refname)%00%(objectname)%00%(*objectname) [16ms]
2025-09-15 02:11:24.622 [info] > git rev-parse --show-toplevel [7ms]
2025-09-15 02:11:24.624 [info] > git rev-parse --show-toplevel [3ms]
2025-09-15 02:11:24.633 [info] > git rev-parse --show-toplevel [2ms]
2025-09-15 02:11:24.642 [info] > git rev-parse --show-toplevel [2ms]
2025-09-15 02:11:24.650 [info] > git rev-parse --show-toplevel [1ms]
2025-09-15 02:11:24.658 [info] > git rev-parse --show-toplevel [1ms]
2025-09-15 02:11:24.669 [info] > git rev-parse --show-toplevel [4ms]
2025-09-15 02:11:24.671 [info] > git status -z -uall [87ms]
2025-09-15 02:11:24.821 [info] > git for-each-ref --format=%(refname)%00%(upstream:short)%00%(objectname)%00%(upstream:track)%00%(upstream:remotename)%00%(upstream:remoteref) refs/heads/main refs/remotes/main [34ms]
2025-09-15 02:11:25.972 [info] > git config --get --local branch.main.vscode-merge-base [1143ms]
2025-09-15 02:11:25.972 [warning] [Git][config] git config failed: Failed to execute git
2025-09-15 02:11:25.979 [info] > git config --get commit.template [1175ms]
2025-09-15 02:11:25.979 [info] > git rev-parse --show-toplevel [1182ms]
2025-09-15 02:11:26.032 [info] > git check-ignore -v -z --stdin [31ms]
2025-09-15 02:11:26.035 [info] > git reflog main --grep-reflog=branch: Created from *. [57ms]
2025-09-15 02:11:26.071 [info] > git symbolic-ref --short refs/remotes/origin/HEAD [25ms]
2025-09-15 02:11:26.074 [info] fatal: ref refs/remotes/origin/HEAD is not a symbolic ref
2025-09-15 02:11:26.074 [warning] [Repository][getDefaultBranch] Failed to get default branch details: Failed to execute git.
2025-09-15 02:11:26.086 [info] > git rev-parse --show-toplevel [58ms]
2025-09-15 02:11:26.271 [info] > git merge-base refs/heads/main refs/remotes/origin/main [186ms]
2025-09-15 02:11:26.277 [info] > git for-each-ref --format=%(refname)%00%(upstream:short)%00%(objectname)%00%(upstream:track)%00%(upstream:remotename)%00%(upstream:remoteref) refs/heads/main refs/remotes/main [210ms]
2025-09-15 02:11:26.284 [info] > git rev-parse --show-toplevel [2ms]
2025-09-15 02:11:26.285 [info] > git diff --name-status -z --diff-filter=ADMR 51ea7063ff6ed5f99aa192e4be657313910b2dfc...refs/remotes/origin/main [9ms]
2025-09-15 02:11:26.303 [info] > git rev-parse --git-dir --git-common-dir [13ms]
2025-09-15 02:11:26.313 [info] [Model][openRepository] Opened repository (path): /home/efarzad22/ostep-projects
2025-09-15 02:11:26.313 [info] [Model][openRepository] Opened repository (real path): /home/efarzad22/ostep-projects
2025-09-15 02:11:26.340 [info] > git for-each-ref --sort -committerdate --format %(refname)%00%(objectname)%00%(*objectname) [38ms]
2025-09-15 02:11:26.342 [info] > git rev-parse --show-toplevel [12ms]
2025-09-15 02:11:26.342 [info] > git config --get commit.template [18ms]
2025-09-15 02:11:26.357 [info] > git rev-parse --show-toplevel [8ms]
2025-09-15 02:11:26.365 [info] > git for-each-ref --format=%(refname)%00%(upstream:short)%00%(objectname)%00%(upstream:track)%00%(upstream:remotename)%00%(upstream:remoteref) refs/heads/master refs/remotes/master [9ms]
2025-09-15 02:11:26.373 [warning] [Git][revParse] Unable to read file: ENOENT: no such file or directory, open '/home/efarzad22/ostep-projects/.git/refs/remotes/origin/master'
2025-09-15 02:11:26.374 [info] > git rev-parse --show-toplevel [10ms]
2025-09-15 02:11:26.375 [info] [Model][doInitialScan] Initial repository scan completed - repositories (2), closed repositories (0), parent repositories (0), unsafe repositories (0)
2025-09-15 02:11:26.376 [info] > git rev-parse refs/remotes/origin/master [3ms]
2025-09-15 02:11:26.391 [info] > git status -z -uall [9ms]
2025-09-15 02:11:26.395 [info] > git for-each-ref --sort -committerdate --format %(refname)%00%(objectname)%00%(*objectname) [8ms]
2025-09-15 02:11:26.434 [info] > git status -z -uall [138ms]
2025-09-15 02:11:26.434 [info] > git for-each-ref --format=%(refname)%00%(upstream:short)%00%(objectname)%00%(upstream:track)%00%(upstream:remotename)%00%(upstream:remoteref) refs/heads/master refs/remotes/master [25ms]
2025-09-15 02:11:26.520 [info] > git config --get --local branch.master.vscode-merge-base [81ms]
2025-09-15 02:11:26.527 [info] > git config --get commit.template [100ms]
2025-09-15 02:11:26.534 [info] > git for-each-ref --format=%(refname)%00%(upstream:short)%00%(objectname)%00%(upstream:track)%00%(upstream:remotename)%00%(upstream:remoteref) refs/heads/origin/master refs/remotes/origin/master [8ms]
2025-09-15 02:11:26.542 [info] > git for-each-ref --format=%(refname)%00%(upstream:short)%00%(objectname)%00%(upstream:track)%00%(upstream:remotename)%00%(upstream:remoteref) refs/heads/master refs/remotes/master [8ms]
2025-09-15 02:11:26.547 [warning] [Git][revParse] Unable to read file: ENOENT: no such file or directory, open '/home/efarzad22/ostep-projects/.git/refs/remotes/origin/master'
2025-09-15 02:11:26.548 [info] > git merge-base refs/heads/master refs/remotes/origin/master [8ms]
2025-09-15 02:11:27.512 [info] > git diff --name-status -z --diff-filter=ADMR 76cff3f89f4bf337af6e02e53a831b7eeb1396df...refs/remotes/origin/master [959ms]
2025-09-15 02:11:27.513 [info] > git rev-parse refs/remotes/origin/master [966ms]
2025-09-15 02:11:27.540 [info] > git status -z -uall [22ms]
2025-09-15 02:11:27.540 [info] > git for-each-ref --sort -committerdate --format %(refname)%00%(objectname)%00%(*objectname) [14ms]
2025-09-15 02:11:31.126 [info] > git check-ignore -v -z --stdin [508ms]
2025-09-15 02:11:31.128 [info] > git check-ignore -v -z --stdin [492ms]
2025-09-15 02:13:41.741 [info] > git config --get commit.template [2ms]
2025-09-15 02:13:41.750 [info] > git for-each-ref --format=%(refname)%00%(upstream:short)%00%(objectname)%00%(upstream:track)%00%(upstream:remotename)%00%(upstream:remoteref) refs/heads/main refs/remotes/main [2ms]
2025-09-15 02:13:41.769 [info] > git for-each-ref --sort -committerdate --format %(refname)%00%(objectname)%00%(*objectname) [3ms]
2025-09-15 02:13:41.836 [info] > git status -z -uall [77ms]
2025-09-15 02:13:46.937 [info] > git config --get commit.template [8ms]
2025-09-15 02:13:46.938 [info] > git for-each-ref --format=%(refname)%00%(upstream:short)%00%(objectname)%00%(upstream:track)%00%(upstream:remotename)%00%(upstream:remoteref) refs/heads/main refs/remotes/main [2ms]
2025-09-15 02:13:46.955 [info] > git for-each-ref --sort -committerdate --format %(refname)%00%(objectname)%00%(*objectname) [2ms]
2025-09-15 02:13:47.015 [info] > git status -z -uall [69ms]
2025-09-15 02:14:33.410 [info] > git config --get commit.template [8ms]
2025-09-15 02:14:33.411 [info] > git for-each-ref --format=%(refname)%00%(upstream:short)%00%(objectname)%00%(upstream:track)%00%(upstream:remotename)%00%(upstream:remoteref) refs/heads/main refs/remotes/main [2ms]
2025-09-15 02:14:33.430 [info] > git for-each-ref --sort -committerdate --format %(refname)%00%(objectname)%00%(*objectname) [3ms]
2025-09-15 02:14:33.492 [info] > git status -z -uall [72ms]
2025-09-15 02:14:38.588 [info] > git config --get commit.template [9ms]
2025-09-15 02:14:38.589 [info] > git for-each-ref --format=%(refname)%00%(upstream:short)%00%(objectname)%00%(upstream:track)%00%(upstream:remotename)%00%(upstream:remoteref) refs/heads/main refs/remotes/main [2ms]
2025-09-15 02:14:38.607 [info] > git for-each-ref --sort -committerdate --format %(refname)%00%(objectname)%00%(*objectname) [3ms]
2025-09-15 02:14:38.668 [info] > git status -z -uall [71ms]
2025-09-15 02:23:53.996 [info] > git config --get commit.template [9ms]
2025-09-15 02:23:53.997 [info] > git for-each-ref --format=%(refname)%00%(upstream:short)%00%(objectname)%00%(upstream:track)%00%(upstream:remotename)%00%(upstream:remoteref) refs/heads/main refs/remotes/main [2ms]
2025-09-15 02:23:54.017 [info] > git for-each-ref --sort -committerdate --format %(refname)%00%(objectname)%00%(*objectname) [2ms]
2025-09-15 02:23:54.083 [info] > git status -z -uall [76ms]
2025-09-15 02:23:59.174 [info] > git config --get commit.template [9ms]
2025-09-15 02:23:59.175 [info] > git for-each-ref --format=%(refname)%00%(upstream:short)%00%(objectname)%00%(upstream:track)%00%(upstream:remotename)%00%(upstream:remoteref) refs/heads/main refs/remotes/main [2ms]
2025-09-15 02:23:59.193 [info] > git for-each-ref --sort -committerdate --format %(refname)%00%(objectname)%00%(*objectname) [2ms]
2025-09-15 02:23:59.254 [info] > git status -z -uall [71ms]
2025-09-15 02:25:54.515 [info] > git config --get commit.template [8ms]
2025-09-15 02:25:54.516 [info] > git for-each-ref --format=%(refname)%00%(upstream:short)%00%(objectname)%00%(upstream:track)%00%(upstream:remotename)%00%(upstream:remoteref) refs/heads/main refs/remotes/main [2ms]
2025-09-15 02:25:54.536 [info] > git for-each-ref --sort -committerdate --format %(refname)%00%(objectname)%00%(*objectname) [3ms]
2025-09-15 02:25:54.601 [info] > git status -z -uall [77ms]
2025-09-15 02:29:09.352 [info] > git config --get commit.template [8ms]
2025-09-15 02:29:09.353 [info] > git for-each-ref --format=%(refname)%00%(upstream:short)%00%(objectname)%00%(upstream:track)%00%(upstream:remotename)%00%(upstream:remoteref) refs/heads/main refs/remotes/main [3ms]
2025-09-15 02:29:09.372 [info] > git for-each-ref --sort -committerdate --format %(refname)%00%(objectname)%00%(*objectname) [3ms]
2025-09-15 02:29:09.431 [info] > git status -z -uall [71ms]
2025-09-15 02:29:14.511 [info] > git config --get commit.template [2ms]
2025-09-15 02:29:14.521 [info] > git for-each-ref --format=%(refname)%00%(upstream:short)%00%(objectname)%00%(upstream:track)%00%(upstream:remotename)%00%(upstream:remoteref) refs/heads/main refs/remotes/main [2ms]
2025-09-15 02:29:14.539 [info] > git for-each-ref --sort -committerdate --format %(refname)%00%(objectname)%00%(*objectname) [2ms]
2025-09-15 02:29:14.598 [info] > git status -z -uall [69ms]
2025-09-15 02:31:31.417 [info] > git config --get commit.template [9ms]
2025-09-15 02:31:31.418 [info] > git for-each-ref --format=%(refname)%00%(upstream:short)%00%(objectname)%00%(upstream:track)%00%(upstream:remotename)%00%(upstream:remoteref) refs/heads/main refs/remotes/main [2ms]
2025-09-15 02:31:31.439 [info] > git for-each-ref --sort -committerdate --format %(refname)%00%(objectname)%00%(*objectname) [3ms]
2025-09-15 02:31:31.509 [info] > git status -z -uall [82ms]
2025-09-15 02:31:51.689 [info] > git config --get commit.template [9ms]
2025-09-15 02:31:51.691 [info] > git for-each-ref --format=%(refname)%00%(upstream:short)%00%(objectname)%00%(upstream:track)%00%(upstream:remotename)%00%(upstream:remoteref) refs/heads/main refs/remotes/main [3ms]
2025-09-15 02:31:51.710 [info] > git for-each-ref --sort -committerdate --format %(refname)%00%(objectname)%00%(*objectname) [2ms]
2025-09-15 02:31:51.776 [info] > git status -z -uall [77ms]
2025-09-15 02:32:18.176 [info] > git config --get commit.template [8ms]
2025-09-15 02:32:18.177 [info] > git for-each-ref --format=%(refname)%00%(upstream:short)%00%(objectname)%00%(upstream:track)%00%(upstream:remotename)%00%(upstream:remoteref) refs/heads/main refs/remotes/main [2ms]
2025-09-15 02:32:18.196 [info] > git for-each-ref --sort -committerdate --format %(refname)%00%(objectname)%00%(*objectname) [2ms]
2025-09-15 02:32:18.262 [info] > git status -z -uall [77ms]
2025-09-15 02:35:31.320 [info] > git config --get commit.template [9ms]
2025-09-15 02:35:31.321 [info] > git for-each-ref --format=%(refname)%00%(upstream:short)%00%(objectname)%00%(upstream:track)%00%(upstream:remotename)%00%(upstream:remoteref) refs/heads/main refs/remotes/main [2ms]
2025-09-15 02:35:31.340 [info] > git for-each-ref --sort -committerdate --format %(refname)%00%(objectname)%00%(*objectname) [3ms]
2025-09-15 02:35:31.402 [info] > git status -z -uall [73ms]
2025-09-15 02:35:36.495 [info] > git config --get commit.template [8ms]
2025-09-15 02:35:36.497 [info] > git for-each-ref --format=%(refname)%00%(upstream:short)%00%(objectname)%00%(upstream:track)%00%(upstream:remotename)%00%(upstream:remoteref) refs/heads/main refs/remotes/main [3ms]
2025-09-15 02:35:36.514 [info] > git for-each-ref --sort -committerdate --format %(refname)%00%(objectname)%00%(*objectname) [3ms]
2025-09-15 02:35:36.579 [info] > git status -z -uall [75ms]
2025-09-15 02:35:40.252 [info] > git show --textconv :programming1/problem5.c [9ms]
2025-09-15 02:35:40.261 [info] > git ls-files --stage -- programming1/problem5.c [11ms]
2025-09-15 02:35:40.270 [info] > git hash-object -t tree /dev/null [11ms]
2025-09-15 02:35:40.270 [warning] [GitFileSystemProvider][readFile] File not found - git:/home/efarzad22/programming1/problem5.c.git?%7B%22path%22%3A%22%2Fhome%2Fefarzad22%2Fprogramming1%2Fproblem5.c%22%2C%22ref%22%3A%22%22%7D
2025-09-15 02:35:40.279 [info] > git hash-object -t tree /dev/null [10ms]
2025-09-15 02:35:40.279 [warning] [GitFileSystemProvider][stat] File not found - git:/home/efarzad22/programming1/problem5.c.git?%7B%22path%22%3A%22%2Fhome%2Fefarzad22%2Fprogramming1%2Fproblem5.c%22%2C%22ref%22%3A%22%22%7D
2025-09-15 02:35:40.424 [info] > git check-ignore -v -z --stdin [3ms]
2025-09-15 02:35:44.404 [info] > git show --textconv :programming1/problem5.c [8ms]
2025-09-15 02:35:44.405 [warning] [GitFileSystemProvider][readFile] File not found - git:/home/efarzad22/programming1/problem5.c.git?%7B%22path%22%3A%22%2Fhome%2Fefarzad22%2Fprogramming1%2Fproblem5.c%22%2C%22ref%22%3A%22%22%7D
2025-09-15 02:35:44.406 [info] > git ls-files --stage -- programming1/problem5.c [3ms]
2025-09-15 02:35:44.406 [warning] [GitFileSystemProvider][stat] File not found - git:/home/efarzad22/programming1/problem5.c.git?%7B%22path%22%3A%22%2Fhome%2Fefarzad22%2Fprogramming1%2Fproblem5.c%22%2C%22ref%22%3A%22%22%7D
2025-09-15 02:35:45.223 [info] > git blame --root --incremental 51ea7063ff6ed5f99aa192e4be657313910b2dfc -- programming1/problem5.c [2ms]
2025-09-15 02:35:45.223 [info] fatal: no such path programming1/problem5.c in 51ea7063ff6ed5f99aa192e4be657313910b2dfc
2025-09-15 02:35:49.014 [info] > git show --textconv :programming1/problem5.c [10ms]
2025-09-15 02:35:49.015 [warning] [GitFileSystemProvider][readFile] File not found - git:/home/efarzad22/programming1/problem5.c.git?%7B%22path%22%3A%22%2Fhome%2Fefarzad22%2Fprogramming1%2Fproblem5.c%22%2C%22ref%22%3A%22%22%7D
2025-09-15 02:35:49.015 [info] > git ls-files --stage -- programming1/problem5.c [2ms]
2025-09-15 02:35:49.015 [warning] [GitFileSystemProvider][stat] File not found - git:/home/efarzad22/programming1/problem5.c.git?%7B%22path%22%3A%22%2Fhome%2Fefarzad22%2Fprogramming1%2Fproblem5.c%22%2C%22ref%22%3A%22%22%7D
2025-09-15 02:37:26.824 [info] > git check-ignore -v -z --stdin [2ms]
2025-09-15 02:37:41.961 [info] > git config --get commit.template [8ms]
2025-09-15 02:37:41.963 [info] > git for-each-ref --format=%(refname)%00%(upstream:short)%00%(objectname)%00%(upstream:track)%00%(upstream:remotename)%00%(upstream:remoteref) refs/heads/main refs/remotes/main [3ms]
2025-09-15 02:37:41.981 [info] > git for-each-ref --sort -committerdate --format %(refname)%00%(objectname)%00%(*objectname) [3ms]
2025-09-15 02:37:42.044 [info] > git status -z -uall [73ms]
2025-09-15 02:38:42.622 [info] > git config --get commit.template [10ms]
2025-09-15 02:38:42.623 [info] > git for-each-ref --format=%(refname)%00%(upstream:short)%00%(objectname)%00%(upstream:track)%00%(upstream:remotename)%00%(upstream:remoteref) refs/heads/main refs/remotes/main [2ms]
2025-09-15 02:38:42.643 [info] > git for-each-ref --sort -committerdate --format %(refname)%00%(objectname)%00%(*objectname) [3ms]
2025-09-15 02:38:42.706 [info] > git status -z -uall [74ms]
2025-09-15 02:40:18.386 [info] > git config --get commit.template [9ms]
2025-09-15 02:40:18.387 [info] > git for-each-ref --format=%(refname)%00%(upstream:short)%00%(objectname)%00%(upstream:track)%00%(upstream:remotename)%00%(upstream:remoteref) refs/heads/main refs/remotes/main [2ms]
2025-09-15 02:40:18.407 [info] > git for-each-ref --sort -committerdate --format %(refname)%00%(objectname)%00%(*objectname) [3ms]
2025-09-15 02:40:18.468 [info] > git status -z -uall [72ms]
2025-09-15 02:40:23.571 [info] > git config --get commit.template [9ms]
2025-09-15 02:40:23.572 [info] > git for-each-ref --format=%(refname)%00%(upstream:short)%00%(objectname)%00%(upstream:track)%00%(upstream:remotename)%00%(upstream:remoteref) refs/heads/main refs/remotes/main [2ms]
2025-09-15 02:40:23.591 [info] > git for-each-ref --sort -committerdate --format %(refname)%00%(objectname)%00%(*objectname) [3ms]
2025-09-15 02:40:23.652 [info] > git status -z -uall [72ms]
2025-09-15 02:41:50.171 [info] > git config --get commit.template [2ms]
2025-09-15 02:41:50.180 [info] > git for-each-ref --format=%(refname)%00%(upstream:short)%00%(objectname)%00%(upstream:track)%00%(upstream:remotename)%00%(upstream:remoteref) refs/heads/main refs/remotes/main [2ms]
2025-09-15 02:41:50.199 [info] > git for-each-ref --sort -committerdate --format %(refname)%00%(objectname)%00%(*objectname) [3ms]
2025-09-15 02:41:50.261 [info] > git status -z -uall [73ms]
2025-09-15 02:41:55.367 [info] > git config --get commit.template [8ms]
2025-09-15 02:41:55.369 [info] > git for-each-ref --format=%(refname)%00%(upstream:short)%00%(objectname)%00%(upstream:track)%00%(upstream:remotename)%00%(upstream:remoteref) refs/heads/main refs/remotes/main [2ms]
2025-09-15 02:41:55.387 [info] > git for-each-ref --sort -committerdate --format %(refname)%00%(objectname)%00%(*objectname) [3ms]
2025-09-15 02:41:55.446 [info] > git status -z -uall [69ms]
2025-09-15 02:42:00.523 [info] > git config --get commit.template [8ms]
2025-09-15 02:42:00.524 [info] > git for-each-ref --format=%(refname)%00%(upstream:short)%00%(objectname)%00%(upstream:track)%00%(upstream:remotename)%00%(upstream:remoteref) refs/heads/main refs/remotes/main [2ms]
2025-09-15 02:42:00.541 [info] > git for-each-ref --sort -committerdate --format %(refname)%00%(objectname)%00%(*objectname) [2ms]
2025-09-15 02:42:00.599 [info] > git status -z -uall [68ms]
2025-09-15 02:45:34.108 [info] > git config --get commit.template [8ms]
2025-09-15 02:45:34.110 [info] > git for-each-ref --format=%(refname)%00%(upstream:short)%00%(objectname)%00%(upstream:track)%00%(upstream:remotename)%00%(upstream:remoteref) refs/heads/main refs/remotes/main [3ms]
2025-09-15 02:45:34.128 [info] > git for-each-ref --sort -committerdate --format %(refname)%00%(objectname)%00%(*objectname) [3ms]
2025-09-15 02:45:34.192 [info] > git status -z -uall [73ms]
2025-09-15 02:45:39.284 [info] > git config --get commit.template [9ms]
2025-09-15 02:45:39.285 [info] > git for-each-ref --format=%(refname)%00%(upstream:short)%00%(objectname)%00%(upstream:track)%00%(upstream:remotename)%00%(upstream:remoteref) refs/heads/main refs/remotes/main [2ms]
2025-09-15 02:45:39.303 [info] > git for-each-ref --sort -committerdate --format %(refname)%00%(objectname)%00%(*objectname) [2ms]
2025-09-15 02:45:39.363 [info] > git status -z -uall [70ms]
2025-09-15 02:47:41.350 [info] > git config --get commit.template [10ms]
2025-09-15 02:47:41.350 [info] > git for-each-ref --format=%(refname)%00%(upstream:short)%00%(objectname)%00%(upstream:track)%00%(upstream:remotename)%00%(upstream:remoteref) refs/heads/main refs/remotes/main [3ms]
2025-09-15 02:47:41.368 [info] > git for-each-ref --sort -committerdate --format %(refname)%00%(objectname)%00%(*objectname) [3ms]
2025-09-15 02:47:41.434 [info] > git status -z -uall [76ms]
2025-09-15 02:47:46.533 [info] > git config --get commit.template [8ms]
2025-09-15 02:47:46.535 [info] > git for-each-ref --format=%(refname)%00%(upstream:short)%00%(objectname)%00%(upstream:track)%00%(upstream:remotename)%00%(upstream:remoteref) refs/heads/main refs/remotes/main [3ms]
2025-09-15 02:47:46.551 [info] > git for-each-ref --sort -committerdate --format %(refname)%00%(objectname)%00%(*objectname) [2ms]
2025-09-15 02:47:46.611 [info] > git status -z -uall [69ms]
2025-09-15 02:48:42.758 [info] > git config --get commit.template [9ms]
2025-09-15 02:48:42.759 [info] > git for-each-ref --format=%(refname)%00%(upstream:short)%00%(objectname)%00%(upstream:track)%00%(upstream:remotename)%00%(upstream:remoteref) refs/heads/main refs/remotes/main [3ms]
2025-09-15 02:48:42.786 [info] > git for-each-ref --sort -committerdate --format %(refname)%00%(objectname)%00%(*objectname) [9ms]
2025-09-15 02:48:42.846 [info] > git status -z -uall [78ms]
2025-09-15 02:49:54.778 [info] > git for-each-ref --format=%(refname)%00%(upstream:short)%00%(objectname)%00%(upstream:track)%00%(upstream:remotename)%00%(upstream:remoteref) refs/heads/main refs/remotes/main [2ms]
2025-09-15 02:49:54.778 [info] > git config --get commit.template [10ms]
2025-09-15 02:49:54.795 [info] > git for-each-ref --sort -committerdate --format %(refname)%00%(objectname)%00%(*objectname) [2ms]
2025-09-15 02:49:54.860 [info] > git status -z -uall [74ms]
2025-09-15 02:49:59.945 [info] > git config --get commit.template [9ms]
2025-09-15 02:49:59.946 [info] > git for-each-ref --format=%(refname)%00%(upstream:short)%00%(objectname)%00%(upstream:track)%00%(upstream:remotename)%00%(upstream:remoteref) refs/heads/main refs/remotes/main [2ms]
2025-09-15 02:49:59.964 [info] > git for-each-ref --sort -committerdate --format %(refname)%00%(objectname)%00%(*objectname) [2ms]
2025-09-15 02:50:00.031 [info] > git status -z -uall [77ms]
2025-09-15 02:50:03.262 [info] > git show --textconv :programming1/problem6.c [9ms]
2025-09-15 02:50:03.262 [warning] [GitFileSystemProvider][readFile] File not found - git:/home/efarzad22/programming1/problem6.c.git?%7B%22path%22%3A%22%2Fhome%2Fefarzad22%2Fprogramming1%2Fproblem6.c%22%2C%22ref%22%3A%22%22%7D
2025-09-15 02:50:03.263 [info] > git ls-files --stage -- programming1/problem6.c [3ms]
2025-09-15 02:50:03.264 [warning] [GitFileSystemProvider][stat] File not found - git:/home/efarzad22/programming1/problem6.c.git?%7B%22path%22%3A%22%2Fhome%2Fefarzad22%2Fprogramming1%2Fproblem6.c%22%2C%22ref%22%3A%22%22%7D
2025-09-15 02:50:03.414 [info] > git check-ignore -v -z --stdin [2ms]
2025-09-15 02:50:04.285 [info] > git blame --root --incremental 51ea7063ff6ed5f99aa192e4be657313910b2dfc -- programming1/problem6.c [2ms]
2025-09-15 02:50:04.285 [info] fatal: no such path programming1/problem6.c in 51ea7063ff6ed5f99aa192e4be657313910b2dfc
2025-09-15 02:50:30.564 [info] > git show --textconv :programming1/problem6.c [9ms]
2025-09-15 02:50:30.565 [warning] [GitFileSystemProvider][readFile] File not found - git:/home/efarzad22/programming1/problem6.c.git?%7B%22path%22%3A%22%2Fhome%2Fefarzad22%2Fprogramming1%2Fproblem6.c%22%2C%22ref%22%3A%22%22%7D
2025-09-15 02:50:30.565 [info] > git ls-files --stage -- programming1/problem6.c [2ms]
2025-09-15 02:50:30.565 [warning] [GitFileSystemProvider][stat] File not found - git:/home/efarzad22/programming1/problem6.c.git?%7B%22path%22%3A%22%2Fhome%2Fefarzad22%2Fprogramming1%2Fproblem6.c%22%2C%22ref%22%3A%22%22%7D
2025-09-15 02:50:42.713 [info] > git show --textconv :programming1/problem6.c [9ms]
2025-09-15 02:50:42.713 [warning] [GitFileSystemProvider][readFile] File not found - git:/home/efarzad22/programming1/problem6.c.git?%7B%22path%22%3A%22%2Fhome%2Fefarzad22%2Fprogramming1%2Fproblem6.c%22%2C%22ref%22%3A%22%22%7D
2025-09-15 02:50:42.714 [info] > git ls-files --stage -- programming1/problem6.c [3ms]
2025-09-15 02:50:42.715 [warning] [GitFileSystemProvider][stat] File not found - git:/home/efarzad22/programming1/problem6.c.git?%7B%22path%22%3A%22%2Fhome%2Fefarzad22%2Fprogramming1%2Fproblem6.c%22%2C%22ref%22%3A%22%22%7D
2025-09-15 02:50:51.210 [info] > git show --textconv :programming1/problem6.c [11ms]
2025-09-15 02:50:51.210 [warning] [GitFileSystemProvider][readFile] File not found - git:/home/efarzad22/programming1/problem6.c.git?%7B%22path%22%3A%22%2Fhome%2Fefarzad22%2Fprogramming1%2Fproblem6.c%22%2C%22ref%22%3A%22%22%7D
2025-09-15 02:50:51.211 [info] > git ls-files --stage -- programming1/problem6.c [3ms]
2025-09-15 02:50:51.212 [warning] [GitFileSystemProvider][stat] File not found - git:/home/efarzad22/programming1/problem6.c.git?%7B%22path%22%3A%22%2Fhome%2Fefarzad22%2Fprogramming1%2Fproblem6.c%22%2C%22ref%22%3A%22%22%7D
2025-09-15 02:53:04.655 [info] > git config --get commit.template [9ms]
2025-09-15 02:53:04.656 [info] > git for-each-ref --format=%(refname)%00%(upstream:short)%00%(objectname)%00%(upstream:track)%00%(upstream:remotename)%00%(upstream:remoteref) refs/heads/main refs/remotes/main [2ms]
2025-09-15 02:53:04.674 [info] > git for-each-ref --sort -committerdate --format %(refname)%00%(objectname)%00%(*objectname) [2ms]
2025-09-15 02:53:04.737 [info] > git status -z -uall [73ms]
2025-09-15 02:53:09.833 [info] > git config --get commit.template [9ms]
2025-09-15 02:53:09.835 [info] > git for-each-ref --format=%(refname)%00%(upstream:short)%00%(objectname)%00%(upstream:track)%00%(upstream:remotename)%00%(upstream:remoteref) refs/heads/main refs/remotes/main [2ms]
2025-09-15 02:53:09.854 [info] > git for-each-ref --sort -committerdate --format %(refname)%00%(objectname)%00%(*objectname) [2ms]
2025-09-15 02:53:09.913 [info] > git status -z -uall [69ms]
2025-09-15 02:54:40.252 [info] > git config --get commit.template [9ms]
2025-09-15 02:54:40.253 [info] > git for-each-ref --format=%(refname)%00%(upstream:short)%00%(objectname)%00%(upstream:track)%00%(upstream:remotename)%00%(upstream:remoteref) refs/heads/main refs/remotes/main [2ms]
2025-09-15 02:54:40.277 [info] > git for-each-ref --sort -committerdate --format %(refname)%00%(objectname)%00%(*objectname) [5ms]
2025-09-15 02:54:40.341 [info] > git status -z -uall [79ms]
2025-09-15 02:56:25.350 [info] > git config --get commit.template [10ms]
2025-09-15 02:56:25.351 [info] > git for-each-ref --format=%(refname)%00%(upstream:short)%00%(objectname)%00%(upstream:track)%00%(upstream:remotename)%00%(upstream:remoteref) refs/heads/main refs/remotes/main [2ms]
2025-09-15 02:56:25.371 [info] > git for-each-ref --sort -committerdate --format %(refname)%00%(objectname)%00%(*objectname) [3ms]
2025-09-15 02:56:25.433 [info] > git status -z -uall [73ms]
2025-09-15 02:56:30.521 [info] > git config --get commit.template [8ms]
2025-09-15 02:56:30.523 [info] > git for-each-ref --format=%(refname)%00%(upstream:short)%00%(objectname)%00%(upstream:track)%00%(upstream:remotename)%00%(upstream:remoteref) refs/heads/main refs/remotes/main [2ms]
2025-09-15 02:56:30.542 [info] > git for-each-ref --sort -committerdate --format %(refname)%00%(objectname)%00%(*objectname) [3ms]
2025-09-15 02:56:30.600 [info] > git status -z -uall [68ms]
2025-09-15 02:57:24.977 [info] > git config --get commit.template [9ms]
2025-09-15 02:57:24.978 [info] > git for-each-ref --format=%(refname)%00%(upstream:short)%00%(objectname)%00%(upstream:track)%00%(upstream:remotename)%00%(upstream:remoteref) refs/heads/main refs/remotes/main [2ms]
2025-09-15 02:57:24.997 [info] > git for-each-ref --sort -committerdate --format %(refname)%00%(objectname)%00%(*objectname) [3ms]
2025-09-15 02:57:25.060 [info] > git status -z -uall [74ms]
2025-09-15 02:57:30.157 [info] > git config --get commit.template [9ms]
2025-09-15 02:57:30.158 [info] > git for-each-ref --format=%(refname)%00%(upstream:short)%00%(objectname)%00%(upstream:track)%00%(upstream:remotename)%00%(upstream:remoteref) refs/heads/main refs/remotes/main [2ms]
2025-09-15 02:57:30.178 [info] > git for-each-ref --sort -committerdate --format %(refname)%00%(objectname)%00%(*objectname) [3ms]
2025-09-15 02:57:30.239 [info] > git status -z -uall [72ms]
