2025-09-12 05:03:32.304 [info] [main] Log level: Info
2025-09-12 05:03:32.304 [info] [main] Validating found git in: "git"
2025-09-12 05:03:32.304 [info] [main] Using git "2.43.0" from "git"
2025-09-12 05:03:32.304 [info] [Model][doInitialScan] Initial repository scan started
2025-09-12 05:03:32.304 [info] > git rev-parse --show-toplevel [9ms]
2025-09-12 05:03:32.304 [info] > git rev-parse --git-dir --git-common-dir [2ms]
2025-09-12 05:03:32.304 [info] [Model][openRepository] Opened repository (path): /home/efarzad22
2025-09-12 05:03:32.304 [info] [Model][openRepository] Opened repository (real path): /home/efarzad22
2025-09-12 05:03:32.306 [info] > git config --get commit.template [9ms]
2025-09-12 05:03:32.443 [info] > git for-each-ref --format=%(refname)%00%(upstream:short)%00%(objectname)%00%(upstream:track)%00%(upstream:remotename)%00%(upstream:remoteref) refs/heads/main refs/remotes/main [130ms]
2025-09-12 05:03:32.443 [info] > git rev-parse --show-toplevel [140ms]
2025-09-12 05:03:32.471 [info] > git rev-parse --git-dir --git-common-dir [6ms]
2025-09-12 05:03:32.477 [info] [Model][openRepository] Opened repository (path): /home/efarzad22/ostep-projects
2025-09-12 05:03:32.477 [info] [Model][openRepository] Opened repository (real path): /home/efarzad22/ostep-projects
2025-09-12 05:03:32.517 [info] > git rev-parse --show-toplevel [23ms]
2025-09-12 05:03:32.518 [info] > git config --get commit.template [31ms]
2025-09-12 05:03:32.531 [info] > git for-each-ref --sort -committerdate --format %(refname)%00%(objectname)%00%(*objectname) [16ms]
2025-09-12 05:03:32.541 [info] > git rev-parse --show-toplevel [14ms]
2025-09-12 05:03:32.558 [info] > git rev-parse --show-toplevel [7ms]
2025-09-12 05:03:32.572 [info] > git rev-parse --show-toplevel [3ms]
2025-09-12 05:03:32.604 [info] > git rev-parse --show-toplevel [13ms]
2025-09-12 05:03:32.626 [info] > git rev-parse --show-toplevel [6ms]
2025-09-12 05:03:32.636 [info] > git for-each-ref --format=%(refname)%00%(upstream:short)%00%(objectname)%00%(upstream:track)%00%(upstream:remotename)%00%(upstream:remoteref) refs/heads/master refs/remotes/master [96ms]
2025-09-12 05:03:32.637 [info] > git rev-parse --show-toplevel [3ms]
2025-09-12 05:03:32.645 [warning] [Git][revParse] Unable to read file: ENOENT: no such file or directory, open '/home/efarzad22/ostep-projects/.git/refs/remotes/origin/master'
2025-09-12 05:03:32.656 [info] > git rev-parse refs/remotes/origin/master [11ms]
2025-09-12 05:03:32.674 [info] > git rev-parse --show-toplevel [19ms]
2025-09-12 05:03:32.685 [info] > git for-each-ref --sort -committerdate --format %(refname)%00%(objectname)%00%(*objectname) [13ms]
2025-09-12 05:03:32.688 [info] > git rev-parse --show-toplevel [7ms]
2025-09-12 05:03:32.697 [info] > git status -z -uall [191ms]
2025-09-12 05:03:32.839 [info] > git status -z -uall [175ms]
2025-09-12 05:03:32.839 [info] > git for-each-ref --format=%(refname)%00%(upstream:short)%00%(objectname)%00%(upstream:track)%00%(upstream:remotename)%00%(upstream:remoteref) refs/heads/main refs/remotes/main [22ms]
2025-09-12 05:03:32.846 [info] > git rev-parse --show-toplevel [151ms]
2025-09-12 05:03:33.790 [info] > git for-each-ref --format=%(refname)%00%(upstream:short)%00%(objectname)%00%(upstream:track)%00%(upstream:remotename)%00%(upstream:remoteref) refs/heads/master refs/remotes/master [933ms]
2025-09-12 05:03:33.797 [info] > git config --get --local branch.main.vscode-merge-base [950ms]
2025-09-12 05:03:33.797 [warning] [Git][config] git config failed: Failed to execute git
2025-09-12 05:03:33.804 [info] > git config --get commit.template [966ms]
2025-09-12 05:03:33.837 [info] > git check-ignore -v -z --stdin [20ms]
2025-09-12 05:03:33.838 [info] > git check-ignore -v -z --stdin [14ms]
2025-09-12 05:03:33.840 [info] > git reflog main --grep-reflog=branch: Created from *. [37ms]
2025-09-12 05:03:33.850 [info] > git config --get --local branch.master.vscode-merge-base [54ms]
2025-09-12 05:03:33.857 [info] > git config --get commit.template [110ms]
2025-09-12 05:03:33.857 [info] > git rev-parse --show-toplevel [117ms]
2025-09-12 05:03:33.858 [info] [Model][doInitialScan] Initial repository scan completed - repositories (2), closed repositories (0), parent repositories (0), unsafe repositories (0)
2025-09-12 05:03:33.870 [info] > git for-each-ref --format=%(refname)%00%(upstream:short)%00%(objectname)%00%(upstream:track)%00%(upstream:remotename)%00%(upstream:remoteref) refs/heads/origin/master refs/remotes/origin/master [14ms]
2025-09-12 05:03:33.879 [info] > git symbolic-ref --short refs/remotes/origin/HEAD [29ms]
2025-09-12 05:03:33.879 [info] fatal: ref refs/remotes/origin/HEAD is not a symbolic ref
2025-09-12 05:03:33.879 [warning] [Repository][getDefaultBranch] Failed to get default branch details: Failed to execute git.
2025-09-12 05:03:33.896 [info] > git merge-base refs/heads/master refs/remotes/origin/master [18ms]
2025-09-12 05:03:33.904 [info] > git for-each-ref --format=%(refname)%00%(upstream:short)%00%(objectname)%00%(upstream:track)%00%(upstream:remotename)%00%(upstream:remoteref) refs/heads/main refs/remotes/main [36ms]
2025-09-12 05:03:33.906 [info] > git for-each-ref --format=%(refname)%00%(upstream:short)%00%(objectname)%00%(upstream:track)%00%(upstream:remotename)%00%(upstream:remoteref) refs/heads/master refs/remotes/master [11ms]
2025-09-12 05:03:33.906 [info] > git merge-base refs/heads/main refs/remotes/origin/main [20ms]
2025-09-12 05:03:33.920 [warning] [Git][revParse] Unable to read file: ENOENT: no such file or directory, open '/home/efarzad22/ostep-projects/.git/refs/remotes/origin/master'
2025-09-12 05:03:33.921 [info] > git diff --name-status -z --diff-filter=ADMR 76cff3f89f4bf337af6e02e53a831b7eeb1396df...refs/remotes/origin/master [17ms]
2025-09-12 05:03:33.923 [info] > git rev-parse refs/remotes/origin/master [3ms]
2025-09-12 05:03:33.937 [info] > git diff --name-status -z --diff-filter=ADMR 733ad3ad9d336fc2a3049478dc2ab993e883f720...refs/remotes/origin/main [24ms]
2025-09-12 05:03:33.953 [info] > git status -z -uall [24ms]
2025-09-12 05:03:33.955 [info] > git for-each-ref --sort -committerdate --format %(refname)%00%(objectname)%00%(*objectname) [3ms]
2025-09-12 05:03:33.956 [info] > git for-each-ref --sort -committerdate --format %(refname)%00%(objectname)%00%(*objectname) [20ms]
2025-09-12 05:03:34.026 [info] > git status -z -uall [82ms]
2025-09-12 05:04:16.308 [info] > git config --get commit.template [11ms]
2025-09-12 05:04:16.308 [info] > git for-each-ref --format=%(refname)%00%(upstream:short)%00%(objectname)%00%(upstream:track)%00%(upstream:remotename)%00%(upstream:remoteref) refs/heads/main refs/remotes/main [3ms]
2025-09-12 05:04:16.333 [info] > git for-each-ref --sort -committerdate --format %(refname)%00%(objectname)%00%(*objectname) [5ms]
2025-09-12 05:04:16.392 [info] > git status -z -uall [74ms]
2025-09-12 05:04:45.961 [info] > git config --get commit.template [11ms]
2025-09-12 05:04:45.962 [info] > git for-each-ref --format=%(refname)%00%(upstream:short)%00%(objectname)%00%(upstream:track)%00%(upstream:remotename)%00%(upstream:remoteref) refs/heads/master refs/remotes/master [3ms]
2025-09-12 05:04:45.972 [warning] [Git][revParse] Unable to read file: ENOENT: no such file or directory, open '/home/efarzad22/ostep-projects/.git/refs/remotes/origin/master'
2025-09-12 05:04:45.974 [info] > git rev-parse refs/remotes/origin/master [2ms]
2025-09-12 05:04:45.996 [info] > git status -z -uall [12ms]
2025-09-12 05:04:45.997 [info] > git for-each-ref --sort -committerdate --format %(refname)%00%(objectname)%00%(*objectname) [3ms]
2025-09-12 05:05:51.412 [info] > git config --get commit.template [2ms]
2025-09-12 05:05:51.421 [info] > git for-each-ref --format=%(refname)%00%(upstream:short)%00%(objectname)%00%(upstream:track)%00%(upstream:remotename)%00%(upstream:remoteref) refs/heads/main refs/remotes/main [2ms]
2025-09-12 05:05:51.439 [info] > git for-each-ref --sort -committerdate --format %(refname)%00%(objectname)%00%(*objectname) [4ms]
2025-09-12 05:05:51.501 [info] > git status -z -uall [72ms]
2025-09-12 05:05:56.592 [info] > git for-each-ref --format=%(refname)%00%(upstream:short)%00%(objectname)%00%(upstream:track)%00%(upstream:remotename)%00%(upstream:remoteref) refs/heads/main refs/remotes/main [4ms]
2025-09-12 05:05:56.593 [info] > git config --get commit.template [11ms]
2025-09-12 05:05:56.609 [info] > git for-each-ref --sort -committerdate --format %(refname)%00%(objectname)%00%(*objectname) [2ms]
2025-09-12 05:05:56.665 [info] > git status -z -uall [64ms]
2025-09-12 05:05:57.972 [info] > git check-ignore -v -z --stdin [2ms]
2025-09-12 05:06:46.280 [info] > git config --get commit.template [10ms]
2025-09-12 05:06:46.281 [info] > git for-each-ref --format=%(refname)%00%(upstream:short)%00%(objectname)%00%(upstream:track)%00%(upstream:remotename)%00%(upstream:remoteref) refs/heads/main refs/remotes/main [3ms]
2025-09-12 05:06:46.297 [info] > git for-each-ref --sort -committerdate --format %(refname)%00%(objectname)%00%(*objectname) [2ms]
2025-09-12 05:06:46.356 [info] > git status -z -uall [68ms]
2025-09-12 05:06:51.442 [info] > git config --get commit.template [8ms]
2025-09-12 05:06:51.443 [info] > git for-each-ref --format=%(refname)%00%(upstream:short)%00%(objectname)%00%(upstream:track)%00%(upstream:remotename)%00%(upstream:remoteref) refs/heads/main refs/remotes/main [2ms]
2025-09-12 05:06:51.459 [info] > git for-each-ref --sort -committerdate --format %(refname)%00%(objectname)%00%(*objectname) [2ms]
2025-09-12 05:06:51.515 [info] > git status -z -uall [65ms]
2025-09-12 05:07:51.078 [info] > git config --get commit.template [9ms]
2025-09-12 05:07:51.079 [info] > git for-each-ref --format=%(refname)%00%(upstream:short)%00%(objectname)%00%(upstream:track)%00%(upstream:remotename)%00%(upstream:remoteref) refs/heads/main refs/remotes/main [2ms]
2025-09-12 05:07:51.095 [info] > git for-each-ref --sort -committerdate --format %(refname)%00%(objectname)%00%(*objectname) [2ms]
2025-09-12 05:07:51.155 [info] > git status -z -uall [69ms]
2025-09-12 05:15:45.932 [info] > git config --get commit.template [8ms]
2025-09-12 05:15:45.934 [info] > git for-each-ref --format=%(refname)%00%(upstream:short)%00%(objectname)%00%(upstream:track)%00%(upstream:remotename)%00%(upstream:remoteref) refs/heads/main refs/remotes/main [2ms]
2025-09-12 05:15:45.952 [info] > git for-each-ref --sort -committerdate --format %(refname)%00%(objectname)%00%(*objectname) [2ms]
2025-09-12 05:15:46.010 [info] > git status -z -uall [67ms]
2025-09-12 05:16:12.688 [info] > git config --get commit.template [8ms]
2025-09-12 05:16:12.689 [info] > git for-each-ref --format=%(refname)%00%(upstream:short)%00%(objectname)%00%(upstream:track)%00%(upstream:remotename)%00%(upstream:remoteref) refs/heads/main refs/remotes/main [2ms]
2025-09-12 05:16:12.706 [info] > git for-each-ref --sort -committerdate --format %(refname)%00%(objectname)%00%(*objectname) [2ms]
2025-09-12 05:16:12.782 [info] > git status -z -uall [85ms]
2025-09-12 05:16:17.878 [info] > git config --get commit.template [8ms]
2025-09-12 05:16:17.879 [info] > git for-each-ref --format=%(refname)%00%(upstream:short)%00%(objectname)%00%(upstream:track)%00%(upstream:remotename)%00%(upstream:remoteref) refs/heads/main refs/remotes/main [2ms]
2025-09-12 05:16:17.896 [info] > git for-each-ref --sort -committerdate --format %(refname)%00%(objectname)%00%(*objectname) [3ms]
2025-09-12 05:16:17.954 [info] > git status -z -uall [68ms]
2025-09-12 05:16:23.025 [info] > git config --get commit.template [8ms]
2025-09-12 05:16:23.026 [info] > git for-each-ref --format=%(refname)%00%(upstream:short)%00%(objectname)%00%(upstream:track)%00%(upstream:remotename)%00%(upstream:remoteref) refs/heads/main refs/remotes/main [2ms]
2025-09-12 05:16:23.043 [info] > git for-each-ref --sort -committerdate --format %(refname)%00%(objectname)%00%(*objectname) [2ms]
2025-09-12 05:16:23.098 [info] > git status -z -uall [64ms]
2025-09-12 05:16:28.171 [info] > git config --get commit.template [9ms]
2025-09-12 05:16:28.172 [info] > git for-each-ref --format=%(refname)%00%(upstream:short)%00%(objectname)%00%(upstream:track)%00%(upstream:remotename)%00%(upstream:remoteref) refs/heads/main refs/remotes/main [2ms]
2025-09-12 05:16:28.191 [info] > git for-each-ref --sort -committerdate --format %(refname)%00%(objectname)%00%(*objectname) [2ms]
2025-09-12 05:16:28.246 [info] > git status -z -uall [66ms]
2025-09-12 05:16:47.344 [info] > git config --get commit.template [7ms]
2025-09-12 05:16:47.345 [info] > git for-each-ref --format=%(refname)%00%(upstream:short)%00%(objectname)%00%(upstream:track)%00%(upstream:remotename)%00%(upstream:remoteref) refs/heads/main refs/remotes/main [2ms]
2025-09-12 05:16:47.362 [info] > git for-each-ref --sort -committerdate --format %(refname)%00%(objectname)%00%(*objectname) [3ms]
2025-09-12 05:16:47.418 [info] > git status -z -uall [66ms]
2025-09-12 05:16:52.492 [info] > git for-each-ref --format=%(refname)%00%(upstream:short)%00%(objectname)%00%(upstream:track)%00%(upstream:remotename)%00%(upstream:remoteref) refs/heads/main refs/remotes/main [6ms]
2025-09-12 05:16:52.492 [info] > git config --get commit.template [13ms]
2025-09-12 05:16:52.508 [info] > git for-each-ref --sort -committerdate --format %(refname)%00%(objectname)%00%(*objectname) [2ms]
2025-09-12 05:16:52.562 [info] > git status -z -uall [63ms]
2025-09-12 05:16:57.627 [info] > git config --get commit.template [8ms]
2025-09-12 05:16:57.629 [info] > git for-each-ref --format=%(refname)%00%(upstream:short)%00%(objectname)%00%(upstream:track)%00%(upstream:remotename)%00%(upstream:remoteref) refs/heads/main refs/remotes/main [1ms]
2025-09-12 05:16:57.645 [info] > git for-each-ref --sort -committerdate --format %(refname)%00%(objectname)%00%(*objectname) [2ms]
2025-09-12 05:16:57.701 [info] > git status -z -uall [65ms]
2025-09-12 05:17:03.727 [info] > git config --get commit.template [8ms]
2025-09-12 05:17:03.728 [info] > git for-each-ref --format=%(refname)%00%(upstream:short)%00%(objectname)%00%(upstream:track)%00%(upstream:remotename)%00%(upstream:remoteref) refs/heads/main refs/remotes/main [1ms]
2025-09-12 05:17:03.746 [info] > git for-each-ref --sort -committerdate --format %(refname)%00%(objectname)%00%(*objectname) [3ms]
2025-09-12 05:17:03.802 [info] > git status -z -uall [66ms]
2025-09-12 05:17:19.650 [info] > git config --get commit.template [8ms]
2025-09-12 05:17:19.651 [info] > git for-each-ref --format=%(refname)%00%(upstream:short)%00%(objectname)%00%(upstream:track)%00%(upstream:remotename)%00%(upstream:remoteref) refs/heads/main refs/remotes/main [2ms]
2025-09-12 05:17:19.668 [info] > git for-each-ref --sort -committerdate --format %(refname)%00%(objectname)%00%(*objectname) [2ms]
2025-09-12 05:17:19.724 [info] > git status -z -uall [65ms]
2025-09-12 05:17:40.211 [info] > git config --get commit.template [8ms]
2025-09-12 05:17:40.213 [info] > git for-each-ref --format=%(refname)%00%(upstream:short)%00%(objectname)%00%(upstream:track)%00%(upstream:remotename)%00%(upstream:remoteref) refs/heads/main refs/remotes/main [3ms]
2025-09-12 05:17:40.229 [info] > git for-each-ref --sort -committerdate --format %(refname)%00%(objectname)%00%(*objectname) [2ms]
2025-09-12 05:17:40.283 [info] > git status -z -uall [63ms]
2025-09-12 05:18:50.302 [info] > git config --get commit.template [8ms]
2025-09-12 05:18:50.304 [info] > git for-each-ref --format=%(refname)%00%(upstream:short)%00%(objectname)%00%(upstream:track)%00%(upstream:remotename)%00%(upstream:remoteref) refs/heads/main refs/remotes/main [2ms]
2025-09-12 05:18:50.320 [info] > git for-each-ref --sort -committerdate --format %(refname)%00%(objectname)%00%(*objectname) [2ms]
2025-09-12 05:18:50.381 [info] > git status -z -uall [70ms]
2025-09-12 05:18:55.949 [info] > git config --get commit.template [8ms]
2025-09-12 05:18:55.950 [info] > git for-each-ref --format=%(refname)%00%(upstream:short)%00%(objectname)%00%(upstream:track)%00%(upstream:remotename)%00%(upstream:remoteref) refs/heads/main refs/remotes/main [2ms]
2025-09-12 05:18:55.967 [info] > git for-each-ref --sort -committerdate --format %(refname)%00%(objectname)%00%(*objectname) [2ms]
2025-09-12 05:18:56.023 [info] > git status -z -uall [66ms]
2025-09-12 05:19:53.517 [info] > git config --get commit.template [2ms]
2025-09-12 05:19:53.526 [info] > git for-each-ref --format=%(refname)%00%(upstream:short)%00%(objectname)%00%(upstream:track)%00%(upstream:remotename)%00%(upstream:remoteref) refs/heads/main refs/remotes/main [2ms]
2025-09-12 05:19:53.544 [info] > git for-each-ref --sort -committerdate --format %(refname)%00%(objectname)%00%(*objectname) [3ms]
2025-09-12 05:19:53.601 [info] > git status -z -uall [67ms]
2025-09-12 05:20:19.516 [info] > git config --get commit.template [9ms]
2025-09-12 05:20:19.517 [info] > git for-each-ref --format=%(refname)%00%(upstream:short)%00%(objectname)%00%(upstream:track)%00%(upstream:remotename)%00%(upstream:remoteref) refs/heads/main refs/remotes/main [2ms]
2025-09-12 05:20:19.535 [info] > git for-each-ref --sort -committerdate --format %(refname)%00%(objectname)%00%(*objectname) [2ms]
2025-09-12 05:20:19.594 [info] > git status -z -uall [68ms]
2025-09-12 05:20:26.187 [info] > git config --get commit.template [8ms]
2025-09-12 05:20:26.189 [info] > git for-each-ref --format=%(refname)%00%(upstream:short)%00%(objectname)%00%(upstream:track)%00%(upstream:remotename)%00%(upstream:remoteref) refs/heads/main refs/remotes/main [2ms]
2025-09-12 05:20:26.205 [info] > git for-each-ref --sort -committerdate --format %(refname)%00%(objectname)%00%(*objectname) [2ms]
2025-09-12 05:20:26.261 [info] > git status -z -uall [65ms]
2025-09-12 05:21:04.626 [info] > git config --get commit.template [8ms]
2025-09-12 05:21:04.627 [info] > git for-each-ref --format=%(refname)%00%(upstream:short)%00%(objectname)%00%(upstream:track)%00%(upstream:remotename)%00%(upstream:remoteref) refs/heads/main refs/remotes/main [2ms]
2025-09-12 05:21:04.645 [info] > git for-each-ref --sort -committerdate --format %(refname)%00%(objectname)%00%(*objectname) [3ms]
2025-09-12 05:21:04.704 [info] > git status -z -uall [69ms]
2025-09-12 05:22:29.413 [info] > git config --get commit.template [9ms]
2025-09-12 05:22:29.414 [info] > git for-each-ref --format=%(refname)%00%(upstream:short)%00%(objectname)%00%(upstream:track)%00%(upstream:remotename)%00%(upstream:remoteref) refs/heads/main refs/remotes/main [2ms]
2025-09-12 05:22:29.431 [info] > git for-each-ref --sort -committerdate --format %(refname)%00%(objectname)%00%(*objectname) [2ms]
2025-09-12 05:22:29.489 [info] > git status -z -uall [68ms]
2025-09-12 05:22:37.019 [info] > git config --get commit.template [9ms]
2025-09-12 05:22:37.020 [info] > git for-each-ref --format=%(refname)%00%(upstream:short)%00%(objectname)%00%(upstream:track)%00%(upstream:remotename)%00%(upstream:remoteref) refs/heads/main refs/remotes/main [2ms]
2025-09-12 05:22:37.037 [info] > git for-each-ref --sort -committerdate --format %(refname)%00%(objectname)%00%(*objectname) [2ms]
2025-09-12 05:22:37.093 [info] > git status -z -uall [65ms]
2025-09-12 05:22:42.162 [info] > git config --get commit.template [8ms]
2025-09-12 05:22:42.163 [info] > git for-each-ref --format=%(refname)%00%(upstream:short)%00%(objectname)%00%(upstream:track)%00%(upstream:remotename)%00%(upstream:remoteref) refs/heads/main refs/remotes/main [2ms]
2025-09-12 05:22:42.180 [info] > git for-each-ref --sort -committerdate --format %(refname)%00%(objectname)%00%(*objectname) [3ms]
2025-09-12 05:22:42.234 [info] > git status -z -uall [64ms]
2025-09-12 05:22:51.273 [info] > git config --get commit.template [8ms]
2025-09-12 05:22:51.274 [info] > git for-each-ref --format=%(refname)%00%(upstream:short)%00%(objectname)%00%(upstream:track)%00%(upstream:remotename)%00%(upstream:remoteref) refs/heads/main refs/remotes/main [2ms]
2025-09-12 05:22:51.291 [info] > git for-each-ref --sort -committerdate --format %(refname)%00%(objectname)%00%(*objectname) [3ms]
2025-09-12 05:22:51.346 [info] > git status -z -uall [65ms]
2025-09-12 05:23:07.400 [info] > git config --get commit.template [8ms]
2025-09-12 05:23:07.402 [info] > git for-each-ref --format=%(refname)%00%(upstream:short)%00%(objectname)%00%(upstream:track)%00%(upstream:remotename)%00%(upstream:remoteref) refs/heads/main refs/remotes/main [3ms]
2025-09-12 05:23:07.420 [info] > git for-each-ref --sort -committerdate --format %(refname)%00%(objectname)%00%(*objectname) [3ms]
2025-09-12 05:23:07.474 [info] > git status -z -uall [64ms]
2025-09-12 05:23:22.391 [info] > git config --get commit.template [8ms]
2025-09-12 05:23:22.392 [info] > git for-each-ref --format=%(refname)%00%(upstream:short)%00%(objectname)%00%(upstream:track)%00%(upstream:remotename)%00%(upstream:remoteref) refs/heads/main refs/remotes/main [2ms]
2025-09-12 05:23:22.410 [info] > git for-each-ref --sort -committerdate --format %(refname)%00%(objectname)%00%(*objectname) [2ms]
2025-09-12 05:23:22.465 [info] > git status -z -uall [66ms]
2025-09-12 05:23:50.454 [info] > git config --get commit.template [8ms]
2025-09-12 05:23:50.456 [info] > git for-each-ref --format=%(refname)%00%(upstream:short)%00%(objectname)%00%(upstream:track)%00%(upstream:remotename)%00%(upstream:remoteref) refs/heads/main refs/remotes/main [3ms]
2025-09-12 05:23:50.472 [info] > git for-each-ref --sort -committerdate --format %(refname)%00%(objectname)%00%(*objectname) [2ms]
2025-09-12 05:23:50.528 [info] > git status -z -uall [65ms]
2025-09-12 05:24:10.111 [info] > git config --get commit.template [8ms]
2025-09-12 05:24:10.113 [info] > git for-each-ref --format=%(refname)%00%(upstream:short)%00%(objectname)%00%(upstream:track)%00%(upstream:remotename)%00%(upstream:remoteref) refs/heads/main refs/remotes/main [2ms]
2025-09-12 05:24:10.130 [info] > git for-each-ref --sort -committerdate --format %(refname)%00%(objectname)%00%(*objectname) [2ms]
2025-09-12 05:24:10.188 [info] > git status -z -uall [68ms]
2025-09-12 05:24:33.988 [info] > git config --get commit.template [8ms]
2025-09-12 05:24:33.989 [info] > git for-each-ref --format=%(refname)%00%(upstream:short)%00%(objectname)%00%(upstream:track)%00%(upstream:remotename)%00%(upstream:remoteref) refs/heads/main refs/remotes/main [2ms]
2025-09-12 05:24:34.006 [info] > git for-each-ref --sort -committerdate --format %(refname)%00%(objectname)%00%(*objectname) [2ms]
2025-09-12 05:24:34.069 [info] > git status -z -uall [73ms]
2025-09-12 05:24:52.798 [info] > git config --get commit.template [10ms]
2025-09-12 05:24:52.800 [info] > git for-each-ref --format=%(refname)%00%(upstream:short)%00%(objectname)%00%(upstream:track)%00%(upstream:remotename)%00%(upstream:remoteref) refs/heads/main refs/remotes/main [2ms]
2025-09-12 05:24:52.820 [info] > git for-each-ref --sort -committerdate --format %(refname)%00%(objectname)%00%(*objectname) [3ms]
2025-09-12 05:24:52.880 [info] > git status -z -uall [73ms]
2025-09-12 05:24:57.976 [info] > git config --get commit.template [4ms]
2025-09-12 05:24:57.985 [info] > git for-each-ref --format=%(refname)%00%(upstream:short)%00%(objectname)%00%(upstream:track)%00%(upstream:remotename)%00%(upstream:remoteref) refs/heads/main refs/remotes/main [1ms]
2025-09-12 05:24:58.002 [info] > git for-each-ref --sort -committerdate --format %(refname)%00%(objectname)%00%(*objectname) [2ms]
2025-09-12 05:24:58.060 [info] > git status -z -uall [67ms]
2025-09-12 05:25:08.698 [info] > git config --get commit.template [8ms]
2025-09-12 05:25:08.700 [info] > git for-each-ref --format=%(refname)%00%(upstream:short)%00%(objectname)%00%(upstream:track)%00%(upstream:remotename)%00%(upstream:remoteref) refs/heads/main refs/remotes/main [3ms]
2025-09-12 05:25:08.717 [info] > git for-each-ref --sort -committerdate --format %(refname)%00%(objectname)%00%(*objectname) [3ms]
2025-09-12 05:25:08.793 [info] > git status -z -uall [86ms]
2025-09-12 05:25:32.476 [info] > git config --get commit.template [7ms]
2025-09-12 05:25:32.477 [info] > git for-each-ref --format=%(refname)%00%(upstream:short)%00%(objectname)%00%(upstream:track)%00%(upstream:remotename)%00%(upstream:remoteref) refs/heads/main refs/remotes/main [2ms]
2025-09-12 05:25:32.493 [info] > git for-each-ref --sort -committerdate --format %(refname)%00%(objectname)%00%(*objectname) [2ms]
2025-09-12 05:25:32.548 [info] > git status -z -uall [64ms]
2025-09-12 05:25:37.621 [info] > git config --get commit.template [9ms]
2025-09-12 05:25:37.622 [info] > git for-each-ref --format=%(refname)%00%(upstream:short)%00%(objectname)%00%(upstream:track)%00%(upstream:remotename)%00%(upstream:remoteref) refs/heads/main refs/remotes/main [2ms]
2025-09-12 05:25:37.640 [info] > git for-each-ref --sort -committerdate --format %(refname)%00%(objectname)%00%(*objectname) [3ms]
2025-09-12 05:25:37.696 [info] > git status -z -uall [66ms]
2025-09-12 05:25:58.055 [info] > git config --get commit.template [8ms]
2025-09-12 05:25:58.056 [info] > git for-each-ref --format=%(refname)%00%(upstream:short)%00%(objectname)%00%(upstream:track)%00%(upstream:remotename)%00%(upstream:remoteref) refs/heads/main refs/remotes/main [2ms]
2025-09-12 05:25:58.073 [info] > git for-each-ref --sort -committerdate --format %(refname)%00%(objectname)%00%(*objectname) [2ms]
2025-09-12 05:25:58.134 [info] > git status -z -uall [70ms]
