2025-09-14 01:17:53.302 [info] [main] Log level: Info
2025-09-14 01:17:53.302 [info] [main] Validating found git in: "git"
2025-09-14 01:17:53.302 [info] [main] Using git "2.43.0" from "git"
2025-09-14 01:17:53.302 [info] [Model][doInitialScan] Initial repository scan started
2025-09-14 01:17:53.302 [info] > git rev-parse --show-toplevel [28ms]
2025-09-14 01:17:53.302 [info] > git rev-parse --git-dir --git-common-dir [4ms]
2025-09-14 01:17:53.302 [info] [Model][openRepository] Opened repository (path): /home/efarzad22
2025-09-14 01:17:53.302 [info] [Model][openRepository] Opened repository (real path): /home/efarzad22
2025-09-14 01:17:53.302 [info] > git config --get commit.template [62ms]
2025-09-14 01:17:53.322 [info] > git rev-parse --show-toplevel [77ms]
2025-09-14 01:17:55.372 [info] > git check-ignore -v -z --stdin [12ms]
2025-09-14 01:17:55.375 [info] > git rev-parse --git-dir --git-common-dir [2045ms]
2025-09-14 01:17:55.380 [info] [Model][openRepository] Opened repository (path): /home/efarzad22/ostep-projects
2025-09-14 01:17:55.380 [info] [Model][openRepository] Opened repository (real path): /home/efarzad22/ostep-projects
2025-09-14 01:17:55.381 [info] > git for-each-ref --format=%(refname)%00%(upstream:short)%00%(objectname)%00%(upstream:track)%00%(upstream:remotename)%00%(upstream:remoteref) refs/heads/main refs/remotes/main [2069ms]
2025-09-14 01:17:55.458 [info] > git rev-parse --show-toplevel [29ms]
2025-09-14 01:17:55.462 [info] > git config --get commit.template [41ms]
2025-09-14 01:17:55.813 [info] > git rev-parse --show-toplevel [121ms]
2025-09-14 01:17:55.828 [info] > git for-each-ref --format=%(refname)%00%(upstream:short)%00%(objectname)%00%(upstream:track)%00%(upstream:remotename)%00%(upstream:remoteref) refs/heads/master refs/remotes/master [107ms]
2025-09-14 01:17:55.828 [info] > git for-each-ref --sort -committerdate --format %(refname)%00%(objectname)%00%(*objectname) [117ms]
2025-09-14 01:17:55.837 [warning] [Git][revParse] Unable to read file: ENOENT: no such file or directory, open '/home/efarzad22/ostep-projects/.git/refs/remotes/origin/master'
2025-09-14 01:17:55.845 [info] > git status -z -uall [144ms]
2025-09-14 01:17:55.846 [info] > git rev-parse --show-toplevel [24ms]
2025-09-14 01:17:55.852 [info] > git rev-parse refs/remotes/origin/master [15ms]
2025-09-14 01:17:55.988 [info] > git status -z -uall [129ms]
2025-09-14 01:17:55.990 [info] > git for-each-ref --format=%(refname)%00%(upstream:short)%00%(objectname)%00%(upstream:track)%00%(upstream:remotename)%00%(upstream:remoteref) refs/heads/main refs/remotes/main [32ms]
2025-09-14 01:17:55.999 [info] > git for-each-ref --sort -committerdate --format %(refname)%00%(objectname)%00%(*objectname) [132ms]
2025-09-14 01:17:56.908 [info] > git for-each-ref --format=%(refname)%00%(upstream:short)%00%(objectname)%00%(upstream:track)%00%(upstream:remotename)%00%(upstream:remoteref) refs/heads/master refs/remotes/master [896ms]
2025-09-14 01:17:56.916 [info] > git config --get --local branch.main.vscode-merge-base [917ms]
2025-09-14 01:17:56.916 [warning] [Git][config] git config failed: Failed to execute git
2025-09-14 01:17:56.924 [info] > git config --get commit.template [946ms]
2025-09-14 01:17:56.924 [info] > git rev-parse --show-toplevel [954ms]
2025-09-14 01:17:56.951 [info] > git config --get --local branch.master.vscode-merge-base [36ms]
2025-09-14 01:17:56.959 [info] > git config --get commit.template [68ms]
2025-09-14 01:17:56.969 [info] > git rev-parse --show-toplevel [22ms]
2025-09-14 01:17:56.969 [info] > git reflog main --grep-reflog=branch: Created from *. [45ms]
2025-09-14 01:17:56.997 [info] > git for-each-ref --format=%(refname)%00%(upstream:short)%00%(objectname)%00%(upstream:track)%00%(upstream:remotename)%00%(upstream:remoteref) refs/heads/main refs/remotes/main [31ms]
2025-09-14 01:17:56.997 [info] > git for-each-ref --format=%(refname)%00%(upstream:short)%00%(objectname)%00%(upstream:track)%00%(upstream:remotename)%00%(upstream:remoteref) refs/heads/origin/master refs/remotes/origin/master [39ms]
2025-09-14 01:17:57.010 [info] > git rev-parse --show-toplevel [15ms]
2025-09-14 01:17:57.010 [info] > git for-each-ref --format=%(refname)%00%(upstream:short)%00%(objectname)%00%(upstream:track)%00%(upstream:remotename)%00%(upstream:remoteref) refs/heads/master refs/remotes/master [23ms]
2025-09-14 01:17:57.010 [info] > git symbolic-ref --short refs/remotes/origin/HEAD [34ms]
2025-09-14 01:17:57.011 [info] fatal: ref refs/remotes/origin/HEAD is not a symbolic ref
2025-09-14 01:17:57.011 [warning] [Repository][getDefaultBranch] Failed to get default branch details: Failed to execute git.
2025-09-14 01:17:57.037 [warning] [Git][revParse] Unable to read file: ENOENT: no such file or directory, open '/home/efarzad22/ostep-projects/.git/refs/remotes/origin/master'
2025-09-14 01:17:57.038 [info] > git merge-base refs/heads/master refs/remotes/origin/master [32ms]
2025-09-14 01:17:57.049 [info] > git rev-parse refs/remotes/origin/master [12ms]
2025-09-14 01:17:57.066 [info] > git rev-parse --show-toplevel [37ms]
2025-09-14 01:17:57.067 [info] > git merge-base refs/heads/main refs/remotes/origin/main [49ms]
2025-09-14 01:17:57.104 [info] > git status -z -uall [47ms]
2025-09-14 01:17:57.104 [info] > git for-each-ref --sort -committerdate --format %(refname)%00%(objectname)%00%(*objectname) [38ms]
2025-09-14 01:17:57.116 [info] > git diff --name-status -z --diff-filter=ADMR 76cff3f89f4bf337af6e02e53a831b7eeb1396df...refs/remotes/origin/master [70ms]
2025-09-14 01:17:57.118 [info] > git merge-base refs/heads/master refs/remotes/origin/master [4ms]
2025-09-14 01:17:57.126 [info] > git rev-parse --show-toplevel [24ms]
2025-09-14 01:17:57.127 [info] > git for-each-ref --sort -committerdate --format %(refname)%00%(objectname)%00%(*objectname) [35ms]
2025-09-14 01:17:57.127 [info] > git diff --name-status -z --diff-filter=ADMR 733ad3ad9d336fc2a3049478dc2ab993e883f720...refs/remotes/origin/main [52ms]
2025-09-14 01:17:57.138 [info] > git diff --name-status -z --diff-filter=ADMR 76cff3f89f4bf337af6e02e53a831b7eeb1396df...refs/remotes/origin/master [12ms]
2025-09-14 01:17:57.139 [info] > git rev-parse --show-toplevel [2ms]
2025-09-14 01:17:57.151 [info] > git rev-parse --show-toplevel [2ms]
2025-09-14 01:17:57.166 [info] > git rev-parse --show-toplevel [5ms]
2025-09-14 01:17:57.167 [info] [Model][doInitialScan] Initial repository scan completed - repositories (2), closed repositories (0), parent repositories (0), unsafe repositories (0)
2025-09-14 01:17:57.169 [info] > git status -z -uall [86ms]
2025-09-14 01:17:58.126 [info] > git check-ignore -v -z --stdin [20ms]
2025-09-14 01:17:58.127 [info] > git check-ignore -v -z --stdin [12ms]
2025-09-14 01:20:41.817 [info] > git config --get commit.template [11ms]
2025-09-14 01:20:41.817 [info] > git for-each-ref --format=%(refname)%00%(upstream:short)%00%(objectname)%00%(upstream:track)%00%(upstream:remotename)%00%(upstream:remoteref) refs/heads/main refs/remotes/main [2ms]
2025-09-14 01:20:41.841 [info] > git for-each-ref --sort -committerdate --format %(refname)%00%(objectname)%00%(*objectname) [3ms]
2025-09-14 01:20:41.912 [info] > git status -z -uall [84ms]
2025-09-14 01:20:44.710 [info] > git check-ignore -v -z --stdin [2ms]
2025-09-14 01:20:47.005 [info] > git config --get commit.template [11ms]
2025-09-14 01:20:47.006 [info] > git for-each-ref --format=%(refname)%00%(upstream:short)%00%(objectname)%00%(upstream:track)%00%(upstream:remotename)%00%(upstream:remoteref) refs/heads/main refs/remotes/main [3ms]
2025-09-14 01:20:47.030 [info] > git for-each-ref --sort -committerdate --format %(refname)%00%(objectname)%00%(*objectname) [3ms]
2025-09-14 01:20:47.099 [info] > git status -z -uall [82ms]
2025-09-14 01:20:58.937 [info] > git config --get commit.template [11ms]
2025-09-14 01:20:58.938 [info] > git for-each-ref --format=%(refname)%00%(upstream:short)%00%(objectname)%00%(upstream:track)%00%(upstream:remotename)%00%(upstream:remoteref) refs/heads/main refs/remotes/main [2ms]
2025-09-14 01:20:58.959 [info] > git for-each-ref --sort -committerdate --format %(refname)%00%(objectname)%00%(*objectname) [2ms]
2025-09-14 01:20:59.024 [info] > git status -z -uall [76ms]
2025-09-14 01:21:04.099 [info] > git config --get commit.template [12ms]
2025-09-14 01:21:04.100 [info] > git for-each-ref --format=%(refname)%00%(upstream:short)%00%(objectname)%00%(upstream:track)%00%(upstream:remotename)%00%(upstream:remoteref) refs/heads/main refs/remotes/main [2ms]
2025-09-14 01:21:04.124 [info] > git for-each-ref --sort -committerdate --format %(refname)%00%(objectname)%00%(*objectname) [3ms]
2025-09-14 01:21:04.187 [info] > git status -z -uall [76ms]
2025-09-14 01:21:35.669 [info] > git config --get commit.template [12ms]
2025-09-14 01:21:35.670 [info] > git for-each-ref --format=%(refname)%00%(upstream:short)%00%(objectname)%00%(upstream:track)%00%(upstream:remotename)%00%(upstream:remoteref) refs/heads/main refs/remotes/main [3ms]
2025-09-14 01:21:35.693 [info] > git for-each-ref --sort -committerdate --format %(refname)%00%(objectname)%00%(*objectname) [3ms]
2025-09-14 01:21:35.755 [info] > git status -z -uall [75ms]
2025-09-14 01:21:51.249 [info] > git config --get commit.template [12ms]
2025-09-14 01:21:51.250 [info] > git for-each-ref --format=%(refname)%00%(upstream:short)%00%(objectname)%00%(upstream:track)%00%(upstream:remotename)%00%(upstream:remoteref) refs/heads/main refs/remotes/main [3ms]
2025-09-14 01:21:51.274 [info] > git for-each-ref --sort -committerdate --format %(refname)%00%(objectname)%00%(*objectname) [3ms]
2025-09-14 01:21:51.337 [info] > git status -z -uall [76ms]
2025-09-14 01:22:00.018 [info] > git config --get commit.template [12ms]
2025-09-14 01:22:00.019 [info] > git for-each-ref --format=%(refname)%00%(upstream:short)%00%(objectname)%00%(upstream:track)%00%(upstream:remotename)%00%(upstream:remoteref) refs/heads/main refs/remotes/main [2ms]
2025-09-14 01:22:00.044 [info] > git for-each-ref --sort -committerdate --format %(refname)%00%(objectname)%00%(*objectname) [4ms]
2025-09-14 01:22:00.106 [info] > git status -z -uall [77ms]
2025-09-14 01:22:05.185 [info] > git config --get commit.template [13ms]
2025-09-14 01:22:05.186 [info] > git for-each-ref --format=%(refname)%00%(upstream:short)%00%(objectname)%00%(upstream:track)%00%(upstream:remotename)%00%(upstream:remoteref) refs/heads/main refs/remotes/main [3ms]
2025-09-14 01:22:05.213 [info] > git for-each-ref --sort -committerdate --format %(refname)%00%(objectname)%00%(*objectname) [3ms]
2025-09-14 01:22:05.273 [info] > git status -z -uall [75ms]
