2025-09-15 00:34:51.748 [info] [main] Log level: Info
2025-09-15 00:34:51.748 [info] [main] Validating found git in: "git"
2025-09-15 00:34:51.748 [info] [main] Using git "2.43.0" from "git"
2025-09-15 00:34:51.748 [info] [Model][doInitialScan] Initial repository scan started
2025-09-15 00:34:51.748 [info] > git rev-parse --show-toplevel [24ms]
2025-09-15 00:34:51.748 [info] > git rev-parse --git-dir --git-common-dir [8ms]
2025-09-15 00:34:51.748 [info] [Model][openRepository] Opened repository (path): /home/efarzad22
2025-09-15 00:34:51.748 [info] [Model][openRepository] Opened repository (real path): /home/efarzad22
2025-09-15 00:34:51.762 [info] > git rev-parse --show-toplevel [141ms]
2025-09-15 00:34:51.763 [info] > git config --get commit.template [151ms]
2025-09-15 00:34:51.799 [info] > git for-each-ref --format=%(refname)%00%(upstream:short)%00%(objectname)%00%(upstream:track)%00%(upstream:remotename)%00%(upstream:remoteref) refs/heads/main refs/remotes/main [13ms]
2025-09-15 00:34:51.835 [info] > git for-each-ref --sort -committerdate --format %(refname)%00%(objectname)%00%(*objectname) [14ms]
2025-09-15 00:34:51.841 [info] > git rev-parse --show-toplevel [9ms]
2025-09-15 00:34:51.861 [info] > git rev-parse --show-toplevel [7ms]
2025-09-15 00:34:51.873 [info] > git rev-parse --show-toplevel [3ms]
2025-09-15 00:34:51.884 [info] > git rev-parse --show-toplevel [2ms]
2025-09-15 00:34:51.898 [info] > git rev-parse --show-toplevel [5ms]
2025-09-15 00:34:51.900 [info] > git status -z -uall [89ms]
2025-09-15 00:34:52.032 [info] > git for-each-ref --format=%(refname)%00%(upstream:short)%00%(objectname)%00%(upstream:track)%00%(upstream:remotename)%00%(upstream:remoteref) refs/heads/main refs/remotes/main [35ms]
2025-09-15 00:34:53.902 [info] > git config --get --local branch.main.vscode-merge-base [1859ms]
2025-09-15 00:34:53.902 [warning] [Git][config] git config failed: Failed to execute git
2025-09-15 00:34:53.921 [info] > git config --get commit.template [1889ms]
2025-09-15 00:34:53.922 [info] > git rev-parse --show-toplevel [1912ms]
2025-09-15 00:34:54.009 [info] > git check-ignore -v -z --stdin [57ms]
2025-09-15 00:34:54.011 [info] > git reflog main --grep-reflog=branch: Created from *. [92ms]
2025-09-15 00:34:54.071 [info] > git rev-parse --show-toplevel [73ms]
2025-09-15 00:34:54.111 [info] > git symbolic-ref --short refs/remotes/origin/HEAD [68ms]
2025-09-15 00:34:54.111 [info] fatal: ref refs/remotes/origin/HEAD is not a symbolic ref
2025-09-15 00:34:54.111 [warning] [Repository][getDefaultBranch] Failed to get default branch details: Failed to execute git.
2025-09-15 00:34:54.146 [info] > git rev-parse --show-toplevel [43ms]
2025-09-15 00:34:54.147 [info] > git for-each-ref --format=%(refname)%00%(upstream:short)%00%(objectname)%00%(upstream:track)%00%(upstream:remotename)%00%(upstream:remoteref) refs/heads/main refs/remotes/main [77ms]
2025-09-15 00:34:54.176 [info] > git merge-base refs/heads/main refs/remotes/origin/main [36ms]
2025-09-15 00:34:54.198 [info] > git rev-parse --show-toplevel [23ms]
2025-09-15 00:34:54.218 [info] > git diff --name-status -z --diff-filter=ADMR 51ea7063ff6ed5f99aa192e4be657313910b2dfc...refs/remotes/origin/main [22ms]
2025-09-15 00:34:54.266 [info] > git rev-parse --show-toplevel [48ms]
2025-09-15 00:34:54.304 [info] > git for-each-ref --sort -committerdate --format %(refname)%00%(objectname)%00%(*objectname) [40ms]
2025-09-15 00:34:54.307 [info] > git rev-parse --git-dir --git-common-dir [10ms]
2025-09-15 00:34:54.328 [info] [Model][openRepository] Opened repository (path): /home/efarzad22/ostep-projects
2025-09-15 00:34:54.333 [info] [Model][openRepository] Opened repository (real path): /home/efarzad22/ostep-projects
2025-09-15 00:34:54.401 [info] > git config --get commit.template [29ms]
2025-09-15 00:34:54.406 [info] > git rev-parse --show-toplevel [11ms]
2025-09-15 00:34:54.425 [info] > git status -z -uall [191ms]
2025-09-15 00:34:54.553 [info] > git for-each-ref --format=%(refname)%00%(upstream:short)%00%(objectname)%00%(upstream:track)%00%(upstream:remotename)%00%(upstream:remoteref) refs/heads/master refs/remotes/master [130ms]
2025-09-15 00:34:56.153 [warning] [Git][revParse] Unable to read file: ENOENT: no such file or directory, open '/home/efarzad22/ostep-projects/.git/refs/remotes/origin/master'
2025-09-15 00:34:56.156 [info] > git rev-parse --show-toplevel [1605ms]
2025-09-15 00:34:56.168 [info] > git rev-parse refs/remotes/origin/master [15ms]
2025-09-15 00:34:56.199 [info] > git status -z -uall [21ms]
2025-09-15 00:34:56.199 [info] > git rev-parse --show-toplevel [32ms]
2025-09-15 00:34:56.200 [info] [Model][doInitialScan] Initial repository scan completed - repositories (2), closed repositories (0), parent repositories (0), unsafe repositories (0)
2025-09-15 00:34:56.201 [info] > git for-each-ref --sort -committerdate --format %(refname)%00%(objectname)%00%(*objectname) [10ms]
2025-09-15 00:34:56.228 [info] > git for-each-ref --format=%(refname)%00%(upstream:short)%00%(objectname)%00%(upstream:track)%00%(upstream:remotename)%00%(upstream:remoteref) refs/heads/master refs/remotes/master [13ms]
2025-09-15 00:34:56.240 [info] > git config --get commit.template [12ms]
2025-09-15 00:34:56.240 [info] > git config --get --local branch.master.vscode-merge-base [2ms]
2025-09-15 00:34:56.261 [info] > git for-each-ref --format=%(refname)%00%(upstream:short)%00%(objectname)%00%(upstream:track)%00%(upstream:remotename)%00%(upstream:remoteref) refs/heads/origin/master refs/remotes/origin/master [11ms]
2025-09-15 00:34:56.275 [info] > git for-each-ref --format=%(refname)%00%(upstream:short)%00%(objectname)%00%(upstream:track)%00%(upstream:remotename)%00%(upstream:remoteref) refs/heads/master refs/remotes/master [16ms]
2025-09-15 00:34:56.285 [warning] [Git][revParse] Unable to read file: ENOENT: no such file or directory, open '/home/efarzad22/ostep-projects/.git/refs/remotes/origin/master'
2025-09-15 00:34:56.285 [info] > git merge-base refs/heads/master refs/remotes/origin/master [12ms]
2025-09-15 00:34:56.296 [info] > git rev-parse refs/remotes/origin/master [11ms]
2025-09-15 00:34:56.323 [info] > git status -z -uall [18ms]
2025-09-15 00:34:56.323 [info] > git for-each-ref --sort -committerdate --format %(refname)%00%(objectname)%00%(*objectname) [7ms]
2025-09-15 00:34:56.336 [info] > git diff --name-status -z --diff-filter=ADMR 76cff3f89f4bf337af6e02e53a831b7eeb1396df...refs/remotes/origin/master [41ms]
2025-09-15 00:34:56.338 [info] > git merge-base refs/heads/master refs/remotes/origin/master [2ms]
2025-09-15 00:34:56.351 [info] > git diff --name-status -z --diff-filter=ADMR 76cff3f89f4bf337af6e02e53a831b7eeb1396df...refs/remotes/origin/master [4ms]
2025-09-15 00:34:59.067 [info] > git config --get commit.template [45ms]
2025-09-15 00:34:59.096 [info] > git for-each-ref --format=%(refname)%00%(upstream:short)%00%(objectname)%00%(upstream:track)%00%(upstream:remotename)%00%(upstream:remoteref) refs/heads/main refs/remotes/main [9ms]
2025-09-15 00:34:59.160 [info] > git for-each-ref --sort -committerdate --format %(refname)%00%(objectname)%00%(*objectname) [8ms]
2025-09-15 00:34:59.239 [info] > git status -z -uall [113ms]
2025-09-15 00:35:00.192 [info] > git check-ignore -v -z --stdin [23ms]
2025-09-15 00:35:00.194 [info] > git check-ignore -v -z --stdin [14ms]
2025-09-15 00:35:04.399 [info] > git config --get commit.template [14ms]
2025-09-15 00:35:04.399 [info] > git for-each-ref --format=%(refname)%00%(upstream:short)%00%(objectname)%00%(upstream:track)%00%(upstream:remotename)%00%(upstream:remoteref) refs/heads/main refs/remotes/main [2ms]
2025-09-15 00:35:04.428 [info] > git for-each-ref --sort -committerdate --format %(refname)%00%(objectname)%00%(*objectname) [2ms]
2025-09-15 00:35:04.482 [info] > git status -z -uall [69ms]
2025-09-15 00:35:09.559 [info] > git config --get commit.template [14ms]
2025-09-15 00:35:09.560 [info] > git for-each-ref --format=%(refname)%00%(upstream:short)%00%(objectname)%00%(upstream:track)%00%(upstream:remotename)%00%(upstream:remoteref) refs/heads/main refs/remotes/main [2ms]
2025-09-15 00:35:09.590 [info] > git for-each-ref --sort -committerdate --format %(refname)%00%(objectname)%00%(*objectname) [3ms]
2025-09-15 00:35:09.643 [info] > git status -z -uall [68ms]
2025-09-15 00:36:12.695 [info] > git config --get commit.template [13ms]
2025-09-15 00:36:12.695 [info] > git for-each-ref --format=%(refname)%00%(upstream:short)%00%(objectname)%00%(upstream:track)%00%(upstream:remotename)%00%(upstream:remoteref) refs/heads/main refs/remotes/main [3ms]
2025-09-15 00:36:12.723 [info] > git for-each-ref --sort -committerdate --format %(refname)%00%(objectname)%00%(*objectname) [3ms]
2025-09-15 00:36:12.782 [info] > git status -z -uall [73ms]
2025-09-15 00:36:17.855 [info] > git config --get commit.template [11ms]
2025-09-15 00:36:17.856 [info] > git for-each-ref --format=%(refname)%00%(upstream:short)%00%(objectname)%00%(upstream:track)%00%(upstream:remotename)%00%(upstream:remoteref) refs/heads/main refs/remotes/main [2ms]
2025-09-15 00:36:17.878 [info] > git for-each-ref --sort -committerdate --format %(refname)%00%(objectname)%00%(*objectname) [3ms]
2025-09-15 00:36:17.938 [info] > git status -z -uall [72ms]
2025-09-15 00:36:23.010 [info] > git config --get commit.template [12ms]
2025-09-15 00:36:23.011 [info] > git for-each-ref --format=%(refname)%00%(upstream:short)%00%(objectname)%00%(upstream:track)%00%(upstream:remotename)%00%(upstream:remoteref) refs/heads/main refs/remotes/main [2ms]
2025-09-15 00:36:23.042 [info] > git for-each-ref --sort -committerdate --format %(refname)%00%(objectname)%00%(*objectname) [8ms]
2025-09-15 00:36:23.096 [info] > git status -z -uall [73ms]
2025-09-15 00:36:42.775 [info] > git config --get commit.template [11ms]
2025-09-15 00:36:42.776 [info] > git for-each-ref --format=%(refname)%00%(upstream:short)%00%(objectname)%00%(upstream:track)%00%(upstream:remotename)%00%(upstream:remoteref) refs/heads/main refs/remotes/main [2ms]
2025-09-15 00:36:42.806 [info] > git for-each-ref --sort -committerdate --format %(refname)%00%(objectname)%00%(*objectname) [8ms]
2025-09-15 00:36:42.862 [info] > git status -z -uall [76ms]
2025-09-15 00:37:06.141 [info] > git config --get commit.template [12ms]
2025-09-15 00:37:06.142 [info] > git for-each-ref --format=%(refname)%00%(upstream:short)%00%(objectname)%00%(upstream:track)%00%(upstream:remotename)%00%(upstream:remoteref) refs/heads/main refs/remotes/main [2ms]
2025-09-15 00:37:06.165 [info] > git for-each-ref --sort -committerdate --format %(refname)%00%(objectname)%00%(*objectname) [2ms]
2025-09-15 00:37:06.222 [info] > git status -z -uall [69ms]
2025-09-15 00:37:24.859 [info] > git config --get commit.template [10ms]
2025-09-15 00:37:24.860 [info] > git for-each-ref --format=%(refname)%00%(upstream:short)%00%(objectname)%00%(upstream:track)%00%(upstream:remotename)%00%(upstream:remoteref) refs/heads/main refs/remotes/main [3ms]
2025-09-15 00:37:24.882 [info] > git for-each-ref --sort -committerdate --format %(refname)%00%(objectname)%00%(*objectname) [2ms]
2025-09-15 00:37:24.939 [info] > git status -z -uall [69ms]
2025-09-15 00:41:35.324 [info] > git config --get commit.template [10ms]
2025-09-15 00:41:35.325 [info] > git for-each-ref --format=%(refname)%00%(upstream:short)%00%(objectname)%00%(upstream:track)%00%(upstream:remotename)%00%(upstream:remoteref) refs/heads/main refs/remotes/main [2ms]
2025-09-15 00:41:35.345 [info] > git for-each-ref --sort -committerdate --format %(refname)%00%(objectname)%00%(*objectname) [2ms]
2025-09-15 00:41:35.411 [info] > git status -z -uall [77ms]
2025-09-15 00:41:40.500 [info] > git config --get commit.template [10ms]
2025-09-15 00:41:40.501 [info] > git for-each-ref --format=%(refname)%00%(upstream:short)%00%(objectname)%00%(upstream:track)%00%(upstream:remotename)%00%(upstream:remoteref) refs/heads/main refs/remotes/main [2ms]
2025-09-15 00:41:40.523 [info] > git for-each-ref --sort -committerdate --format %(refname)%00%(objectname)%00%(*objectname) [5ms]
2025-09-15 00:41:40.579 [info] > git status -z -uall [69ms]
2025-09-15 00:41:45.655 [info] > git config --get commit.template [18ms]
2025-09-15 00:41:45.656 [info] > git for-each-ref --format=%(refname)%00%(upstream:short)%00%(objectname)%00%(upstream:track)%00%(upstream:remotename)%00%(upstream:remoteref) refs/heads/main refs/remotes/main [2ms]
2025-09-15 00:41:45.687 [info] > git for-each-ref --sort -committerdate --format %(refname)%00%(objectname)%00%(*objectname) [2ms]
2025-09-15 00:41:45.751 [info] > git status -z -uall [81ms]
2025-09-15 00:41:50.818 [info] > git config --get commit.template [10ms]
2025-09-15 00:41:50.820 [info] > git for-each-ref --format=%(refname)%00%(upstream:short)%00%(objectname)%00%(upstream:track)%00%(upstream:remotename)%00%(upstream:remoteref) refs/heads/main refs/remotes/main [3ms]
2025-09-15 00:41:50.841 [info] > git for-each-ref --sort -committerdate --format %(refname)%00%(objectname)%00%(*objectname) [2ms]
2025-09-15 00:41:50.898 [info] > git status -z -uall [69ms]
2025-09-15 00:41:55.963 [info] > git config --get commit.template [10ms]
2025-09-15 00:41:55.965 [info] > git for-each-ref --format=%(refname)%00%(upstream:short)%00%(objectname)%00%(upstream:track)%00%(upstream:remotename)%00%(upstream:remoteref) refs/heads/main refs/remotes/main [3ms]
2025-09-15 00:41:55.987 [info] > git for-each-ref --sort -committerdate --format %(refname)%00%(objectname)%00%(*objectname) [4ms]
2025-09-15 00:41:56.044 [info] > git status -z -uall [70ms]
2025-09-15 00:42:01.124 [info] > git config --get commit.template [13ms]
2025-09-15 00:42:01.127 [info] > git for-each-ref --format=%(refname)%00%(upstream:short)%00%(objectname)%00%(upstream:track)%00%(upstream:remotename)%00%(upstream:remoteref) refs/heads/main refs/remotes/main [5ms]
2025-09-15 00:42:01.155 [info] > git for-each-ref --sort -committerdate --format %(refname)%00%(objectname)%00%(*objectname) [6ms]
2025-09-15 00:42:01.219 [info] > git status -z -uall [82ms]
2025-09-15 00:42:06.296 [info] > git config --get commit.template [10ms]
2025-09-15 00:42:06.297 [info] > git for-each-ref --format=%(refname)%00%(upstream:short)%00%(objectname)%00%(upstream:track)%00%(upstream:remotename)%00%(upstream:remoteref) refs/heads/main refs/remotes/main [2ms]
2025-09-15 00:42:06.317 [info] > git for-each-ref --sort -committerdate --format %(refname)%00%(objectname)%00%(*objectname) [3ms]
2025-09-15 00:42:06.377 [info] > git status -z -uall [70ms]
2025-09-15 00:42:11.447 [info] > git config --get commit.template [9ms]
2025-09-15 00:42:11.449 [info] > git for-each-ref --format=%(refname)%00%(upstream:short)%00%(objectname)%00%(upstream:track)%00%(upstream:remotename)%00%(upstream:remoteref) refs/heads/main refs/remotes/main [2ms]
2025-09-15 00:42:11.469 [info] > git for-each-ref --sort -committerdate --format %(refname)%00%(objectname)%00%(*objectname) [2ms]
2025-09-15 00:42:11.526 [info] > git status -z -uall [68ms]
2025-09-15 00:42:16.598 [info] > git config --get commit.template [7ms]
2025-09-15 00:42:16.611 [info] > git for-each-ref --format=%(refname)%00%(upstream:short)%00%(objectname)%00%(upstream:track)%00%(upstream:remotename)%00%(upstream:remoteref) refs/heads/main refs/remotes/main [3ms]
2025-09-15 00:42:16.633 [info] > git for-each-ref --sort -committerdate --format %(refname)%00%(objectname)%00%(*objectname) [3ms]
2025-09-15 00:42:16.691 [info] > git status -z -uall [70ms]
2025-09-15 00:42:21.757 [info] > git config --get commit.template [10ms]
2025-09-15 00:42:21.758 [info] > git for-each-ref --format=%(refname)%00%(upstream:short)%00%(objectname)%00%(upstream:track)%00%(upstream:remotename)%00%(upstream:remoteref) refs/heads/main refs/remotes/main [2ms]
2025-09-15 00:42:21.778 [info] > git for-each-ref --sort -committerdate --format %(refname)%00%(objectname)%00%(*objectname) [3ms]
2025-09-15 00:42:21.835 [info] > git status -z -uall [68ms]
2025-09-15 00:42:26.898 [info] > git config --get commit.template [9ms]
2025-09-15 00:42:26.900 [info] > git for-each-ref --format=%(refname)%00%(upstream:short)%00%(objectname)%00%(upstream:track)%00%(upstream:remotename)%00%(upstream:remoteref) refs/heads/main refs/remotes/main [2ms]
2025-09-15 00:42:26.920 [info] > git for-each-ref --sort -committerdate --format %(refname)%00%(objectname)%00%(*objectname) [3ms]
2025-09-15 00:42:26.980 [info] > git status -z -uall [71ms]
2025-09-15 00:42:32.034 [info] > git config --get commit.template [2ms]
2025-09-15 00:42:32.045 [info] > git for-each-ref --format=%(refname)%00%(upstream:short)%00%(objectname)%00%(upstream:track)%00%(upstream:remotename)%00%(upstream:remoteref) refs/heads/main refs/remotes/main [2ms]
2025-09-15 00:42:32.067 [info] > git for-each-ref --sort -committerdate --format %(refname)%00%(objectname)%00%(*objectname) [3ms]
2025-09-15 00:42:32.127 [info] > git status -z -uall [71ms]
2025-09-15 00:42:37.189 [info] > git config --get commit.template [11ms]
2025-09-15 00:42:37.191 [info] > git for-each-ref --format=%(refname)%00%(upstream:short)%00%(objectname)%00%(upstream:track)%00%(upstream:remotename)%00%(upstream:remoteref) refs/heads/main refs/remotes/main [4ms]
2025-09-15 00:42:37.212 [info] > git for-each-ref --sort -committerdate --format %(refname)%00%(objectname)%00%(*objectname) [2ms]
2025-09-15 00:42:37.272 [info] > git status -z -uall [71ms]
2025-09-15 00:43:33.769 [info] > git config --get commit.template [10ms]
2025-09-15 00:43:33.770 [info] > git for-each-ref --format=%(refname)%00%(upstream:short)%00%(objectname)%00%(upstream:track)%00%(upstream:remotename)%00%(upstream:remoteref) refs/heads/main refs/remotes/main [2ms]
2025-09-15 00:43:33.795 [info] > git for-each-ref --sort -committerdate --format %(refname)%00%(objectname)%00%(*objectname) [3ms]
2025-09-15 00:43:33.879 [info] > git status -z -uall [100ms]
2025-09-15 00:43:52.770 [info] > git show --textconv :programming1/open-and-fork.c [11ms]
2025-09-15 00:43:52.781 [info] > git ls-files --stage -- programming1/open-and-fork.c [13ms]
2025-09-15 00:43:52.791 [info] > git hash-object -t tree /dev/null [11ms]
2025-09-15 00:43:52.791 [warning] [GitFileSystemProvider][readFile] File not found - git:/home/efarzad22/programming1/open-and-fork.c.git?%7B%22path%22%3A%22%2Fhome%2Fefarzad22%2Fprogramming1%2Fopen-and-fork.c%22%2C%22ref%22%3A%22%22%7D
2025-09-15 00:43:52.798 [info] > git hash-object -t tree /dev/null [8ms]
2025-09-15 00:43:52.799 [warning] [GitFileSystemProvider][stat] File not found - git:/home/efarzad22/programming1/open-and-fork.c.git?%7B%22path%22%3A%22%2Fhome%2Fefarzad22%2Fprogramming1%2Fopen-and-fork.c%22%2C%22ref%22%3A%22%22%7D
2025-09-15 00:43:52.886 [info] > git check-ignore -v -z --stdin [2ms]
2025-09-15 00:43:56.785 [info] > git config --get commit.template [3ms]
2025-09-15 00:43:56.795 [info] > git for-each-ref --format=%(refname)%00%(upstream:short)%00%(objectname)%00%(upstream:track)%00%(upstream:remotename)%00%(upstream:remoteref) refs/heads/main refs/remotes/main [2ms]
2025-09-15 00:43:56.815 [info] > git for-each-ref --sort -committerdate --format %(refname)%00%(objectname)%00%(*objectname) [3ms]
2025-09-15 00:43:56.874 [info] > git status -z -uall [70ms]
2025-09-15 00:44:01.946 [info] > git config --get commit.template [10ms]
2025-09-15 00:44:01.947 [info] > git for-each-ref --format=%(refname)%00%(upstream:short)%00%(objectname)%00%(upstream:track)%00%(upstream:remotename)%00%(upstream:remoteref) refs/heads/main refs/remotes/main [2ms]
2025-09-15 00:44:01.966 [info] > git for-each-ref --sort -committerdate --format %(refname)%00%(objectname)%00%(*objectname) [3ms]
2025-09-15 00:44:02.022 [info] > git status -z -uall [67ms]
2025-09-15 00:44:07.087 [info] > git config --get commit.template [10ms]
2025-09-15 00:44:07.088 [info] > git for-each-ref --format=%(refname)%00%(upstream:short)%00%(objectname)%00%(upstream:track)%00%(upstream:remotename)%00%(upstream:remoteref) refs/heads/main refs/remotes/main [2ms]
2025-09-15 00:44:07.109 [info] > git for-each-ref --sort -committerdate --format %(refname)%00%(objectname)%00%(*objectname) [3ms]
2025-09-15 00:44:07.168 [info] > git status -z -uall [71ms]
2025-09-15 00:44:36.049 [info] > git config --get commit.template [10ms]
2025-09-15 00:44:36.051 [info] > git for-each-ref --format=%(refname)%00%(upstream:short)%00%(objectname)%00%(upstream:track)%00%(upstream:remotename)%00%(upstream:remoteref) refs/heads/main refs/remotes/main [3ms]
2025-09-15 00:44:36.082 [info] > git for-each-ref --sort -committerdate --format %(refname)%00%(objectname)%00%(*objectname) [13ms]
2025-09-15 00:44:36.149 [info] > git status -z -uall [89ms]
2025-09-15 00:44:41.229 [info] > git config --get commit.template [10ms]
2025-09-15 00:44:41.230 [info] > git for-each-ref --format=%(refname)%00%(upstream:short)%00%(objectname)%00%(upstream:track)%00%(upstream:remotename)%00%(upstream:remoteref) refs/heads/main refs/remotes/main [2ms]
2025-09-15 00:44:41.251 [info] > git for-each-ref --sort -committerdate --format %(refname)%00%(objectname)%00%(*objectname) [3ms]
2025-09-15 00:44:41.309 [info] > git status -z -uall [70ms]
2025-09-15 00:44:55.678 [info] > git rev-parse --show-toplevel [2ms]
2025-09-15 00:44:55.678 [info] fatal: not a git repository (or any of the parent directories): .git
2025-09-15 00:44:58.372 [info] > git rev-parse --show-toplevel [3ms]
2025-09-15 00:44:58.372 [info] fatal: not a git repository (or any of the parent directories): .git
2025-09-15 00:45:46.878 [info] > git config --get commit.template [10ms]
2025-09-15 00:45:46.879 [info] > git for-each-ref --format=%(refname)%00%(upstream:short)%00%(objectname)%00%(upstream:track)%00%(upstream:remotename)%00%(upstream:remoteref) refs/heads/main refs/remotes/main [2ms]
2025-09-15 00:45:46.900 [info] > git for-each-ref --sort -committerdate --format %(refname)%00%(objectname)%00%(*objectname) [3ms]
2025-09-15 00:45:46.960 [info] > git status -z -uall [72ms]
2025-09-15 00:45:52.039 [info] > git config --get commit.template [10ms]
2025-09-15 00:45:52.040 [info] > git for-each-ref --format=%(refname)%00%(upstream:short)%00%(objectname)%00%(upstream:track)%00%(upstream:remotename)%00%(upstream:remoteref) refs/heads/main refs/remotes/main [2ms]
2025-09-15 00:45:52.061 [info] > git for-each-ref --sort -committerdate --format %(refname)%00%(objectname)%00%(*objectname) [2ms]
2025-09-15 00:45:52.118 [info] > git status -z -uall [68ms]
2025-09-15 00:45:57.192 [info] > git config --get commit.template [10ms]
2025-09-15 00:45:57.193 [info] > git for-each-ref --format=%(refname)%00%(upstream:short)%00%(objectname)%00%(upstream:track)%00%(upstream:remotename)%00%(upstream:remoteref) refs/heads/main refs/remotes/main [2ms]
2025-09-15 00:45:57.214 [info] > git for-each-ref --sort -committerdate --format %(refname)%00%(objectname)%00%(*objectname) [3ms]
2025-09-15 00:45:57.271 [info] > git status -z -uall [68ms]
2025-09-15 00:46:02.333 [info] > git config --get commit.template [10ms]
2025-09-15 00:46:02.334 [info] > git for-each-ref --format=%(refname)%00%(upstream:short)%00%(objectname)%00%(upstream:track)%00%(upstream:remotename)%00%(upstream:remoteref) refs/heads/main refs/remotes/main [2ms]
2025-09-15 00:46:02.355 [info] > git for-each-ref --sort -committerdate --format %(refname)%00%(objectname)%00%(*objectname) [3ms]
2025-09-15 00:46:02.410 [info] > git status -z -uall [66ms]
2025-09-15 00:46:07.477 [info] > git config --get commit.template [10ms]
2025-09-15 00:46:07.478 [info] > git for-each-ref --format=%(refname)%00%(upstream:short)%00%(objectname)%00%(upstream:track)%00%(upstream:remotename)%00%(upstream:remoteref) refs/heads/main refs/remotes/main [2ms]
2025-09-15 00:46:07.499 [info] > git for-each-ref --sort -committerdate --format %(refname)%00%(objectname)%00%(*objectname) [2ms]
2025-09-15 00:46:07.557 [info] > git status -z -uall [69ms]
2025-09-15 00:46:12.624 [info] > git config --get commit.template [10ms]
2025-09-15 00:46:12.626 [info] > git for-each-ref --format=%(refname)%00%(upstream:short)%00%(objectname)%00%(upstream:track)%00%(upstream:remotename)%00%(upstream:remoteref) refs/heads/main refs/remotes/main [2ms]
2025-09-15 00:46:12.648 [info] > git for-each-ref --sort -committerdate --format %(refname)%00%(objectname)%00%(*objectname) [3ms]
2025-09-15 00:46:12.709 [info] > git status -z -uall [73ms]
2025-09-15 00:46:17.777 [info] > git config --get commit.template [9ms]
2025-09-15 00:46:17.778 [info] > git for-each-ref --format=%(refname)%00%(upstream:short)%00%(objectname)%00%(upstream:track)%00%(upstream:remotename)%00%(upstream:remoteref) refs/heads/main refs/remotes/main [2ms]
2025-09-15 00:46:17.798 [info] > git for-each-ref --sort -committerdate --format %(refname)%00%(objectname)%00%(*objectname) [2ms]
2025-09-15 00:46:17.858 [info] > git status -z -uall [70ms]
2025-09-15 00:46:22.920 [info] > git config --get commit.template [9ms]
2025-09-15 00:46:22.922 [info] > git for-each-ref --format=%(refname)%00%(upstream:short)%00%(objectname)%00%(upstream:track)%00%(upstream:remotename)%00%(upstream:remoteref) refs/heads/main refs/remotes/main [2ms]
2025-09-15 00:46:22.942 [info] > git for-each-ref --sort -committerdate --format %(refname)%00%(objectname)%00%(*objectname) [3ms]
2025-09-15 00:46:23.002 [info] > git status -z -uall [71ms]
2025-09-15 01:00:30.049 [info] > git config --get commit.template [3ms]
2025-09-15 01:00:30.061 [info] > git for-each-ref --format=%(refname)%00%(upstream:short)%00%(objectname)%00%(upstream:track)%00%(upstream:remotename)%00%(upstream:remoteref) refs/heads/main refs/remotes/main [2ms]
2025-09-15 01:00:30.085 [info] > git for-each-ref --sort -committerdate --format %(refname)%00%(objectname)%00%(*objectname) [3ms]
2025-09-15 01:00:30.163 [info] > git status -z -uall [93ms]
2025-09-15 01:00:35.263 [info] > git config --get commit.template [10ms]
2025-09-15 01:00:35.264 [info] > git for-each-ref --format=%(refname)%00%(upstream:short)%00%(objectname)%00%(upstream:track)%00%(upstream:remotename)%00%(upstream:remoteref) refs/heads/main refs/remotes/main [2ms]
2025-09-15 01:00:35.285 [info] > git for-each-ref --sort -committerdate --format %(refname)%00%(objectname)%00%(*objectname) [3ms]
2025-09-15 01:00:35.353 [info] > git status -z -uall [80ms]
2025-09-15 01:01:31.622 [info] > git config --get commit.template [10ms]
2025-09-15 01:01:31.623 [info] > git for-each-ref --format=%(refname)%00%(upstream:short)%00%(objectname)%00%(upstream:track)%00%(upstream:remotename)%00%(upstream:remoteref) refs/heads/main refs/remotes/main [2ms]
2025-09-15 01:01:31.646 [info] > git for-each-ref --sort -committerdate --format %(refname)%00%(objectname)%00%(*objectname) [2ms]
2025-09-15 01:01:31.709 [info] > git status -z -uall [76ms]
2025-09-15 01:01:36.787 [info] > git config --get commit.template [10ms]
2025-09-15 01:01:36.788 [info] > git for-each-ref --format=%(refname)%00%(upstream:short)%00%(objectname)%00%(upstream:track)%00%(upstream:remotename)%00%(upstream:remoteref) refs/heads/main refs/remotes/main [2ms]
2025-09-15 01:01:36.810 [info] > git for-each-ref --sort -committerdate --format %(refname)%00%(objectname)%00%(*objectname) [2ms]
2025-09-15 01:01:36.868 [info] > git status -z -uall [70ms]
2025-09-15 01:01:41.940 [info] > git for-each-ref --format=%(refname)%00%(upstream:short)%00%(objectname)%00%(upstream:track)%00%(upstream:remotename)%00%(upstream:remoteref) refs/heads/main refs/remotes/main [5ms]
2025-09-15 01:01:41.940 [info] > git config --get commit.template [15ms]
2025-09-15 01:01:41.979 [info] > git for-each-ref --sort -committerdate --format %(refname)%00%(objectname)%00%(*objectname) [2ms]
2025-09-15 01:01:42.070 [info] > git status -z -uall [107ms]
2025-09-15 01:01:47.229 [info] > git config --get commit.template [9ms]
2025-09-15 01:01:47.230 [info] > git for-each-ref --format=%(refname)%00%(upstream:short)%00%(objectname)%00%(upstream:track)%00%(upstream:remotename)%00%(upstream:remoteref) refs/heads/main refs/remotes/main [2ms]
2025-09-15 01:01:47.250 [info] > git for-each-ref --sort -committerdate --format %(refname)%00%(objectname)%00%(*objectname) [2ms]
2025-09-15 01:01:47.307 [info] > git status -z -uall [68ms]
2025-09-15 01:01:52.371 [info] > git config --get commit.template [10ms]
2025-09-15 01:01:52.372 [info] > git for-each-ref --format=%(refname)%00%(upstream:short)%00%(objectname)%00%(upstream:track)%00%(upstream:remotename)%00%(upstream:remoteref) refs/heads/main refs/remotes/main [2ms]
2025-09-15 01:01:52.393 [info] > git for-each-ref --sort -committerdate --format %(refname)%00%(objectname)%00%(*objectname) [2ms]
2025-09-15 01:01:52.449 [info] > git status -z -uall [67ms]
2025-09-15 01:03:04.021 [info] > git config --get commit.template [1ms]
2025-09-15 01:03:04.033 [info] > git for-each-ref --format=%(refname)%00%(upstream:short)%00%(objectname)%00%(upstream:track)%00%(upstream:remotename)%00%(upstream:remoteref) refs/heads/main refs/remotes/main [2ms]
2025-09-15 01:03:04.058 [info] > git for-each-ref --sort -committerdate --format %(refname)%00%(objectname)%00%(*objectname) [3ms]
2025-09-15 01:03:04.126 [info] > git status -z -uall [83ms]
2025-09-15 01:03:09.221 [info] > git config --get commit.template [10ms]
2025-09-15 01:03:09.222 [info] > git for-each-ref --format=%(refname)%00%(upstream:short)%00%(objectname)%00%(upstream:track)%00%(upstream:remotename)%00%(upstream:remoteref) refs/heads/main refs/remotes/main [2ms]
2025-09-15 01:03:09.243 [info] > git for-each-ref --sort -committerdate --format %(refname)%00%(objectname)%00%(*objectname) [3ms]
2025-09-15 01:03:09.304 [info] > git status -z -uall [72ms]
2025-09-15 01:03:14.377 [info] > git config --get commit.template [10ms]
2025-09-15 01:03:14.378 [info] > git for-each-ref --format=%(refname)%00%(upstream:short)%00%(objectname)%00%(upstream:track)%00%(upstream:remotename)%00%(upstream:remoteref) refs/heads/main refs/remotes/main [2ms]
2025-09-15 01:03:14.400 [info] > git for-each-ref --sort -committerdate --format %(refname)%00%(objectname)%00%(*objectname) [2ms]
2025-09-15 01:03:14.458 [info] > git status -z -uall [69ms]
2025-09-15 01:03:19.535 [info] > git config --get commit.template [10ms]
2025-09-15 01:03:19.536 [info] > git for-each-ref --format=%(refname)%00%(upstream:short)%00%(objectname)%00%(upstream:track)%00%(upstream:remotename)%00%(upstream:remoteref) refs/heads/main refs/remotes/main [2ms]
2025-09-15 01:03:19.558 [info] > git for-each-ref --sort -committerdate --format %(refname)%00%(objectname)%00%(*objectname) [3ms]
2025-09-15 01:03:19.618 [info] > git status -z -uall [72ms]
2025-09-15 01:03:24.681 [info] > git config --get commit.template [10ms]
2025-09-15 01:03:24.683 [info] > git for-each-ref --format=%(refname)%00%(upstream:short)%00%(objectname)%00%(upstream:track)%00%(upstream:remotename)%00%(upstream:remoteref) refs/heads/main refs/remotes/main [3ms]
2025-09-15 01:03:24.704 [info] > git for-each-ref --sort -committerdate --format %(refname)%00%(objectname)%00%(*objectname) [2ms]
2025-09-15 01:03:24.764 [info] > git status -z -uall [71ms]
2025-09-15 01:03:29.831 [info] > git config --get commit.template [10ms]
2025-09-15 01:03:29.833 [info] > git for-each-ref --format=%(refname)%00%(upstream:short)%00%(objectname)%00%(upstream:track)%00%(upstream:remotename)%00%(upstream:remoteref) refs/heads/main refs/remotes/main [2ms]
2025-09-15 01:03:29.855 [info] > git for-each-ref --sort -committerdate --format %(refname)%00%(objectname)%00%(*objectname) [3ms]
2025-09-15 01:03:29.975 [info] > git status -z -uall [132ms]
2025-09-15 01:03:41.802 [info] > git config --get commit.template [10ms]
2025-09-15 01:03:41.803 [info] > git for-each-ref --format=%(refname)%00%(upstream:short)%00%(objectname)%00%(upstream:track)%00%(upstream:remotename)%00%(upstream:remoteref) refs/heads/main refs/remotes/main [2ms]
2025-09-15 01:03:41.824 [info] > git for-each-ref --sort -committerdate --format %(refname)%00%(objectname)%00%(*objectname) [3ms]
2025-09-15 01:03:41.881 [info] > git status -z -uall [68ms]
2025-09-15 01:04:47.865 [info] > git config --get commit.template [9ms]
2025-09-15 01:04:47.866 [info] > git for-each-ref --format=%(refname)%00%(upstream:short)%00%(objectname)%00%(upstream:track)%00%(upstream:remotename)%00%(upstream:remoteref) refs/heads/main refs/remotes/main [2ms]
2025-09-15 01:04:47.888 [info] > git for-each-ref --sort -committerdate --format %(refname)%00%(objectname)%00%(*objectname) [3ms]
2025-09-15 01:04:47.955 [info] > git status -z -uall [80ms]
2025-09-15 01:04:53.026 [info] > git config --get commit.template [10ms]
2025-09-15 01:04:53.027 [info] > git for-each-ref --format=%(refname)%00%(upstream:short)%00%(objectname)%00%(upstream:track)%00%(upstream:remotename)%00%(upstream:remoteref) refs/heads/main refs/remotes/main [2ms]
2025-09-15 01:04:53.050 [info] > git for-each-ref --sort -committerdate --format %(refname)%00%(objectname)%00%(*objectname) [2ms]
2025-09-15 01:04:53.109 [info] > git status -z -uall [72ms]
2025-09-15 01:09:14.514 [info] > git check-ignore -v -z --stdin [2ms]
2025-09-15 01:09:22.072 [info] > git check-ignore -v -z --stdin [3ms]
2025-09-15 01:09:24.038 [info] > git show --textconv :programming1/output.txt [12ms]
2025-09-15 01:09:24.040 [warning] [GitFileSystemProvider][readFile] File not found - git:/home/efarzad22/programming1/output.txt.git?%7B%22path%22%3A%22%2Fhome%2Fefarzad22%2Fprogramming1%2Foutput.txt%22%2C%22ref%22%3A%22%22%7D
2025-09-15 01:09:24.040 [info] > git ls-files --stage -- programming1/output.txt [4ms]
2025-09-15 01:09:24.041 [warning] [GitFileSystemProvider][stat] File not found - git:/home/efarzad22/programming1/output.txt.git?%7B%22path%22%3A%22%2Fhome%2Fefarzad22%2Fprogramming1%2Foutput.txt%22%2C%22ref%22%3A%22%22%7D
2025-09-15 01:10:17.694 [info] > git config --get commit.template [2ms]
2025-09-15 01:10:17.706 [info] > git for-each-ref --format=%(refname)%00%(upstream:short)%00%(objectname)%00%(upstream:track)%00%(upstream:remotename)%00%(upstream:remoteref) refs/heads/main refs/remotes/main [3ms]
2025-09-15 01:10:17.726 [info] > git for-each-ref --sort -committerdate --format %(refname)%00%(objectname)%00%(*objectname) [2ms]
2025-09-15 01:10:17.791 [info] > git status -z -uall [76ms]
2025-09-15 01:12:07.695 [info] > git config --get commit.template [12ms]
2025-09-15 01:12:07.697 [info] > git for-each-ref --format=%(refname)%00%(upstream:short)%00%(objectname)%00%(upstream:track)%00%(upstream:remotename)%00%(upstream:remoteref) refs/heads/main refs/remotes/main [2ms]
2025-09-15 01:12:07.718 [info] > git for-each-ref --sort -committerdate --format %(refname)%00%(objectname)%00%(*objectname) [3ms]
2025-09-15 01:12:07.783 [info] > git status -z -uall [77ms]
2025-09-15 01:12:12.862 [info] > git config --get commit.template [11ms]
2025-09-15 01:12:12.863 [info] > git for-each-ref --format=%(refname)%00%(upstream:short)%00%(objectname)%00%(upstream:track)%00%(upstream:remotename)%00%(upstream:remoteref) refs/heads/main refs/remotes/main [2ms]
2025-09-15 01:12:12.883 [info] > git for-each-ref --sort -committerdate --format %(refname)%00%(objectname)%00%(*objectname) [2ms]
2025-09-15 01:12:12.944 [info] > git status -z -uall [72ms]
2025-09-15 01:12:24.031 [info] > git config --get commit.template [2ms]
2025-09-15 01:12:24.044 [info] > git for-each-ref --format=%(refname)%00%(upstream:short)%00%(objectname)%00%(upstream:track)%00%(upstream:remotename)%00%(upstream:remoteref) refs/heads/main refs/remotes/main [2ms]
2025-09-15 01:12:24.068 [info] > git for-each-ref --sort -committerdate --format %(refname)%00%(objectname)%00%(*objectname) [3ms]
2025-09-15 01:12:24.127 [info] > git status -z -uall [71ms]
2025-09-15 01:12:36.991 [info] > git config --get commit.template [10ms]
2025-09-15 01:12:36.993 [info] > git for-each-ref --format=%(refname)%00%(upstream:short)%00%(objectname)%00%(upstream:track)%00%(upstream:remotename)%00%(upstream:remoteref) refs/heads/main refs/remotes/main [3ms]
2025-09-15 01:12:37.018 [info] > git for-each-ref --sort -committerdate --format %(refname)%00%(objectname)%00%(*objectname) [4ms]
2025-09-15 01:12:37.084 [info] > git status -z -uall [81ms]
2025-09-15 01:12:42.152 [info] > git config --get commit.template [10ms]
2025-09-15 01:12:42.153 [info] > git for-each-ref --format=%(refname)%00%(upstream:short)%00%(objectname)%00%(upstream:track)%00%(upstream:remotename)%00%(upstream:remoteref) refs/heads/main refs/remotes/main [2ms]
2025-09-15 01:12:42.174 [info] > git for-each-ref --sort -committerdate --format %(refname)%00%(objectname)%00%(*objectname) [2ms]
2025-09-15 01:12:42.230 [info] > git status -z -uall [68ms]
2025-09-15 01:12:50.457 [info] > git config --get commit.template [13ms]
2025-09-15 01:12:50.460 [info] > git for-each-ref --format=%(refname)%00%(upstream:short)%00%(objectname)%00%(upstream:track)%00%(upstream:remotename)%00%(upstream:remoteref) refs/heads/main refs/remotes/main [4ms]
2025-09-15 01:12:50.482 [info] > git for-each-ref --sort -committerdate --format %(refname)%00%(objectname)%00%(*objectname) [2ms]
2025-09-15 01:12:50.545 [info] > git status -z -uall [75ms]
2025-09-15 01:14:06.395 [info] > git config --get commit.template [10ms]
2025-09-15 01:14:06.396 [info] > git for-each-ref --format=%(refname)%00%(upstream:short)%00%(objectname)%00%(upstream:track)%00%(upstream:remotename)%00%(upstream:remoteref) refs/heads/main refs/remotes/main [2ms]
2025-09-15 01:14:06.417 [info] > git for-each-ref --sort -committerdate --format %(refname)%00%(objectname)%00%(*objectname) [2ms]
2025-09-15 01:14:06.478 [info] > git status -z -uall [72ms]
2025-09-15 01:14:11.549 [info] > git config --get commit.template [9ms]
2025-09-15 01:14:11.550 [info] > git for-each-ref --format=%(refname)%00%(upstream:short)%00%(objectname)%00%(upstream:track)%00%(upstream:remotename)%00%(upstream:remoteref) refs/heads/main refs/remotes/main [2ms]
2025-09-15 01:14:11.570 [info] > git for-each-ref --sort -committerdate --format %(refname)%00%(objectname)%00%(*objectname) [2ms]
2025-09-15 01:14:11.630 [info] > git status -z -uall [71ms]
2025-09-15 01:14:43.381 [info] > git config --get commit.template [10ms]
2025-09-15 01:14:43.382 [info] > git for-each-ref --format=%(refname)%00%(upstream:short)%00%(objectname)%00%(upstream:track)%00%(upstream:remotename)%00%(upstream:remoteref) refs/heads/main refs/remotes/main [2ms]
2025-09-15 01:14:43.403 [info] > git for-each-ref --sort -committerdate --format %(refname)%00%(objectname)%00%(*objectname) [2ms]
2025-09-15 01:14:43.460 [info] > git status -z -uall [68ms]
2025-09-15 01:14:48.540 [info] > git config --get commit.template [13ms]
2025-09-15 01:14:48.542 [info] > git for-each-ref --format=%(refname)%00%(upstream:short)%00%(objectname)%00%(upstream:track)%00%(upstream:remotename)%00%(upstream:remoteref) refs/heads/main refs/remotes/main [3ms]
2025-09-15 01:14:48.562 [info] > git for-each-ref --sort -committerdate --format %(refname)%00%(objectname)%00%(*objectname) [2ms]
2025-09-15 01:14:48.620 [info] > git status -z -uall [69ms]
2025-09-15 01:20:22.048 [info] > git config --get commit.template [2ms]
2025-09-15 01:20:22.060 [info] > git for-each-ref --format=%(refname)%00%(upstream:short)%00%(objectname)%00%(upstream:track)%00%(upstream:remotename)%00%(upstream:remoteref) refs/heads/main refs/remotes/main [3ms]
2025-09-15 01:20:22.084 [info] > git for-each-ref --sort -committerdate --format %(refname)%00%(objectname)%00%(*objectname) [2ms]
2025-09-15 01:20:22.148 [info] > git status -z -uall [78ms]
2025-09-15 01:20:27.224 [info] > git config --get commit.template [10ms]
2025-09-15 01:20:27.226 [info] > git for-each-ref --format=%(refname)%00%(upstream:short)%00%(objectname)%00%(upstream:track)%00%(upstream:remotename)%00%(upstream:remoteref) refs/heads/main refs/remotes/main [3ms]
2025-09-15 01:20:27.247 [info] > git for-each-ref --sort -committerdate --format %(refname)%00%(objectname)%00%(*objectname) [3ms]
2025-09-15 01:20:27.305 [info] > git status -z -uall [70ms]
2025-09-15 01:21:38.654 [info] > git config --get commit.template [2ms]
2025-09-15 01:21:38.665 [info] > git for-each-ref --format=%(refname)%00%(upstream:short)%00%(objectname)%00%(upstream:track)%00%(upstream:remotename)%00%(upstream:remoteref) refs/heads/main refs/remotes/main [2ms]
2025-09-15 01:21:38.684 [info] > git for-each-ref --sort -committerdate --format %(refname)%00%(objectname)%00%(*objectname) [3ms]
2025-09-15 01:21:38.746 [info] > git status -z -uall [73ms]
2025-09-15 01:21:43.819 [info] > git config --get commit.template [1ms]
2025-09-15 01:21:43.837 [info] > git for-each-ref --format=%(refname)%00%(upstream:short)%00%(objectname)%00%(upstream:track)%00%(upstream:remotename)%00%(upstream:remoteref) refs/heads/main refs/remotes/main [3ms]
2025-09-15 01:21:43.868 [info] > git for-each-ref --sort -committerdate --format %(refname)%00%(objectname)%00%(*objectname) [3ms]
2025-09-15 01:21:43.951 [info] > git status -z -uall [101ms]
2025-09-15 01:23:18.866 [info] > git config --get commit.template [10ms]
2025-09-15 01:23:18.867 [info] > git for-each-ref --format=%(refname)%00%(upstream:short)%00%(objectname)%00%(upstream:track)%00%(upstream:remotename)%00%(upstream:remoteref) refs/heads/main refs/remotes/main [2ms]
2025-09-15 01:23:18.888 [info] > git for-each-ref --sort -committerdate --format %(refname)%00%(objectname)%00%(*objectname) [2ms]
2025-09-15 01:23:18.957 [info] > git status -z -uall [80ms]
2025-09-15 01:23:24.042 [info] > git config --get commit.template [10ms]
2025-09-15 01:23:24.044 [info] > git for-each-ref --format=%(refname)%00%(upstream:short)%00%(objectname)%00%(upstream:track)%00%(upstream:remotename)%00%(upstream:remoteref) refs/heads/main refs/remotes/main [3ms]
2025-09-15 01:23:24.064 [info] > git for-each-ref --sort -committerdate --format %(refname)%00%(objectname)%00%(*objectname) [3ms]
2025-09-15 01:23:24.122 [info] > git status -z -uall [69ms]
2025-09-15 01:23:29.189 [info] > git config --get commit.template [9ms]
2025-09-15 01:23:29.190 [info] > git for-each-ref --format=%(refname)%00%(upstream:short)%00%(objectname)%00%(upstream:track)%00%(upstream:remotename)%00%(upstream:remoteref) refs/heads/main refs/remotes/main [2ms]
2025-09-15 01:23:29.223 [info] > git for-each-ref --sort -committerdate --format %(refname)%00%(objectname)%00%(*objectname) [13ms]
2025-09-15 01:23:29.304 [info] > git status -z -uall [104ms]
2025-09-15 01:23:46.035 [info] > git config --get commit.template [11ms]
2025-09-15 01:23:46.036 [info] > git for-each-ref --format=%(refname)%00%(upstream:short)%00%(objectname)%00%(upstream:track)%00%(upstream:remotename)%00%(upstream:remoteref) refs/heads/main refs/remotes/main [2ms]
2025-09-15 01:23:46.056 [info] > git for-each-ref --sort -committerdate --format %(refname)%00%(objectname)%00%(*objectname) [2ms]
2025-09-15 01:23:46.115 [info] > git status -z -uall [70ms]
2025-09-15 01:23:51.182 [info] > git config --get commit.template [10ms]
2025-09-15 01:23:51.183 [info] > git for-each-ref --format=%(refname)%00%(upstream:short)%00%(objectname)%00%(upstream:track)%00%(upstream:remotename)%00%(upstream:remoteref) refs/heads/main refs/remotes/main [2ms]
2025-09-15 01:23:51.204 [info] > git for-each-ref --sort -committerdate --format %(refname)%00%(objectname)%00%(*objectname) [2ms]
2025-09-15 01:23:51.260 [info] > git status -z -uall [68ms]
2025-09-15 01:23:59.792 [info] > git config --get commit.template [11ms]
2025-09-15 01:23:59.793 [info] > git for-each-ref --format=%(refname)%00%(upstream:short)%00%(objectname)%00%(upstream:track)%00%(upstream:remotename)%00%(upstream:remoteref) refs/heads/main refs/remotes/main [2ms]
2025-09-15 01:23:59.813 [info] > git for-each-ref --sort -committerdate --format %(refname)%00%(objectname)%00%(*objectname) [2ms]
2025-09-15 01:23:59.871 [info] > git status -z -uall [69ms]
2025-09-15 01:24:36.748 [info] > git config --get commit.template [11ms]
2025-09-15 01:24:36.749 [info] > git for-each-ref --format=%(refname)%00%(upstream:short)%00%(objectname)%00%(upstream:track)%00%(upstream:remotename)%00%(upstream:remoteref) refs/heads/main refs/remotes/main [2ms]
2025-09-15 01:24:36.770 [info] > git for-each-ref --sort -committerdate --format %(refname)%00%(objectname)%00%(*objectname) [2ms]
2025-09-15 01:24:36.843 [info] > git status -z -uall [83ms]
2025-09-15 01:27:59.579 [info] > git config --get commit.template [10ms]
2025-09-15 01:27:59.581 [info] > git for-each-ref --format=%(refname)%00%(upstream:short)%00%(objectname)%00%(upstream:track)%00%(upstream:remotename)%00%(upstream:remoteref) refs/heads/main refs/remotes/main [3ms]
2025-09-15 01:27:59.601 [info] > git for-each-ref --sort -committerdate --format %(refname)%00%(objectname)%00%(*objectname) [3ms]
2025-09-15 01:27:59.662 [info] > git status -z -uall [72ms]
2025-09-15 01:28:04.734 [info] > git config --get commit.template [10ms]
2025-09-15 01:28:04.735 [info] > git for-each-ref --format=%(refname)%00%(upstream:short)%00%(objectname)%00%(upstream:track)%00%(upstream:remotename)%00%(upstream:remoteref) refs/heads/main refs/remotes/main [2ms]
2025-09-15 01:28:04.760 [info] > git for-each-ref --sort -committerdate --format %(refname)%00%(objectname)%00%(*objectname) [2ms]
2025-09-15 01:28:04.818 [info] > git status -z -uall [72ms]
2025-09-15 01:30:42.557 [info] > git config --get commit.template [11ms]
2025-09-15 01:30:42.558 [info] > git for-each-ref --format=%(refname)%00%(upstream:short)%00%(objectname)%00%(upstream:track)%00%(upstream:remotename)%00%(upstream:remoteref) refs/heads/main refs/remotes/main [2ms]
2025-09-15 01:30:42.579 [info] > git for-each-ref --sort -committerdate --format %(refname)%00%(objectname)%00%(*objectname) [2ms]
2025-09-15 01:30:42.655 [info] > git status -z -uall [88ms]
2025-09-15 01:30:47.749 [info] > git config --get commit.template [9ms]
2025-09-15 01:30:47.750 [info] > git for-each-ref --format=%(refname)%00%(upstream:short)%00%(objectname)%00%(upstream:track)%00%(upstream:remotename)%00%(upstream:remoteref) refs/heads/main refs/remotes/main [2ms]
2025-09-15 01:30:47.770 [info] > git for-each-ref --sort -committerdate --format %(refname)%00%(objectname)%00%(*objectname) [2ms]
2025-09-15 01:30:47.828 [info] > git status -z -uall [69ms]
2025-09-15 01:30:52.898 [info] > git for-each-ref --format=%(refname)%00%(upstream:short)%00%(objectname)%00%(upstream:track)%00%(upstream:remotename)%00%(upstream:remoteref) refs/heads/main refs/remotes/main [5ms]
2025-09-15 01:30:52.898 [info] > git config --get commit.template [14ms]
2025-09-15 01:30:52.937 [info] > git for-each-ref --sort -committerdate --format %(refname)%00%(objectname)%00%(*objectname) [3ms]
2025-09-15 01:30:53.031 [info] > git status -z -uall [110ms]
2025-09-15 01:30:58.274 [info] > git config --get commit.template [10ms]
2025-09-15 01:30:58.275 [info] > git for-each-ref --format=%(refname)%00%(upstream:short)%00%(objectname)%00%(upstream:track)%00%(upstream:remotename)%00%(upstream:remoteref) refs/heads/main refs/remotes/main [2ms]
2025-09-15 01:30:58.296 [info] > git for-each-ref --sort -committerdate --format %(refname)%00%(objectname)%00%(*objectname) [2ms]
2025-09-15 01:30:58.352 [info] > git status -z -uall [66ms]
2025-09-15 01:31:03.421 [info] > git config --get commit.template [10ms]
2025-09-15 01:31:03.422 [info] > git for-each-ref --format=%(refname)%00%(upstream:short)%00%(objectname)%00%(upstream:track)%00%(upstream:remotename)%00%(upstream:remoteref) refs/heads/main refs/remotes/main [2ms]
2025-09-15 01:31:03.443 [info] > git for-each-ref --sort -committerdate --format %(refname)%00%(objectname)%00%(*objectname) [2ms]
2025-09-15 01:31:03.498 [info] > git status -z -uall [66ms]
2025-09-15 01:31:08.568 [info] > git config --get commit.template [12ms]
2025-09-15 01:31:08.584 [info] > git for-each-ref --format=%(refname)%00%(upstream:short)%00%(objectname)%00%(upstream:track)%00%(upstream:remotename)%00%(upstream:remoteref) refs/heads/main refs/remotes/main [1ms]
2025-09-15 01:31:08.631 [info] > git for-each-ref --sort -committerdate --format %(refname)%00%(objectname)%00%(*objectname) [7ms]
2025-09-15 01:31:08.704 [info] > git status -z -uall [100ms]
2025-09-15 01:31:13.838 [info] > git config --get commit.template [18ms]
2025-09-15 01:31:13.840 [info] > git for-each-ref --format=%(refname)%00%(upstream:short)%00%(objectname)%00%(upstream:track)%00%(upstream:remotename)%00%(upstream:remoteref) refs/heads/main refs/remotes/main [2ms]
2025-09-15 01:31:13.873 [info] > git for-each-ref --sort -committerdate --format %(refname)%00%(objectname)%00%(*objectname) [3ms]
2025-09-15 01:31:13.948 [info] > git status -z -uall [93ms]
2025-09-15 01:31:19.022 [info] > git config --get commit.template [12ms]
2025-09-15 01:31:19.024 [info] > git for-each-ref --format=%(refname)%00%(upstream:short)%00%(objectname)%00%(upstream:track)%00%(upstream:remotename)%00%(upstream:remoteref) refs/heads/main refs/remotes/main [2ms]
2025-09-15 01:31:19.046 [info] > git for-each-ref --sort -committerdate --format %(refname)%00%(objectname)%00%(*objectname) [3ms]
2025-09-15 01:31:19.102 [info] > git status -z -uall [69ms]
2025-09-15 01:31:23.510 [info] > git check-ignore -v -z --stdin [2ms]
2025-09-15 01:31:24.172 [info] > git config --get commit.template [10ms]
2025-09-15 01:31:24.174 [info] > git for-each-ref --format=%(refname)%00%(upstream:short)%00%(objectname)%00%(upstream:track)%00%(upstream:remotename)%00%(upstream:remoteref) refs/heads/main refs/remotes/main [3ms]
2025-09-15 01:31:24.195 [info] > git for-each-ref --sort -committerdate --format %(refname)%00%(objectname)%00%(*objectname) [2ms]
2025-09-15 01:31:24.251 [info] > git status -z -uall [68ms]
2025-09-15 01:31:29.313 [info] > git config --get commit.template [7ms]
2025-09-15 01:31:29.324 [info] > git for-each-ref --format=%(refname)%00%(upstream:short)%00%(objectname)%00%(upstream:track)%00%(upstream:remotename)%00%(upstream:remoteref) refs/heads/main refs/remotes/main [2ms]
2025-09-15 01:31:29.345 [info] > git for-each-ref --sort -committerdate --format %(refname)%00%(objectname)%00%(*objectname) [3ms]
2025-09-15 01:31:29.403 [info] > git status -z -uall [70ms]
2025-09-15 01:31:34.472 [info] > git config --get commit.template [12ms]
2025-09-15 01:31:34.473 [info] > git for-each-ref --format=%(refname)%00%(upstream:short)%00%(objectname)%00%(upstream:track)%00%(upstream:remotename)%00%(upstream:remoteref) refs/heads/main refs/remotes/main [2ms]
2025-09-15 01:31:34.500 [info] > git for-each-ref --sort -committerdate --format %(refname)%00%(objectname)%00%(*objectname) [2ms]
2025-09-15 01:31:34.563 [info] > git status -z -uall [80ms]
2025-09-15 01:32:29.345 [info] > git config --get commit.template [9ms]
2025-09-15 01:32:29.347 [info] > git for-each-ref --format=%(refname)%00%(upstream:short)%00%(objectname)%00%(upstream:track)%00%(upstream:remotename)%00%(upstream:remoteref) refs/heads/main refs/remotes/main [2ms]
2025-09-15 01:32:29.368 [info] > git for-each-ref --sort -committerdate --format %(refname)%00%(objectname)%00%(*objectname) [3ms]
2025-09-15 01:32:29.427 [info] > git status -z -uall [71ms]
2025-09-15 01:32:40.985 [info] > git config --get commit.template [12ms]
2025-09-15 01:32:40.986 [info] > git for-each-ref --format=%(refname)%00%(upstream:short)%00%(objectname)%00%(upstream:track)%00%(upstream:remotename)%00%(upstream:remoteref) refs/heads/main refs/remotes/main [4ms]
2025-09-15 01:32:41.008 [info] > git for-each-ref --sort -committerdate --format %(refname)%00%(objectname)%00%(*objectname) [3ms]
2025-09-15 01:32:41.071 [info] > git status -z -uall [76ms]
2025-09-15 01:34:20.371 [info] > git config --get commit.template [10ms]
2025-09-15 01:34:20.372 [info] > git for-each-ref --format=%(refname)%00%(upstream:short)%00%(objectname)%00%(upstream:track)%00%(upstream:remotename)%00%(upstream:remoteref) refs/heads/main refs/remotes/main [2ms]
2025-09-15 01:34:20.393 [info] > git for-each-ref --sort -committerdate --format %(refname)%00%(objectname)%00%(*objectname) [2ms]
2025-09-15 01:34:20.454 [info] > git status -z -uall [72ms]
2025-09-15 01:40:24.531 [info] > git config --get commit.template [3ms]
2025-09-15 01:40:24.542 [info] > git for-each-ref --format=%(refname)%00%(upstream:short)%00%(objectname)%00%(upstream:track)%00%(upstream:remotename)%00%(upstream:remoteref) refs/heads/main refs/remotes/main [2ms]
2025-09-15 01:40:24.567 [info] > git for-each-ref --sort -committerdate --format %(refname)%00%(objectname)%00%(*objectname) [3ms]
2025-09-15 01:40:24.631 [info] > git status -z -uall [79ms]
2025-09-15 01:44:00.133 [info] > git check-ignore -v -z --stdin [2ms]
2025-09-15 01:44:39.959 [info] > git config --get commit.template [2ms]
2025-09-15 01:44:39.969 [info] > git for-each-ref --format=%(refname)%00%(upstream:short)%00%(objectname)%00%(upstream:track)%00%(upstream:remotename)%00%(upstream:remoteref) refs/heads/main refs/remotes/main [2ms]
2025-09-15 01:44:39.990 [info] > git for-each-ref --sort -committerdate --format %(refname)%00%(objectname)%00%(*objectname) [3ms]
2025-09-15 01:44:40.055 [info] > git status -z -uall [77ms]
2025-09-15 01:44:47.950 [info] > git config --get commit.template [10ms]
2025-09-15 01:44:47.951 [info] > git for-each-ref --format=%(refname)%00%(upstream:short)%00%(objectname)%00%(upstream:track)%00%(upstream:remotename)%00%(upstream:remoteref) refs/heads/main refs/remotes/main [2ms]
2025-09-15 01:44:47.972 [info] > git for-each-ref --sort -committerdate --format %(refname)%00%(objectname)%00%(*objectname) [3ms]
2025-09-15 01:44:48.029 [info] > git status -z -uall [69ms]
2025-09-15 01:51:43.057 [info] > git config --get commit.template [10ms]
2025-09-15 01:51:43.059 [info] > git for-each-ref --format=%(refname)%00%(upstream:short)%00%(objectname)%00%(upstream:track)%00%(upstream:remotename)%00%(upstream:remoteref) refs/heads/main refs/remotes/main [3ms]
2025-09-15 01:51:43.080 [info] > git for-each-ref --sort -committerdate --format %(refname)%00%(objectname)%00%(*objectname) [2ms]
2025-09-15 01:51:43.149 [info] > git status -z -uall [80ms]
2025-09-15 01:52:08.974 [info] > git config --get commit.template [9ms]
2025-09-15 01:52:08.975 [info] > git for-each-ref --format=%(refname)%00%(upstream:short)%00%(objectname)%00%(upstream:track)%00%(upstream:remotename)%00%(upstream:remoteref) refs/heads/main refs/remotes/main [3ms]
2025-09-15 01:52:08.997 [info] > git for-each-ref --sort -committerdate --format %(refname)%00%(objectname)%00%(*objectname) [2ms]
2025-09-15 01:52:09.057 [info] > git status -z -uall [73ms]
2025-09-15 01:52:14.130 [info] > git config --get commit.template [10ms]
2025-09-15 01:52:14.132 [info] > git for-each-ref --format=%(refname)%00%(upstream:short)%00%(objectname)%00%(upstream:track)%00%(upstream:remotename)%00%(upstream:remoteref) refs/heads/main refs/remotes/main [2ms]
2025-09-15 01:52:14.152 [info] > git for-each-ref --sort -committerdate --format %(refname)%00%(objectname)%00%(*objectname) [2ms]
2025-09-15 01:52:14.215 [info] > git status -z -uall [74ms]
2025-09-15 01:53:21.086 [info] > git config --get commit.template [10ms]
2025-09-15 01:53:21.087 [info] > git for-each-ref --format=%(refname)%00%(upstream:short)%00%(objectname)%00%(upstream:track)%00%(upstream:remotename)%00%(upstream:remoteref) refs/heads/main refs/remotes/main [2ms]
2025-09-15 01:53:21.109 [info] > git for-each-ref --sort -committerdate --format %(refname)%00%(objectname)%00%(*objectname) [3ms]
2025-09-15 01:53:21.171 [info] > git status -z -uall [74ms]
2025-09-15 01:54:37.188 [info] > git config --get commit.template [11ms]
2025-09-15 01:54:37.189 [info] > git for-each-ref --format=%(refname)%00%(upstream:short)%00%(objectname)%00%(upstream:track)%00%(upstream:remotename)%00%(upstream:remoteref) refs/heads/main refs/remotes/main [2ms]
2025-09-15 01:54:37.210 [info] > git for-each-ref --sort -committerdate --format %(refname)%00%(objectname)%00%(*objectname) [2ms]
2025-09-15 01:54:37.270 [info] > git status -z -uall [71ms]
2025-09-15 01:54:42.349 [info] > git config --get commit.template [11ms]
2025-09-15 01:54:42.350 [info] > git for-each-ref --format=%(refname)%00%(upstream:short)%00%(objectname)%00%(upstream:track)%00%(upstream:remotename)%00%(upstream:remoteref) refs/heads/main refs/remotes/main [2ms]
2025-09-15 01:54:42.371 [info] > git for-each-ref --sort -committerdate --format %(refname)%00%(objectname)%00%(*objectname) [3ms]
2025-09-15 01:54:42.430 [info] > git status -z -uall [70ms]
2025-09-15 01:54:47.496 [info] > git config --get commit.template [11ms]
2025-09-15 01:54:47.497 [info] > git for-each-ref --format=%(refname)%00%(upstream:short)%00%(objectname)%00%(upstream:track)%00%(upstream:remotename)%00%(upstream:remoteref) refs/heads/main refs/remotes/main [2ms]
2025-09-15 01:54:47.518 [info] > git for-each-ref --sort -committerdate --format %(refname)%00%(objectname)%00%(*objectname) [3ms]
2025-09-15 01:54:47.574 [info] > git status -z -uall [68ms]
2025-09-15 01:55:07.858 [info] > git config --get commit.template [12ms]
2025-09-15 01:55:07.859 [info] > git for-each-ref --format=%(refname)%00%(upstream:short)%00%(objectname)%00%(upstream:track)%00%(upstream:remotename)%00%(upstream:remoteref) refs/heads/main refs/remotes/main [3ms]
2025-09-15 01:55:07.882 [info] > git for-each-ref --sort -committerdate --format %(refname)%00%(objectname)%00%(*objectname) [3ms]
2025-09-15 01:55:07.937 [info] > git status -z -uall [69ms]
2025-09-15 01:55:28.949 [info] > git config --get commit.template [9ms]
2025-09-15 01:55:28.950 [info] > git for-each-ref --format=%(refname)%00%(upstream:short)%00%(objectname)%00%(upstream:track)%00%(upstream:remotename)%00%(upstream:remoteref) refs/heads/main refs/remotes/main [2ms]
2025-09-15 01:55:28.970 [info] > git for-each-ref --sort -committerdate --format %(refname)%00%(objectname)%00%(*objectname) [3ms]
2025-09-15 01:55:29.033 [info] > git status -z -uall [75ms]
2025-09-15 01:55:33.128 [info] > git show --textconv :programming1/problem4.c [11ms]
2025-09-15 01:55:33.129 [warning] [GitFileSystemProvider][readFile] File not found - git:/home/efarzad22/programming1/problem4.c.git?%7B%22path%22%3A%22%2Fhome%2Fefarzad22%2Fprogramming1%2Fproblem4.c%22%2C%22ref%22%3A%22%22%7D
2025-09-15 01:55:33.130 [info] > git ls-files --stage -- programming1/problem4.c [4ms]
2025-09-15 01:55:33.131 [warning] [GitFileSystemProvider][stat] File not found - git:/home/efarzad22/programming1/problem4.c.git?%7B%22path%22%3A%22%2Fhome%2Fefarzad22%2Fprogramming1%2Fproblem4.c%22%2C%22ref%22%3A%22%22%7D
2025-09-15 01:55:33.287 [info] > git check-ignore -v -z --stdin [2ms]
2025-09-15 01:55:34.097 [info] > git config --get commit.template [11ms]
2025-09-15 01:55:34.098 [info] > git for-each-ref --format=%(refname)%00%(upstream:short)%00%(objectname)%00%(upstream:track)%00%(upstream:remotename)%00%(upstream:remoteref) refs/heads/main refs/remotes/main [2ms]
2025-09-15 01:55:34.120 [info] > git for-each-ref --sort -committerdate --format %(refname)%00%(objectname)%00%(*objectname) [2ms]
2025-09-15 01:55:34.175 [info] > git status -z -uall [67ms]
2025-09-15 01:55:47.722 [info] > git config --get commit.template [9ms]
2025-09-15 01:55:47.724 [info] > git for-each-ref --format=%(refname)%00%(upstream:short)%00%(objectname)%00%(upstream:track)%00%(upstream:remotename)%00%(upstream:remoteref) refs/heads/main refs/remotes/main [2ms]
2025-09-15 01:55:47.743 [info] > git for-each-ref --sort -committerdate --format %(refname)%00%(objectname)%00%(*objectname) [3ms]
2025-09-15 01:55:47.799 [info] > git status -z -uall [67ms]
2025-09-15 01:55:52.863 [info] > git config --get commit.template [10ms]
2025-09-15 01:55:52.865 [info] > git for-each-ref --format=%(refname)%00%(upstream:short)%00%(objectname)%00%(upstream:track)%00%(upstream:remotename)%00%(upstream:remoteref) refs/heads/main refs/remotes/main [1ms]
2025-09-15 01:55:52.885 [info] > git for-each-ref --sort -committerdate --format %(refname)%00%(objectname)%00%(*objectname) [2ms]
2025-09-15 01:55:52.944 [info] > git status -z -uall [70ms]
2025-09-15 01:56:34.478 [info] > git config --get commit.template [10ms]
2025-09-15 01:56:34.480 [info] > git for-each-ref --format=%(refname)%00%(upstream:short)%00%(objectname)%00%(upstream:track)%00%(upstream:remotename)%00%(upstream:remoteref) refs/heads/main refs/remotes/main [2ms]
2025-09-15 01:56:34.500 [info] > git for-each-ref --sort -committerdate --format %(refname)%00%(objectname)%00%(*objectname) [2ms]
2025-09-15 01:56:34.563 [info] > git status -z -uall [74ms]
