2025-09-09 01:46:47.591 [info] [main] Log level: Info
2025-09-09 01:46:47.591 [info] [main] Validating found git in: "git"
2025-09-09 01:46:47.591 [info] [main] Using git "2.43.0" from "git"
2025-09-09 01:46:47.591 [info] [Model][doInitialScan] Initial repository scan started
2025-09-09 01:46:47.591 [info] > git rev-parse --show-toplevel [1195ms]
2025-09-09 01:46:47.591 [info] fatal: not a git repository (or any parent up to mount point /)
Stopping at filesystem boundary (GIT_DISCOVERY_ACROSS_FILESYSTEM not set).
2025-09-09 01:46:47.591 [info] > git rev-parse --show-toplevel [339ms]
2025-09-09 01:46:47.591 [info] fatal: not a git repository (or any parent up to mount point /)
Stopping at filesystem boundary (GIT_DISCOVERY_ACROSS_FILESYSTEM not set).
2025-09-09 01:47:15.248 [info] > git rev-parse --show-toplevel [610ms]
2025-09-09 01:47:15.248 [info] fatal: not a git repository (or any parent up to mount point /)
Stopping at filesystem boundary (GIT_DISCOVERY_ACROSS_FILESYSTEM not set).
2025-09-09 01:47:16.090 [info] > git rev-parse --show-toplevel [777ms]
2025-09-09 01:47:16.093 [info] fatal: not a git repository (or any parent up to mount point /)
Stopping at filesystem boundary (GIT_DISCOVERY_ACROSS_FILESYSTEM not set).
2025-09-09 01:47:16.168 [info] > git rev-parse --show-toplevel [42ms]
2025-09-09 01:47:16.168 [info] fatal: not a git repository (or any parent up to mount point /)
Stopping at filesystem boundary (GIT_DISCOVERY_ACROSS_FILESYSTEM not set).
2025-09-09 01:47:16.215 [info] > git rev-parse --show-toplevel [16ms]
2025-09-09 01:47:16.215 [info] fatal: not a git repository (or any parent up to mount point /)
Stopping at filesystem boundary (GIT_DISCOVERY_ACROSS_FILESYSTEM not set).
2025-09-09 01:47:16.268 [info] > git rev-parse --show-toplevel [20ms]
2025-09-09 01:47:16.268 [info] fatal: not a git repository (or any parent up to mount point /)
Stopping at filesystem boundary (GIT_DISCOVERY_ACROSS_FILESYSTEM not set).
2025-09-09 01:47:16.311 [info] > git rev-parse --show-toplevel [13ms]
2025-09-09 01:47:16.314 [info] fatal: not a git repository (or any parent up to mount point /)
Stopping at filesystem boundary (GIT_DISCOVERY_ACROSS_FILESYSTEM not set).
2025-09-09 01:47:16.347 [info] > git rev-parse --show-toplevel [4ms]
2025-09-09 01:47:16.347 [info] fatal: not a git repository (or any parent up to mount point /)
Stopping at filesystem boundary (GIT_DISCOVERY_ACROSS_FILESYSTEM not set).
2025-09-09 01:47:16.386 [info] > git rev-parse --show-toplevel [11ms]
2025-09-09 01:47:16.386 [info] fatal: not a git repository (or any parent up to mount point /)
Stopping at filesystem boundary (GIT_DISCOVERY_ACROSS_FILESYSTEM not set).
2025-09-09 01:47:16.423 [info] > git rev-parse --show-toplevel [7ms]
2025-09-09 01:47:16.425 [info] fatal: not a git repository (or any parent up to mount point /)
Stopping at filesystem boundary (GIT_DISCOVERY_ACROSS_FILESYSTEM not set).
2025-09-09 01:47:16.465 [info] > git rev-parse --show-toplevel [4ms]
2025-09-09 01:47:16.502 [info] > git rev-parse --git-dir --git-common-dir [9ms]
2025-09-09 01:47:16.541 [info] [Model][openRepository] Opened repository (path): /home/efarzad22/ostep-projects
2025-09-09 01:47:16.547 [info] [Model][openRepository] Opened repository (real path): /home/efarzad22/ostep-projects
2025-09-09 01:47:16.611 [info] > git config --get commit.template [31ms]
2025-09-09 01:47:16.662 [info] > git rev-parse --show-toplevel [57ms]
2025-09-09 01:47:16.664 [info] fatal: not a git repository (or any parent up to mount point /)
Stopping at filesystem boundary (GIT_DISCOVERY_ACROSS_FILESYSTEM not set).
2025-09-09 01:47:16.717 [info] > git for-each-ref --format=%(refname)%00%(upstream:short)%00%(objectname)%00%(upstream:track)%00%(upstream:remotename)%00%(upstream:remoteref) refs/heads/master refs/remotes/master [57ms]
2025-09-09 01:47:16.724 [info] > git rev-parse --show-toplevel [19ms]
2025-09-09 01:47:16.724 [info] fatal: not a git repository (or any parent up to mount point /)
Stopping at filesystem boundary (GIT_DISCOVERY_ACROSS_FILESYSTEM not set).
2025-09-09 01:47:16.724 [info] [Model][doInitialScan] Initial repository scan completed - repositories (1), closed repositories (0), parent repositories (0), unsafe repositories (0)
2025-09-09 01:47:16.760 [warning] [Git][revParse] Unable to read file: ENOENT: no such file or directory, open '/home/efarzad22/ostep-projects/.git/refs/remotes/origin/master'
2025-09-09 01:47:16.771 [info] > git rev-parse refs/remotes/origin/master [11ms]
2025-09-09 01:47:16.863 [info] > git for-each-ref --sort -committerdate --format %(refname)%00%(objectname)%00%(*objectname) [14ms]
2025-09-09 01:47:17.426 [info] > git check-ignore -v -z --stdin [29ms]
2025-09-09 01:47:22.873 [info] > git status -z -uall [6070ms]
2025-09-09 01:47:23.339 [info] > git for-each-ref --format=%(refname)%00%(upstream:short)%00%(objectname)%00%(upstream:track)%00%(upstream:remotename)%00%(upstream:remoteref) refs/heads/master refs/remotes/master [299ms]
2025-09-09 01:47:23.464 [info] > git config --get commit.template [303ms]
2025-09-09 01:47:23.486 [info] > git config --get --local branch.master.vscode-merge-base [61ms]
2025-09-09 01:47:23.674 [info] > git for-each-ref --format=%(refname)%00%(upstream:short)%00%(objectname)%00%(upstream:track)%00%(upstream:remotename)%00%(upstream:remoteref) refs/heads/master refs/remotes/master [43ms]
2025-09-09 01:47:23.683 [info] > git for-each-ref --format=%(refname)%00%(upstream:short)%00%(objectname)%00%(upstream:track)%00%(upstream:remotename)%00%(upstream:remoteref) refs/heads/origin/master refs/remotes/origin/master [125ms]
2025-09-09 01:47:23.837 [warning] [Git][revParse] Unable to read file: ENOENT: no such file or directory, open '/home/efarzad22/ostep-projects/.git/refs/remotes/origin/master'
2025-09-09 01:47:23.889 [info] > git rev-parse refs/remotes/origin/master [52ms]
2025-09-09 01:47:24.057 [info] > git merge-base refs/heads/master refs/remotes/origin/master [297ms]
2025-09-09 01:47:24.162 [info] > git for-each-ref --sort -committerdate --format %(refname)%00%(objectname)%00%(*objectname) [106ms]
2025-09-09 01:47:24.174 [info] > git diff --name-status -z --diff-filter=ADMR 76cff3f89f4bf337af6e02e53a831b7eeb1396df...refs/remotes/origin/master [32ms]
2025-09-09 01:47:26.310 [info] > git status -z -uall [2335ms]
