2025-09-15 04:29:33.819 [info] [main] Log level: Info
2025-09-15 04:29:33.820 [info] [main] Validating found git in: "git"
2025-09-15 04:29:33.820 [info] [main] Using git "2.43.0" from "git"
2025-09-15 04:29:33.820 [info] [Model][doInitialScan] Initial repository scan started
2025-09-15 04:29:33.820 [info] > git rev-parse --show-toplevel [36ms]
2025-09-15 04:29:33.820 [info] > git rev-parse --git-dir --git-common-dir [7ms]
2025-09-15 04:29:33.820 [info] [Model][openRepository] Opened repository (path): /home/efarzad22
2025-09-15 04:29:33.820 [info] [Model][openRepository] Opened repository (real path): /home/efarzad22
2025-09-15 04:29:33.821 [info] > git rev-parse --show-toplevel [4ms]
2025-09-15 04:29:33.822 [info] > git config --get commit.template [9ms]
2025-09-15 04:29:33.832 [info] > git for-each-ref --format=%(refname)%00%(upstream:short)%00%(objectname)%00%(upstream:track)%00%(upstream:remotename)%00%(upstream:remoteref) refs/heads/main refs/remotes/main [3ms]
2025-09-15 04:29:36.115 [info] > git for-each-ref --sort -committerdate --format %(refname)%00%(objectname)%00%(*objectname) [2268ms]
2025-09-15 04:29:36.161 [info] > git rev-parse --show-toplevel [101ms]
2025-09-15 04:29:36.319 [info] > git status -z -uall [2479ms]
2025-09-15 04:29:37.760 [info] > git for-each-ref --format=%(refname)%00%(upstream:short)%00%(objectname)%00%(upstream:track)%00%(upstream:remotename)%00%(upstream:remoteref) refs/heads/main refs/remotes/main [1255ms]
2025-09-15 04:29:37.770 [info] > git rev-parse --show-toplevel [1582ms]
2025-09-15 04:29:37.814 [info] > git check-ignore -v -z --stdin [19ms]
2025-09-15 04:29:37.817 [info] > git config --get --local branch.main.vscode-merge-base [46ms]
2025-09-15 04:29:37.817 [warning] [Git][config] git config failed: Failed to execute git
2025-09-15 04:29:37.829 [info] > git config --get commit.template [125ms]
2025-09-15 04:29:37.836 [info] > git rev-parse --show-toplevel [24ms]
2025-09-15 04:29:37.872 [info] > git reflog main --grep-reflog=branch: Created from *. [44ms]
2025-09-15 04:29:37.884 [info] > git rev-parse --show-toplevel [26ms]
2025-09-15 04:29:37.884 [info] > git for-each-ref --format=%(refname)%00%(upstream:short)%00%(objectname)%00%(upstream:track)%00%(upstream:remotename)%00%(upstream:remoteref) refs/heads/main refs/remotes/main [38ms]
2025-09-15 04:29:37.896 [info] > git symbolic-ref --short refs/remotes/origin/HEAD [13ms]
2025-09-15 04:29:37.896 [info] fatal: ref refs/remotes/origin/HEAD is not a symbolic ref
2025-09-15 04:29:37.896 [warning] [Repository][getDefaultBranch] Failed to get default branch details: Failed to execute git.
2025-09-15 04:29:37.909 [info] > git rev-parse --show-toplevel [15ms]
2025-09-15 04:29:37.921 [info] > git merge-base refs/heads/main refs/remotes/origin/main [14ms]
2025-09-15 04:29:37.931 [info] > git rev-parse --show-toplevel [11ms]
2025-09-15 04:29:37.979 [info] > git diff --name-status -z --diff-filter=ADMR 51ea7063ff6ed5f99aa192e4be657313910b2dfc...refs/remotes/origin/main [49ms]
2025-09-15 04:29:37.981 [info] > git rev-parse --show-toplevel [15ms]
2025-09-15 04:29:37.982 [info] > git for-each-ref --sort -committerdate --format %(refname)%00%(objectname)%00%(*objectname) [29ms]
2025-09-15 04:29:38.000 [info] > git rev-parse --show-toplevel [5ms]
2025-09-15 04:29:38.020 [info] > git rev-parse --show-toplevel [1ms]
2025-09-15 04:29:38.037 [info] > git rev-parse --show-toplevel [6ms]
2025-09-15 04:29:38.051 [info] > git status -z -uall [110ms]
2025-09-15 04:29:38.123 [info] > git rev-parse --git-dir --git-common-dir [75ms]
2025-09-15 04:29:38.129 [info] [Model][openRepository] Opened repository (path): /home/efarzad22/ostep-projects
2025-09-15 04:29:38.129 [info] [Model][openRepository] Opened repository (real path): /home/efarzad22/ostep-projects
2025-09-15 04:29:38.150 [info] > git config --get commit.template [10ms]
2025-09-15 04:29:38.150 [info] > git rev-parse --show-toplevel [2ms]
2025-09-15 04:29:39.003 [info] > git rev-parse --show-toplevel [833ms]
2025-09-15 04:29:39.003 [info] > git for-each-ref --format=%(refname)%00%(upstream:short)%00%(objectname)%00%(upstream:track)%00%(upstream:remotename)%00%(upstream:remoteref) refs/heads/master refs/remotes/master [844ms]
2025-09-15 04:29:39.049 [warning] [Git][revParse] Unable to read file: ENOENT: no such file or directory, open '/home/efarzad22/ostep-projects/.git/refs/remotes/origin/master'
2025-09-15 04:29:39.051 [info] > git rev-parse refs/remotes/origin/master [2ms]
2025-09-15 04:29:39.069 [info] > git rev-parse --show-toplevel [31ms]
2025-09-15 04:29:39.070 [info] [Model][doInitialScan] Initial repository scan completed - repositories (2), closed repositories (0), parent repositories (0), unsafe repositories (0)
2025-09-15 04:29:39.071 [info] > git status -z -uall [12ms]
2025-09-15 04:29:39.072 [info] > git for-each-ref --sort -committerdate --format %(refname)%00%(objectname)%00%(*objectname) [3ms]
2025-09-15 04:29:39.100 [info] > git for-each-ref --format=%(refname)%00%(upstream:short)%00%(objectname)%00%(upstream:track)%00%(upstream:remotename)%00%(upstream:remoteref) refs/heads/master refs/remotes/master [13ms]
2025-09-15 04:29:39.111 [info] > git config --get commit.template [12ms]
2025-09-15 04:29:39.112 [info] > git config --get --local branch.master.vscode-merge-base [3ms]
2025-09-15 04:29:39.138 [info] > git for-each-ref --format=%(refname)%00%(upstream:short)%00%(objectname)%00%(upstream:track)%00%(upstream:remotename)%00%(upstream:remoteref) refs/heads/origin/master refs/remotes/origin/master [11ms]
2025-09-15 04:29:39.149 [info] > git for-each-ref --format=%(refname)%00%(upstream:short)%00%(objectname)%00%(upstream:track)%00%(upstream:remotename)%00%(upstream:remoteref) refs/heads/master refs/remotes/master [13ms]
2025-09-15 04:29:39.150 [info] > git merge-base refs/heads/master refs/remotes/origin/master [3ms]
2025-09-15 04:29:39.169 [warning] [Git][revParse] Unable to read file: ENOENT: no such file or directory, open '/home/efarzad22/ostep-projects/.git/refs/remotes/origin/master'
2025-09-15 04:29:39.185 [info] > git rev-parse refs/remotes/origin/master [16ms]
2025-09-15 04:29:39.204 [info] > git diff --name-status -z --diff-filter=ADMR 76cff3f89f4bf337af6e02e53a831b7eeb1396df...refs/remotes/origin/master [45ms]
2025-09-15 04:29:39.206 [info] > git status -z -uall [11ms]
2025-09-15 04:29:39.207 [info] > git for-each-ref --sort -committerdate --format %(refname)%00%(objectname)%00%(*objectname) [2ms]
2025-09-15 04:29:39.792 [info] > git check-ignore -v -z --stdin [35ms]
2025-09-15 04:29:39.792 [info] > git check-ignore -v -z --stdin [22ms]
2025-09-15 04:32:33.136 [info] > git config --get commit.template [9ms]
2025-09-15 04:32:33.137 [info] > git for-each-ref --format=%(refname)%00%(upstream:short)%00%(objectname)%00%(upstream:track)%00%(upstream:remotename)%00%(upstream:remoteref) refs/heads/main refs/remotes/main [3ms]
2025-09-15 04:32:33.159 [info] > git for-each-ref --sort -committerdate --format %(refname)%00%(objectname)%00%(*objectname) [2ms]
2025-09-15 04:32:33.226 [info] > git status -z -uall [80ms]
2025-09-15 04:32:38.339 [info] > git config --get commit.template [3ms]
2025-09-15 04:32:38.351 [info] > git for-each-ref --format=%(refname)%00%(upstream:short)%00%(objectname)%00%(upstream:track)%00%(upstream:remotename)%00%(upstream:remoteref) refs/heads/main refs/remotes/main [5ms]
2025-09-15 04:32:38.371 [info] > git for-each-ref --sort -committerdate --format %(refname)%00%(objectname)%00%(*objectname) [2ms]
2025-09-15 04:32:38.430 [info] > git status -z -uall [68ms]
2025-09-15 04:34:49.906 [info] > git config --get commit.template [9ms]
2025-09-15 04:34:49.908 [info] > git for-each-ref --format=%(refname)%00%(upstream:short)%00%(objectname)%00%(upstream:track)%00%(upstream:remotename)%00%(upstream:remoteref) refs/heads/main refs/remotes/main [2ms]
2025-09-15 04:34:49.929 [info] > git for-each-ref --sort -committerdate --format %(refname)%00%(objectname)%00%(*objectname) [3ms]
2025-09-15 04:34:49.993 [info] > git status -z -uall [76ms]
2025-09-15 04:34:55.101 [info] > git config --get commit.template [10ms]
2025-09-15 04:34:55.102 [info] > git for-each-ref --format=%(refname)%00%(upstream:short)%00%(objectname)%00%(upstream:track)%00%(upstream:remotename)%00%(upstream:remoteref) refs/heads/main refs/remotes/main [2ms]
2025-09-15 04:34:55.121 [info] > git for-each-ref --sort -committerdate --format %(refname)%00%(objectname)%00%(*objectname) [3ms]
2025-09-15 04:34:55.182 [info] > git status -z -uall [71ms]
2025-09-15 04:37:13.499 [info] > git check-ignore -v -z --stdin [2ms]
2025-09-15 04:38:10.290 [info] > git config --get commit.template [2ms]
2025-09-15 04:38:10.300 [info] > git for-each-ref --format=%(refname)%00%(upstream:short)%00%(objectname)%00%(upstream:track)%00%(upstream:remotename)%00%(upstream:remoteref) refs/heads/main refs/remotes/main [2ms]
2025-09-15 04:38:10.319 [info] > git for-each-ref --sort -committerdate --format %(refname)%00%(objectname)%00%(*objectname) [3ms]
2025-09-15 04:38:10.381 [info] > git status -z -uall [73ms]
2025-09-15 04:38:15.470 [info] > git config --get commit.template [9ms]
2025-09-15 04:38:15.471 [info] > git for-each-ref --format=%(refname)%00%(upstream:short)%00%(objectname)%00%(upstream:track)%00%(upstream:remotename)%00%(upstream:remoteref) refs/heads/main refs/remotes/main [2ms]
2025-09-15 04:38:15.490 [info] > git for-each-ref --sort -committerdate --format %(refname)%00%(objectname)%00%(*objectname) [2ms]
2025-09-15 04:38:15.550 [info] > git status -z -uall [70ms]
2025-09-15 04:58:28.553 [info] > git config --get commit.template [8ms]
2025-09-15 04:58:28.555 [info] > git for-each-ref --format=%(refname)%00%(upstream:short)%00%(objectname)%00%(upstream:track)%00%(upstream:remotename)%00%(upstream:remoteref) refs/heads/main refs/remotes/main [2ms]
2025-09-15 04:58:28.573 [info] > git for-each-ref --sort -committerdate --format %(refname)%00%(objectname)%00%(*objectname) [3ms]
2025-09-15 04:58:28.635 [info] > git status -z -uall [72ms]
2025-09-15 04:58:33.726 [info] > git config --get commit.template [10ms]
2025-09-15 04:58:33.727 [info] > git for-each-ref --format=%(refname)%00%(upstream:short)%00%(objectname)%00%(upstream:track)%00%(upstream:remotename)%00%(upstream:remoteref) refs/heads/main refs/remotes/main [2ms]
2025-09-15 04:58:33.745 [info] > git for-each-ref --sort -committerdate --format %(refname)%00%(objectname)%00%(*objectname) [2ms]
2025-09-15 04:58:33.806 [info] > git status -z -uall [71ms]
