Initializing document watcher...
Document watcher initialized
efarzad22/programming1/fork-program.c: {}
efarzad22/programming1/fork-program.c: {}
efarzad22/programming1/fork-program.c: {}
efarzad22/programming1/fork-program.c: {}
efarzad22/programming1/fork-program.c: {}
efarzad22/programming1/fork-program.c: {}
efarzad22/programming1/fork-program.c: {}
efarzad22/programming1/fork-program.c: {}
efarzad22/programming1/fork-program.c: Using EditorConfig core...
efarzad22/programming1/fork-program.c: Using EditorConfig core...
efarzad22/programming1/fork-program.c: Using EditorConfig core...
efarzad22/programming1/fork-program.c: Using EditorConfig core...
efarzad22/programming1/fork-program.c: Using EditorConfig core...
efarzad22/programming1/fork-program.c: Using EditorConfig core...
efarzad22/programming1/fork-program.c: Using EditorConfig core...
efarzad22/programming1/fork-program.c: Using EditorConfig core...
efarzad22/programming1/fork-program.c: Using EditorConfig core...
efarzad22/programming1/fork-program.c: Using EditorConfig core...
efarzad22/programming1/fork-program.c: Using EditorConfig core...
efarzad22/programming1/fork-program.c: Using EditorConfig core...
efarzad22/programming1/fork-program.c: {}
efarzad22/programming1/open-and-fork.c: {}
efarzad22/programming1/open-and-fork.c: {}
efarzad22/programming1/fork-program.c: {}
efarzad22/programming1/fork-program.c: Using EditorConfig core...
efarzad22/programming1/open-and-fork.c: {}
efarzad22/programming1/open-and-fork.c: Using EditorConfig core...
efarzad22/programming1/open-and-fork.c: {}
efarzad22/programming1/open-and-fork.c: Using EditorConfig core...
/tmp/open-and-fork.c: {}
efarzad22/programming1/open-and-fork.c: {}
efarzad22/programming1/open-and-fork.c: Using EditorConfig core...
efarzad22/programming1/open-and-fork.c: Using EditorConfig core...
efarzad22/programming1/open-and-fork.c: Using EditorConfig core...
efarzad22/programming1/open-and-fork.c: Using EditorConfig core...
efarzad22/programming1/open-and-fork.c: Using EditorConfig core...
efarzad22/programming1/open-and-fork.c: {}
efarzad22/programming1/open-and-fork.c: Using EditorConfig core...
efarzad22/programming1/open-and-fork.c: Using EditorConfig core...
efarzad22/programming1/open-and-fork.c: Using EditorConfig core...
efarzad22/programming1/fork-program.c: {}
efarzad22/programming1/open-and-fork.c: {}
efarzad22/programming1/open-and-fork.c: Using EditorConfig core...
efarzad22/programming1/open-and-fork.c: Using EditorConfig core...
efarzad22/programming1/fork-program.c: {}
efarzad22/programming1/open-and-fork.c: {}
efarzad22/programming1/open-and-fork.c: Using EditorConfig core...
efarzad22/programming1/open-and-fork.c: Using EditorConfig core...
efarzad22/programming1/open-and-fork.c: Using EditorConfig core...
efarzad22/programming1/open-and-fork.c: Using EditorConfig core...
efarzad22/programming1/open-and-fork.c: Using EditorConfig core...
efarzad22/programming1/open-and-fork.c: Using EditorConfig core...
efarzad22/programming1/open-and-fork.c: Using EditorConfig core...
efarzad22/programming1/open-and-fork.c: Using EditorConfig core...
efarzad22/programming1/open-and-fork.c: Using EditorConfig core...
efarzad22/programming1/open-and-fork.c: Using EditorConfig core...
efarzad22/programming1/open-and-fork.c: Using EditorConfig core...
efarzad22/programming1/open-and-fork.c: Using EditorConfig core...
efarzad22/programming1/open-and-fork.c: {}
efarzad22/programming1/open-and-fork.c: Using EditorConfig core...
efarzad22/programming1/open-and-fork.c: {}
efarzad22/programming1/open-and-fork.c: {}
efarzad22/programming1/open-and-fork.c: {}
efarzad22/programming1/open-and-fork.c: {}
efarzad22/programming1/open-and-fork.c: {}
efarzad22/programming1/open-and-fork.c: Using EditorConfig core...
efarzad22/programming1/open-and-fork.c: Using EditorConfig core...
efarzad22/programming1/open-and-fork.c: {}
efarzad22/programming1/open-and-fork.c: {}
efarzad22/programming1/open-and-fork.c: Using EditorConfig core...
efarzad22/programming1/open-and-fork.c: Using EditorConfig core...
efarzad22/programming1/open-and-fork.c: Using EditorConfig core...
efarzad22/programming1/open-and-fork.c: Using EditorConfig core...
efarzad22/programming1/open-and-fork.c: Using EditorConfig core...
efarzad22/programming1/open-and-fork.c: Using EditorConfig core...
efarzad22/programming1/open-and-fork.c: Using EditorConfig core...
efarzad22/programming1/open-and-fork.c: Using EditorConfig core...
efarzad22/programming1/open-and-fork.c: Using EditorConfig core...
efarzad22/programming1/open-and-fork.c: Using EditorConfig core...
efarzad22/programming1/open-and-fork.c: Using EditorConfig core...
efarzad22/programming1/open-and-fork.c: Using EditorConfig core...
efarzad22/programming1/open-and-fork.c: Using EditorConfig core...
efarzad22/programming1/open-and-fork.c: Using EditorConfig core...
efarzad22/programming1/open-and-fork.c: Using EditorConfig core...
efarzad22/programming1/open-and-fork.c: Using EditorConfig core...
efarzad22/programming1/open-and-fork.c: Using EditorConfig core...
efarzad22/programming1/open-and-fork.c: Using EditorConfig core...
efarzad22/programming1/open-and-fork.c: Using EditorConfig core...
efarzad22/programming1/open-and-fork.c: Using EditorConfig core...
efarzad22/programming1/open-and-fork.c: Using EditorConfig core...
efarzad22/programming1/open-and-fork.c: Using EditorConfig core...
efarzad22/programming1/open-and-fork.c: Using EditorConfig core...
efarzad22/programming1/open-and-fork.c: Using EditorConfig core...
efarzad22/programming1/open-and-fork.c: Using EditorConfig core...
efarzad22/programming1/open-and-fork.c: Using EditorConfig core...
efarzad22/programming1/open-and-fork.c: Using EditorConfig core...
efarzad22/programming1/open-and-fork.c: Using EditorConfig core...
efarzad22/programming1/open-and-fork.c: Using EditorConfig core...
efarzad22/programming1/open-and-fork.c: Using EditorConfig core...
efarzad22/programming1/open-and-fork.c: Using EditorConfig core...
efarzad22/programming1/open-and-fork.c: Using EditorConfig core...
efarzad22/programming1/open-and-fork.c: Using EditorConfig core...
efarzad22/programming1/open-and-fork.c: Using EditorConfig core...
efarzad22/programming1/open-and-fork.c: Using EditorConfig core...
efarzad22/programming1/open-and-fork.c: Using EditorConfig core...
efarzad22/programming1/open-and-fork.c: Using EditorConfig core...
efarzad22/programming1/open-and-fork.c: Using EditorConfig core...
efarzad22/programming1/open-and-fork.c: Using EditorConfig core...
efarzad22/programming1/fork-program.c: {}
efarzad22/programming1/open-and-fork.c: {}
efarzad22/programming1/open-and-fork.c: Using EditorConfig core...
efarzad22/programming1/output.txt: {}
efarzad22/programming1/open-and-fork.c: {}
efarzad22/programming1/open-and-fork.c: {}
efarzad22/programming1/output.txt: {}
efarzad22/programming1/output.txt: {}
efarzad22/programming1/output.txt: {}
efarzad22/programming1/open-and-fork.c: {}
efarzad22/programming1/open-and-fork.c: {}
efarzad22/programming1/open-and-fork.c: {}
efarzad22/programming1/output.txt: {}
efarzad22/programming1/output.txt: {}
efarzad22/programming1/open-and-fork.c: {}
efarzad22/programming1/open-and-fork.c: {}
efarzad22/programming1/open-and-fork.c: Using EditorConfig core...
efarzad22/programming1/open-and-fork.c: Using EditorConfig core...
efarzad22/programming1/open-and-fork.c: {}
efarzad22/programming1/open-and-fork.c: {}
efarzad22/programming1/open-and-fork.c: {}
efarzad22/programming1/open-and-fork.c: Using EditorConfig core...
efarzad22/programming1/open-and-fork.c: {}
efarzad22/programming1/open-and-fork.c: {}
efarzad22/programming1/open-and-fork.c: {}
efarzad22/programming1/open-and-fork.c: {}
efarzad22/programming1/open-and-fork.c: {}
efarzad22/programming1/open-and-fork.c: {}
efarzad22/programming1/open-and-fork.c: {}
efarzad22/programming1/problem3.c: {}
efarzad22/programming1/problem3.c: {}
efarzad22/programming1/problem3.c: {}
efarzad22/programming1/problem3.c: {}
efarzad22/programming1/open-and-fork.c: {}
efarzad22/programming1/open-and-fork.c: {}
efarzad22/programming1/fork-program.c: {}
efarzad22/programming1/problem3.c: {}
efarzad22/programming1/problem3.c: Using EditorConfig core...
efarzad22/programming1/open-and-fork.c: {}
efarzad22/programming1/problem3.c: {}
efarzad22/programming1/problem3.c: {}
efarzad22/programming1/problem3.c: Using EditorConfig core...
efarzad22/programming1/problem3.c: Using EditorConfig core...
efarzad22/programming1/problem3.c: Using EditorConfig core...
efarzad22/programming1/problem3.c: Using EditorConfig core...
efarzad22/programming1/problem3.c: Using EditorConfig core...
efarzad22/programming1/problem3.c: Using EditorConfig core...
efarzad22/programming1/problem3.c: Using EditorConfig core...
efarzad22/programming1/problem3.c: Using EditorConfig core...
efarzad22/programming1/problem3.c: {}
efarzad22/programming1/problem3.c: {}
efarzad22/programming1/problem3.c: Using EditorConfig core...
efarzad22/programming1/problem3.c: Using EditorConfig core...
efarzad22/programming1/problem3.c: Using EditorConfig core...
efarzad22/programming1/problem3.c: Using EditorConfig core...
efarzad22/programming1/problem3.c: Using EditorConfig core...
efarzad22/programming1/problem3.c: Using EditorConfig core...
efarzad22/programming1/problem3.c: Using EditorConfig core...
efarzad22/programming1/problem3.c: Using EditorConfig core...
efarzad22/programming1/problem3.c: {}
efarzad22/programming1/problem3.c: {}
efarzad22/programming1/problem3.c: {}
efarzad22/programming1/problem3.c: {}
efarzad22/programming1/problem3.c: {}
efarzad22/programming1/problem3.c: Using EditorConfig core...
efarzad22/programming1/problem3.c: Using EditorConfig core...
efarzad22/programming1/problem3.c: Using EditorConfig core...
efarzad22/programming1/problem3.c: Using EditorConfig core...
efarzad22/programming1/problem3.c: Using EditorConfig core...
efarzad22/programming1/problem3.c: Using EditorConfig core...
efarzad22/programming1/problem3.c: Using EditorConfig core...
efarzad22/programming1/problem3.c: Using EditorConfig core...
efarzad22/programming1/problem3.c: {}
efarzad22/programming1/problem3.c: {}
efarzad22/programming1/problem3.c: {}
efarzad22/programming1/problem3.c: {}
efarzad22/programming1/problem3.c: Using EditorConfig core...
efarzad22/programming1/problem3.c: {}
efarzad22/programming1/problem4.c: {}
efarzad22/programming1/problem4.c: {}
efarzad22/programming1/problem4.c: {}
