Initializing document watcher...
Document watcher initialized
efarzad22/ostep-projects/initial-reverse/reverse.c: {}
efarzad22/ostep-projects/initial-reverse/reverse.c: {}
efarzad22/ostep-projects/initial-reverse/reverse.c: {}
efarzad22/ostep-projects/initial-reverse/reverse.c: {}
efarzad22/programming1/fork-program.c: {}
efarzad22/programming1/fork-program.c: Using EditorConfig core...
efarzad22/programming1/fork-program.c: Using EditorConfig core...
/tmp/fork-program.c: {}
/User/settings.json: Using EditorConfig core...
/tmp/fork-program.c: {}
efarzad22/programming1/fork-program.c: {}
/tmp/fork-program.c: {}
efarzad22/programming1/fork-program.c: {}
efarzad22/programming1/fork-program.c: Using EditorConfig core...
efarzad22/programming1/fork-program.c: Using EditorConfig core...
efarzad22/programming1/fork-program.c: Using EditorConfig core...
efarzad22/programming1/fork-program.c: Using EditorConfig core...
efarzad22/programming1/fork-program.c: Using EditorConfig core...
efarzad22/programming1/fork-program.c: Using EditorConfig core...
efarzad22/programming1/fork-program.c: Using EditorConfig core...
efarzad22/programming1/fork-program.c: Using EditorConfig core...
efarzad22/programming1/fork-program.c: Using EditorConfig core...
efarzad22/programming1/fork-program.c: {}
efarzad22/programming1/fork-program.c: {}
efarzad22/programming1/fork-program.c: {}
efarzad22/programming1/fork-program.c: Using EditorConfig core...
efarzad22/programming1/fork-program.c: Using EditorConfig core...
efarzad22/ostep-projects/initial-reverse/reverse.c: {}
efarzad22/programming1/fork-program.c: {}
