2025-09-05 04:36:20.724 [info] [main] Log level: Info
2025-09-05 04:36:20.724 [info] [main] Validating found git in: "git"
2025-09-05 04:36:20.724 [info] [main] Using git "2.43.0" from "git"
2025-09-05 04:36:20.724 [info] [Model][doInitialScan] Initial repository scan started
2025-09-05 04:36:20.724 [info] > git rev-parse --show-toplevel [12ms]
2025-09-05 04:36:20.724 [info] fatal: not a git repository (or any parent up to mount point /)
Stopping at filesystem boundary (GIT_DISCOVERY_ACROSS_FILESYSTEM not set).
2025-09-05 04:36:20.724 [info] > git rev-parse --show-toplevel [37ms]
2025-09-05 04:36:20.724 [info] > git rev-parse --git-dir --git-common-dir [2ms]
2025-09-05 04:36:20.724 [info] [Model][openRepository] Opened repository (path): /home/efarzad22/ostep-projects
2025-09-05 04:36:20.724 [info] [Model][openRepository] Opened repository (real path): /home/efarzad22/ostep-projects
2025-09-05 04:36:20.724 [info] > git config --get commit.template [6ms]
2025-09-05 04:36:20.724 [info] > git rev-parse --show-toplevel [2ms]
2025-09-05 04:36:20.724 [info] fatal: not a git repository (or any parent up to mount point /)
Stopping at filesystem boundary (GIT_DISCOVERY_ACROSS_FILESYSTEM not set).
2025-09-05 04:36:20.724 [info] > git rev-parse --show-toplevel [2ms]
2025-09-05 04:36:20.724 [info] fatal: not a git repository (or any parent up to mount point /)
Stopping at filesystem boundary (GIT_DISCOVERY_ACROSS_FILESYSTEM not set).
2025-09-05 04:36:20.724 [info] > git rev-parse --show-toplevel [1ms]
2025-09-05 04:36:20.724 [info] fatal: not a git repository (or any parent up to mount point /)
Stopping at filesystem boundary (GIT_DISCOVERY_ACROSS_FILESYSTEM not set).
2025-09-05 04:36:20.724 [info] > git rev-parse --show-toplevel [2ms]
2025-09-05 04:36:20.724 [info] fatal: not a git repository (or any parent up to mount point /)
Stopping at filesystem boundary (GIT_DISCOVERY_ACROSS_FILESYSTEM not set).
2025-09-05 04:36:20.724 [info] > git rev-parse --show-toplevel [3ms]
2025-09-05 04:36:20.724 [info] fatal: not a git repository (or any parent up to mount point /)
Stopping at filesystem boundary (GIT_DISCOVERY_ACROSS_FILESYSTEM not set).
2025-09-05 04:36:20.724 [info] > git rev-parse --show-toplevel [4ms]
2025-09-05 04:36:20.724 [info] fatal: not a git repository (or any parent up to mount point /)
Stopping at filesystem boundary (GIT_DISCOVERY_ACROSS_FILESYSTEM not set).
2025-09-05 04:36:20.724 [info] > git rev-parse --show-toplevel [21ms]
2025-09-05 04:36:20.724 [info] fatal: not a git repository (or any parent up to mount point /)
Stopping at filesystem boundary (GIT_DISCOVERY_ACROSS_FILESYSTEM not set).
2025-09-05 04:36:20.724 [info] > git check-ignore -v -z --stdin [27ms]
2025-09-05 04:36:20.724 [info] > git rev-parse --show-toplevel [2206ms]
2025-09-05 04:36:20.724 [info] fatal: not a git repository (or any parent up to mount point /)
Stopping at filesystem boundary (GIT_DISCOVERY_ACROSS_FILESYSTEM not set).
2025-09-05 04:36:20.724 [info] > git for-each-ref --format=%(refname)%00%(upstream:short)%00%(objectname)%00%(upstream:track)%00%(upstream:remotename)%00%(upstream:remoteref) refs/heads/master refs/remotes/master [2279ms]
2025-09-05 04:36:20.724 [warning] [Git][revParse] Unable to read file: ENOENT: no such file or directory, open '/home/efarzad22/ostep-projects/.git/refs/remotes/origin/master'
2025-09-05 04:36:20.724 [info] > git rev-parse refs/remotes/origin/master [7ms]
2025-09-05 04:36:20.724 [info] > git rev-parse --show-toplevel [23ms]
2025-09-05 04:36:20.724 [info] fatal: not a git repository (or any parent up to mount point /)
Stopping at filesystem boundary (GIT_DISCOVERY_ACROSS_FILESYSTEM not set).
2025-09-05 04:36:20.724 [info] [Model][doInitialScan] Initial repository scan completed - repositories (1), closed repositories (0), parent repositories (0), unsafe repositories (0)
2025-09-05 04:36:20.724 [info] > git for-each-ref --sort -committerdate --format %(refname)%00%(objectname)%00%(*objectname) [7ms]
2025-09-05 04:36:20.928 [info] > git show --textconv :initial-reverse/reverse.c [126ms]
2025-09-05 04:36:20.928 [info] > git ls-files --stage -- initial-reverse/reverse.c [121ms]
2025-09-05 04:36:20.953 [info] > git hash-object -t tree /dev/null [7ms]
2025-09-05 04:36:20.953 [warning] [GitFileSystemProvider][readFile] File not found - git:/home/efarzad22/ostep-projects/initial-reverse/reverse.c.git?%7B%22path%22%3A%22%2Fhome%2Fefarzad22%2Fostep-projects%2Finitial-reverse%2Freverse.c%22%2C%22ref%22%3A%22%22%7D
2025-09-05 04:36:20.962 [info] > git hash-object -t tree /dev/null [27ms]
2025-09-05 04:36:20.962 [warning] [GitFileSystemProvider][stat] File not found - git:/home/efarzad22/ostep-projects/initial-reverse/reverse.c.git?%7B%22path%22%3A%22%2Fhome%2Fefarzad22%2Fostep-projects%2Finitial-reverse%2Freverse.c%22%2C%22ref%22%3A%22%22%7D
2025-09-05 04:36:23.022 [info] > git status -z -uall [2315ms]
2025-09-05 04:36:23.022 [info] > git check-ignore -v -z --stdin [19ms]
2025-09-05 04:36:23.067 [info] > git for-each-ref --format=%(refname)%00%(upstream:short)%00%(objectname)%00%(upstream:track)%00%(upstream:remotename)%00%(upstream:remoteref) refs/heads/master refs/remotes/master [30ms]
2025-09-05 04:36:23.159 [info] > git config --get --local branch.master.vscode-merge-base [79ms]
2025-09-05 04:36:23.160 [warning] [Git][config] git config failed: Failed to execute git
2025-09-05 04:36:23.171 [info] > git config --get commit.template [106ms]
2025-09-05 04:36:23.439 [info] > git reflog master --grep-reflog=branch: Created from *. [270ms]
2025-09-05 04:36:23.456 [info] > git symbolic-ref --short refs/remotes/origin/HEAD [11ms]
2025-09-05 04:36:23.468 [info] > git for-each-ref --format=%(refname)%00%(upstream:short)%00%(objectname)%00%(upstream:track)%00%(upstream:remotename)%00%(upstream:remoteref) refs/heads/master refs/remotes/master [16ms]
2025-09-05 04:36:23.479 [info] > git for-each-ref --format=%(refname)%00%(upstream:short)%00%(objectname)%00%(upstream:track)%00%(upstream:remotename)%00%(upstream:remoteref) refs/heads/origin/master refs/remotes/origin/master [17ms]
2025-09-05 04:36:23.491 [warning] [Git][revParse] Unable to read file: ENOENT: no such file or directory, open '/home/efarzad22/ostep-projects/.git/refs/remotes/origin/master'
2025-09-05 04:36:23.496 [info] > git blame --root --incremental 76cff3f89f4bf337af6e02e53a831b7eeb1396df -- initial-reverse/reverse.c [17ms]
2025-09-05 04:36:23.496 [info] fatal: no such path initial-reverse/reverse.c in 76cff3f89f4bf337af6e02e53a831b7eeb1396df
2025-09-05 04:36:23.498 [info] > git rev-parse refs/remotes/origin/master [7ms]
2025-09-05 04:36:23.511 [info] > git config --add --local branch.master.vscode-merge-base origin/master [26ms]
2025-09-05 04:36:23.512 [info] > git for-each-ref --sort -committerdate --format %(refname)%00%(objectname)%00%(*objectname) [2ms] (cancelled)
2025-09-05 04:36:23.531 [info] > git status -z -uall [27ms] (cancelled)
2025-09-05 04:36:23.531 [info] > git for-each-ref --format=%(refname)%00%(upstream:short)%00%(objectname)%00%(upstream:track)%00%(upstream:remotename)%00%(upstream:remoteref) refs/heads/master refs/remotes/master [13ms]
2025-09-05 04:36:23.541 [info] > git config --get commit.template [11ms]
2025-09-05 04:36:23.546 [info] > git config --get --local branch.master.vscode-merge-base [9ms]
2025-09-05 04:36:23.563 [info] > git for-each-ref --format=%(refname)%00%(upstream:short)%00%(objectname)%00%(upstream:track)%00%(upstream:remotename)%00%(upstream:remoteref) refs/heads/origin/master refs/remotes/origin/master [10ms]
2025-09-05 04:36:23.571 [info] > git for-each-ref --format=%(refname)%00%(upstream:short)%00%(objectname)%00%(upstream:track)%00%(upstream:remotename)%00%(upstream:remoteref) refs/heads/master refs/remotes/master [12ms]
2025-09-05 04:36:23.578 [warning] [Git][revParse] Unable to read file: ENOENT: no such file or directory, open '/home/efarzad22/ostep-projects/.git/refs/remotes/origin/master'
2025-09-05 04:36:23.578 [info] > git merge-base refs/heads/master refs/remotes/origin/master [8ms]
2025-09-05 04:36:23.586 [info] > git rev-parse refs/remotes/origin/master [9ms]
2025-09-05 04:36:23.600 [info] > git diff --name-status -z --diff-filter=ADMR 76cff3f89f4bf337af6e02e53a831b7eeb1396df...refs/remotes/origin/master [15ms]
2025-09-05 04:36:23.601 [info] > git for-each-ref --sort -committerdate --format %(refname)%00%(objectname)%00%(*objectname) [3ms]
2025-09-05 04:36:24.589 [info] > git status -z -uall [997ms]
2025-09-05 04:43:58.917 [info] > git config --get commit.template [12ms]
2025-09-05 04:43:58.918 [info] > git for-each-ref --format=%(refname)%00%(upstream:short)%00%(objectname)%00%(upstream:track)%00%(upstream:remotename)%00%(upstream:remoteref) refs/heads/master refs/remotes/master [3ms]
2025-09-05 04:43:58.927 [warning] [Git][revParse] Unable to read file: ENOENT: no such file or directory, open '/home/efarzad22/ostep-projects/.git/refs/remotes/origin/master'
2025-09-05 04:43:58.929 [info] > git rev-parse refs/remotes/origin/master [2ms]
2025-09-05 04:43:58.950 [info] > git for-each-ref --sort -committerdate --format %(refname)%00%(objectname)%00%(*objectname) [3ms]
2025-09-05 04:43:59.258 [info] > git status -z -uall [321ms]
2025-09-05 04:44:04.284 [info] > git config --get commit.template [10ms]
2025-09-05 04:44:04.284 [info] > git for-each-ref --format=%(refname)%00%(upstream:short)%00%(objectname)%00%(upstream:track)%00%(upstream:remotename)%00%(upstream:remoteref) refs/heads/master refs/remotes/master [2ms]
2025-09-05 04:44:04.292 [warning] [Git][revParse] Unable to read file: ENOENT: no such file or directory, open '/home/efarzad22/ostep-projects/.git/refs/remotes/origin/master'
2025-09-05 04:44:04.294 [info] > git rev-parse refs/remotes/origin/master [2ms]
2025-09-05 04:44:04.313 [info] > git for-each-ref --sort -committerdate --format %(refname)%00%(objectname)%00%(*objectname) [2ms]
2025-09-05 04:44:04.625 [info] > git status -z -uall [323ms]
2025-09-05 04:47:24.358 [info] > git config --get commit.template [2ms]
2025-09-05 04:47:24.368 [info] > git for-each-ref --format=%(refname)%00%(upstream:short)%00%(objectname)%00%(upstream:track)%00%(upstream:remotename)%00%(upstream:remoteref) refs/heads/master refs/remotes/master [2ms]
2025-09-05 04:47:24.376 [warning] [Git][revParse] Unable to read file: ENOENT: no such file or directory, open '/home/efarzad22/ostep-projects/.git/refs/remotes/origin/master'
2025-09-05 04:47:24.378 [info] > git rev-parse refs/remotes/origin/master [2ms]
2025-09-05 04:47:24.396 [info] > git for-each-ref --sort -committerdate --format %(refname)%00%(objectname)%00%(*objectname) [3ms]
2025-09-05 04:47:24.713 [info] > git status -z -uall [328ms]
2025-09-05 04:47:29.728 [info] > git config --get commit.template [3ms]
2025-09-05 04:47:29.739 [info] > git for-each-ref --format=%(refname)%00%(upstream:short)%00%(objectname)%00%(upstream:track)%00%(upstream:remotename)%00%(upstream:remoteref) refs/heads/master refs/remotes/master [3ms]
2025-09-05 04:47:29.747 [warning] [Git][revParse] Unable to read file: ENOENT: no such file or directory, open '/home/efarzad22/ostep-projects/.git/refs/remotes/origin/master'
2025-09-05 04:47:29.749 [info] > git rev-parse refs/remotes/origin/master [2ms]
2025-09-05 04:47:29.766 [info] > git for-each-ref --sort -committerdate --format %(refname)%00%(objectname)%00%(*objectname) [2ms]
2025-09-05 04:47:30.073 [info] > git status -z -uall [317ms]
2025-09-05 04:47:37.084 [info] > git config --get commit.template [11ms]
2025-09-05 04:47:37.085 [info] > git for-each-ref --format=%(refname)%00%(upstream:short)%00%(objectname)%00%(upstream:track)%00%(upstream:remotename)%00%(upstream:remoteref) refs/heads/master refs/remotes/master [3ms]
2025-09-05 04:47:37.093 [warning] [Git][revParse] Unable to read file: ENOENT: no such file or directory, open '/home/efarzad22/ostep-projects/.git/refs/remotes/origin/master'
2025-09-05 04:47:37.094 [info] > git rev-parse refs/remotes/origin/master [2ms]
2025-09-05 04:47:37.112 [info] > git for-each-ref --sort -committerdate --format %(refname)%00%(objectname)%00%(*objectname) [2ms]
2025-09-05 04:47:37.421 [info] > git status -z -uall [319ms]
2025-09-05 04:47:42.441 [info] > git config --get commit.template [9ms]
2025-09-05 04:47:42.443 [info] > git for-each-ref --format=%(refname)%00%(upstream:short)%00%(objectname)%00%(upstream:track)%00%(upstream:remotename)%00%(upstream:remoteref) refs/heads/master refs/remotes/master [3ms]
2025-09-05 04:47:42.451 [warning] [Git][revParse] Unable to read file: ENOENT: no such file or directory, open '/home/efarzad22/ostep-projects/.git/refs/remotes/origin/master'
2025-09-05 04:47:42.453 [info] > git rev-parse refs/remotes/origin/master [2ms]
2025-09-05 04:47:42.472 [info] > git for-each-ref --sort -committerdate --format %(refname)%00%(objectname)%00%(*objectname) [2ms]
2025-09-05 04:47:42.775 [info] > git status -z -uall [314ms]
2025-09-05 04:47:47.796 [info] > git config --get commit.template [9ms]
2025-09-05 04:47:47.797 [info] > git for-each-ref --format=%(refname)%00%(upstream:short)%00%(objectname)%00%(upstream:track)%00%(upstream:remotename)%00%(upstream:remoteref) refs/heads/master refs/remotes/master [2ms]
2025-09-05 04:47:47.806 [warning] [Git][revParse] Unable to read file: ENOENT: no such file or directory, open '/home/efarzad22/ostep-projects/.git/refs/remotes/origin/master'
2025-09-05 04:47:47.807 [info] > git rev-parse refs/remotes/origin/master [1ms]
2025-09-05 04:47:47.827 [info] > git for-each-ref --sort -committerdate --format %(refname)%00%(objectname)%00%(*objectname) [2ms]
2025-09-05 04:47:48.131 [info] > git status -z -uall [316ms]
2025-09-05 04:49:24.458 [info] > git config --get commit.template [2ms]
2025-09-05 04:49:24.468 [info] > git for-each-ref --format=%(refname)%00%(upstream:short)%00%(objectname)%00%(upstream:track)%00%(upstream:remotename)%00%(upstream:remoteref) refs/heads/master refs/remotes/master [2ms]
2025-09-05 04:49:24.476 [warning] [Git][revParse] Unable to read file: ENOENT: no such file or directory, open '/home/efarzad22/ostep-projects/.git/refs/remotes/origin/master'
2025-09-05 04:49:24.478 [info] > git rev-parse refs/remotes/origin/master [2ms]
2025-09-05 04:49:24.496 [info] > git for-each-ref --sort -committerdate --format %(refname)%00%(objectname)%00%(*objectname) [3ms]
2025-09-05 04:49:24.810 [info] > git status -z -uall [324ms]
2025-09-05 04:49:29.824 [info] > git config --get commit.template [3ms]
2025-09-05 04:49:29.835 [info] > git for-each-ref --format=%(refname)%00%(upstream:short)%00%(objectname)%00%(upstream:track)%00%(upstream:remotename)%00%(upstream:remoteref) refs/heads/master refs/remotes/master [3ms]
2025-09-05 04:49:29.843 [warning] [Git][revParse] Unable to read file: ENOENT: no such file or directory, open '/home/efarzad22/ostep-projects/.git/refs/remotes/origin/master'
2025-09-05 04:49:29.844 [info] > git rev-parse refs/remotes/origin/master [2ms]
2025-09-05 04:49:29.862 [info] > git for-each-ref --sort -committerdate --format %(refname)%00%(objectname)%00%(*objectname) [2ms]
2025-09-05 04:49:30.170 [info] > git status -z -uall [318ms]
2025-09-05 04:49:45.175 [info] > git check-ignore -v -z --stdin [2ms]
2025-09-05 04:49:45.240 [info] > git config --get commit.template [9ms]
2025-09-05 04:49:45.242 [info] > git for-each-ref --format=%(refname)%00%(upstream:short)%00%(objectname)%00%(upstream:track)%00%(upstream:remotename)%00%(upstream:remoteref) refs/heads/master refs/remotes/master [3ms]
2025-09-05 04:49:45.251 [warning] [Git][revParse] Unable to read file: ENOENT: no such file or directory, open '/home/efarzad22/ostep-projects/.git/refs/remotes/origin/master'
2025-09-05 04:49:45.252 [info] > git rev-parse refs/remotes/origin/master [1ms]
2025-09-05 04:49:45.272 [info] > git for-each-ref --sort -committerdate --format %(refname)%00%(objectname)%00%(*objectname) [3ms]
2025-09-05 04:49:45.580 [info] > git status -z -uall [320ms]
2025-09-05 04:51:23.355 [info] > git config --get commit.template [10ms]
2025-09-05 04:51:23.356 [info] > git for-each-ref --format=%(refname)%00%(upstream:short)%00%(objectname)%00%(upstream:track)%00%(upstream:remotename)%00%(upstream:remoteref) refs/heads/master refs/remotes/master [3ms]
2025-09-05 04:51:23.364 [warning] [Git][revParse] Unable to read file: ENOENT: no such file or directory, open '/home/efarzad22/ostep-projects/.git/refs/remotes/origin/master'
2025-09-05 04:51:23.366 [info] > git rev-parse refs/remotes/origin/master [2ms]
2025-09-05 04:51:23.385 [info] > git for-each-ref --sort -committerdate --format %(refname)%00%(objectname)%00%(*objectname) [2ms]
2025-09-05 04:51:23.695 [info] > git status -z -uall [322ms]
2025-09-05 04:51:31.204 [info] > git config --get commit.template [10ms]
2025-09-05 04:51:31.205 [info] > git for-each-ref --format=%(refname)%00%(upstream:short)%00%(objectname)%00%(upstream:track)%00%(upstream:remotename)%00%(upstream:remoteref) refs/heads/master refs/remotes/master [2ms]
2025-09-05 04:51:31.213 [warning] [Git][revParse] Unable to read file: ENOENT: no such file or directory, open '/home/efarzad22/ostep-projects/.git/refs/remotes/origin/master'
2025-09-05 04:51:31.214 [info] > git rev-parse refs/remotes/origin/master [1ms]
2025-09-05 04:51:31.234 [info] > git for-each-ref --sort -committerdate --format %(refname)%00%(objectname)%00%(*objectname) [3ms]
2025-09-05 04:51:31.543 [info] > git status -z -uall [321ms]
2025-09-05 04:51:37.133 [info] > git config --get commit.template [9ms]
2025-09-05 04:51:37.134 [info] > git for-each-ref --format=%(refname)%00%(upstream:short)%00%(objectname)%00%(upstream:track)%00%(upstream:remotename)%00%(upstream:remoteref) refs/heads/master refs/remotes/master [2ms]
2025-09-05 04:51:37.142 [warning] [Git][revParse] Unable to read file: ENOENT: no such file or directory, open '/home/efarzad22/ostep-projects/.git/refs/remotes/origin/master'
2025-09-05 04:51:37.144 [info] > git rev-parse refs/remotes/origin/master [2ms]
2025-09-05 04:51:37.162 [info] > git for-each-ref --sort -committerdate --format %(refname)%00%(objectname)%00%(*objectname) [2ms]
2025-09-05 04:51:37.429 [info] > git check-ignore -v -z --stdin [2ms]
2025-09-05 04:51:37.476 [info] > git status -z -uall [323ms]
2025-09-05 04:51:48.272 [info] > git check-ignore -v -z --stdin [2ms]
2025-09-05 04:51:48.301 [info] > git config --get commit.template [2ms]
2025-09-05 04:51:48.311 [info] > git for-each-ref --format=%(refname)%00%(upstream:short)%00%(objectname)%00%(upstream:track)%00%(upstream:remotename)%00%(upstream:remoteref) refs/heads/master refs/remotes/master [2ms]
2025-09-05 04:51:48.319 [warning] [Git][revParse] Unable to read file: ENOENT: no such file or directory, open '/home/efarzad22/ostep-projects/.git/refs/remotes/origin/master'
2025-09-05 04:51:48.320 [info] > git rev-parse refs/remotes/origin/master [1ms]
2025-09-05 04:51:48.340 [info] > git for-each-ref --sort -committerdate --format %(refname)%00%(objectname)%00%(*objectname) [3ms]
2025-09-05 04:51:48.649 [info] > git status -z -uall [321ms]
2025-09-05 04:53:24.333 [info] > git check-ignore -v -z --stdin [2ms]
2025-09-05 04:53:28.169 [info] > git show --textconv :initial-reverse/test-reverse.sh [10ms]
2025-09-05 04:53:28.170 [info] > git ls-files --stage -- initial-reverse/test-reverse.sh [3ms]
2025-09-05 04:53:28.179 [info] > git cat-file -s c13b8b5b520f362a058699d57ad734f6103d17bd [2ms]
2025-09-05 04:53:31.282 [info] > git check-ignore -v -z --stdin [2ms]
2025-09-05 04:54:35.058 [info] > git show --textconv :initial-reverse/tests/2.desc [10ms]
2025-09-05 04:54:35.059 [info] > git ls-files --stage -- initial-reverse/tests/2.desc [3ms]
2025-09-05 04:54:35.068 [info] > git cat-file -s 9caf0213be0c241fad026c381232eca75deb0d46 [2ms]
2025-09-05 04:54:36.189 [info] > git show --textconv :initial-reverse/tests/2.err [9ms]
2025-09-05 04:54:36.191 [info] > git ls-files --stage -- initial-reverse/tests/2.err [3ms]
2025-09-05 04:54:36.200 [info] > git cat-file -s 5c233a1992dc214317312fcb80280f296e30d30c [2ms]
2025-09-05 04:54:39.032 [info] > git show --textconv :initial-reverse/tests/2.out [13ms]
2025-09-05 04:54:39.033 [info] > git ls-files --stage -- initial-reverse/tests/2.out [5ms]
2025-09-05 04:54:39.042 [info] > git cat-file -s e69de29bb2d1d6434b8b29ae775ad8c2e48c5391 [2ms]
2025-09-05 04:54:39.518 [info] > git show --textconv :initial-reverse/tests/2.err [12ms]
2025-09-05 04:54:39.519 [info] > git ls-files --stage -- initial-reverse/tests/2.err [4ms]
2025-09-05 04:54:39.529 [info] > git cat-file -s 5c233a1992dc214317312fcb80280f296e30d30c [2ms]
2025-09-05 04:54:59.068 [info] > git check-ignore -v -z --stdin [2ms]
2025-09-05 04:55:01.738 [info] > git check-ignore -v -z --stdin [2ms]
2025-09-05 04:55:02.600 [info] > git show --textconv :initial-reverse/tests/1.desc [10ms]
2025-09-05 04:55:02.602 [info] > git ls-files --stage -- initial-reverse/tests/1.desc [4ms]
2025-09-05 04:55:02.612 [info] > git cat-file -s d6e408ed91959ecf91f6ea29decdf288fb3b3588 [2ms]
2025-09-05 04:55:05.523 [info] > git blame --root --incremental 76cff3f89f4bf337af6e02e53a831b7eeb1396df -- initial-reverse/tests/1.desc [21ms]
2025-09-05 04:55:28.468 [info] > git config --get commit.template [9ms]
2025-09-05 04:55:28.470 [info] > git for-each-ref --format=%(refname)%00%(upstream:short)%00%(objectname)%00%(upstream:track)%00%(upstream:remotename)%00%(upstream:remoteref) refs/heads/master refs/remotes/master [2ms]
2025-09-05 04:55:28.478 [warning] [Git][revParse] Unable to read file: ENOENT: no such file or directory, open '/home/efarzad22/ostep-projects/.git/refs/remotes/origin/master'
2025-09-05 04:55:28.479 [info] > git rev-parse refs/remotes/origin/master [2ms]
2025-09-05 04:55:28.499 [info] > git for-each-ref --sort -committerdate --format %(refname)%00%(objectname)%00%(*objectname) [3ms]
2025-09-05 04:55:28.811 [info] > git status -z -uall [324ms]
2025-09-05 04:55:31.277 [info] > git show --textconv :initial-reverse/tests/1.err [10ms]
2025-09-05 04:55:31.278 [info] > git ls-files --stage -- initial-reverse/tests/1.err [3ms]
2025-09-05 04:55:31.287 [info] > git cat-file -s 3c114c502c4021d715bee1d1e5ec9a9dc7db924f [2ms]
2025-09-05 04:55:32.528 [info] > git show --textconv :initial-reverse/tests/1.out [12ms]
2025-09-05 04:55:32.529 [info] > git ls-files --stage -- initial-reverse/tests/1.out [3ms]
2025-09-05 04:55:32.539 [info] > git cat-file -s e69de29bb2d1d6434b8b29ae775ad8c2e48c5391 [2ms]
2025-09-05 04:55:33.825 [info] > git config --get commit.template [3ms]
2025-09-05 04:55:33.835 [info] > git for-each-ref --format=%(refname)%00%(upstream:short)%00%(objectname)%00%(upstream:track)%00%(upstream:remotename)%00%(upstream:remoteref) refs/heads/master refs/remotes/master [2ms]
2025-09-05 04:55:33.843 [warning] [Git][revParse] Unable to read file: ENOENT: no such file or directory, open '/home/efarzad22/ostep-projects/.git/refs/remotes/origin/master'
2025-09-05 04:55:33.844 [info] > git rev-parse refs/remotes/origin/master [1ms]
2025-09-05 04:55:33.862 [info] > git for-each-ref --sort -committerdate --format %(refname)%00%(objectname)%00%(*objectname) [2ms]
2025-09-05 04:55:34.179 [info] > git status -z -uall [327ms]
2025-09-05 04:55:34.330 [info] > git show --textconv :initial-reverse/tests/1.rc [9ms]
2025-09-05 04:55:34.331 [info] > git ls-files --stage -- initial-reverse/tests/1.rc [3ms]
2025-09-05 04:55:34.340 [info] > git cat-file -s d00491fd7e5bb6fa28c517a0bb32b8b506539d4d [1ms]
2025-09-05 04:55:34.984 [info] > git show --textconv :initial-reverse/tests/1.run [9ms]
2025-09-05 04:55:34.985 [info] > git ls-files --stage -- initial-reverse/tests/1.run [2ms]
2025-09-05 04:55:34.994 [info] > git cat-file -s a1c451d76a2881237effdced542b3690d40e0284 [2ms]
2025-09-05 04:55:41.393 [info] > git show --textconv :initial-reverse/tests/2.desc [11ms]
2025-09-05 04:55:41.394 [info] > git ls-files --stage -- initial-reverse/tests/2.desc [3ms]
2025-09-05 04:55:41.404 [info] > git cat-file -s 9caf0213be0c241fad026c381232eca75deb0d46 [2ms]
2025-09-05 04:55:43.417 [info] > git show --textconv :initial-reverse/tests/2.err [10ms]
2025-09-05 04:55:43.418 [info] > git ls-files --stage -- initial-reverse/tests/2.err [3ms]
2025-09-05 04:55:43.429 [info] > git cat-file -s 5c233a1992dc214317312fcb80280f296e30d30c [3ms]
2025-09-05 04:55:45.178 [info] > git show --textconv :initial-reverse/tests/2.out [10ms]
2025-09-05 04:55:45.179 [info] > git ls-files --stage -- initial-reverse/tests/2.out [3ms]
2025-09-05 04:55:45.188 [info] > git cat-file -s e69de29bb2d1d6434b8b29ae775ad8c2e48c5391 [1ms]
2025-09-05 04:55:46.109 [info] > git show --textconv :initial-reverse/tests/2.rc [9ms]
2025-09-05 04:55:46.110 [info] > git ls-files --stage -- initial-reverse/tests/2.rc [2ms]
2025-09-05 04:55:46.120 [info] > git cat-file -s d00491fd7e5bb6fa28c517a0bb32b8b506539d4d [2ms]
2025-09-05 04:55:46.654 [info] > git show --textconv :initial-reverse/tests/2.run [11ms]
2025-09-05 04:55:46.655 [info] > git ls-files --stage -- initial-reverse/tests/2.run [4ms]
2025-09-05 04:55:46.664 [info] > git cat-file -s 0e6d7436231e92ab984fdda007d9db5562e44561 [2ms]
2025-09-05 04:55:47.092 [info] > git show --textconv :initial-reverse/tests/3.desc [10ms]
2025-09-05 04:55:47.095 [info] > git ls-files --stage -- initial-reverse/tests/3.desc [4ms]
2025-09-05 04:55:47.104 [info] > git cat-file -s 9f288021d4a430d16f9a691b2b4419d078361bdd [2ms]
2025-09-05 04:55:47.470 [info] > git show --textconv :initial-reverse/tests/3.err [10ms]
2025-09-05 04:55:47.472 [info] > git ls-files --stage -- initial-reverse/tests/3.err [4ms]
2025-09-05 04:55:47.482 [info] > git cat-file -s 5c233a1992dc214317312fcb80280f296e30d30c [2ms]
2025-09-05 04:55:47.849 [info] > git show --textconv :initial-reverse/tests/3.out [10ms]
2025-09-05 04:55:47.850 [info] > git ls-files --stage -- initial-reverse/tests/3.out [4ms]
2025-09-05 04:55:47.858 [info] > git cat-file -s e69de29bb2d1d6434b8b29ae775ad8c2e48c5391 [2ms]
2025-09-05 04:55:48.175 [info] > git show --textconv :initial-reverse/tests/4.desc [9ms]
2025-09-05 04:55:48.176 [info] > git ls-files --stage -- initial-reverse/tests/4.desc [3ms]
2025-09-05 04:55:48.184 [info] > git cat-file -s 5cc865e9a2bc3897c8585269fbc04bc9a9f0901e [2ms]
2025-09-05 04:55:49.521 [info] > git check-ignore -v -z --stdin [2ms]
2025-09-05 04:55:56.985 [info] > git check-ignore -v -z --stdin [2ms]
2025-09-05 04:56:03.247 [info] > git show --textconv :initial-reverse/tests/2.err [11ms]
2025-09-05 04:56:03.248 [info] > git ls-files --stage -- initial-reverse/tests/2.err [3ms]
2025-09-05 04:56:03.259 [info] > git cat-file -s 5c233a1992dc214317312fcb80280f296e30d30c [3ms]
2025-09-05 04:56:13.078 [info] > git config --get commit.template [10ms]
2025-09-05 04:56:13.080 [info] > git for-each-ref --format=%(refname)%00%(upstream:short)%00%(objectname)%00%(upstream:track)%00%(upstream:remotename)%00%(upstream:remoteref) refs/heads/master refs/remotes/master [3ms]
2025-09-05 04:56:13.088 [warning] [Git][revParse] Unable to read file: ENOENT: no such file or directory, open '/home/efarzad22/ostep-projects/.git/refs/remotes/origin/master'
2025-09-05 04:56:13.091 [info] > git rev-parse refs/remotes/origin/master [2ms]
2025-09-05 04:56:13.111 [info] > git for-each-ref --sort -committerdate --format %(refname)%00%(objectname)%00%(*objectname) [3ms]
2025-09-05 04:56:13.427 [info] > git status -z -uall [328ms]
2025-09-05 04:56:18.449 [info] > git config --get commit.template [8ms]
2025-09-05 04:56:18.450 [info] > git for-each-ref --format=%(refname)%00%(upstream:short)%00%(objectname)%00%(upstream:track)%00%(upstream:remotename)%00%(upstream:remoteref) refs/heads/master refs/remotes/master [2ms]
2025-09-05 04:56:18.458 [warning] [Git][revParse] Unable to read file: ENOENT: no such file or directory, open '/home/efarzad22/ostep-projects/.git/refs/remotes/origin/master'
2025-09-05 04:56:18.459 [info] > git rev-parse refs/remotes/origin/master [1ms]
2025-09-05 04:56:18.477 [info] > git for-each-ref --sort -committerdate --format %(refname)%00%(objectname)%00%(*objectname) [2ms]
2025-09-05 04:56:18.786 [info] > git status -z -uall [319ms]
2025-09-05 04:56:43.654 [info] > git show --textconv :initial-reverse/tests/2.err [9ms]
2025-09-05 04:56:43.655 [info] > git ls-files --stage -- initial-reverse/tests/2.err [2ms]
2025-09-05 04:56:43.665 [info] > git cat-file -s 5c233a1992dc214317312fcb80280f296e30d30c [2ms]
2025-09-05 04:56:47.004 [info] > git blame --root --incremental 76cff3f89f4bf337af6e02e53a831b7eeb1396df -- initial-reverse/tests/2.err [4ms]
2025-09-05 04:57:16.249 [info] > git show --textconv :initial-reverse/tests/2.err [11ms]
2025-09-05 04:57:16.251 [info] > git ls-files --stage -- initial-reverse/tests/2.err [4ms]
2025-09-05 04:57:16.261 [info] > git cat-file -s 5c233a1992dc214317312fcb80280f296e30d30c [2ms]
2025-09-05 04:57:22.760 [info] > git config --get commit.template [2ms]
2025-09-05 04:57:22.770 [info] > git for-each-ref --format=%(refname)%00%(upstream:short)%00%(objectname)%00%(upstream:track)%00%(upstream:remotename)%00%(upstream:remoteref) refs/heads/master refs/remotes/master [2ms]
2025-09-05 04:57:22.777 [warning] [Git][revParse] Unable to read file: ENOENT: no such file or directory, open '/home/efarzad22/ostep-projects/.git/refs/remotes/origin/master'
2025-09-05 04:57:22.779 [info] > git rev-parse refs/remotes/origin/master [2ms]
2025-09-05 04:57:22.798 [info] > git for-each-ref --sort -committerdate --format %(refname)%00%(objectname)%00%(*objectname) [2ms]
2025-09-05 04:57:23.111 [info] > git status -z -uall [324ms]
2025-09-05 04:57:28.131 [info] > git config --get commit.template [9ms]
2025-09-05 04:57:28.132 [info] > git for-each-ref --format=%(refname)%00%(upstream:short)%00%(objectname)%00%(upstream:track)%00%(upstream:remotename)%00%(upstream:remoteref) refs/heads/master refs/remotes/master [2ms]
2025-09-05 04:57:28.140 [warning] [Git][revParse] Unable to read file: ENOENT: no such file or directory, open '/home/efarzad22/ostep-projects/.git/refs/remotes/origin/master'
2025-09-05 04:57:28.142 [info] > git rev-parse refs/remotes/origin/master [3ms]
2025-09-05 04:57:28.165 [info] > git for-each-ref --sort -committerdate --format %(refname)%00%(objectname)%00%(*objectname) [6ms]
2025-09-05 04:57:28.469 [info] > git status -z -uall [319ms]
2025-09-05 04:57:36.790 [info] > git config --get commit.template [9ms]
2025-09-05 04:57:36.791 [info] > git for-each-ref --format=%(refname)%00%(upstream:short)%00%(objectname)%00%(upstream:track)%00%(upstream:remotename)%00%(upstream:remoteref) refs/heads/master refs/remotes/master [2ms]
2025-09-05 04:57:36.799 [warning] [Git][revParse] Unable to read file: ENOENT: no such file or directory, open '/home/efarzad22/ostep-projects/.git/refs/remotes/origin/master'
2025-09-05 04:57:36.801 [info] > git rev-parse refs/remotes/origin/master [2ms]
2025-09-05 04:57:36.826 [info] > git for-each-ref --sort -committerdate --format %(refname)%00%(objectname)%00%(*objectname) [8ms]
2025-09-05 04:57:37.137 [info] > git status -z -uall [328ms]
2025-09-05 04:57:42.156 [info] > git config --get commit.template [7ms]
2025-09-05 04:57:42.158 [info] > git for-each-ref --format=%(refname)%00%(upstream:short)%00%(objectname)%00%(upstream:track)%00%(upstream:remotename)%00%(upstream:remoteref) refs/heads/master refs/remotes/master [3ms]
2025-09-05 04:57:42.164 [warning] [Git][revParse] Unable to read file: ENOENT: no such file or directory, open '/home/efarzad22/ostep-projects/.git/refs/remotes/origin/master'
2025-09-05 04:57:42.166 [info] > git rev-parse refs/remotes/origin/master [2ms]
2025-09-05 04:57:42.182 [info] > git for-each-ref --sort -committerdate --format %(refname)%00%(objectname)%00%(*objectname) [2ms]
2025-09-05 04:57:42.493 [info] > git status -z -uall [320ms]
2025-09-05 04:57:50.887 [info] > git config --get commit.template [2ms]
2025-09-05 04:57:50.899 [info] > git for-each-ref --format=%(refname)%00%(upstream:short)%00%(objectname)%00%(upstream:track)%00%(upstream:remotename)%00%(upstream:remoteref) refs/heads/master refs/remotes/master [3ms]
2025-09-05 04:57:50.908 [warning] [Git][revParse] Unable to read file: ENOENT: no such file or directory, open '/home/efarzad22/ostep-projects/.git/refs/remotes/origin/master'
2025-09-05 04:57:50.910 [info] > git rev-parse refs/remotes/origin/master [2ms]
2025-09-05 04:57:50.937 [info] > git for-each-ref --sort -committerdate --format %(refname)%00%(objectname)%00%(*objectname) [5ms]
2025-09-05 04:57:51.251 [info] > git status -z -uall [328ms]
2025-09-05 04:57:53.923 [info] > git check-ignore -v -z --stdin [3ms]
2025-09-05 04:57:56.270 [info] > git config --get commit.template [8ms]
2025-09-05 04:57:56.271 [info] > git for-each-ref --format=%(refname)%00%(upstream:short)%00%(objectname)%00%(upstream:track)%00%(upstream:remotename)%00%(upstream:remoteref) refs/heads/master refs/remotes/master [2ms]
2025-09-05 04:57:56.278 [warning] [Git][revParse] Unable to read file: ENOENT: no such file or directory, open '/home/efarzad22/ostep-projects/.git/refs/remotes/origin/master'
2025-09-05 04:57:56.280 [info] > git rev-parse refs/remotes/origin/master [2ms]
2025-09-05 04:57:56.298 [info] > git for-each-ref --sort -committerdate --format %(refname)%00%(objectname)%00%(*objectname) [2ms]
2025-09-05 04:57:56.609 [info] > git status -z -uall [322ms]
2025-09-05 04:58:06.879 [info] > git show --textconv :initial-reverse/tests/4.err [9ms]
2025-09-05 04:58:06.880 [info] > git ls-files --stage -- initial-reverse/tests/4.err [3ms]
2025-09-05 04:58:06.889 [info] > git cat-file -s e7d833092e211ce1faea384b56eacfe01f6f4d42 [2ms]
2025-09-05 04:58:14.403 [info] > git config --get commit.template [8ms]
2025-09-05 04:58:14.404 [info] > git for-each-ref --format=%(refname)%00%(upstream:short)%00%(objectname)%00%(upstream:track)%00%(upstream:remotename)%00%(upstream:remoteref) refs/heads/master refs/remotes/master [2ms]
2025-09-05 04:58:14.411 [warning] [Git][revParse] Unable to read file: ENOENT: no such file or directory, open '/home/efarzad22/ostep-projects/.git/refs/remotes/origin/master'
2025-09-05 04:58:14.413 [info] > git rev-parse refs/remotes/origin/master [1ms]
2025-09-05 04:58:14.428 [info] > git for-each-ref --sort -committerdate --format %(refname)%00%(objectname)%00%(*objectname) [3ms]
2025-09-05 04:58:14.742 [info] > git status -z -uall [323ms]
2025-09-05 04:58:19.757 [info] > git config --get commit.template [6ms]
2025-09-05 04:58:19.759 [info] > git for-each-ref --format=%(refname)%00%(upstream:short)%00%(objectname)%00%(upstream:track)%00%(upstream:remotename)%00%(upstream:remoteref) refs/heads/master refs/remotes/master [2ms]
2025-09-05 04:58:19.764 [warning] [Git][revParse] Unable to read file: ENOENT: no such file or directory, open '/home/efarzad22/ostep-projects/.git/refs/remotes/origin/master'
2025-09-05 04:58:19.766 [info] > git rev-parse refs/remotes/origin/master [2ms]
2025-09-05 04:58:19.779 [info] > git for-each-ref --sort -committerdate --format %(refname)%00%(objectname)%00%(*objectname) [3ms]
2025-09-05 04:58:20.090 [info] > git status -z -uall [319ms]
2025-09-05 04:58:22.236 [info] > git check-ignore -v -z --stdin [2ms]
2025-09-05 04:58:24.530 [info] > git show --textconv :initial-reverse/tests-out/5.rc [9ms]
2025-09-05 04:58:24.531 [warning] [GitFileSystemProvider][readFile] File not found - git:/home/efarzad22/ostep-projects/initial-reverse/tests-out/5.rc.git?%7B%22path%22%3A%22%2Fhome%2Fefarzad22%2Fostep-projects%2Finitial-reverse%2Ftests-out%2F5.rc%22%2C%22ref%22%3A%22%22%7D
2025-09-05 04:58:24.538 [info] > git ls-files --stage -- initial-reverse/tests-out/5.rc [9ms]
2025-09-05 04:58:24.538 [warning] [GitFileSystemProvider][stat] File not found - git:/home/efarzad22/ostep-projects/initial-reverse/tests-out/5.rc.git?%7B%22path%22%3A%22%2Fhome%2Fefarzad22%2Fostep-projects%2Finitial-reverse%2Ftests-out%2F5.rc%22%2C%22ref%22%3A%22%22%7D
2025-09-05 04:58:25.109 [info] > git for-each-ref --format=%(refname)%00%(upstream:short)%00%(objectname)%00%(upstream:track)%00%(upstream:remotename)%00%(upstream:remoteref) refs/heads/master refs/remotes/master [3ms]
2025-09-05 04:58:25.109 [info] > git config --get commit.template [10ms]
2025-09-05 04:58:25.116 [warning] [Git][revParse] Unable to read file: ENOENT: no such file or directory, open '/home/efarzad22/ostep-projects/.git/refs/remotes/origin/master'
2025-09-05 04:58:25.118 [info] > git rev-parse refs/remotes/origin/master [2ms]
2025-09-05 04:58:25.135 [info] > git for-each-ref --sort -committerdate --format %(refname)%00%(objectname)%00%(*objectname) [3ms]
2025-09-05 04:58:25.442 [info] > git status -z -uall [318ms]
2025-09-05 04:58:31.800 [info] > git show --textconv :initial-reverse/tests/5.in [10ms]
2025-09-05 04:58:31.804 [info] > git ls-files --stage -- initial-reverse/tests/5.in [6ms]
2025-09-05 04:58:31.813 [info] > git cat-file -s 62a2e356bbc28d2c885ad838c2aae6456b2d6b86 [3ms]
2025-09-05 04:58:35.613 [info] > git blame --root --incremental 76cff3f89f4bf337af6e02e53a831b7eeb1396df -- initial-reverse/tests/5.in [4ms]
2025-09-05 04:58:38.779 [info] > git config --get commit.template [7ms]
2025-09-05 04:58:38.780 [info] > git for-each-ref --format=%(refname)%00%(upstream:short)%00%(objectname)%00%(upstream:track)%00%(upstream:remotename)%00%(upstream:remoteref) refs/heads/master refs/remotes/master [2ms]
2025-09-05 04:58:38.787 [warning] [Git][revParse] Unable to read file: ENOENT: no such file or directory, open '/home/efarzad22/ostep-projects/.git/refs/remotes/origin/master'
2025-09-05 04:58:38.788 [info] > git rev-parse refs/remotes/origin/master [1ms]
2025-09-05 04:58:38.804 [info] > git for-each-ref --sort -committerdate --format %(refname)%00%(objectname)%00%(*objectname) [2ms]
2025-09-05 04:58:39.111 [info] > git status -z -uall [316ms]
2025-09-05 04:58:42.344 [info] > git show --textconv :initial-reverse/tests/5.rc [9ms]
2025-09-05 04:58:42.347 [info] > git ls-files --stage -- initial-reverse/tests/5.rc [5ms]
2025-09-05 04:58:42.355 [info] > git cat-file -s d00491fd7e5bb6fa28c517a0bb32b8b506539d4d [2ms]
2025-09-05 04:58:47.154 [info] > git show --textconv :initial-reverse/tests/5.run [9ms]
2025-09-05 04:58:47.155 [info] > git ls-files --stage -- initial-reverse/tests/5.run [2ms]
2025-09-05 04:58:47.164 [info] > git cat-file -s 386984fd5691c3bd17827585b6a88aa04d6baca5 [2ms]
2025-09-05 04:58:55.667 [info] > git show --textconv :initial-reverse/tests/5.in [9ms]
2025-09-05 04:58:55.670 [info] > git ls-files --stage -- initial-reverse/tests/5.in [5ms]
2025-09-05 04:58:55.679 [info] > git cat-file -s 62a2e356bbc28d2c885ad838c2aae6456b2d6b86 [2ms]
2025-09-05 04:58:56.853 [info] > git show --textconv :initial-reverse/tests/5.out [11ms]
2025-09-05 04:58:56.854 [info] > git ls-files --stage -- initial-reverse/tests/5.out [5ms]
2025-09-05 04:58:56.862 [info] > git cat-file -s e69de29bb2d1d6434b8b29ae775ad8c2e48c5391 [2ms]
2025-09-05 04:58:57.628 [info] > git show --textconv :initial-reverse/tests/5.in [10ms]
2025-09-05 04:58:57.629 [info] > git ls-files --stage -- initial-reverse/tests/5.in [4ms]
2025-09-05 04:58:57.638 [info] > git cat-file -s 62a2e356bbc28d2c885ad838c2aae6456b2d6b86 [3ms]
2025-09-05 04:59:17.637 [info] > git config --get commit.template [3ms]
2025-09-05 04:59:17.646 [info] > git for-each-ref --format=%(refname)%00%(upstream:short)%00%(objectname)%00%(upstream:track)%00%(upstream:remotename)%00%(upstream:remoteref) refs/heads/master refs/remotes/master [2ms]
2025-09-05 04:59:17.653 [warning] [Git][revParse] Unable to read file: ENOENT: no such file or directory, open '/home/efarzad22/ostep-projects/.git/refs/remotes/origin/master'
2025-09-05 04:59:17.655 [info] > git rev-parse refs/remotes/origin/master [2ms]
2025-09-05 04:59:17.671 [info] > git for-each-ref --sort -committerdate --format %(refname)%00%(objectname)%00%(*objectname) [3ms]
2025-09-05 04:59:17.973 [info] > git status -z -uall [312ms]
2025-09-05 04:59:18.974 [info] > git show --textconv :initial-reverse/tests/5.out [10ms]
2025-09-05 04:59:18.975 [info] > git ls-files --stage -- initial-reverse/tests/5.out [4ms]
2025-09-05 04:59:18.983 [info] > git cat-file -s e69de29bb2d1d6434b8b29ae775ad8c2e48c5391 [2ms]
2025-09-05 04:59:27.932 [info] > git show --textconv :initial-reverse/tests/5.in [9ms]
2025-09-05 04:59:27.934 [info] > git ls-files --stage -- initial-reverse/tests/5.in [4ms]
2025-09-05 04:59:27.942 [info] > git cat-file -s 62a2e356bbc28d2c885ad838c2aae6456b2d6b86 [2ms]
2025-09-05 04:59:30.030 [info] > git config --get commit.template [3ms]
2025-09-05 04:59:30.037 [info] > git for-each-ref --format=%(refname)%00%(upstream:short)%00%(objectname)%00%(upstream:track)%00%(upstream:remotename)%00%(upstream:remoteref) refs/heads/master refs/remotes/master [2ms]
2025-09-05 04:59:30.043 [warning] [Git][revParse] Unable to read file: ENOENT: no such file or directory, open '/home/efarzad22/ostep-projects/.git/refs/remotes/origin/master'
2025-09-05 04:59:30.045 [info] > git rev-parse refs/remotes/origin/master [2ms]
2025-09-05 04:59:30.058 [info] > git for-each-ref --sort -committerdate --format %(refname)%00%(objectname)%00%(*objectname) [2ms]
2025-09-05 04:59:30.367 [info] > git status -z -uall [317ms]
2025-09-05 04:59:33.991 [info] > git show --textconv :initial-reverse/tests/5.rc [8ms]
2025-09-05 04:59:33.992 [info] > git ls-files --stage -- initial-reverse/tests/5.rc [2ms]
2025-09-05 04:59:34.002 [info] > git cat-file -s d00491fd7e5bb6fa28c517a0bb32b8b506539d4d [2ms]
2025-09-05 04:59:35.386 [info] > git config --get commit.template [8ms]
2025-09-05 04:59:35.387 [info] > git for-each-ref --format=%(refname)%00%(upstream:short)%00%(objectname)%00%(upstream:track)%00%(upstream:remotename)%00%(upstream:remoteref) refs/heads/master refs/remotes/master [2ms]
2025-09-05 04:59:35.394 [warning] [Git][revParse] Unable to read file: ENOENT: no such file or directory, open '/home/efarzad22/ostep-projects/.git/refs/remotes/origin/master'
2025-09-05 04:59:35.396 [info] > git rev-parse refs/remotes/origin/master [2ms]
2025-09-05 04:59:35.413 [info] > git for-each-ref --sort -committerdate --format %(refname)%00%(objectname)%00%(*objectname) [2ms]
2025-09-05 04:59:35.722 [info] > git status -z -uall [320ms]
2025-09-05 04:59:40.235 [info] > git blame --root --incremental 76cff3f89f4bf337af6e02e53a831b7eeb1396df -- initial-reverse/tests/5.rc [3ms]
2025-09-05 04:59:44.394 [info] > git config --get commit.template [7ms]
2025-09-05 04:59:44.396 [info] > git for-each-ref --format=%(refname)%00%(upstream:short)%00%(objectname)%00%(upstream:track)%00%(upstream:remotename)%00%(upstream:remoteref) refs/heads/master refs/remotes/master [2ms]
2025-09-05 04:59:44.401 [warning] [Git][revParse] Unable to read file: ENOENT: no such file or directory, open '/home/efarzad22/ostep-projects/.git/refs/remotes/origin/master'
2025-09-05 04:59:44.403 [info] > git rev-parse refs/remotes/origin/master [2ms]
2025-09-05 04:59:44.416 [info] > git for-each-ref --sort -committerdate --format %(refname)%00%(objectname)%00%(*objectname) [3ms]
2025-09-05 04:59:44.726 [info] > git status -z -uall [318ms]
2025-09-05 05:00:50.219 [info] > git show --textconv :initial-reverse/tests/5.in [10ms]
2025-09-05 05:00:50.220 [info] > git ls-files --stage -- initial-reverse/tests/5.in [3ms]
2025-09-05 05:00:50.229 [info] > git cat-file -s 62a2e356bbc28d2c885ad838c2aae6456b2d6b86 [2ms]
2025-09-05 05:01:06.532 [info] > git config --get commit.template [7ms]
2025-09-05 05:01:06.533 [info] > git for-each-ref --format=%(refname)%00%(upstream:short)%00%(objectname)%00%(upstream:track)%00%(upstream:remotename)%00%(upstream:remoteref) refs/heads/master refs/remotes/master [2ms]
2025-09-05 05:01:06.541 [warning] [Git][revParse] Unable to read file: ENOENT: no such file or directory, open '/home/efarzad22/ostep-projects/.git/refs/remotes/origin/master'
2025-09-05 05:01:06.543 [info] > git rev-parse refs/remotes/origin/master [2ms]
2025-09-05 05:01:06.561 [info] > git for-each-ref --sort -committerdate --format %(refname)%00%(objectname)%00%(*objectname) [3ms]
2025-09-05 05:01:06.873 [info] > git status -z -uall [324ms]
2025-09-05 05:01:11.886 [info] > git config --get commit.template [3ms]
2025-09-05 05:01:11.896 [info] > git for-each-ref --format=%(refname)%00%(upstream:short)%00%(objectname)%00%(upstream:track)%00%(upstream:remotename)%00%(upstream:remoteref) refs/heads/master refs/remotes/master [2ms]
2025-09-05 05:01:11.903 [warning] [Git][revParse] Unable to read file: ENOENT: no such file or directory, open '/home/efarzad22/ostep-projects/.git/refs/remotes/origin/master'
2025-09-05 05:01:11.905 [info] > git rev-parse refs/remotes/origin/master [2ms]
2025-09-05 05:01:11.921 [info] > git for-each-ref --sort -committerdate --format %(refname)%00%(objectname)%00%(*objectname) [2ms]
2025-09-05 05:01:12.230 [info] > git status -z -uall [318ms]
2025-09-05 05:01:16.529 [info] > git show --textconv :initial-reverse/tests/5.rc [9ms]
2025-09-05 05:01:16.530 [info] > git ls-files --stage -- initial-reverse/tests/5.rc [3ms]
2025-09-05 05:01:16.538 [info] > git cat-file -s d00491fd7e5bb6fa28c517a0bb32b8b506539d4d [2ms]
2025-09-05 05:01:17.724 [info] > git show --textconv :initial-reverse/tests/5.in [8ms]
2025-09-05 05:01:17.725 [info] > git ls-files --stage -- initial-reverse/tests/5.in [2ms]
2025-09-05 05:01:17.733 [info] > git cat-file -s 62a2e356bbc28d2c885ad838c2aae6456b2d6b86 [2ms]
2025-09-05 05:01:19.255 [info] > git show --textconv :initial-reverse/tests/5.rc [8ms]
2025-09-05 05:01:19.256 [info] > git ls-files --stage -- initial-reverse/tests/5.rc [3ms]
2025-09-05 05:01:19.264 [info] > git cat-file -s d00491fd7e5bb6fa28c517a0bb32b8b506539d4d [3ms]
2025-09-05 05:01:58.100 [info] > git show --textconv :initial-reverse/tests/5.in [9ms]
2025-09-05 05:01:58.103 [info] > git ls-files --stage -- initial-reverse/tests/5.in [5ms]
2025-09-05 05:01:58.111 [info] > git cat-file -s 62a2e356bbc28d2c885ad838c2aae6456b2d6b86 [2ms]
2025-09-05 05:02:01.990 [info] > git config --get commit.template [9ms]
2025-09-05 05:02:01.992 [info] > git for-each-ref --format=%(refname)%00%(upstream:short)%00%(objectname)%00%(upstream:track)%00%(upstream:remotename)%00%(upstream:remoteref) refs/heads/master refs/remotes/master [3ms]
2025-09-05 05:02:02.000 [warning] [Git][revParse] Unable to read file: ENOENT: no such file or directory, open '/home/efarzad22/ostep-projects/.git/refs/remotes/origin/master'
2025-09-05 05:02:02.002 [info] > git rev-parse refs/remotes/origin/master [2ms]
2025-09-05 05:02:02.020 [info] > git for-each-ref --sort -committerdate --format %(refname)%00%(objectname)%00%(*objectname) [3ms]
2025-09-05 05:02:02.331 [info] > git status -z -uall [321ms]
2025-09-05 05:02:55.922 [info] > git show --textconv :initial-reverse/tests/5.run [7ms]
2025-09-05 05:02:55.924 [info] > git ls-files --stage -- initial-reverse/tests/5.run [3ms]
2025-09-05 05:02:55.932 [info] > git cat-file -s 386984fd5691c3bd17827585b6a88aa04d6baca5 [2ms]
2025-09-05 05:03:53.280 [info] > git show --textconv :initial-reverse/tests/5.in [7ms]
2025-09-05 05:03:53.281 [info] > git ls-files --stage -- initial-reverse/tests/5.in [2ms]
2025-09-05 05:03:53.289 [info] > git cat-file -s 62a2e356bbc28d2c885ad838c2aae6456b2d6b86 [2ms]
2025-09-05 05:06:55.318 [info] > git show --textconv :initial-reverse/tests/5.in [11ms]
2025-09-05 05:06:55.320 [info] > git ls-files --stage -- initial-reverse/tests/5.in [5ms]
2025-09-05 05:06:55.330 [info] > git cat-file -s 62a2e356bbc28d2c885ad838c2aae6456b2d6b86 [3ms]
2025-09-05 05:07:05.724 [info] > git config --get commit.template [7ms]
2025-09-05 05:07:05.725 [info] > git for-each-ref --format=%(refname)%00%(upstream:short)%00%(objectname)%00%(upstream:track)%00%(upstream:remotename)%00%(upstream:remoteref) refs/heads/master refs/remotes/master [2ms]
2025-09-05 05:07:05.731 [warning] [Git][revParse] Unable to read file: ENOENT: no such file or directory, open '/home/efarzad22/ostep-projects/.git/refs/remotes/origin/master'
2025-09-05 05:07:05.733 [info] > git rev-parse refs/remotes/origin/master [1ms]
2025-09-05 05:07:05.747 [info] > git for-each-ref --sort -committerdate --format %(refname)%00%(objectname)%00%(*objectname) [3ms]
2025-09-05 05:07:06.061 [info] > git status -z -uall [323ms]
2025-09-05 05:07:57.379 [info] > git show --textconv :initial-reverse/tests/5.run [8ms]
2025-09-05 05:07:57.381 [info] > git ls-files --stage -- initial-reverse/tests/5.run [3ms]
2025-09-05 05:07:57.389 [info] > git cat-file -s 386984fd5691c3bd17827585b6a88aa04d6baca5 [2ms]
2025-09-05 05:07:59.419 [info] > git blame --root --incremental 76cff3f89f4bf337af6e02e53a831b7eeb1396df -- initial-reverse/tests/5.run [5ms]
2025-09-05 05:10:26.682 [info] > git config --get commit.template [7ms]
2025-09-05 05:10:26.684 [info] > git for-each-ref --format=%(refname)%00%(upstream:short)%00%(objectname)%00%(upstream:track)%00%(upstream:remotename)%00%(upstream:remoteref) refs/heads/master refs/remotes/master [2ms]
2025-09-05 05:10:26.690 [warning] [Git][revParse] Unable to read file: ENOENT: no such file or directory, open '/home/efarzad22/ostep-projects/.git/refs/remotes/origin/master'
2025-09-05 05:10:26.692 [info] > git rev-parse refs/remotes/origin/master [2ms]
2025-09-05 05:10:26.708 [info] > git for-each-ref --sort -committerdate --format %(refname)%00%(objectname)%00%(*objectname) [3ms]
2025-09-05 05:10:27.020 [info] > git status -z -uall [322ms]
2025-09-05 05:10:32.038 [info] > git config --get commit.template [7ms]
2025-09-05 05:10:32.040 [info] > git for-each-ref --format=%(refname)%00%(upstream:short)%00%(objectname)%00%(upstream:track)%00%(upstream:remotename)%00%(upstream:remoteref) refs/heads/master refs/remotes/master [2ms]
2025-09-05 05:10:32.046 [warning] [Git][revParse] Unable to read file: ENOENT: no such file or directory, open '/home/efarzad22/ostep-projects/.git/refs/remotes/origin/master'
2025-09-05 05:10:32.048 [info] > git rev-parse refs/remotes/origin/master [2ms]
2025-09-05 05:10:32.064 [info] > git for-each-ref --sort -committerdate --format %(refname)%00%(objectname)%00%(*objectname) [4ms]
2025-09-05 05:10:32.374 [info] > git status -z -uall [320ms]
2025-09-05 05:10:37.392 [info] > git config --get commit.template [7ms]
2025-09-05 05:10:37.393 [info] > git for-each-ref --format=%(refname)%00%(upstream:short)%00%(objectname)%00%(upstream:track)%00%(upstream:remotename)%00%(upstream:remoteref) refs/heads/master refs/remotes/master [2ms]
2025-09-05 05:10:37.400 [warning] [Git][revParse] Unable to read file: ENOENT: no such file or directory, open '/home/efarzad22/ostep-projects/.git/refs/remotes/origin/master'
2025-09-05 05:10:37.404 [info] > git rev-parse refs/remotes/origin/master [4ms]
2025-09-05 05:10:37.420 [info] > git for-each-ref --sort -committerdate --format %(refname)%00%(objectname)%00%(*objectname) [2ms]
2025-09-05 05:10:37.746 [info] > git status -z -uall [334ms]
2025-09-05 05:10:42.765 [info] > git config --get commit.template [8ms]
2025-09-05 05:10:42.767 [info] > git for-each-ref --format=%(refname)%00%(upstream:short)%00%(objectname)%00%(upstream:track)%00%(upstream:remotename)%00%(upstream:remoteref) refs/heads/master refs/remotes/master [3ms]
2025-09-05 05:10:42.774 [warning] [Git][revParse] Unable to read file: ENOENT: no such file or directory, open '/home/efarzad22/ostep-projects/.git/refs/remotes/origin/master'
2025-09-05 05:10:42.779 [info] > git rev-parse refs/remotes/origin/master [5ms]
2025-09-05 05:10:42.797 [info] > git for-each-ref --sort -committerdate --format %(refname)%00%(objectname)%00%(*objectname) [3ms]
2025-09-05 05:10:43.113 [info] > git status -z -uall [326ms]
2025-09-05 05:10:48.125 [info] > git config --get commit.template [2ms]
2025-09-05 05:10:48.134 [info] > git for-each-ref --format=%(refname)%00%(upstream:short)%00%(objectname)%00%(upstream:track)%00%(upstream:remotename)%00%(upstream:remoteref) refs/heads/master refs/remotes/master [2ms]
2025-09-05 05:10:48.141 [warning] [Git][revParse] Unable to read file: ENOENT: no such file or directory, open '/home/efarzad22/ostep-projects/.git/refs/remotes/origin/master'
2025-09-05 05:10:48.143 [info] > git rev-parse refs/remotes/origin/master [2ms]
2025-09-05 05:10:48.160 [info] > git for-each-ref --sort -committerdate --format %(refname)%00%(objectname)%00%(*objectname) [2ms]
2025-09-05 05:10:48.470 [info] > git status -z -uall [320ms]
2025-09-05 05:10:53.488 [info] > git config --get commit.template [8ms]
2025-09-05 05:10:53.490 [info] > git for-each-ref --format=%(refname)%00%(upstream:short)%00%(objectname)%00%(upstream:track)%00%(upstream:remotename)%00%(upstream:remoteref) refs/heads/master refs/remotes/master [3ms]
2025-09-05 05:10:53.497 [warning] [Git][revParse] Unable to read file: ENOENT: no such file or directory, open '/home/efarzad22/ostep-projects/.git/refs/remotes/origin/master'
2025-09-05 05:10:53.498 [info] > git rev-parse refs/remotes/origin/master [1ms]
2025-09-05 05:10:53.515 [info] > git for-each-ref --sort -committerdate --format %(refname)%00%(objectname)%00%(*objectname) [3ms]
2025-09-05 05:10:53.822 [info] > git status -z -uall [317ms]
2025-09-05 05:10:58.839 [info] > git config --get commit.template [7ms]
2025-09-05 05:10:58.841 [info] > git for-each-ref --format=%(refname)%00%(upstream:short)%00%(objectname)%00%(upstream:track)%00%(upstream:remotename)%00%(upstream:remoteref) refs/heads/master refs/remotes/master [3ms]
2025-09-05 05:10:58.847 [warning] [Git][revParse] Unable to read file: ENOENT: no such file or directory, open '/home/efarzad22/ostep-projects/.git/refs/remotes/origin/master'
2025-09-05 05:10:58.849 [info] > git rev-parse refs/remotes/origin/master [2ms]
2025-09-05 05:10:58.864 [info] > git for-each-ref --sort -committerdate --format %(refname)%00%(objectname)%00%(*objectname) [2ms]
2025-09-05 05:10:59.175 [info] > git status -z -uall [320ms]
2025-09-05 05:11:10.091 [info] > git config --get commit.template [7ms]
2025-09-05 05:11:10.096 [info] > git for-each-ref --format=%(refname)%00%(upstream:short)%00%(objectname)%00%(upstream:track)%00%(upstream:remotename)%00%(upstream:remoteref) refs/heads/master refs/remotes/master [6ms]
2025-09-05 05:11:10.103 [warning] [Git][revParse] Unable to read file: ENOENT: no such file or directory, open '/home/efarzad22/ostep-projects/.git/refs/remotes/origin/master'
2025-09-05 05:11:10.105 [info] > git rev-parse refs/remotes/origin/master [2ms]
2025-09-05 05:11:10.121 [info] > git for-each-ref --sort -committerdate --format %(refname)%00%(objectname)%00%(*objectname) [2ms]
2025-09-05 05:11:10.445 [info] > git status -z -uall [333ms]
2025-09-05 05:11:15.462 [info] > git config --get commit.template [8ms]
2025-09-05 05:11:15.464 [info] > git for-each-ref --format=%(refname)%00%(upstream:short)%00%(objectname)%00%(upstream:track)%00%(upstream:remotename)%00%(upstream:remoteref) refs/heads/master refs/remotes/master [2ms]
2025-09-05 05:11:15.471 [warning] [Git][revParse] Unable to read file: ENOENT: no such file or directory, open '/home/efarzad22/ostep-projects/.git/refs/remotes/origin/master'
2025-09-05 05:11:15.472 [info] > git rev-parse refs/remotes/origin/master [2ms]
2025-09-05 05:11:15.490 [info] > git for-each-ref --sort -committerdate --format %(refname)%00%(objectname)%00%(*objectname) [2ms]
2025-09-05 05:11:15.796 [info] > git status -z -uall [317ms]
2025-09-05 05:11:20.816 [info] > git config --get commit.template [8ms]
2025-09-05 05:11:20.817 [info] > git for-each-ref --format=%(refname)%00%(upstream:short)%00%(objectname)%00%(upstream:track)%00%(upstream:remotename)%00%(upstream:remoteref) refs/heads/master refs/remotes/master [2ms]
2025-09-05 05:11:20.824 [warning] [Git][revParse] Unable to read file: ENOENT: no such file or directory, open '/home/efarzad22/ostep-projects/.git/refs/remotes/origin/master'
2025-09-05 05:11:20.826 [info] > git rev-parse refs/remotes/origin/master [2ms]
2025-09-05 05:11:20.843 [info] > git for-each-ref --sort -committerdate --format %(refname)%00%(objectname)%00%(*objectname) [3ms]
2025-09-05 05:11:21.176 [info] > git status -z -uall [343ms]
2025-09-05 05:11:26.197 [info] > git config --get commit.template [8ms]
2025-09-05 05:11:26.198 [info] > git for-each-ref --format=%(refname)%00%(upstream:short)%00%(objectname)%00%(upstream:track)%00%(upstream:remotename)%00%(upstream:remoteref) refs/heads/master refs/remotes/master [2ms]
2025-09-05 05:11:26.205 [warning] [Git][revParse] Unable to read file: ENOENT: no such file or directory, open '/home/efarzad22/ostep-projects/.git/refs/remotes/origin/master'
2025-09-05 05:11:26.207 [info] > git rev-parse refs/remotes/origin/master [2ms]
2025-09-05 05:11:26.223 [info] > git for-each-ref --sort -committerdate --format %(refname)%00%(objectname)%00%(*objectname) [2ms]
2025-09-05 05:11:26.541 [info] > git status -z -uall [327ms]
2025-09-05 05:11:31.557 [info] > git config --get commit.template [6ms]
2025-09-05 05:11:31.558 [info] > git for-each-ref --format=%(refname)%00%(upstream:short)%00%(objectname)%00%(upstream:track)%00%(upstream:remotename)%00%(upstream:remoteref) refs/heads/master refs/remotes/master [2ms]
2025-09-05 05:11:31.564 [warning] [Git][revParse] Unable to read file: ENOENT: no such file or directory, open '/home/efarzad22/ostep-projects/.git/refs/remotes/origin/master'
2025-09-05 05:11:31.566 [info] > git rev-parse refs/remotes/origin/master [2ms]
2025-09-05 05:11:31.579 [info] > git for-each-ref --sort -committerdate --format %(refname)%00%(objectname)%00%(*objectname) [3ms]
2025-09-05 05:11:31.893 [info] > git status -z -uall [322ms]
2025-09-05 05:11:48.386 [info] > git config --get commit.template [3ms]
2025-09-05 05:11:48.396 [info] > git for-each-ref --format=%(refname)%00%(upstream:short)%00%(objectname)%00%(upstream:track)%00%(upstream:remotename)%00%(upstream:remoteref) refs/heads/master refs/remotes/master [2ms]
2025-09-05 05:11:48.403 [warning] [Git][revParse] Unable to read file: ENOENT: no such file or directory, open '/home/efarzad22/ostep-projects/.git/refs/remotes/origin/master'
2025-09-05 05:11:48.405 [info] > git rev-parse refs/remotes/origin/master [2ms]
2025-09-05 05:11:48.423 [info] > git for-each-ref --sort -committerdate --format %(refname)%00%(objectname)%00%(*objectname) [3ms]
2025-09-05 05:11:48.731 [info] > git status -z -uall [319ms]
2025-09-05 05:11:53.752 [info] > git for-each-ref --format=%(refname)%00%(upstream:short)%00%(objectname)%00%(upstream:track)%00%(upstream:remotename)%00%(upstream:remoteref) refs/heads/master refs/remotes/master [2ms]
2025-09-05 05:11:53.752 [info] > git config --get commit.template [11ms]
2025-09-05 05:11:53.759 [warning] [Git][revParse] Unable to read file: ENOENT: no such file or directory, open '/home/efarzad22/ostep-projects/.git/refs/remotes/origin/master'
2025-09-05 05:11:53.761 [info] > git rev-parse refs/remotes/origin/master [2ms]
2025-09-05 05:11:53.777 [info] > git for-each-ref --sort -committerdate --format %(refname)%00%(objectname)%00%(*objectname) [2ms]
2025-09-05 05:11:54.085 [info] > git status -z -uall [317ms]
2025-09-05 05:11:59.105 [info] > git config --get commit.template [8ms]
2025-09-05 05:11:59.107 [info] > git for-each-ref --format=%(refname)%00%(upstream:short)%00%(objectname)%00%(upstream:track)%00%(upstream:remotename)%00%(upstream:remoteref) refs/heads/master refs/remotes/master [3ms]
2025-09-05 05:11:59.114 [warning] [Git][revParse] Unable to read file: ENOENT: no such file or directory, open '/home/efarzad22/ostep-projects/.git/refs/remotes/origin/master'
2025-09-05 05:11:59.116 [info] > git rev-parse refs/remotes/origin/master [2ms]
2025-09-05 05:11:59.132 [info] > git for-each-ref --sort -committerdate --format %(refname)%00%(objectname)%00%(*objectname) [2ms]
2025-09-05 05:11:59.439 [info] > git status -z -uall [317ms]
2025-09-05 05:12:09.772 [info] > git show --textconv :initial-reverse/tests/4.err [10ms]
2025-09-05 05:12:09.773 [info] > git ls-files --stage -- initial-reverse/tests/4.err [4ms]
2025-09-05 05:12:09.782 [info] > git cat-file -s e7d833092e211ce1faea384b56eacfe01f6f4d42 [2ms]
2025-09-05 05:12:17.279 [info] > git show --textconv :initial-reverse/tests/4.err [6ms]
2025-09-05 05:12:17.281 [info] > git ls-files --stage -- initial-reverse/tests/4.err [3ms]
2025-09-05 05:12:17.288 [info] > git cat-file -s e7d833092e211ce1faea384b56eacfe01f6f4d42 [2ms]
2025-09-05 05:12:18.106 [info] > git config --get commit.template [9ms]
2025-09-05 05:12:18.106 [info] > git for-each-ref --format=%(refname)%00%(upstream:short)%00%(objectname)%00%(upstream:track)%00%(upstream:remotename)%00%(upstream:remoteref) refs/heads/master refs/remotes/master [2ms]
2025-09-05 05:12:18.113 [warning] [Git][revParse] Unable to read file: ENOENT: no such file or directory, open '/home/efarzad22/ostep-projects/.git/refs/remotes/origin/master'
2025-09-05 05:12:18.115 [info] > git rev-parse refs/remotes/origin/master [2ms]
2025-09-05 05:12:18.131 [info] > git for-each-ref --sort -committerdate --format %(refname)%00%(objectname)%00%(*objectname) [2ms]
2025-09-05 05:12:18.451 [info] > git status -z -uall [329ms]
2025-09-05 05:12:23.469 [info] > git config --get commit.template [8ms]
2025-09-05 05:12:23.471 [info] > git for-each-ref --format=%(refname)%00%(upstream:short)%00%(objectname)%00%(upstream:track)%00%(upstream:remotename)%00%(upstream:remoteref) refs/heads/master refs/remotes/master [3ms]
2025-09-05 05:12:23.478 [warning] [Git][revParse] Unable to read file: ENOENT: no such file or directory, open '/home/efarzad22/ostep-projects/.git/refs/remotes/origin/master'
2025-09-05 05:12:23.479 [info] > git rev-parse refs/remotes/origin/master [2ms]
2025-09-05 05:12:23.494 [info] > git for-each-ref --sort -committerdate --format %(refname)%00%(objectname)%00%(*objectname) [2ms]
2025-09-05 05:12:23.763 [info] > git show --textconv :initial-reverse/tests/5.in [10ms]
2025-09-05 05:12:23.765 [info] > git ls-files --stage -- initial-reverse/tests/5.in [4ms]
2025-09-05 05:12:23.777 [info] > git cat-file -s 62a2e356bbc28d2c885ad838c2aae6456b2d6b86 [3ms]
2025-09-05 05:12:23.816 [info] > git status -z -uall [331ms]
2025-09-05 05:12:28.832 [info] > git config --get commit.template [7ms]
2025-09-05 05:12:28.833 [info] > git for-each-ref --format=%(refname)%00%(upstream:short)%00%(objectname)%00%(upstream:track)%00%(upstream:remotename)%00%(upstream:remoteref) refs/heads/master refs/remotes/master [2ms]
2025-09-05 05:12:28.839 [warning] [Git][revParse] Unable to read file: ENOENT: no such file or directory, open '/home/efarzad22/ostep-projects/.git/refs/remotes/origin/master'
2025-09-05 05:12:28.840 [info] > git rev-parse refs/remotes/origin/master [1ms]
2025-09-05 05:12:28.853 [info] > git for-each-ref --sort -committerdate --format %(refname)%00%(objectname)%00%(*objectname) [2ms]
2025-09-05 05:12:29.163 [info] > git status -z -uall [317ms]
2025-09-05 05:12:31.747 [info] > git check-ignore -v -z --stdin [2ms]
2025-09-05 05:12:34.175 [info] > git config --get commit.template [2ms]
2025-09-05 05:12:34.185 [info] > git for-each-ref --format=%(refname)%00%(upstream:short)%00%(objectname)%00%(upstream:track)%00%(upstream:remotename)%00%(upstream:remoteref) refs/heads/master refs/remotes/master [3ms]
2025-09-05 05:12:34.192 [warning] [Git][revParse] Unable to read file: ENOENT: no such file or directory, open '/home/efarzad22/ostep-projects/.git/refs/remotes/origin/master'
2025-09-05 05:12:34.193 [info] > git rev-parse refs/remotes/origin/master [2ms]
2025-09-05 05:12:34.209 [info] > git for-each-ref --sort -committerdate --format %(refname)%00%(objectname)%00%(*objectname) [2ms]
2025-09-05 05:12:34.518 [info] > git status -z -uall [318ms]
