Initializing document watcher...
Document watcher initialized
efarzad22/ostep-projects/initial-reverse/reverse.c: {}
efarzad22/ostep-projects/initial-reverse/reverse.c: {}
efarzad22/ostep-projects/initial-reverse/reverse.c: {}
efarzad22/ostep-projects/initial-reverse/reverse.c: {}
efarzad22/ostep-projects/initial-reverse/reverse.c: {}
efarzad22/ostep-projects/initial-reverse/reverse.c: {}
efarzad22/ostep-projects/initial-reverse/reverse.c: {}
efarzad22/ostep-projects/initial-reverse/reverse.c: {}
efarzad22/intro: {}
efarzad22/ostep-projects/initial-reverse/reverse.c: {}
efarzad22/ostep-projects/initial-reverse/reverse.c: {}
efarzad22/intro-to-os/intro.c: {}
efarzad22/intro-to-os/intro.c: {}
efarzad22/intro-to-os/cpu.c: {}
efarzad22/intro-to-os/cpu.c: {}
efarzad22/intro-to-os/cpu.c: {}
efarzad22/intro-to-os/cpu.c: Using EditorConfig core...
efarzad22/intro-to-os/cpu.c: {}
efarzad22/intro-to-os/cpu.c: Using EditorConfig core...
efarzad22/intro-to-os/cpu.c: {}
efarzad22/intro-to-os/cpu.c: Using EditorConfig core...
efarzad22/intro-to-os/cpu.c: Using EditorConfig core...
efarzad22/intro-to-os/cpu.c: Using EditorConfig core...
efarzad22/intro-to-os/cpu.c: {}
efarzad22/intro-to-os/cpu.c: {}
efarzad22/intro-to-os/cpu.c: Using EditorConfig core...
efarzad22/intro-to-os/cpu.c: Using EditorConfig core...
efarzad22/intro-to-os/cpu.c: Using EditorConfig core...
efarzad22/intro-to-os/cpu.c: Using EditorConfig core...
efarzad22/intro-to-os/cpu.c: Using EditorConfig core...
efarzad22/intro-to-os/cpu.c: Using EditorConfig core...
efarzad22/intro-to-os/cpu.c: Using EditorConfig core...
efarzad22/intro-to-os/cpu.c: Using EditorConfig core...
efarzad22/intro-to-os/cpu.c: Using EditorConfig core...
efarzad22/intro-to-os/cpu.c: {}
efarzad22/intro-to-os/cpu.c: Using EditorConfig core...
efarzad22/intro-to-os/cpu.c: {}
efarzad22/intro-to-os/cpu.c: Using EditorConfig core...
efarzad22/intro-to-os/cpu.c: {}
efarzad22/intro-to-os/cpu.c: Using EditorConfig core...
efarzad22/intro-to-os/cpu.c: Using EditorConfig core...
efarzad22/intro-to-os/cpu.c: Using EditorConfig core...
efarzad22/intro-to-os/cpu.c: Using EditorConfig core...
efarzad22/intro-to-os/cpu.c: Using EditorConfig core...
efarzad22/intro-to-os/cpu.c: {}
efarzad22/intro-to-os/cpu.c: Using EditorConfig core...
efarzad22/intro-to-os/cpu.c: Using EditorConfig core...
efarzad22/intro-to-os/cpu.c: Using EditorConfig core...
efarzad22/intro-to-os/cpu.c: {}
efarzad22/intro-to-os/cpu.c: Using EditorConfig core...
efarzad22/intro-to-os/cpu.c: Using EditorConfig core...
efarzad22/intro-to-os/cpu.c: {}
efarzad22/intro-to-os/cpu.c: {}
efarzad22/intro-to-os/cpu.c: {}
efarzad22/intro-to-os/cpu.c: {}
efarzad22/intro-to-os/cpu.c: {}
efarzad22/intro-to-os/cpu.c: Using EditorConfig core...
efarzad22/intro-to-os/cpu.c: Using EditorConfig core...
efarzad22/intro-to-os/code.intro.tar: {}
efarzad22/intro-to-os/cpu.c: {}
efarzad22/intro-to-os/cpu.c: Using EditorConfig core...
efarzad22/intro-to-os/cpu.c: {}
efarzad22/intro-to-os/cpu.c: {}
efarzad22/intro-to-os/cpu.c: {}
efarzad22/intro-to-os/cpu.c: {}
efarzad22/intro-to-os/cpu.c: {}
efarzad22/intro-to-os/code.intro.tar: {}
efarzad22/intro-to-os/code.intro.tar: Using EditorConfig core...
efarzad22/intro-to-os/cpu.c: {}
efarzad22/intro-to-os/cpu.c: Using EditorConfig core...
efarzad22/intro-to-os/cpu.c: Using EditorConfig core...
efarzad22/intro-to-os/code.intro.tar: {}
efarzad22/intro-to-os/cpu.c: {}
efarzad22/intro-to-os/cpu.c: {}
efarzad22/intro-to-os/cpu.c: {}
efarzad22/intro-to-os/cpu.c: {}
efarzad22/intro-to-os/cpu.c: {}
efarzad22/intro-to-os/cpu.c: Using EditorConfig core...
No more open editors.
No more open editors.
No more open editors.
No more open editors.
No more open editors.
No more open editors.
efarzad22/intro-to-os/cpu.c: {}
efarzad22/intro-to-os/cpu.c: {}
efarzad22/intro-to-os/cpu.c: {}
efarzad22/intro-to-os/cpu.c: Using EditorConfig core...
efarzad22/intro-to-os/cpu.c: {}
efarzad22/intro-to-os/cpu.c: {}
efarzad22/intro-to-os/cpu.c: {}
efarzad22/intro-to-os/cpu.c: {}
efarzad22/intro-to-os/cpu.c: {}
efarzad22/intro-to-os/cpu.c: {}
efarzad22/intro-to-os/cpu.c: {}
efarzad22/intro-to-os/cpu.c: {}
efarzad22/intro-to-os/cpu.c: {}
efarzad22/intro-to-os/cpu.c: {}
efarzad22/intro-to-os/cpu.c: {}
efarzad22/intro-to-os/cpu.c: {}
efarzad22/intro-to-os/cpu.c: {}
