Initializing document watcher...
Document watcher initialized
efarzad22/intro-to-os/mem.c: {}
efarzad22/intro-to-os/threads.v0.c: {}
efarzad22/intro-to-os/threads.v0.c: {}
efarzad22/intro-to-os/threads.v0.c: {}
efarzad22/intro-to-os/threads.v0.c: {}
efarzad22/intro-to-os/threads.v0.c: {}
efarzad22/intro-to-os/threads.v0.c: {}
efarzad22/intro-to-os/threads.v0.c: {}
efarzad22/intro-to-os/threads.v0.c: {}
efarzad22/intro-to-os/threads.v0.c: {}
efarzad22/intro-to-os/threads.v1.c: {}
efarzad22/intro-to-os/threads.v0.c: {}
efarzad22/intro-to-os/threads.v1.c: {}
efarzad22/intro-to-os/threads.v0.c: {}
efarzad22/intro-to-os/threads.v1.c: {}
efarzad22/intro-to-os/threads.v0.c: {}
efarzad22/intro-to-os/threads.v1.c: {}
efarzad22/intro-to-os/threads.v1.c: {}
efarzad22/intro-to-os/threads.v1.c: {}
efarzad22/intro-to-os/threads.v1.c: {}
efarzad22/intro-to-os/threads.v1.c: {}
efarzad22/intro-to-os/io.c: {}
efarzad22/intro-to-os/io.c: {}
efarzad22/intro-to-os/io.c: {}
efarzad22/intro-to-os/io.c: {}
efarzad22/intro-to-os/io.c: {}
efarzad22/intro-to-os/trace-io.d: {}
efarzad22/intro-to-os/io.c: {}
efarzad22/intro-to-os/io.c: {}
efarzad22/intro-to-os/io.c: {}
efarzad22/intro-to-os/io.c: {}
efarzad22/intro-to-os/io.c: {}
efarzad22/intro-to-os/tmp/file: {}
efarzad22/intro-to-os/common_threads.h: {}
efarzad22/intro-to-os/tmp/file: {}
efarzad22/intro-to-os/common_threads.h: {}
efarzad22/intro-to-os/common_threads.h: {}
efarzad22/intro-to-os/tmp/file.txt: {}
efarzad22/intro-to-os/tmp/file.txt: {}
efarzad22/intro-to-os/io.c: {}
efarzad22/intro-to-os/tmp/file.txt: {}
efarzad22/intro-to-os/tmp/file.txt: Using EditorConfig core...
efarzad22/intro-to-os/tmp/file.txt: Using EditorConfig core...
efarzad22/intro-to-os/tmp/file.txt: {}
