Initializing document watcher...
Document watcher initialized
efarzad22/test.txt: {}
efarzad22/unix-practice/test.txt: {}
efarzad22/reverse-program/reverse.c: {}
efarzad22/reverse-program/reverse.c: Using EditorConfig core...
efarzad22/reverse-program/reverse.c: Using EditorConfig core...
efarzad22/reverse-program/reverse.c: Using EditorConfig core...
efarzad22/reverse-program/reverse.c: Using EditorConfig core...
efarzad22/reverse-program/reverse.c: Using EditorConfig core...
efarzad22/reverse-program/reverse.c: Using EditorConfig core...
efarzad22/reverse-program/reverse.c: Using EditorConfig core...
efarzad22/reverse-program/reverse.c: Using EditorConfig core...
efarzad22/reverse-program/reverse.c: Using EditorConfig core...
efarzad22/reverse-program/reverse.c: Using EditorConfig core...
efarzad22/reverse-program/reverse.c: Using EditorConfig core...
efarzad22/unix-practice/wcat.c: {}
efarzad22/reverse-program/reverse.c: {}
efarzad22/reverse-program/reverse.c: Using EditorConfig core...
efarzad22/reverse-program/reverse.c: Using EditorConfig core...
efarzad22/reverse-program/reverse.c: Using EditorConfig core...
efarzad22/reverse-program/reverse.c: Using EditorConfig core...
efarzad22/reverse-program/reverse.c: Using EditorConfig core...
efarzad22/reverse-program/reverse.c: {}
No more open editors.
No more open editors.
No more open editors.
No more open editors.
/User/settings.json: Using EditorConfig core...
efarzad22/reverse-program/reverse.c: {}
efarzad22/reverse-program/reverse.c: {}
efarzad22/unix-practice/wcat.c: {}
efarzad22/unix-practice/wzip.c: {}
efarzad22/unix-practice/wzip.c: {}
efarzad22/unix-practice/wzip.c: {}
efarzad22/unix-practice/wzip.c: {}
efarzad22/unix-practice/wzip.c: {}
efarzad22/unix-practice/wzip.c: {}
efarzad22/unix-practice/wzip.c: {}
efarzad22/unix-practice/wzip.c: {}
efarzad22/unix-practice/wzip.c: {}
efarzad22/unix-practice/wzip.c: {}
efarzad22/unix-practice/wzip.c: {}
efarzad22/unix-practice/wzip.c: {}
efarzad22/unix-practice/wzip.c: {}
efarzad22/unix-practice/wzip.c: {}
efarzad22/unix-practice/wzip.c: {}
efarzad22/unix-practice/wzip.c: {}
efarzad22/unix-practice/wzip.c: {}
