Initializing document watcher...
Document watcher initialized
/User/settings.json: Using EditorConfig core...
efarzad22/wcat.c: {}
efarzad22/wcat.c: Using EditorConfig core...
efarzad22/wcat.c: Using EditorConfig core...
efarzad22/wcat.c: {}
efarzad22/wcat.c: {}
efarzad22/wcat.c: Using EditorConfig core...
efarzad22/wcat.c: Using EditorConfig core...
efarzad22/wcat.c: {}
efarzad22/wcat.c: {}
efarzad22/wcat.c: Using EditorConfig core...
efarzad22/wcat.c: Using EditorConfig core...
efarzad22/wcat.c: {}
efarzad22/wcat.c: Using EditorConfig core...
efarzad22/wcat.c: Using EditorConfig core...
efarzad22/wcat.c: Using EditorConfig core...
efarzad22/wcat.c: Using EditorConfig core...
efarzad22/wcat.c: Using EditorConfig core...
efarzad22/wcat.c: {}
efarzad22/wcat.c: Using EditorConfig core...
efarzad22/wcat.c: Using EditorConfig core...
efarzad22/wcat.c: {}
efarzad22/wcat.c: {}
efarzad22/wcat.c: Using EditorConfig core...
efarzad22/wcat.c: {}
efarzad22/wcat.c: {}
efarzad22/wcat.c: Using EditorConfig core...
efarzad22/wcat.c: Using EditorConfig core...
efarzad22/wcat.c: {}
efarzad22/wcat.c: Using EditorConfig core...
efarzad22/wcat.c: Using EditorConfig core...
efarzad22/wcat.c: {}
efarzad22/wcat.c: Using EditorConfig core...
efarzad22/wcat.c: {}
efarzad22/wcat.c: {}
efarzad22/wcat.c: {}
efarzad22/wcat.c: Using EditorConfig core...
efarzad22/wcat.c: Using EditorConfig core...
efarzad22/wcat.c: {}
efarzad22/wcat.c: {}
efarzad22/wgrep.c: {}
efarzad22/wgrep.c: {}
efarzad22/wgrep.c: {}
efarzad22/wcat.c: {}
efarzad22/wcat.c: {}
efarzad22/wcat.c: {}
efarzad22/wcat.c: {}
efarzad22/wcat.c: {}
efarzad22/wgrep.c: {}
efarzad22/wgrep.c: Using EditorConfig core...
efarzad22/wgrep.c: {}
efarzad22/wgrep.c: {}
efarzad22/wgrep.c: Using EditorConfig core...
efarzad22/wgrep.c: {}
efarzad22/wgrep.c: Using EditorConfig core...
efarzad22/wgrep.c: Using EditorConfig core...
efarzad22/wgrep.c: Using EditorConfig core...
efarzad22/wgrep.c: {}
efarzad22/wgrep.c: Using EditorConfig core...
efarzad22/wgrep.c: {}
efarzad22/wgrep.c: Using EditorConfig core...
efarzad22/wgrep.c: Using EditorConfig core...
efarzad22/wgrep.c: {}
efarzad22/wgrep.c: Using EditorConfig core...
efarzad22/wgrep.c: Using EditorConfig core...
efarzad22/wgrep.c: {}
efarzad22/wgrep.c: {}
efarzad22/wgrep.c: Using EditorConfig core...
efarzad22/wgrep.c: Using EditorConfig core...
efarzad22/wgrep.c: Using EditorConfig core...
efarzad22/wgrep.c: {}
efarzad22/wgrep.c: {}
efarzad22/wgrep.c: {}
efarzad22/wzip.c: {}
efarzad22/wzip.c: Using EditorConfig core...
efarzad22/wzip.c: Using EditorConfig core...
efarzad22/wzip.c: Using EditorConfig core...
efarzad22/wzip.c: Using EditorConfig core...
efarzad22/wunzip.c: {}
efarzad22/wunzip.c: {}
efarzad22/wunzip.c: Using EditorConfig core...
efarzad22/wunzip.c: Using EditorConfig core...
efarzad22/wunzip.c: Using EditorConfig core...
efarzad22/wunzip.c: Using EditorConfig core...
efarzad22/wunzip.c: Using EditorConfig core...
efarzad22/wzip.c: {}
efarzad22/wzip.c: Using EditorConfig core...
efarzad22/wzip.c: {}
efarzad22/wzip.c: {}
efarzad22/wunzip.c: {}
efarzad22/wzip.c: {}
efarzad22/wzip.c: {}
efarzad22/wzip.c: {}
efarzad22/wzip.c: {}
efarzad22/wzip.c: {}
efarzad22/wzip.c: {}
efarzad22/wzip.c: {}
efarzad22/wzip.c: {}
efarzad22/wzip.c: {}
efarzad22/wzip.c: {}
efarzad22/wcat.c: {}
efarzad22/wcat.c: {}
efarzad22/wcat.c: {}
efarzad22/wcat.c: {}
efarzad22/wcat.c: {}
efarzad22/wcat.c: {}
efarzad22/wcat.c: {}
efarzad22/wcat.c: {}
efarzad22/wcat.c: {}
efarzad22/wcat.c: {}
efarzad22/wcat.c: {}
efarzad22/wcat.c: {}
efarzad22/wcat.c: {}
efarzad22/unzipped.txt: {}
efarzad22/wcat.c: {}
efarzad22/wcat.c: {}
efarzad22/wcat.c: {}
efarzad22/wcat.c: {}
efarzad22/unzipped.txt: {}
efarzad22/test.txt: {}
efarzad22/unzipped.txt: {}
efarzad22/unzipped.txt: {}
efarzad22/test.z: {}
efarzad22/unzipped.txt: {}
efarzad22/test.txt: {}
efarzad22/unzipped.txt: {}
efarzad22/unzipped.txt: {}
efarzad22/wgrep.c: {}
efarzad22/wgrep.c: {}
efarzad22/wgrep.c: {}
