2025-09-15 01:56:46.519 [info] [main] Log level: Info
2025-09-15 01:56:46.520 [info] [main] Validating found git in: "git"
2025-09-15 01:56:46.520 [info] [main] Using git "2.43.0" from "git"
2025-09-15 01:56:46.520 [info] [Model][doInitialScan] Initial repository scan started
2025-09-15 01:56:46.520 [info] > git rev-parse --show-toplevel [4ms]
2025-09-15 01:56:46.520 [info] > git rev-parse --git-dir --git-common-dir [3ms]
2025-09-15 01:56:46.520 [info] [Model][openRepository] Opened repository (path): /home/efarzad22
2025-09-15 01:56:46.520 [info] [Model][openRepository] Opened repository (real path): /home/efarzad22
2025-09-15 01:56:46.520 [info] > git rev-parse --show-toplevel [7ms]
2025-09-15 01:56:46.520 [info] > git config --get commit.template [10ms]
2025-09-15 01:56:46.522 [info] > git for-each-ref --format=%(refname)%00%(upstream:short)%00%(objectname)%00%(upstream:track)%00%(upstream:remotename)%00%(upstream:remoteref) refs/heads/main refs/remotes/main [4ms]
2025-09-15 01:56:46.544 [info] > git rev-parse --show-toplevel [15ms]
2025-09-15 01:56:46.550 [info] > git for-each-ref --sort -committerdate --format %(refname)%00%(objectname)%00%(*objectname) [8ms]
2025-09-15 01:56:46.553 [info] > git rev-parse --show-toplevel [3ms]
2025-09-15 01:56:46.559 [info] > git rev-parse --show-toplevel [2ms]
2025-09-15 01:56:46.566 [info] > git rev-parse --show-toplevel [1ms]
2025-09-15 01:56:46.572 [info] > git rev-parse --show-toplevel [2ms]
2025-09-15 01:56:46.578 [info] > git rev-parse --show-toplevel [2ms]
2025-09-15 01:56:46.584 [info] > git rev-parse --show-toplevel [2ms]
2025-09-15 01:56:46.675 [info] > git rev-parse --show-toplevel [86ms]
2025-09-15 01:56:46.688 [info] > git status -z -uall [154ms]
2025-09-15 01:56:46.689 [info] > git rev-parse --show-toplevel [7ms]
2025-09-15 01:56:46.834 [info] > git for-each-ref --format=%(refname)%00%(upstream:short)%00%(objectname)%00%(upstream:track)%00%(upstream:remotename)%00%(upstream:remoteref) refs/heads/main refs/remotes/main [35ms]
2025-09-15 01:56:50.213 [info] > git config --get --local branch.main.vscode-merge-base [3369ms]
2025-09-15 01:56:50.213 [warning] [Git][config] git config failed: Failed to execute git
2025-09-15 01:56:50.223 [info] > git config --get commit.template [3408ms]
2025-09-15 01:56:50.223 [info] > git rev-parse --show-toplevel [3414ms]
2025-09-15 01:56:50.272 [info] > git check-ignore -v -z --stdin [38ms]
2025-09-15 01:56:50.273 [info] > git reflog main --grep-reflog=branch: Created from *. [51ms]
2025-09-15 01:56:50.319 [info] > git rev-parse --git-dir --git-common-dir [59ms]
2025-09-15 01:56:50.330 [info] [Model][openRepository] Opened repository (path): /home/efarzad22/ostep-projects
2025-09-15 01:56:50.330 [info] [Model][openRepository] Opened repository (real path): /home/efarzad22/ostep-projects
2025-09-15 01:56:50.366 [info] > git for-each-ref --format=%(refname)%00%(upstream:short)%00%(objectname)%00%(upstream:track)%00%(upstream:remotename)%00%(upstream:remoteref) refs/heads/main refs/remotes/main [66ms]
2025-09-15 01:56:50.367 [info] > git symbolic-ref --short refs/remotes/origin/HEAD [85ms]
2025-09-15 01:56:50.367 [info] fatal: ref refs/remotes/origin/HEAD is not a symbolic ref
2025-09-15 01:56:50.367 [warning] [Repository][getDefaultBranch] Failed to get default branch details: Failed to execute git.
2025-09-15 01:56:50.578 [info] > git merge-base refs/heads/main refs/remotes/origin/main [189ms]
2025-09-15 01:56:50.593 [info] > git rev-parse --show-toplevel [229ms]
2025-09-15 01:56:50.593 [info] > git config --get commit.template [245ms]
2025-09-15 01:56:50.620 [info] > git diff --name-status -z --diff-filter=ADMR 51ea7063ff6ed5f99aa192e4be657313910b2dfc...refs/remotes/origin/main [28ms]
2025-09-15 01:56:50.648 [info] > git for-each-ref --format=%(refname)%00%(upstream:short)%00%(objectname)%00%(upstream:track)%00%(upstream:remotename)%00%(upstream:remoteref) refs/heads/master refs/remotes/master [29ms]
2025-09-15 01:56:50.648 [info] > git rev-parse --show-toplevel [38ms]
2025-09-15 01:56:50.659 [warning] [Git][revParse] Unable to read file: ENOENT: no such file or directory, open '/home/efarzad22/ostep-projects/.git/refs/remotes/origin/master'
2025-09-15 01:56:50.674 [info] > git for-each-ref --sort -committerdate --format %(refname)%00%(objectname)%00%(*objectname) [35ms]
2025-09-15 01:56:50.676 [info] > git rev-parse --show-toplevel [9ms]
2025-09-15 01:56:50.676 [info] [Model][doInitialScan] Initial repository scan completed - repositories (2), closed repositories (0), parent repositories (0), unsafe repositories (0)
2025-09-15 01:56:50.696 [info] > git rev-parse refs/remotes/origin/master [38ms]
2025-09-15 01:56:50.720 [info] > git show --textconv :programming1/problem4.c [34ms]
2025-09-15 01:56:50.720 [info] > git status -z -uall [15ms]
2025-09-15 01:56:50.721 [info] > git ls-files --stage -- programming1/problem4.c [25ms]
2025-09-15 01:56:50.743 [info] > git status -z -uall [113ms]
2025-09-15 01:56:50.743 [info] > git hash-object -t tree /dev/null [13ms]
2025-09-15 01:56:50.744 [warning] [GitFileSystemProvider][stat] File not found - git:/home/efarzad22/programming1/problem4.c.git?%7B%22path%22%3A%22%2Fhome%2Fefarzad22%2Fprogramming1%2Fproblem4.c%22%2C%22ref%22%3A%22%22%7D
2025-09-15 01:56:50.754 [info] > git for-each-ref --sort -committerdate --format %(refname)%00%(objectname)%00%(*objectname) [38ms]
2025-09-15 01:56:50.781 [info] > git for-each-ref --format=%(refname)%00%(upstream:short)%00%(objectname)%00%(upstream:track)%00%(upstream:remotename)%00%(upstream:remoteref) refs/heads/master refs/remotes/master [14ms]
2025-09-15 01:56:50.790 [info] > git hash-object -t tree /dev/null [51ms]
2025-09-15 01:56:50.790 [warning] [GitFileSystemProvider][readFile] File not found - git:/home/efarzad22/programming1/problem4.c.git?%7B%22path%22%3A%22%2Fhome%2Fefarzad22%2Fprogramming1%2Fproblem4.c%22%2C%22ref%22%3A%22%22%7D
2025-09-15 01:56:50.857 [info] > git config --get --local branch.master.vscode-merge-base [68ms]
2025-09-15 01:56:50.866 [info] > git config --get commit.template [87ms]
2025-09-15 01:56:50.873 [info] > git for-each-ref --format=%(refname)%00%(upstream:short)%00%(objectname)%00%(upstream:track)%00%(upstream:remotename)%00%(upstream:remoteref) refs/heads/origin/master refs/remotes/origin/master [8ms]
2025-09-15 01:56:50.892 [info] > git merge-base refs/heads/master refs/remotes/origin/master [10ms]
2025-09-15 01:56:51.686 [info] > git diff --name-status -z --diff-filter=ADMR 76cff3f89f4bf337af6e02e53a831b7eeb1396df...refs/remotes/origin/master [784ms]
2025-09-15 01:56:51.687 [info] > git for-each-ref --format=%(refname)%00%(upstream:short)%00%(objectname)%00%(upstream:track)%00%(upstream:remotename)%00%(upstream:remoteref) refs/heads/master refs/remotes/master [796ms]
2025-09-15 01:56:51.707 [warning] [Git][revParse] Unable to read file: ENOENT: no such file or directory, open '/home/efarzad22/ostep-projects/.git/refs/remotes/origin/master'
2025-09-15 01:56:51.709 [info] > git rev-parse refs/remotes/origin/master [2ms]
2025-09-15 01:56:51.730 [info] > git status -z -uall [10ms]
2025-09-15 01:56:51.731 [info] > git for-each-ref --sort -committerdate --format %(refname)%00%(objectname)%00%(*objectname) [2ms]
2025-09-15 01:56:53.452 [info] > git check-ignore -v -z --stdin [5ms]
2025-09-15 01:56:53.455 [info] > git check-ignore -v -z --stdin [37ms]
2025-09-15 01:57:11.213 [info] > git config --get commit.template [14ms]
2025-09-15 01:57:11.213 [info] > git for-each-ref --format=%(refname)%00%(upstream:short)%00%(objectname)%00%(upstream:track)%00%(upstream:remotename)%00%(upstream:remoteref) refs/heads/main refs/remotes/main [2ms]
2025-09-15 01:57:11.245 [info] > git for-each-ref --sort -committerdate --format %(refname)%00%(objectname)%00%(*objectname) [3ms]
2025-09-15 01:57:11.306 [info] > git status -z -uall [78ms]
2025-09-15 01:57:16.388 [info] > git config --get commit.template [11ms]
2025-09-15 01:57:16.389 [info] > git for-each-ref --format=%(refname)%00%(upstream:short)%00%(objectname)%00%(upstream:track)%00%(upstream:remotename)%00%(upstream:remoteref) refs/heads/main refs/remotes/main [3ms]
2025-09-15 01:57:16.412 [info] > git for-each-ref --sort -committerdate --format %(refname)%00%(objectname)%00%(*objectname) [2ms]
2025-09-15 01:57:16.468 [info] > git status -z -uall [68ms]
2025-09-15 01:57:51.898 [info] > git config --get commit.template [5ms]
2025-09-15 01:57:51.917 [info] > git for-each-ref --format=%(refname)%00%(upstream:short)%00%(objectname)%00%(upstream:track)%00%(upstream:remotename)%00%(upstream:remoteref) refs/heads/main refs/remotes/main [6ms]
2025-09-15 01:57:51.941 [info] > git for-each-ref --sort -committerdate --format %(refname)%00%(objectname)%00%(*objectname) [3ms]
2025-09-15 01:57:51.998 [info] > git status -z -uall [70ms]
2025-09-15 01:58:12.349 [info] > git check-ignore -v -z --stdin [2ms]
2025-09-15 01:58:13.844 [info] > git show --textconv :programming1/exec-variants.c [19ms]
2025-09-15 01:58:13.846 [warning] [GitFileSystemProvider][readFile] File not found - git:/home/efarzad22/programming1/exec-variants.c.git?%7B%22path%22%3A%22%2Fhome%2Fefarzad22%2Fprogramming1%2Fexec-variants.c%22%2C%22ref%22%3A%22%22%7D
2025-09-15 01:58:13.848 [info] > git ls-files --stage -- programming1/exec-variants.c [9ms]
2025-09-15 01:58:13.848 [warning] [GitFileSystemProvider][stat] File not found - git:/home/efarzad22/programming1/exec-variants.c.git?%7B%22path%22%3A%22%2Fhome%2Fefarzad22%2Fprogramming1%2Fexec-variants.c%22%2C%22ref%22%3A%22%22%7D
2025-09-15 01:58:24.089 [info] > git config --get commit.template [3ms]
2025-09-15 01:58:24.100 [info] > git for-each-ref --format=%(refname)%00%(upstream:short)%00%(objectname)%00%(upstream:track)%00%(upstream:remotename)%00%(upstream:remoteref) refs/heads/main refs/remotes/main [2ms]
2025-09-15 01:58:24.121 [info] > git for-each-ref --sort -committerdate --format %(refname)%00%(objectname)%00%(*objectname) [2ms]
2025-09-15 01:58:24.189 [info] > git status -z -uall [78ms]
2025-09-15 01:58:27.346 [info] > git blame --root --incremental 51ea7063ff6ed5f99aa192e4be657313910b2dfc -- programming1/exec-variants.c [2ms]
2025-09-15 01:58:27.346 [info] fatal: no such path programming1/exec-variants.c in 51ea7063ff6ed5f99aa192e4be657313910b2dfc
2025-09-15 01:58:29.281 [info] > git for-each-ref --format=%(refname)%00%(upstream:short)%00%(objectname)%00%(upstream:track)%00%(upstream:remotename)%00%(upstream:remoteref) refs/heads/main refs/remotes/main [5ms]
2025-09-15 01:58:29.282 [info] > git config --get commit.template [15ms]
2025-09-15 01:58:29.303 [info] > git for-each-ref --sort -committerdate --format %(refname)%00%(objectname)%00%(*objectname) [3ms]
2025-09-15 01:58:29.360 [info] > git status -z -uall [69ms]
2025-09-15 02:00:57.754 [info] > git check-ignore -v -z --stdin [2ms]
2025-09-15 02:00:58.771 [info] > git config --get commit.template [10ms]
2025-09-15 02:00:58.772 [info] > git for-each-ref --format=%(refname)%00%(upstream:short)%00%(objectname)%00%(upstream:track)%00%(upstream:remotename)%00%(upstream:remoteref) refs/heads/main refs/remotes/main [2ms]
2025-09-15 02:00:58.794 [info] > git for-each-ref --sort -committerdate --format %(refname)%00%(objectname)%00%(*objectname) [2ms]
2025-09-15 02:00:58.859 [info] > git status -z -uall [76ms]
2025-09-15 02:02:19.967 [info] > git check-ignore -v -z --stdin [2ms]
2025-09-15 02:03:18.739 [info] > git config --get commit.template [11ms]
2025-09-15 02:03:18.741 [info] > git for-each-ref --format=%(refname)%00%(upstream:short)%00%(objectname)%00%(upstream:track)%00%(upstream:remotename)%00%(upstream:remoteref) refs/heads/main refs/remotes/main [3ms]
2025-09-15 02:03:18.765 [info] > git for-each-ref --sort -committerdate --format %(refname)%00%(objectname)%00%(*objectname) [3ms]
2025-09-15 02:03:18.833 [info] > git status -z -uall [82ms]
