2025-09-14 23:03:55.057 [info] [main] Log level: Info
2025-09-14 23:03:55.057 [info] [main] Validating found git in: "git"
2025-09-14 23:03:55.057 [info] [main] Using git "2.43.0" from "git"
2025-09-14 23:03:55.057 [info] [Model][doInitialScan] Initial repository scan started
2025-09-14 23:03:55.057 [info] > git rev-parse --show-toplevel [4ms]
2025-09-14 23:03:55.057 [info] > git rev-parse --git-dir --git-common-dir [2ms]
2025-09-14 23:03:55.057 [info] [Model][openRepository] Opened repository (path): /home/efarzad22
2025-09-14 23:03:55.057 [info] [Model][openRepository] Opened repository (real path): /home/efarzad22
2025-09-14 23:03:55.057 [info] > git config --get commit.template [15ms]
2025-09-14 23:03:55.057 [info] > git for-each-ref --format=%(refname)%00%(upstream:short)%00%(objectname)%00%(upstream:track)%00%(upstream:remotename)%00%(upstream:remoteref) refs/heads/main refs/remotes/main [65ms]
2025-09-14 23:03:55.057 [info] > git rev-parse --show-toplevel [89ms]
2025-09-14 23:03:55.057 [info] > git rev-parse --git-dir --git-common-dir [27ms]
2025-09-14 23:03:55.057 [info] [Model][openRepository] Opened repository (path): /home/efarzad22/ostep-projects
2025-09-14 23:03:55.057 [info] [Model][openRepository] Opened repository (real path): /home/efarzad22/ostep-projects
2025-09-14 23:03:55.057 [info] > git for-each-ref --sort -committerdate --format %(refname)%00%(objectname)%00%(*objectname) [36ms]
2025-09-14 23:03:55.057 [info] > git rev-parse --show-toplevel [6ms]
2025-09-14 23:03:55.057 [info] > git config --get commit.template [16ms]
2025-09-14 23:03:55.057 [info] > git rev-parse --show-toplevel [10ms]
2025-09-14 23:03:55.057 [info] > git rev-parse --show-toplevel [3ms]
2025-09-14 23:03:55.057 [info] > git rev-parse --show-toplevel [6ms]
2025-09-14 23:03:55.058 [info] > git rev-parse --show-toplevel [4ms]
2025-09-14 23:03:55.058 [info] > git rev-parse --show-toplevel [2ms]
2025-09-14 23:03:55.058 [info] > git rev-parse --show-toplevel [6ms]
2025-09-14 23:03:55.058 [info] > git status -z -uall [132ms]
2025-09-14 23:03:55.058 [info] > git rev-parse --show-toplevel [179ms]
2025-09-14 23:03:55.058 [info] > git for-each-ref --format=%(refname)%00%(upstream:short)%00%(objectname)%00%(upstream:track)%00%(upstream:remotename)%00%(upstream:remoteref) refs/heads/main refs/remotes/main [830ms]
2025-09-14 23:03:55.058 [info] > git for-each-ref --format=%(refname)%00%(upstream:short)%00%(objectname)%00%(upstream:track)%00%(upstream:remotename)%00%(upstream:remoteref) refs/heads/master refs/remotes/master [1079ms]
2025-09-14 23:03:55.058 [warning] [Git][revParse] Unable to read file: ENOENT: no such file or directory, open '/home/efarzad22/ostep-projects/.git/refs/remotes/origin/master'
2025-09-14 23:03:55.058 [info] > git config --get --local branch.main.vscode-merge-base [25ms]
2025-09-14 23:03:55.058 [warning] [Git][config] git config failed: Failed to execute git
2025-09-14 23:03:55.058 [info] > git rev-parse --show-toplevel [67ms]
2025-09-14 23:03:55.058 [info] > git config --get commit.template [72ms]
2025-09-14 23:03:55.058 [info] > git rev-parse refs/remotes/origin/master [21ms]
2025-09-14 23:03:55.058 [info] > git rev-parse --show-toplevel [16ms]
2025-09-14 23:03:55.058 [info] > git for-each-ref --format=%(refname)%00%(upstream:short)%00%(objectname)%00%(upstream:track)%00%(upstream:remotename)%00%(upstream:remoteref) refs/heads/main refs/remotes/main [12ms]
2025-09-14 23:03:55.058 [info] > git for-each-ref --sort -committerdate --format %(refname)%00%(objectname)%00%(*objectname) [15ms]
2025-09-14 23:03:55.058 [info] > git rev-parse --show-toplevel [5ms]
2025-09-14 23:03:55.058 [info] [Model][doInitialScan] Initial repository scan completed - repositories (2), closed repositories (0), parent repositories (0), unsafe repositories (0)
2025-09-14 23:03:55.072 [info] > git reflog main --grep-reflog=branch: Created from *. [49ms]
2025-09-14 23:03:55.079 [info] > git for-each-ref --sort -committerdate --format %(refname)%00%(objectname)%00%(*objectname) [8ms]
2025-09-14 23:03:55.081 [info] > git symbolic-ref --short refs/remotes/origin/HEAD [4ms]
2025-09-14 23:03:55.081 [info] fatal: ref refs/remotes/origin/HEAD is not a symbolic ref
2025-09-14 23:03:55.081 [warning] [Repository][getDefaultBranch] Failed to get default branch details: Failed to execute git.
2025-09-14 23:03:55.089 [info] > git merge-base refs/heads/main refs/remotes/origin/main [2ms]
2025-09-14 23:03:55.098 [info] > git diff --name-status -z --diff-filter=ADMR 733ad3ad9d336fc2a3049478dc2ab993e883f720...refs/remotes/origin/main [3ms]
2025-09-14 23:03:55.101 [info] > git status -z -uall [67ms]
2025-09-14 23:03:55.121 [info] > git for-each-ref --format=%(refname)%00%(upstream:short)%00%(objectname)%00%(upstream:track)%00%(upstream:remotename)%00%(upstream:remoteref) refs/heads/master refs/remotes/master [9ms]
2025-09-14 23:03:55.128 [info] > git config --get commit.template [7ms]
2025-09-14 23:03:55.128 [info] > git config --get --local branch.master.vscode-merge-base [2ms]
2025-09-14 23:03:55.139 [info] > git for-each-ref --format=%(refname)%00%(upstream:short)%00%(objectname)%00%(upstream:track)%00%(upstream:remotename)%00%(upstream:remoteref) refs/heads/origin/master refs/remotes/origin/master [6ms]
2025-09-14 23:03:55.145 [info] > git for-each-ref --format=%(refname)%00%(upstream:short)%00%(objectname)%00%(upstream:track)%00%(upstream:remotename)%00%(upstream:remoteref) refs/heads/master refs/remotes/master [7ms]
2025-09-14 23:03:55.150 [warning] [Git][revParse] Unable to read file: ENOENT: no such file or directory, open '/home/efarzad22/ostep-projects/.git/refs/remotes/origin/master'
2025-09-14 23:03:55.153 [info] > git merge-base refs/heads/master refs/remotes/origin/master [8ms]
2025-09-14 23:03:55.161 [info] > git rev-parse refs/remotes/origin/master [11ms]
2025-09-14 23:03:55.172 [info] > git status -z -uall [107ms]
2025-09-14 23:03:55.172 [info] > git status -z -uall [6ms]
2025-09-14 23:03:55.173 [info] > git diff --name-status -z --diff-filter=ADMR 76cff3f89f4bf337af6e02e53a831b7eeb1396df...refs/remotes/origin/master [16ms]
2025-09-14 23:03:55.277 [info] > git for-each-ref --sort -committerdate --format %(refname)%00%(objectname)%00%(*objectname) [107ms]
2025-09-14 23:03:56.107 [info] > git check-ignore -v -z --stdin [14ms]
2025-09-14 23:03:56.109 [info] > git check-ignore -v -z --stdin [13ms]
2025-09-14 23:04:12.035 [info] > git config --get commit.template [3ms]
2025-09-14 23:04:12.050 [info] > git for-each-ref --format=%(refname)%00%(upstream:short)%00%(objectname)%00%(upstream:track)%00%(upstream:remotename)%00%(upstream:remoteref) refs/heads/main refs/remotes/main [3ms]
2025-09-14 23:04:12.081 [info] > git for-each-ref --sort -committerdate --format %(refname)%00%(objectname)%00%(*objectname) [4ms]
2025-09-14 23:04:12.136 [info] > git status -z -uall [71ms]
2025-09-14 23:04:14.688 [info] > git check-ignore -v -z --stdin [3ms]
2025-09-14 23:04:17.320 [info] > git config --get commit.template [12ms]
2025-09-14 23:04:17.357 [info] > git for-each-ref --format=%(refname)%00%(upstream:short)%00%(objectname)%00%(upstream:track)%00%(upstream:remotename)%00%(upstream:remoteref) refs/heads/main refs/remotes/main [3ms]
2025-09-14 23:04:17.402 [info] > git for-each-ref --sort -committerdate --format %(refname)%00%(objectname)%00%(*objectname) [5ms]
2025-09-14 23:04:17.463 [info] > git status -z -uall [89ms]
2025-09-14 23:04:22.558 [info] > git config --get commit.template [17ms]
2025-09-14 23:04:22.559 [info] > git for-each-ref --format=%(refname)%00%(upstream:short)%00%(objectname)%00%(upstream:track)%00%(upstream:remotename)%00%(upstream:remoteref) refs/heads/main refs/remotes/main [4ms]
2025-09-14 23:04:22.587 [info] > git for-each-ref --sort -committerdate --format %(refname)%00%(objectname)%00%(*objectname) [3ms]
2025-09-14 23:04:22.639 [info] > git status -z -uall [67ms]
2025-09-14 23:04:27.740 [info] > git config --get commit.template [13ms]
2025-09-14 23:04:27.741 [info] > git for-each-ref --format=%(refname)%00%(upstream:short)%00%(objectname)%00%(upstream:track)%00%(upstream:remotename)%00%(upstream:remoteref) refs/heads/main refs/remotes/main [3ms]
2025-09-14 23:04:27.776 [info] > git for-each-ref --sort -committerdate --format %(refname)%00%(objectname)%00%(*objectname) [3ms]
2025-09-14 23:04:27.828 [info] > git status -z -uall [73ms]
2025-09-14 23:04:33.057 [info] > git config --get commit.template [10ms]
2025-09-14 23:04:33.073 [info] > git for-each-ref --format=%(refname)%00%(upstream:short)%00%(objectname)%00%(upstream:track)%00%(upstream:remotename)%00%(upstream:remoteref) refs/heads/main refs/remotes/main [4ms]
2025-09-14 23:04:33.095 [info] > git for-each-ref --sort -committerdate --format %(refname)%00%(objectname)%00%(*objectname) [3ms]
2025-09-14 23:04:33.158 [info] > git status -z -uall [75ms]
2025-09-14 23:04:37.183 [info] > git log --format=%H%n%aN%n%aE%n%at%n%ct%n%P%n%D%n%B -z --shortstat --diff-merges=first-parent -n50 --skip=0 --topo-order --decorate=full --stdin [209ms]
2025-09-14 23:04:37.702 [info] > git check-ignore -v -z --stdin [17ms]
2025-09-14 23:04:37.703 [info] > git check-ignore -v -z --stdin [8ms]
2025-09-14 23:04:38.245 [info] > git config --get commit.template [6ms]
2025-09-14 23:04:38.258 [info] > git for-each-ref --format=%(refname)%00%(upstream:short)%00%(objectname)%00%(upstream:track)%00%(upstream:remotename)%00%(upstream:remoteref) refs/heads/main refs/remotes/main [1ms]
2025-09-14 23:04:38.278 [info] > git for-each-ref --sort -committerdate --format %(refname)%00%(objectname)%00%(*objectname) [2ms]
2025-09-14 23:04:38.340 [info] > git status -z -uall [73ms]
2025-09-14 23:05:40.757 [info] > git check-ignore -v -z --stdin [1ms]
2025-09-14 23:05:49.362 [info] > git check-ignore -v -z --stdin [2ms]
2025-09-14 23:05:59.184 [info] > git check-ignore -v -z --stdin [2ms]
2025-09-14 23:06:13.988 [info] > git show --textconv :programming1/fork-program.c [11ms]
2025-09-14 23:06:13.989 [info] > git ls-files --stage -- programming1/fork-program.c [4ms]
2025-09-14 23:06:14.007 [info] > git hash-object -t tree /dev/null [11ms]
2025-09-14 23:06:14.007 [warning] [GitFileSystemProvider][stat] File not found - git:/home/efarzad22/programming1/fork-program.c.git?%7B%22path%22%3A%22%2Fhome%2Fefarzad22%2Fprogramming1%2Ffork-program.c%22%2C%22ref%22%3A%22%22%7D
2025-09-14 23:06:14.016 [info] > git hash-object -t tree /dev/null [11ms]
2025-09-14 23:06:14.016 [warning] [GitFileSystemProvider][readFile] File not found - git:/home/efarzad22/programming1/fork-program.c.git?%7B%22path%22%3A%22%2Fhome%2Fefarzad22%2Fprogramming1%2Ffork-program.c%22%2C%22ref%22%3A%22%22%7D
2025-09-14 23:06:14.157 [info] > git check-ignore -v -z --stdin [1ms]
2025-09-14 23:06:22.416 [info] > git blame --root --incremental 733ad3ad9d336fc2a3049478dc2ab993e883f720 -- programming1/fork-program.c [3ms]
2025-09-14 23:06:22.416 [info] fatal: no such path programming1/fork-program.c in 733ad3ad9d336fc2a3049478dc2ab993e883f720
2025-09-14 23:06:48.174 [info] > git rev-parse --show-toplevel [2ms]
2025-09-14 23:06:48.174 [info] fatal: not a git repository (or any of the parent directories): .git
2025-09-14 23:06:51.571 [info] > git config --get commit.template [9ms]
2025-09-14 23:06:51.572 [info] > git for-each-ref --format=%(refname)%00%(upstream:short)%00%(objectname)%00%(upstream:track)%00%(upstream:remotename)%00%(upstream:remoteref) refs/heads/main refs/remotes/main [2ms]
2025-09-14 23:06:51.589 [info] > git for-each-ref --sort -committerdate --format %(refname)%00%(objectname)%00%(*objectname) [2ms]
2025-09-14 23:06:51.652 [info] > git status -z -uall [72ms]
2025-09-14 23:06:51.737 [info] > git merge-base refs/heads/main refs/remotes/origin/main [6ms]
2025-09-14 23:06:51.746 [info] > git diff --name-status -z --diff-filter=ADMR 51ea7063ff6ed5f99aa192e4be657313910b2dfc...refs/remotes/origin/main [2ms]
2025-09-14 23:06:54.622 [info] > git rev-parse --show-toplevel [2ms]
2025-09-14 23:06:54.622 [info] fatal: not a git repository (or any of the parent directories): .git
2025-09-14 23:06:55.319 [info] > git rev-parse --show-toplevel [2ms]
2025-09-14 23:06:55.319 [info] fatal: not a git repository (or any of the parent directories): .git
2025-09-14 23:06:56.214 [info] > git rev-parse --show-toplevel [3ms]
2025-09-14 23:06:56.214 [info] fatal: not a git repository (or any of the parent directories): .git
2025-09-14 23:06:56.747 [info] > git config --get commit.template [7ms]
2025-09-14 23:06:56.749 [info] > git for-each-ref --format=%(refname)%00%(upstream:short)%00%(objectname)%00%(upstream:track)%00%(upstream:remotename)%00%(upstream:remoteref) refs/heads/main refs/remotes/main [2ms]
2025-09-14 23:06:56.765 [info] > git for-each-ref --sort -committerdate --format %(refname)%00%(objectname)%00%(*objectname) [2ms]
2025-09-14 23:06:56.827 [info] > git status -z -uall [71ms]
2025-09-14 23:08:53.180 [info] > git config --get commit.template [2ms]
2025-09-14 23:08:53.189 [info] > git for-each-ref --format=%(refname)%00%(upstream:short)%00%(objectname)%00%(upstream:track)%00%(upstream:remotename)%00%(upstream:remoteref) refs/heads/main refs/remotes/main [2ms]
2025-09-14 23:08:53.207 [info] > git for-each-ref --sort -committerdate --format %(refname)%00%(objectname)%00%(*objectname) [3ms]
2025-09-14 23:08:53.266 [info] > git status -z -uall [70ms]
2025-09-14 23:08:58.367 [info] > git config --get commit.template [9ms]
2025-09-14 23:08:58.368 [info] > git for-each-ref --format=%(refname)%00%(upstream:short)%00%(objectname)%00%(upstream:track)%00%(upstream:remotename)%00%(upstream:remoteref) refs/heads/main refs/remotes/main [2ms]
2025-09-14 23:08:58.389 [info] > git for-each-ref --sort -committerdate --format %(refname)%00%(objectname)%00%(*objectname) [3ms]
2025-09-14 23:08:58.447 [info] > git status -z -uall [68ms]
