2025-09-15 04:58:44.602 [info] [main] Log level: Info
2025-09-15 04:58:44.602 [info] [main] Validating found git in: "git"
2025-09-15 04:58:44.602 [info] [main] Using git "2.43.0" from "git"
2025-09-15 04:58:44.602 [info] [Model][doInitialScan] Initial repository scan started
2025-09-15 04:58:44.602 [info] > git rev-parse --show-toplevel [16ms]
2025-09-15 04:58:44.602 [info] > git rev-parse --git-dir --git-common-dir [362ms]
2025-09-15 04:58:44.602 [info] [Model][openRepository] Opened repository (path): /home/efarzad22
2025-09-15 04:58:44.602 [info] [Model][openRepository] Opened repository (real path): /home/efarzad22
2025-09-15 04:58:44.602 [info] > git rev-parse --show-toplevel [50ms]
2025-09-15 04:58:44.602 [info] > git config --get commit.template [56ms]
2025-09-15 04:58:44.602 [info] > git for-each-ref --format=%(refname)%00%(upstream:short)%00%(objectname)%00%(upstream:track)%00%(upstream:remotename)%00%(upstream:remoteref) refs/heads/main refs/remotes/main [53ms]
2025-09-15 04:58:44.630 [info] > git for-each-ref --sort -committerdate --format %(refname)%00%(objectname)%00%(*objectname) [5ms]
2025-09-15 04:58:44.632 [info] > git rev-parse --show-toplevel [18ms]
2025-09-15 04:58:44.641 [info] > git rev-parse --show-toplevel [3ms]
2025-09-15 04:58:44.650 [info] > git rev-parse --show-toplevel [3ms]
2025-09-15 04:58:44.658 [info] > git rev-parse --show-toplevel [2ms]
2025-09-15 04:58:44.667 [info] > git rev-parse --show-toplevel [2ms]
2025-09-15 04:58:46.871 [info] > git check-ignore -v -z --stdin [29ms]
2025-09-15 04:58:46.874 [info] > git rev-parse --show-toplevel [2201ms]
2025-09-15 04:58:47.019 [info] > git status -z -uall [2399ms]
2025-09-15 04:58:47.020 [info] > git rev-parse --show-toplevel [95ms]
2025-09-15 04:58:48.344 [info] > git for-each-ref --format=%(refname)%00%(upstream:short)%00%(objectname)%00%(upstream:track)%00%(upstream:remotename)%00%(upstream:remoteref) refs/heads/main refs/remotes/main [1102ms]
2025-09-15 04:58:48.370 [info] > git config --get --local branch.main.vscode-merge-base [17ms]
2025-09-15 04:58:48.370 [warning] [Git][config] git config failed: Failed to execute git
2025-09-15 04:58:48.382 [info] > git config --get commit.template [79ms]
2025-09-15 04:58:48.382 [info] > git rev-parse --show-toplevel [88ms]
2025-09-15 04:58:48.409 [info] > git rev-parse --show-toplevel [18ms]
2025-09-15 04:58:48.409 [info] > git reflog main --grep-reflog=branch: Created from *. [28ms]
2025-09-15 04:58:48.433 [info] > git for-each-ref --format=%(refname)%00%(upstream:short)%00%(objectname)%00%(upstream:track)%00%(upstream:remotename)%00%(upstream:remoteref) refs/heads/main refs/remotes/main [31ms]
2025-09-15 04:58:48.435 [info] > git rev-parse --show-toplevel [7ms]
2025-09-15 04:58:48.435 [info] > git symbolic-ref --short refs/remotes/origin/HEAD [15ms]
2025-09-15 04:58:48.435 [info] fatal: ref refs/remotes/origin/HEAD is not a symbolic ref
2025-09-15 04:58:48.435 [warning] [Repository][getDefaultBranch] Failed to get default branch details: Failed to execute git.
2025-09-15 04:58:48.455 [info] > git merge-base refs/heads/main refs/remotes/origin/main [11ms]
2025-09-15 04:58:48.484 [info] > git rev-parse --git-dir --git-common-dir [30ms]
2025-09-15 04:58:48.495 [info] [Model][openRepository] Opened repository (path): /home/efarzad22/ostep-projects
2025-09-15 04:58:48.495 [info] [Model][openRepository] Opened repository (real path): /home/efarzad22/ostep-projects
2025-09-15 04:58:48.519 [info] > git for-each-ref --sort -committerdate --format %(refname)%00%(objectname)%00%(*objectname) [36ms]
2025-09-15 04:58:48.520 [info] > git diff --name-status -z --diff-filter=ADMR 51ea7063ff6ed5f99aa192e4be657313910b2dfc...refs/remotes/origin/main [56ms]
2025-09-15 04:58:48.525 [info] > git rev-parse --show-toplevel [12ms]
2025-09-15 04:58:48.525 [info] > git config --get commit.template [21ms]
2025-09-15 04:58:48.544 [info] > git rev-parse --show-toplevel [10ms]
2025-09-15 04:58:48.545 [info] > git for-each-ref --format=%(refname)%00%(upstream:short)%00%(objectname)%00%(upstream:track)%00%(upstream:remotename)%00%(upstream:remoteref) refs/heads/master refs/remotes/master [3ms]
2025-09-15 04:58:48.565 [warning] [Git][revParse] Unable to read file: ENOENT: no such file or directory, open '/home/efarzad22/ostep-projects/.git/refs/remotes/origin/master'
2025-09-15 04:58:48.570 [info] > git status -z -uall [98ms]
2025-09-15 04:58:48.570 [info] > git rev-parse refs/remotes/origin/master [6ms]
2025-09-15 04:58:48.589 [info] > git rev-parse --show-toplevel [34ms]
2025-09-15 04:58:48.590 [info] [Model][doInitialScan] Initial repository scan completed - repositories (2), closed repositories (0), parent repositories (0), unsafe repositories (0)
2025-09-15 04:58:48.592 [info] > git status -z -uall [12ms]
2025-09-15 04:58:48.672 [info] > git for-each-ref --sort -committerdate --format %(refname)%00%(objectname)%00%(*objectname) [82ms]
2025-09-15 04:58:48.697 [info] > git for-each-ref --format=%(refname)%00%(upstream:short)%00%(objectname)%00%(upstream:track)%00%(upstream:remotename)%00%(upstream:remoteref) refs/heads/master refs/remotes/master [12ms]
2025-09-15 04:58:48.714 [info] > git config --get commit.template [18ms]
2025-09-15 04:58:49.638 [info] > git config --get --local branch.master.vscode-merge-base [932ms]
2025-09-15 04:58:49.688 [info] > git for-each-ref --format=%(refname)%00%(upstream:short)%00%(objectname)%00%(upstream:track)%00%(upstream:remotename)%00%(upstream:remoteref) refs/heads/origin/master refs/remotes/origin/master [37ms]
2025-09-15 04:58:49.713 [info] > git merge-base refs/heads/master refs/remotes/origin/master [5ms]
2025-09-15 04:58:49.729 [info] > git for-each-ref --format=%(refname)%00%(upstream:short)%00%(objectname)%00%(upstream:track)%00%(upstream:remotename)%00%(upstream:remoteref) refs/heads/master refs/remotes/master [43ms]
2025-09-15 04:58:49.743 [warning] [Git][revParse] Unable to read file: ENOENT: no such file or directory, open '/home/efarzad22/ostep-projects/.git/refs/remotes/origin/master'
2025-09-15 04:58:49.745 [info] > git diff --name-status -z --diff-filter=ADMR 76cff3f89f4bf337af6e02e53a831b7eeb1396df...refs/remotes/origin/master [17ms]
2025-09-15 04:58:49.747 [info] > git rev-parse refs/remotes/origin/master [3ms]
2025-09-15 04:58:49.773 [info] > git status -z -uall [13ms]
2025-09-15 04:58:49.775 [info] > git for-each-ref --sort -committerdate --format %(refname)%00%(objectname)%00%(*objectname) [3ms]
2025-09-15 04:58:50.769 [info] > git check-ignore -v -z --stdin [73ms]
2025-09-15 04:58:50.770 [info] > git check-ignore -v -z --stdin [53ms]
2025-09-15 04:59:03.601 [info] > git config --get commit.template [14ms]
2025-09-15 04:59:03.602 [info] > git for-each-ref --format=%(refname)%00%(upstream:short)%00%(objectname)%00%(upstream:track)%00%(upstream:remotename)%00%(upstream:remoteref) refs/heads/main refs/remotes/main [3ms]
2025-09-15 04:59:03.632 [info] > git for-each-ref --sort -committerdate --format %(refname)%00%(objectname)%00%(*objectname) [2ms]
2025-09-15 04:59:03.688 [info] > git status -z -uall [72ms]
2025-09-15 04:59:08.782 [info] > git config --get commit.template [1ms]
2025-09-15 04:59:08.794 [info] > git for-each-ref --format=%(refname)%00%(upstream:short)%00%(objectname)%00%(upstream:track)%00%(upstream:remotename)%00%(upstream:remoteref) refs/heads/main refs/remotes/main [2ms]
2025-09-15 04:59:08.816 [info] > git for-each-ref --sort -committerdate --format %(refname)%00%(objectname)%00%(*objectname) [3ms]
2025-09-15 04:59:08.872 [info] > git status -z -uall [69ms]
2025-09-15 04:59:30.043 [info] > git config --get commit.template [11ms]
2025-09-15 04:59:30.044 [info] > git for-each-ref --format=%(refname)%00%(upstream:short)%00%(objectname)%00%(upstream:track)%00%(upstream:remotename)%00%(upstream:remoteref) refs/heads/main refs/remotes/main [2ms]
2025-09-15 04:59:30.066 [info] > git for-each-ref --sort -committerdate --format %(refname)%00%(objectname)%00%(*objectname) [2ms]
2025-09-15 04:59:30.122 [info] > git status -z -uall [67ms]
2025-09-15 04:59:37.231 [info] > git config --get commit.template [11ms]
2025-09-15 04:59:37.232 [info] > git for-each-ref --format=%(refname)%00%(upstream:short)%00%(objectname)%00%(upstream:track)%00%(upstream:remotename)%00%(upstream:remoteref) refs/heads/main refs/remotes/main [2ms]
2025-09-15 04:59:37.253 [info] > git for-each-ref --sort -committerdate --format %(refname)%00%(objectname)%00%(*objectname) [2ms]
2025-09-15 04:59:37.311 [info] > git status -z -uall [69ms]
2025-09-15 05:03:12.950 [info] > git config --get commit.template [10ms]
2025-09-15 05:03:12.950 [info] > git for-each-ref --format=%(refname)%00%(upstream:short)%00%(objectname)%00%(upstream:track)%00%(upstream:remotename)%00%(upstream:remoteref) refs/heads/main refs/remotes/main [2ms]
2025-09-15 05:03:12.974 [info] > git for-each-ref --sort -committerdate --format %(refname)%00%(objectname)%00%(*objectname) [3ms]
2025-09-15 05:03:13.040 [info] > git status -z -uall [78ms]
2025-09-15 05:03:18.149 [info] > git config --get commit.template [10ms]
2025-09-15 05:03:18.150 [info] > git for-each-ref --format=%(refname)%00%(upstream:short)%00%(objectname)%00%(upstream:track)%00%(upstream:remotename)%00%(upstream:remoteref) refs/heads/main refs/remotes/main [3ms]
2025-09-15 05:03:18.173 [info] > git for-each-ref --sort -committerdate --format %(refname)%00%(objectname)%00%(*objectname) [3ms]
2025-09-15 05:03:18.233 [info] > git status -z -uall [73ms]
