2025-09-15 05:04:57.511 [info] [main] Log level: Info
2025-09-15 05:04:57.511 [info] [main] Validating found git in: "git"
2025-09-15 05:04:57.511 [info] [main] Using git "2.43.0" from "git"
2025-09-15 05:04:57.511 [info] [Model][doInitialScan] Initial repository scan started
2025-09-15 05:04:57.511 [info] > git rev-parse --show-toplevel [27ms]
2025-09-15 05:04:57.511 [info] > git rev-parse --git-dir --git-common-dir [2ms]
2025-09-15 05:04:57.511 [info] [Model][openRepository] Opened repository (path): /home/efarzad22
2025-09-15 05:04:57.511 [info] [Model][openRepository] Opened repository (real path): /home/efarzad22
2025-09-15 05:04:57.511 [info] > git config --get commit.template [7ms]
2025-09-15 05:04:57.511 [info] > git rev-parse --show-toplevel [3ms]
2025-09-15 05:04:57.511 [info] > git for-each-ref --format=%(refname)%00%(upstream:short)%00%(objectname)%00%(upstream:track)%00%(upstream:remotename)%00%(upstream:remoteref) refs/heads/main refs/remotes/main [9ms]
2025-09-15 05:04:57.511 [info] > git for-each-ref --sort -committerdate --format %(refname)%00%(objectname)%00%(*objectname) [13ms]
2025-09-15 05:04:57.511 [info] > git rev-parse --show-toplevel [33ms]
2025-09-15 05:04:57.511 [info] > git rev-parse --show-toplevel [409ms]
2025-09-15 05:04:57.511 [info] > git status -z -uall [467ms]
2025-09-15 05:04:57.511 [info] > git for-each-ref --format=%(refname)%00%(upstream:short)%00%(objectname)%00%(upstream:track)%00%(upstream:remotename)%00%(upstream:remoteref) refs/heads/main refs/remotes/main [1073ms]
2025-09-15 05:04:57.511 [info] > git rev-parse --show-toplevel [1259ms]
2025-09-15 05:04:57.511 [info] > git check-ignore -v -z --stdin [3286ms]
2025-09-15 05:04:57.511 [info] > git config --get --local branch.main.vscode-merge-base [3297ms]
2025-09-15 05:04:57.511 [warning] [Git][config] git config failed: Failed to execute git
2025-09-15 05:04:57.511 [info] > git config --get commit.template [3389ms]
2025-09-15 05:04:57.511 [info] > git reflog main --grep-reflog=branch: Created from *. [12ms]
2025-09-15 05:04:57.511 [info] > git rev-parse --show-toplevel [3298ms]
2025-09-15 05:04:57.584 [info] > git symbolic-ref --short refs/remotes/origin/HEAD [95ms]
2025-09-15 05:04:57.584 [info] fatal: ref refs/remotes/origin/HEAD is not a symbolic ref
2025-09-15 05:04:57.584 [warning] [Repository][getDefaultBranch] Failed to get default branch details: Failed to execute git.
2025-09-15 05:04:57.811 [info] > git merge-base refs/heads/main refs/remotes/origin/main [197ms]
2025-09-15 05:04:57.841 [info] > git rev-parse --show-toplevel [262ms]
2025-09-15 05:04:57.842 [info] > git for-each-ref --format=%(refname)%00%(upstream:short)%00%(objectname)%00%(upstream:track)%00%(upstream:remotename)%00%(upstream:remoteref) refs/heads/main refs/remotes/main [334ms]
2025-09-15 05:04:58.331 [info] > git diff --name-status -z --diff-filter=ADMR 51ea7063ff6ed5f99aa192e4be657313910b2dfc...refs/remotes/origin/main [490ms]
2025-09-15 05:04:58.348 [info] > git rev-parse --show-toplevel [76ms]
2025-09-15 05:04:58.458 [info] > git rev-parse --show-toplevel [85ms]
2025-09-15 05:04:58.490 [info] > git for-each-ref --sort -committerdate --format %(refname)%00%(objectname)%00%(*objectname) [52ms]
2025-09-15 05:04:58.498 [info] > git rev-parse --show-toplevel [25ms]
2025-09-15 05:04:58.689 [info] > git rev-parse --show-toplevel [176ms]
2025-09-15 05:04:58.729 [info] > git status -z -uall [315ms]
2025-09-15 05:04:58.730 [info] > git rev-parse --show-toplevel [30ms]
2025-09-15 05:04:59.841 [info] > git rev-parse --git-dir --git-common-dir [1095ms]
2025-09-15 05:04:59.848 [info] [Model][openRepository] Opened repository (path): /home/efarzad22/ostep-projects
2025-09-15 05:04:59.848 [info] [Model][openRepository] Opened repository (real path): /home/efarzad22/ostep-projects
2025-09-15 05:04:59.900 [info] > git rev-parse --show-toplevel [17ms]
2025-09-15 05:04:59.900 [info] > git config --get commit.template [28ms]
2025-09-15 05:04:59.920 [info] > git rev-parse --show-toplevel [11ms]
2025-09-15 05:04:59.921 [info] > git for-each-ref --format=%(refname)%00%(upstream:short)%00%(objectname)%00%(upstream:track)%00%(upstream:remotename)%00%(upstream:remoteref) refs/heads/master refs/remotes/master [3ms]
2025-09-15 05:04:59.938 [warning] [Git][revParse] Unable to read file: ENOENT: no such file or directory, open '/home/efarzad22/ostep-projects/.git/refs/remotes/origin/master'
2025-09-15 05:04:59.939 [info] > git rev-parse --show-toplevel [10ms]
2025-09-15 05:04:59.940 [info] [Model][doInitialScan] Initial repository scan completed - repositories (2), closed repositories (0), parent repositories (0), unsafe repositories (0)
2025-09-15 05:04:59.941 [info] > git rev-parse refs/remotes/origin/master [3ms]
2025-09-15 05:04:59.968 [info] > git status -z -uall [18ms]
2025-09-15 05:04:59.969 [info] > git for-each-ref --sort -committerdate --format %(refname)%00%(objectname)%00%(*objectname) [10ms]
2025-09-15 05:05:00.086 [info] > git for-each-ref --format=%(refname)%00%(upstream:short)%00%(objectname)%00%(upstream:track)%00%(upstream:remotename)%00%(upstream:remoteref) refs/heads/master refs/remotes/master [103ms]
2025-09-15 05:05:00.097 [info] > git config --get commit.template [11ms]
2025-09-15 05:05:00.097 [info] > git config --get --local branch.master.vscode-merge-base [2ms]
2025-09-15 05:05:00.117 [info] > git for-each-ref --format=%(refname)%00%(upstream:short)%00%(objectname)%00%(upstream:track)%00%(upstream:remotename)%00%(upstream:remoteref) refs/heads/origin/master refs/remotes/origin/master [11ms]
2025-09-15 05:05:00.133 [info] > git for-each-ref --format=%(refname)%00%(upstream:short)%00%(objectname)%00%(upstream:track)%00%(upstream:remotename)%00%(upstream:remoteref) refs/heads/master refs/remotes/master [18ms]
2025-09-15 05:05:00.144 [info] > git merge-base refs/heads/master refs/remotes/origin/master [18ms]
2025-09-15 05:05:00.166 [warning] [Git][revParse] Unable to read file: ENOENT: no such file or directory, open '/home/efarzad22/ostep-projects/.git/refs/remotes/origin/master'
2025-09-15 05:05:00.266 [info] > git rev-parse refs/remotes/origin/master [100ms]
2025-09-15 05:05:00.285 [info] > git diff --name-status -z --diff-filter=ADMR 76cff3f89f4bf337af6e02e53a831b7eeb1396df...refs/remotes/origin/master [129ms]
2025-09-15 05:05:00.287 [info] > git status -z -uall [11ms]
2025-09-15 05:05:00.289 [info] > git for-each-ref --sort -committerdate --format %(refname)%00%(objectname)%00%(*objectname) [4ms]
2025-09-15 05:05:01.376 [info] > git check-ignore -v -z --stdin [16ms]
2025-09-15 05:05:01.377 [info] > git check-ignore -v -z --stdin [3ms]
2025-09-15 05:06:38.959 [info] > git config --get commit.template [9ms]
2025-09-15 05:06:38.960 [info] > git for-each-ref --format=%(refname)%00%(upstream:short)%00%(objectname)%00%(upstream:track)%00%(upstream:remotename)%00%(upstream:remoteref) refs/heads/main refs/remotes/main [3ms]
2025-09-15 05:06:38.981 [info] > git for-each-ref --sort -committerdate --format %(refname)%00%(objectname)%00%(*objectname) [4ms]
2025-09-15 05:06:39.050 [info] > git status -z -uall [80ms]
2025-09-15 05:06:44.152 [info] > git config --get commit.template [8ms]
2025-09-15 05:06:44.153 [info] > git for-each-ref --format=%(refname)%00%(upstream:short)%00%(objectname)%00%(upstream:track)%00%(upstream:remotename)%00%(upstream:remoteref) refs/heads/main refs/remotes/main [2ms]
2025-09-15 05:06:44.171 [info] > git for-each-ref --sort -committerdate --format %(refname)%00%(objectname)%00%(*objectname) [2ms]
2025-09-15 05:06:44.232 [info] > git status -z -uall [71ms]
2025-09-15 05:08:10.231 [info] > git for-each-ref --format=%(refname)%00%(upstream:short)%00%(objectname)%00%(upstream:track)%00%(upstream:remotename)%00%(upstream:remoteref) refs/heads/main refs/remotes/main [3ms]
2025-09-15 05:08:10.231 [info] > git config --get commit.template [11ms]
2025-09-15 05:08:10.295 [info] > git for-each-ref --sort -committerdate --format %(refname)%00%(objectname)%00%(*objectname) [48ms]
2025-09-15 05:08:10.314 [info] > git status -z -uall [73ms]
2025-09-15 05:09:33.143 [info] > git config --get commit.template [2ms]
2025-09-15 05:09:33.152 [info] > git for-each-ref --format=%(refname)%00%(upstream:short)%00%(objectname)%00%(upstream:track)%00%(upstream:remotename)%00%(upstream:remoteref) refs/heads/main refs/remotes/main [2ms]
2025-09-15 05:09:33.170 [info] > git for-each-ref --sort -committerdate --format %(refname)%00%(objectname)%00%(*objectname) [3ms]
2025-09-15 05:09:33.233 [info] > git status -z -uall [73ms]
