2025-09-15 05:15:33.862 [info] [main] Log level: Info
2025-09-15 05:15:33.863 [info] [main] Validating found git in: "git"
2025-09-15 05:15:33.863 [info] [main] Using git "2.43.0" from "git"
2025-09-15 05:15:33.863 [info] [Model][doInitialScan] Initial repository scan started
2025-09-15 05:15:33.863 [info] > git rev-parse --show-toplevel [38ms]
2025-09-15 05:15:33.863 [info] > git rev-parse --git-dir --git-common-dir [8ms]
2025-09-15 05:15:33.863 [info] [Model][openRepository] Opened repository (path): /home/efarzad22
2025-09-15 05:15:33.863 [info] [Model][openRepository] Opened repository (real path): /home/efarzad22
2025-09-15 05:15:33.865 [info] > git rev-parse --show-toplevel [9ms]
2025-09-15 05:15:33.866 [info] > git config --get commit.template [20ms]
2025-09-15 05:15:33.881 [info] > git for-each-ref --format=%(refname)%00%(upstream:short)%00%(objectname)%00%(upstream:track)%00%(upstream:remotename)%00%(upstream:remoteref) refs/heads/main refs/remotes/main [4ms]
2025-09-15 05:15:34.013 [info] > git rev-parse --show-toplevel [120ms]
2025-09-15 05:15:34.031 [info] > git for-each-ref --sort -committerdate --format %(refname)%00%(objectname)%00%(*objectname) [118ms]
2025-09-15 05:15:34.037 [info] > git rev-parse --show-toplevel [10ms]
2025-09-15 05:15:34.053 [info] > git status -z -uall [150ms]
2025-09-15 05:15:34.203 [info] > git for-each-ref --format=%(refname)%00%(upstream:short)%00%(objectname)%00%(upstream:track)%00%(upstream:remotename)%00%(upstream:remoteref) refs/heads/main refs/remotes/main [41ms]
2025-09-15 05:15:36.394 [info] > git config --get --local branch.main.vscode-merge-base [2181ms]
2025-09-15 05:15:36.394 [warning] [Git][config] git config failed: Failed to execute git
2025-09-15 05:15:36.412 [info] > git config --get commit.template [2221ms]
2025-09-15 05:15:36.413 [info] > git rev-parse --show-toplevel [2239ms]
2025-09-15 05:15:36.461 [info] > git check-ignore -v -z --stdin [28ms]
2025-09-15 05:15:36.470 [info] > git reflog main --grep-reflog=branch: Created from *. [58ms]
2025-09-15 05:15:36.509 [info] > git symbolic-ref --short refs/remotes/origin/HEAD [21ms]
2025-09-15 05:15:36.509 [info] fatal: ref refs/remotes/origin/HEAD is not a symbolic ref
2025-09-15 05:15:36.509 [warning] [Repository][getDefaultBranch] Failed to get default branch details: Failed to execute git.
2025-09-15 05:15:36.527 [info] > git rev-parse --show-toplevel [67ms]
2025-09-15 05:15:36.546 [info] > git for-each-ref --format=%(refname)%00%(upstream:short)%00%(objectname)%00%(upstream:track)%00%(upstream:remotename)%00%(upstream:remoteref) refs/heads/main refs/remotes/main [42ms]
2025-09-15 05:15:36.549 [info] > git rev-parse --show-toplevel [4ms]
2025-09-15 05:15:36.549 [info] > git merge-base refs/heads/main refs/remotes/origin/main [23ms]
2025-09-15 05:15:36.599 [info] > git diff --name-status -z --diff-filter=ADMR 51ea7063ff6ed5f99aa192e4be657313910b2dfc...refs/remotes/origin/main [23ms]
2025-09-15 05:15:36.661 [info] > git rev-parse --show-toplevel [63ms]
2025-09-15 05:15:36.694 [info] > git for-each-ref --sort -committerdate --format %(refname)%00%(objectname)%00%(*objectname) [34ms]
2025-09-15 05:15:36.704 [info] > git rev-parse --show-toplevel [11ms]
2025-09-15 05:15:36.768 [info] > git rev-parse --show-toplevel [32ms]
2025-09-15 05:15:36.812 [info] > git rev-parse --show-toplevel [19ms]
2025-09-15 05:15:36.839 [info] > git status -z -uall [209ms]
2025-09-15 05:15:38.870 [info] > git rev-parse --show-toplevel [2035ms]
2025-09-15 05:15:38.946 [info] > git rev-parse --git-dir --git-common-dir [7ms]
2025-09-15 05:15:38.957 [info] [Model][openRepository] Opened repository (path): /home/efarzad22/ostep-projects
2025-09-15 05:15:38.957 [info] [Model][openRepository] Opened repository (real path): /home/efarzad22/ostep-projects
2025-09-15 05:15:39.001 [info] > git config --get commit.template [20ms]
2025-09-15 05:15:39.002 [info] > git rev-parse --show-toplevel [4ms]
2025-09-15 05:15:39.036 [info] > git for-each-ref --format=%(refname)%00%(upstream:short)%00%(objectname)%00%(upstream:track)%00%(upstream:remotename)%00%(upstream:remoteref) refs/heads/master refs/remotes/master [18ms]
2025-09-15 05:15:39.051 [warning] [Git][revParse] Unable to read file: ENOENT: no such file or directory, open '/home/efarzad22/ostep-projects/.git/refs/remotes/origin/master'
2025-09-15 05:15:39.057 [info] > git rev-parse refs/remotes/origin/master [6ms]
2025-09-15 05:15:39.086 [info] > git rev-parse --show-toplevel [51ms]
2025-09-15 05:15:39.102 [info] > git status -z -uall [32ms]
2025-09-15 05:15:39.104 [info] > git for-each-ref --sort -committerdate --format %(refname)%00%(objectname)%00%(*objectname) [19ms]
2025-09-15 05:15:39.149 [info] > git rev-parse --show-toplevel [48ms]
2025-09-15 05:15:39.150 [info] [Model][doInitialScan] Initial repository scan completed - repositories (2), closed repositories (0), parent repositories (0), unsafe repositories (0)
2025-09-15 05:15:39.152 [info] > git config --get commit.template [13ms]
2025-09-15 05:15:39.152 [info] > git for-each-ref --format=%(refname)%00%(upstream:short)%00%(objectname)%00%(upstream:track)%00%(upstream:remotename)%00%(upstream:remoteref) refs/heads/master refs/remotes/master [31ms]
2025-09-15 05:15:39.183 [info] > git config --get --local branch.master.vscode-merge-base [16ms]
2025-09-15 05:15:39.200 [info] > git for-each-ref --format=%(refname)%00%(upstream:short)%00%(objectname)%00%(upstream:track)%00%(upstream:remotename)%00%(upstream:remoteref) refs/heads/master refs/remotes/master [18ms]
2025-09-15 05:15:39.214 [warning] [Git][revParse] Unable to read file: ENOENT: no such file or directory, open '/home/efarzad22/ostep-projects/.git/refs/remotes/origin/master'
2025-09-15 05:15:39.222 [info] > git for-each-ref --format=%(refname)%00%(upstream:short)%00%(objectname)%00%(upstream:track)%00%(upstream:remotename)%00%(upstream:remoteref) refs/heads/origin/master refs/remotes/origin/master [23ms]
2025-09-15 05:15:39.232 [info] > git rev-parse refs/remotes/origin/master [18ms]
2025-09-15 05:15:39.259 [info] > git status -z -uall [17ms]
2025-09-15 05:15:39.259 [info] > git merge-base refs/heads/master refs/remotes/origin/master [27ms]
2025-09-15 05:15:39.271 [info] > git for-each-ref --sort -committerdate --format %(refname)%00%(objectname)%00%(*objectname) [15ms]
2025-09-15 05:15:39.285 [info] > git diff --name-status -z --diff-filter=ADMR 76cff3f89f4bf337af6e02e53a831b7eeb1396df...refs/remotes/origin/master [16ms]
2025-09-15 05:15:39.286 [info] > git merge-base refs/heads/master refs/remotes/origin/master [3ms]
2025-09-15 05:15:39.299 [info] > git diff --name-status -z --diff-filter=ADMR 76cff3f89f4bf337af6e02e53a831b7eeb1396df...refs/remotes/origin/master [3ms]
2025-09-15 05:15:40.485 [info] > git check-ignore -v -z --stdin [124ms]
2025-09-15 05:15:40.486 [info] > git check-ignore -v -z --stdin [111ms]
2025-09-15 05:16:45.132 [info] > git config --get commit.template [10ms]
2025-09-15 05:16:45.133 [info] > git for-each-ref --format=%(refname)%00%(upstream:short)%00%(objectname)%00%(upstream:track)%00%(upstream:remotename)%00%(upstream:remoteref) refs/heads/main refs/remotes/main [3ms]
2025-09-15 05:16:45.155 [info] > git for-each-ref --sort -committerdate --format %(refname)%00%(objectname)%00%(*objectname) [3ms]
2025-09-15 05:16:45.216 [info] > git status -z -uall [73ms]
2025-09-15 05:17:32.831 [info] > git config --get commit.template [37ms]
2025-09-15 05:17:32.831 [info] > git for-each-ref --format=%(refname)%00%(upstream:short)%00%(objectname)%00%(upstream:track)%00%(upstream:remotename)%00%(upstream:remoteref) refs/heads/main refs/remotes/main [2ms]
2025-09-15 05:17:32.853 [info] > git for-each-ref --sort -committerdate --format %(refname)%00%(objectname)%00%(*objectname) [3ms]
2025-09-15 05:17:32.923 [info] > git status -z -uall [81ms]
2025-09-15 05:18:05.999 [info] > git config --get commit.template [3ms]
2025-09-15 05:18:06.010 [info] > git for-each-ref --format=%(refname)%00%(upstream:short)%00%(objectname)%00%(upstream:track)%00%(upstream:remotename)%00%(upstream:remoteref) refs/heads/main refs/remotes/main [2ms]
2025-09-15 05:18:06.036 [info] > git for-each-ref --sort -committerdate --format %(refname)%00%(objectname)%00%(*objectname) [2ms]
2025-09-15 05:18:06.101 [info] > git status -z -uall [79ms]
2025-09-15 05:18:11.199 [info] > git config --get commit.template [10ms]
2025-09-15 05:18:11.200 [info] > git for-each-ref --format=%(refname)%00%(upstream:short)%00%(objectname)%00%(upstream:track)%00%(upstream:remotename)%00%(upstream:remoteref) refs/heads/main refs/remotes/main [2ms]
2025-09-15 05:18:11.220 [info] > git for-each-ref --sort -committerdate --format %(refname)%00%(objectname)%00%(*objectname) [3ms]
2025-09-15 05:18:11.279 [info] > git status -z -uall [70ms]
