I[01:54:58.193] Ubuntu clangd version 14.0.6
I[01:54:58.193] Features: linux+grpc
I[01:54:58.193] PID: 4828
I[01:54:58.193] Working directory: /home/efarzad22
I[01:54:58.193] argv[0]: /usr/bin/clangd
I[01:54:58.196] Starting LSP over stdin/stdout
I[01:54:58.200] <-- initialize(0)
I[01:54:58.212] --> reply:initialize(0) 11 ms
I[01:54:58.215] <-- initialized
I[01:54:58.226] <-- textDocument/didOpen
I[01:54:58.238] Failed to find compilation database for /home/efarzad22/ostep-projects/initial-reverse/reverse.c
I[01:54:58.238] ASTWorker building file /home/efarzad22/ostep-projects/initial-reverse/reverse.c version 1 with command clangd fallback
[/home/efarzad22/ostep-projects/initial-reverse]
/usr/bin/clang -resource-dir=/usr/lib/llvm-14/lib/clang/14.0.6 -- /home/efarzad22/ostep-projects/initial-reverse/reverse.c
I[01:54:58.273] --> textDocument/clangd.fileStatus
I[01:54:58.317] <-- textDocument/documentSymbol(1)
I[01:54:58.317] <-- textDocument/documentLink(2)
I[01:54:58.317] <-- clangd/inlayHints(3)
I[01:54:58.317] <-- textDocument/codeAction(4)
I[01:54:58.439] --> workspace/semanticTokens/refresh(0)
I[01:54:58.439] --> textDocument/clangd.fileStatus
I[01:54:58.440] --> textDocument/clangd.fileStatus
I[01:54:58.442] <-- reply(0)
I[01:54:58.509] <-- textDocument/semanticTokens/full(5)
I[01:54:58.510] --> textDocument/publishDiagnostics
I[01:54:58.512] --> reply:textDocument/documentSymbol(1) 194 ms
I[01:54:58.512] --> reply:textDocument/documentLink(2) 194 ms
I[01:54:58.515] --> reply:clangd/inlayHints(3) 197 ms
I[01:54:58.518] --> reply:textDocument/codeAction(4) 200 ms
I[01:54:58.519] --> reply:textDocument/semanticTokens/full(5) 9 ms
I[01:54:58.519] --> textDocument/clangd.fileStatus
I[01:54:58.620] <-- textDocument/documentSymbol(6)
I[01:54:58.620] <-- textDocument/definition(7)
I[01:54:58.621] --> reply:textDocument/documentSymbol(6) 0 ms
I[01:54:58.621] --> reply:textDocument/definition(7) 0 ms
I[01:54:58.621] --> textDocument/clangd.fileStatus
I[01:54:58.783] <-- textDocument/didOpen
I[01:54:58.783] <-- textDocument/didClose
I[01:54:58.783] --> textDocument/publishDiagnostics
I[01:54:58.784] Failed to find compilation database for /usr/include/x86_64-linux-gnu/bits/struct_stat.h
I[01:54:58.784] ASTWorker building file /usr/include/x86_64-linux-gnu/bits/struct_stat.h version 1 with command clangd fallback
[/usr/include/x86_64-linux-gnu/bits]
/usr/bin/clang -xobjective-c++-header -resource-dir=/usr/lib/llvm-14/lib/clang/14.0.6 -- /usr/include/x86_64-linux-gnu/bits/struct_stat.h
I[01:54:58.982] <-- textDocument/codeAction(8)
I[01:54:58.984] --> reply:textDocument/codeAction(8) 2 ms
I[01:54:58.985] --> textDocument/clangd.fileStatus
I[01:54:59.435] <-- textDocument/hover(9)
I[01:54:59.440] --> reply:textDocument/hover(9) 5 ms
I[01:54:59.440] --> textDocument/clangd.fileStatus
I[02:20:33.564] <-- textDocument/codeAction(10)
I[02:20:33.564] <-- textDocument/codeAction(11)
I[02:20:33.564] <-- textDocument/codeAction(12)
I[02:20:33.566] --> reply:textDocument/codeAction(10) 1 ms
I[02:20:33.566] <-- $/cancelRequest
I[02:20:33.566] <-- $/cancelRequest
I[02:20:33.566] --> reply:textDocument/codeAction(11) 1 ms
I[02:20:33.567] --> reply:textDocument/codeAction(12) 2 ms
I[02:20:33.567] --> textDocument/clangd.fileStatus
I[02:20:36.001] <-- textDocument/documentLink(13)
I[02:20:36.001] --> reply:textDocument/documentLink(13) 0 ms
I[02:20:36.001] --> textDocument/clangd.fileStatus
I[02:20:47.439] <-- textDocument/documentLink(14)
I[02:20:47.439] <-- textDocument/codeAction(15)
I[02:20:47.439] --> reply:textDocument/documentLink(14) 0 ms
I[02:20:47.440] --> reply:textDocument/codeAction(15) 0 ms
I[02:20:47.440] --> textDocument/clangd.fileStatus
I[02:20:47.502] <-- textDocument/codeAction(16)
I[02:20:47.503] --> reply:textDocument/codeAction(16) 0 ms
I[02:20:47.503] --> textDocument/clangd.fileStatus
I[02:20:47.513] <-- textDocument/documentLink(17)
I[02:20:47.513] --> reply:textDocument/documentLink(17) 0 ms
I[02:20:47.513] --> textDocument/clangd.fileStatus
I[02:31:01.826] <-- textDocument/documentHighlight(18)
I[02:31:01.826] --> reply:textDocument/documentHighlight(18) 0 ms
I[02:31:01.826] --> textDocument/clangd.fileStatus
I[02:31:02.026] <-- textDocument/codeAction(19)
I[02:31:02.027] --> reply:textDocument/codeAction(19) 0 ms
I[02:31:02.027] --> textDocument/clangd.fileStatus
