2025-09-15 02:58:12.275 [info] [main] Log level: Info
2025-09-15 02:58:12.275 [info] [main] Validating found git in: "git"
2025-09-15 02:58:12.275 [info] [main] Using git "2.43.0" from "git"
2025-09-15 02:58:12.275 [info] [Model][doInitialScan] Initial repository scan started
2025-09-15 02:58:12.275 [info] > git rev-parse --show-toplevel [5ms]
2025-09-15 02:58:12.275 [info] > git rev-parse --git-dir --git-common-dir [3ms]
2025-09-15 02:58:12.275 [info] [Model][openRepository] Opened repository (path): /home/efarzad22
2025-09-15 02:58:12.275 [info] [Model][openRepository] Opened repository (real path): /home/efarzad22
2025-09-15 02:58:12.275 [info] > git rev-parse --show-toplevel [4ms]
2025-09-15 02:58:12.275 [info] > git config --get commit.template [15ms]
2025-09-15 02:58:12.275 [info] > git for-each-ref --format=%(refname)%00%(upstream:short)%00%(objectname)%00%(upstream:track)%00%(upstream:remotename)%00%(upstream:remoteref) refs/heads/main refs/remotes/main [5ms]
2025-09-15 02:58:12.275 [info] > git rev-parse --show-toplevel [12ms]
2025-09-15 02:58:12.275 [info] > git for-each-ref --sort -committerdate --format %(refname)%00%(objectname)%00%(*objectname) [7ms]
2025-09-15 02:58:12.275 [info] > git rev-parse --show-toplevel [3ms]
2025-09-15 02:58:12.275 [info] > git rev-parse --show-toplevel [2ms]
2025-09-15 02:58:12.275 [info] > git rev-parse --show-toplevel [2ms]
2025-09-15 02:58:12.275 [info] > git rev-parse --show-toplevel [2ms]
2025-09-15 02:58:12.275 [info] > git rev-parse --show-toplevel [2ms]
2025-09-15 02:58:12.275 [info] > git rev-parse --show-toplevel [2ms]
2025-09-15 02:58:12.275 [info] > git rev-parse --show-toplevel [1ms]
2025-09-15 02:58:12.275 [info] > git rev-parse --show-toplevel [1ms]
2025-09-15 02:58:12.275 [info] > git rev-parse --show-toplevel [2ms]
2025-09-15 02:58:12.275 [info] > git rev-parse --git-dir --git-common-dir [2ms]
2025-09-15 02:58:12.275 [info] [Model][openRepository] Opened repository (path): /home/efarzad22/ostep-projects
2025-09-15 02:58:12.275 [info] [Model][openRepository] Opened repository (real path): /home/efarzad22/ostep-projects
2025-09-15 02:58:12.275 [info] > git status -z -uall [85ms]
2025-09-15 02:58:12.275 [info] > git config --get commit.template [8ms]
2025-09-15 02:58:12.275 [info] > git rev-parse --show-toplevel [7ms]
2025-09-15 02:58:12.275 [info] > git for-each-ref --format=%(refname)%00%(upstream:short)%00%(objectname)%00%(upstream:track)%00%(upstream:remotename)%00%(upstream:remoteref) refs/heads/main refs/remotes/main [17ms]
2025-09-15 02:58:12.275 [info] > git config --get commit.template [8ms]
2025-09-15 02:58:12.275 [info] > git rev-parse --show-toplevel [12ms]
2025-09-15 02:58:12.275 [info] > git for-each-ref --format=%(refname)%00%(upstream:short)%00%(objectname)%00%(upstream:track)%00%(upstream:remotename)%00%(upstream:remoteref) refs/heads/master refs/remotes/master [15ms]
2025-09-15 02:58:12.275 [warning] [Git][revParse] Unable to read file: ENOENT: no such file or directory, open '/home/efarzad22/ostep-projects/.git/refs/remotes/origin/master'
2025-09-15 02:58:12.275 [info] > git config --get --local branch.main.vscode-merge-base [10ms]
2025-09-15 02:58:12.275 [warning] [Git][config] git config failed: Failed to execute git
2025-09-15 02:58:12.275 [info] > git reflog main --grep-reflog=branch: Created from *. [990ms]
2025-09-15 02:58:12.275 [info] > git rev-parse refs/remotes/origin/master [1000ms]
2025-09-15 02:58:12.275 [info] > git rev-parse --show-toplevel [1012ms]
2025-09-15 02:58:12.275 [info] [Model][doInitialScan] Initial repository scan completed - repositories (2), closed repositories (0), parent repositories (0), unsafe repositories (0)
2025-09-15 02:58:12.276 [info] > git status -z -uall [11ms]
2025-09-15 02:58:12.276 [info] > git for-each-ref --sort -committerdate --format %(refname)%00%(objectname)%00%(*objectname) [8ms]
2025-09-15 02:58:12.276 [info] > git symbolic-ref --short refs/remotes/origin/HEAD [33ms]
2025-09-15 02:58:12.276 [info] fatal: ref refs/remotes/origin/HEAD is not a symbolic ref
2025-09-15 02:58:12.276 [warning] [Repository][getDefaultBranch] Failed to get default branch details: Failed to execute git.
2025-09-15 02:58:12.276 [info] > git for-each-ref --format=%(refname)%00%(upstream:short)%00%(objectname)%00%(upstream:track)%00%(upstream:remotename)%00%(upstream:remoteref) refs/heads/main refs/remotes/main [160ms]
2025-09-15 02:58:12.276 [info] > git merge-base refs/heads/main refs/remotes/origin/main [10ms]
2025-09-15 02:58:12.276 [info] > git for-each-ref --format=%(refname)%00%(upstream:short)%00%(objectname)%00%(upstream:track)%00%(upstream:remotename)%00%(upstream:remoteref) refs/heads/master refs/remotes/master [24ms]
2025-09-15 02:58:12.276 [info] > git diff --name-status -z --diff-filter=ADMR 51ea7063ff6ed5f99aa192e4be657313910b2dfc...refs/remotes/origin/main [8ms]
2025-09-15 02:58:12.276 [info] > git config --get commit.template [15ms]
2025-09-15 02:58:12.276 [info] > git config --get --local branch.master.vscode-merge-base [8ms]
2025-09-15 02:58:12.276 [info] > git for-each-ref --format=%(refname)%00%(upstream:short)%00%(objectname)%00%(upstream:track)%00%(upstream:remotename)%00%(upstream:remoteref) refs/heads/master refs/remotes/master [13ms]
2025-09-15 02:58:12.276 [info] > git for-each-ref --format=%(refname)%00%(upstream:short)%00%(objectname)%00%(upstream:track)%00%(upstream:remotename)%00%(upstream:remoteref) refs/heads/origin/master refs/remotes/origin/master [18ms]
2025-09-15 02:58:12.276 [warning] [Git][revParse] Unable to read file: ENOENT: no such file or directory, open '/home/efarzad22/ostep-projects/.git/refs/remotes/origin/master'
2025-09-15 02:58:12.276 [info] > git for-each-ref --sort -committerdate --format %(refname)%00%(objectname)%00%(*objectname) [17ms]
2025-09-15 02:58:12.277 [info] > git rev-parse refs/remotes/origin/master [5ms]
2025-09-15 02:58:12.289 [info] > git merge-base refs/heads/master refs/remotes/origin/master [23ms]
2025-09-15 02:58:12.308 [info] > git status -z -uall [27ms]
2025-09-15 02:58:12.309 [info] > git diff --name-status -z --diff-filter=ADMR 76cff3f89f4bf337af6e02e53a831b7eeb1396df...refs/remotes/origin/master [15ms]
2025-09-15 02:58:12.309 [info] > git for-each-ref --sort -committerdate --format %(refname)%00%(objectname)%00%(*objectname) [21ms]
2025-09-15 02:58:12.333 [info] > git status -z -uall [80ms]
2025-09-15 02:58:13.320 [info] > git check-ignore -v -z --stdin [20ms]
2025-09-15 02:58:13.322 [info] > git check-ignore -v -z --stdin [16ms]
2025-09-15 03:01:10.911 [info] > git check-ignore -v -z --stdin [3ms]
2025-09-15 03:02:45.730 [info] > git config --get commit.template [10ms]
2025-09-15 03:02:45.731 [info] > git for-each-ref --format=%(refname)%00%(upstream:short)%00%(objectname)%00%(upstream:track)%00%(upstream:remotename)%00%(upstream:remoteref) refs/heads/main refs/remotes/main [3ms]
2025-09-15 03:02:45.753 [info] > git for-each-ref --sort -committerdate --format %(refname)%00%(objectname)%00%(*objectname) [3ms]
2025-09-15 03:02:45.818 [info] > git status -z -uall [77ms]
2025-09-15 03:02:55.769 [info] > git config --get commit.template [9ms]
2025-09-15 03:02:55.770 [info] > git for-each-ref --format=%(refname)%00%(upstream:short)%00%(objectname)%00%(upstream:track)%00%(upstream:remotename)%00%(upstream:remoteref) refs/heads/main refs/remotes/main [2ms]
2025-09-15 03:02:55.792 [info] > git for-each-ref --sort -committerdate --format %(refname)%00%(objectname)%00%(*objectname) [3ms]
2025-09-15 03:02:55.858 [info] > git status -z -uall [79ms]
2025-09-15 03:03:00.932 [info] > git config --get commit.template [12ms]
2025-09-15 03:03:00.933 [info] > git for-each-ref --format=%(refname)%00%(upstream:short)%00%(objectname)%00%(upstream:track)%00%(upstream:remotename)%00%(upstream:remoteref) refs/heads/main refs/remotes/main [3ms]
2025-09-15 03:03:00.953 [info] > git for-each-ref --sort -committerdate --format %(refname)%00%(objectname)%00%(*objectname) [2ms]
2025-09-15 03:03:01.012 [info] > git status -z -uall [70ms]
2025-09-15 03:04:07.411 [info] > git config --get commit.template [3ms]
2025-09-15 03:04:07.422 [info] > git for-each-ref --format=%(refname)%00%(upstream:short)%00%(objectname)%00%(upstream:track)%00%(upstream:remotename)%00%(upstream:remoteref) refs/heads/main refs/remotes/main [2ms]
2025-09-15 03:04:07.443 [info] > git for-each-ref --sort -committerdate --format %(refname)%00%(objectname)%00%(*objectname) [2ms]
2025-09-15 03:04:07.507 [info] > git status -z -uall [75ms]
2025-09-15 03:04:12.587 [info] > git config --get commit.template [10ms]
2025-09-15 03:04:12.588 [info] > git for-each-ref --format=%(refname)%00%(upstream:short)%00%(objectname)%00%(upstream:track)%00%(upstream:remotename)%00%(upstream:remoteref) refs/heads/main refs/remotes/main [2ms]
2025-09-15 03:04:12.610 [info] > git for-each-ref --sort -committerdate --format %(refname)%00%(objectname)%00%(*objectname) [2ms]
2025-09-15 03:04:12.666 [info] > git status -z -uall [68ms]
2025-09-15 03:04:22.232 [info] > git config --get commit.template [11ms]
2025-09-15 03:04:22.233 [info] > git for-each-ref --format=%(refname)%00%(upstream:short)%00%(objectname)%00%(upstream:track)%00%(upstream:remotename)%00%(upstream:remoteref) refs/heads/main refs/remotes/main [2ms]
2025-09-15 03:04:22.253 [info] > git for-each-ref --sort -committerdate --format %(refname)%00%(objectname)%00%(*objectname) [2ms]
2025-09-15 03:04:22.312 [info] > git status -z -uall [70ms]
2025-09-15 03:04:30.347 [info] > git config --get commit.template [10ms]
2025-09-15 03:04:30.348 [info] > git for-each-ref --format=%(refname)%00%(upstream:short)%00%(objectname)%00%(upstream:track)%00%(upstream:remotename)%00%(upstream:remoteref) refs/heads/main refs/remotes/main [2ms]
2025-09-15 03:04:30.370 [info] > git for-each-ref --sort -committerdate --format %(refname)%00%(objectname)%00%(*objectname) [3ms]
2025-09-15 03:04:30.428 [info] > git status -z -uall [70ms]
2025-09-15 03:04:52.998 [info] > git for-each-ref --format=%(refname)%00%(upstream:short)%00%(objectname)%00%(upstream:track)%00%(upstream:remotename)%00%(upstream:remoteref) refs/heads/main refs/remotes/main [3ms]
2025-09-15 03:04:52.999 [info] > git config --get commit.template [14ms]
2025-09-15 03:04:53.020 [info] > git for-each-ref --sort -committerdate --format %(refname)%00%(objectname)%00%(*objectname) [2ms]
2025-09-15 03:04:53.082 [info] > git status -z -uall [74ms]
2025-09-15 03:04:58.163 [info] > git config --get commit.template [10ms]
2025-09-15 03:04:58.164 [info] > git for-each-ref --format=%(refname)%00%(upstream:short)%00%(objectname)%00%(upstream:track)%00%(upstream:remotename)%00%(upstream:remoteref) refs/heads/main refs/remotes/main [2ms]
2025-09-15 03:04:58.186 [info] > git for-each-ref --sort -committerdate --format %(refname)%00%(objectname)%00%(*objectname) [3ms]
2025-09-15 03:04:58.243 [info] > git status -z -uall [69ms]
2025-09-15 03:05:03.310 [info] > git config --get commit.template [9ms]
2025-09-15 03:05:03.311 [info] > git for-each-ref --format=%(refname)%00%(upstream:short)%00%(objectname)%00%(upstream:track)%00%(upstream:remotename)%00%(upstream:remoteref) refs/heads/main refs/remotes/main [1ms]
2025-09-15 03:05:03.333 [info] > git for-each-ref --sort -committerdate --format %(refname)%00%(objectname)%00%(*objectname) [3ms]
2025-09-15 03:05:03.392 [info] > git status -z -uall [72ms]
2025-09-15 03:05:08.469 [info] > git config --get commit.template [11ms]
2025-09-15 03:05:08.470 [info] > git for-each-ref --format=%(refname)%00%(upstream:short)%00%(objectname)%00%(upstream:track)%00%(upstream:remotename)%00%(upstream:remoteref) refs/heads/main refs/remotes/main [2ms]
2025-09-15 03:05:08.491 [info] > git for-each-ref --sort -committerdate --format %(refname)%00%(objectname)%00%(*objectname) [3ms]
2025-09-15 03:05:08.549 [info] > git status -z -uall [68ms]
2025-09-15 03:05:30.151 [info] > git config --get commit.template [11ms]
2025-09-15 03:05:30.152 [info] > git for-each-ref --format=%(refname)%00%(upstream:short)%00%(objectname)%00%(upstream:track)%00%(upstream:remotename)%00%(upstream:remoteref) refs/heads/main refs/remotes/main [2ms]
2025-09-15 03:05:30.181 [info] > git for-each-ref --sort -committerdate --format %(refname)%00%(objectname)%00%(*objectname) [9ms]
2025-09-15 03:05:30.241 [info] > git status -z -uall [78ms]
