Initializing document watcher...
Document watcher initialized
efarzad22/reverse-program/reverse.c: {}
efarzad22/reverse-program/reverse.c: {}
efarzad22/ostep-projects/initial-reverse/reverse.c: {}
efarzad22/reverse-program/reverse.c: {}
efarzad22/ostep-projects/initial-reverse/reverse.c: {}
efarzad22/ostep-projects/initial-reverse/reverse.c: Using EditorConfig core...
efarzad22/ostep-projects/initial-reverse/reverse.c: {}
efarzad22/ostep-projects/initial-reverse/reverse.c: {}
efarzad22/ostep-projects/initial-reverse/reverse.c: {}
efarzad22/ostep-projects/initial-reverse/reverse.c: {}
efarzad22/ostep-projects/initial-reverse/reverse.c: {}
efarzad22/ostep-projects/initial-reverse/reverse.c: {}
efarzad22/ostep-projects/initial-reverse/reverse.c: Using EditorConfig core...
efarzad22/ostep-projects/initial-reverse/reverse.c: Using EditorConfig core...
efarzad22/ostep-projects/initial-reverse/reverse.c: Using EditorConfig core...
efarzad22/ostep-projects/initial-reverse/reverse.c: Using EditorConfig core...
efarzad22/ostep-projects/initial-reverse/reverse.c: Using EditorConfig core...
efarzad22/ostep-projects/initial-reverse/reverse.c: Using EditorConfig core...
efarzad22/ostep-projects/initial-reverse/reverse.c: Using EditorConfig core...
efarzad22/ostep-projects/initial-reverse/reverse.c: Using EditorConfig core...
efarzad22/ostep-projects/initial-reverse/reverse.c: Using EditorConfig core...
efarzad22/ostep-projects/initial-reverse/reverse.c: {}
efarzad22/ostep-projects/initial-reverse/reverse.c: Using EditorConfig core...
efarzad22/ostep-projects/initial-reverse/reverse.c: Using EditorConfig core...
efarzad22/ostep-projects/initial-reverse/reverse.c: {}
efarzad22/ostep-projects/initial-reverse/reverse.c: Using EditorConfig core...
efarzad22/ostep-projects/initial-reverse/reverse.c: Using EditorConfig core...
efarzad22/ostep-projects/initial-reverse/reverse.c: Using EditorConfig core...
efarzad22/ostep-projects/initial-reverse/reverse.c: Using EditorConfig core...
efarzad22/ostep-projects/initial-reverse/reverse.c: Using EditorConfig core...
efarzad22/ostep-projects/initial-reverse/reverse.c: Using EditorConfig core...
efarzad22/ostep-projects/initial-reverse/reverse.c: {}
efarzad22/ostep-projects/initial-reverse/reverse.c: {}
efarzad22/ostep-projects/initial-reverse/reverse.c: {}
efarzad22/ostep-projects/initial-reverse/reverse.c: {}
efarzad22/ostep-projects/initial-reverse/reverse.c: Using EditorConfig core...
efarzad22/ostep-projects/initial-reverse/reverse.c: Using EditorConfig core...
efarzad22/ostep-projects/initial-reverse/reverse.c: Using EditorConfig core...
efarzad22/ostep-projects/initial-reverse/reverse.c: {}
efarzad22/ostep-projects/initial-reverse/reverse.c: {}
efarzad22/ostep-projects/initial-reverse/reverse.c: {}
efarzad22/ostep-projects/initial-reverse/reverse.c: Using EditorConfig core...
