2025-09-04 22:13:34.721 [info] [main] Log level: Info
2025-09-04 22:13:34.723 [info] [main] Validating found git in: "git"
2025-09-04 22:13:34.723 [info] [main] Using git "2.43.0" from "git"
2025-09-04 22:13:34.723 [info] [Model][doInitialScan] Initial repository scan started
2025-09-04 22:13:34.723 [info] > git rev-parse --show-toplevel [2292ms]
2025-09-04 22:13:34.723 [info] fatal: not a git repository (or any parent up to mount point /)
Stopping at filesystem boundary (GIT_DISCOVERY_ACROSS_FILESYSTEM not set).
2025-09-04 22:13:34.723 [info] > git rev-parse --show-toplevel [14ms]
2025-09-04 22:13:34.723 [info] fatal: not a git repository (or any parent up to mount point /)
Stopping at filesystem boundary (GIT_DISCOVERY_ACROSS_FILESYSTEM not set).
2025-09-04 22:13:34.723 [info] > git rev-parse --show-toplevel [2293ms]
2025-09-04 22:13:34.723 [info] fatal: not a git repository (or any parent up to mount point /)
Stopping at filesystem boundary (GIT_DISCOVERY_ACROSS_FILESYSTEM not set).
2025-09-04 22:13:35.299 [info] > git rev-parse --show-toplevel [8ms]
2025-09-04 22:13:35.299 [info] fatal: not a git repository (or any parent up to mount point /)
Stopping at filesystem boundary (GIT_DISCOVERY_ACROSS_FILESYSTEM not set).
2025-09-04 22:13:35.319 [info] > git rev-parse --show-toplevel [12ms]
2025-09-04 22:13:35.319 [info] fatal: not a git repository (or any parent up to mount point /)
Stopping at filesystem boundary (GIT_DISCOVERY_ACROSS_FILESYSTEM not set).
2025-09-04 22:13:35.353 [info] > git rev-parse --show-toplevel [15ms]
2025-09-04 22:13:35.353 [info] fatal: not a git repository (or any parent up to mount point /)
Stopping at filesystem boundary (GIT_DISCOVERY_ACROSS_FILESYSTEM not set).
2025-09-04 22:13:35.365 [info] > git rev-parse --show-toplevel [4ms]
2025-09-04 22:13:35.365 [info] fatal: not a git repository (or any parent up to mount point /)
Stopping at filesystem boundary (GIT_DISCOVERY_ACROSS_FILESYSTEM not set).
2025-09-04 22:13:35.383 [info] > git rev-parse --show-toplevel [11ms]
2025-09-04 22:13:35.384 [info] fatal: not a git repository (or any parent up to mount point /)
Stopping at filesystem boundary (GIT_DISCOVERY_ACROSS_FILESYSTEM not set).
2025-09-04 22:13:35.393 [info] > git rev-parse --show-toplevel [2ms]
2025-09-04 22:13:35.393 [info] fatal: not a git repository (or any parent up to mount point /)
Stopping at filesystem boundary (GIT_DISCOVERY_ACROSS_FILESYSTEM not set).
2025-09-04 22:13:35.403 [info] > git rev-parse --show-toplevel [2ms]
2025-09-04 22:13:35.403 [info] fatal: not a git repository (or any parent up to mount point /)
Stopping at filesystem boundary (GIT_DISCOVERY_ACROSS_FILESYSTEM not set).
2025-09-04 22:13:35.414 [info] > git rev-parse --show-toplevel [3ms]
2025-09-04 22:13:35.414 [info] fatal: not a git repository (or any parent up to mount point /)
Stopping at filesystem boundary (GIT_DISCOVERY_ACROSS_FILESYSTEM not set).
2025-09-04 22:13:35.425 [info] > git rev-parse --show-toplevel [3ms]
2025-09-04 22:13:35.425 [info] fatal: not a git repository (or any parent up to mount point /)
Stopping at filesystem boundary (GIT_DISCOVERY_ACROSS_FILESYSTEM not set).
2025-09-04 22:13:35.434 [info] > git rev-parse --show-toplevel [2ms]
2025-09-04 22:13:35.434 [info] fatal: not a git repository (or any parent up to mount point /)
Stopping at filesystem boundary (GIT_DISCOVERY_ACROSS_FILESYSTEM not set).
2025-09-04 22:13:35.435 [info] [Model][doInitialScan] Initial repository scan completed - repositories (0), closed repositories (0), parent repositories (0), unsafe repositories (0)
2025-09-04 22:13:55.411 [info] > git rev-parse --show-toplevel [2ms]
2025-09-04 22:13:55.425 [info] > git rev-parse --git-dir --git-common-dir [2ms]
2025-09-04 22:13:55.443 [info] [Model][openRepository] Opened repository (path): /home/efarzad22/ostep-projects
2025-09-04 22:13:55.443 [info] [Model][openRepository] Opened repository (real path): /home/efarzad22/ostep-projects
2025-09-04 22:13:55.463 [info] > git config --get commit.template [3ms]
2025-09-04 22:13:55.479 [info] > git for-each-ref --format=%(refname)%00%(upstream:short)%00%(objectname)%00%(upstream:track)%00%(upstream:remotename)%00%(upstream:remoteref) refs/heads/master refs/remotes/master [2ms]
2025-09-04 22:13:55.480 [warning] [Git][getBranch] No such branch: master
2025-09-04 22:13:55.513 [info] > git status -z -uall [18ms]
2025-09-04 22:13:55.515 [info] > git for-each-ref --sort -committerdate --format %(refname)%00%(objectname)%00%(*objectname) [4ms]
2025-09-04 22:13:55.550 [info] > git for-each-ref --format=%(refname)%00%(upstream:short)%00%(objectname)%00%(upstream:track)%00%(upstream:remotename)%00%(upstream:remoteref) refs/heads/master refs/remotes/master [20ms]
2025-09-04 22:13:55.550 [warning] [Git][getBranch] No such branch: master
2025-09-04 22:13:55.551 [error] [GitHistoryProvider][resolveHEADMergeBase] Failed to resolve merge base for master: Error: No such branch: master.
2025-09-04 22:13:55.553 [info] > git config --get commit.template [4ms]
2025-09-04 22:13:55.568 [info] > git for-each-ref --format=%(refname)%00%(upstream:short)%00%(objectname)%00%(upstream:track)%00%(upstream:remotename)%00%(upstream:remoteref) refs/heads/master refs/remotes/master [3ms]
2025-09-04 22:13:55.568 [warning] [Git][getBranch] No such branch: master
2025-09-04 22:13:55.658 [info] > git status -z -uall [76ms]
2025-09-04 22:13:55.666 [info] > git for-each-ref --sort -committerdate --format %(refname)%00%(objectname)%00%(*objectname) [71ms]
2025-09-04 22:13:56.118 [info] > git check-ignore -v -z --stdin [1ms]
2025-09-04 22:13:58.509 [info] > git config --get commit.template [11ms]
2025-09-04 22:13:58.510 [info] > git for-each-ref --format=%(refname)%00%(upstream:short)%00%(objectname)%00%(upstream:track)%00%(upstream:remotename)%00%(upstream:remoteref) refs/heads/master refs/remotes/master [2ms]
2025-09-04 22:13:58.520 [warning] [Git][revParse] Unable to read file: ENOENT: no such file or directory, open '/home/efarzad22/ostep-projects/.git/refs/remotes/origin/master'
2025-09-04 22:13:58.521 [info] > git rev-parse refs/remotes/origin/master [2ms]
2025-09-04 22:13:58.543 [info] > git for-each-ref --sort -committerdate --format %(refname)%00%(objectname)%00%(*objectname) [2ms]
2025-09-04 22:13:58.853 [info] > git status -z -uall [322ms]
2025-09-04 22:13:58.870 [info] > git merge-base refs/heads/master refs/remotes/origin/master [2ms]
2025-09-04 22:13:58.883 [info] > git diff --name-status -z --diff-filter=ADMR 76cff3f89f4bf337af6e02e53a831b7eeb1396df...refs/remotes/origin/master [2ms]
2025-09-04 22:13:59.890 [info] > git check-ignore -v -z --stdin [2ms]
2025-09-04 22:14:08.406 [info] > git check-ignore -v -z --stdin [2ms]
2025-09-04 22:14:15.230 [info] > git show --textconv :initial-reverse/reverse.c [9ms]
2025-09-04 22:14:15.238 [info] > git ls-files --stage -- initial-reverse/reverse.c [9ms]
2025-09-04 22:14:15.248 [info] > git hash-object -t tree /dev/null [10ms]
2025-09-04 22:14:15.248 [warning] [GitFileSystemProvider][readFile] File not found - git:/home/efarzad22/ostep-projects/initial-reverse/reverse.c.git?%7B%22path%22%3A%22%2Fhome%2Fefarzad22%2Fostep-projects%2Finitial-reverse%2Freverse.c%22%2C%22ref%22%3A%22%22%7D
2025-09-04 22:14:15.257 [info] > git hash-object -t tree /dev/null [11ms]
2025-09-04 22:14:15.257 [warning] [GitFileSystemProvider][stat] File not found - git:/home/efarzad22/ostep-projects/initial-reverse/reverse.c.git?%7B%22path%22%3A%22%2Fhome%2Fefarzad22%2Fostep-projects%2Finitial-reverse%2Freverse.c%22%2C%22ref%22%3A%22%22%7D
2025-09-04 22:14:15.458 [info] > git check-ignore -v -z --stdin [2ms]
2025-09-04 22:14:16.084 [info] > git config --get commit.template [9ms]
2025-09-04 22:14:16.085 [info] > git for-each-ref --format=%(refname)%00%(upstream:short)%00%(objectname)%00%(upstream:track)%00%(upstream:remotename)%00%(upstream:remoteref) refs/heads/master refs/remotes/master [2ms]
2025-09-04 22:14:16.092 [warning] [Git][revParse] Unable to read file: ENOENT: no such file or directory, open '/home/efarzad22/ostep-projects/.git/refs/remotes/origin/master'
2025-09-04 22:14:16.093 [info] > git rev-parse refs/remotes/origin/master [2ms]
2025-09-04 22:14:16.109 [info] > git for-each-ref --sort -committerdate --format %(refname)%00%(objectname)%00%(*objectname) [2ms]
2025-09-04 22:14:16.426 [info] > git status -z -uall [326ms]
2025-09-04 22:14:19.419 [info] > git rev-parse --show-toplevel [6ms]
2025-09-04 22:14:19.419 [info] fatal: not a git repository (or any parent up to mount point /)
Stopping at filesystem boundary (GIT_DISCOVERY_ACROSS_FILESYSTEM not set).
2025-09-04 22:14:26.117 [info] > git config --get commit.template [9ms]
2025-09-04 22:14:26.118 [info] > git for-each-ref --format=%(refname)%00%(upstream:short)%00%(objectname)%00%(upstream:track)%00%(upstream:remotename)%00%(upstream:remoteref) refs/heads/master refs/remotes/master [2ms]
2025-09-04 22:14:26.124 [warning] [Git][revParse] Unable to read file: ENOENT: no such file or directory, open '/home/efarzad22/ostep-projects/.git/refs/remotes/origin/master'
2025-09-04 22:14:26.126 [info] > git rev-parse refs/remotes/origin/master [2ms]
2025-09-04 22:14:26.142 [info] > git for-each-ref --sort -committerdate --format %(refname)%00%(objectname)%00%(*objectname) [3ms]
2025-09-04 22:14:26.455 [info] > git status -z -uall [323ms]
2025-09-04 22:24:00.419 [info] > git config --get commit.template [7ms]
2025-09-04 22:24:00.419 [info] > git for-each-ref --format=%(refname)%00%(upstream:short)%00%(objectname)%00%(upstream:track)%00%(upstream:remotename)%00%(upstream:remoteref) refs/heads/master refs/remotes/master [2ms]
2025-09-04 22:24:00.426 [warning] [Git][revParse] Unable to read file: ENOENT: no such file or directory, open '/home/efarzad22/ostep-projects/.git/refs/remotes/origin/master'
2025-09-04 22:24:00.428 [info] > git rev-parse refs/remotes/origin/master [2ms]
2025-09-04 22:24:00.443 [info] > git for-each-ref --sort -committerdate --format %(refname)%00%(objectname)%00%(*objectname) [3ms]
2025-09-04 22:24:00.763 [info] > git status -z -uall [329ms]
2025-09-04 22:24:05.781 [info] > git config --get commit.template [8ms]
2025-09-04 22:24:05.781 [info] > git for-each-ref --format=%(refname)%00%(upstream:short)%00%(objectname)%00%(upstream:track)%00%(upstream:remotename)%00%(upstream:remoteref) refs/heads/master refs/remotes/master [2ms]
2025-09-04 22:24:05.788 [warning] [Git][revParse] Unable to read file: ENOENT: no such file or directory, open '/home/efarzad22/ostep-projects/.git/refs/remotes/origin/master'
2025-09-04 22:24:05.789 [info] > git rev-parse refs/remotes/origin/master [1ms]
2025-09-04 22:24:05.803 [info] > git for-each-ref --sort -committerdate --format %(refname)%00%(objectname)%00%(*objectname) [2ms]
2025-09-04 22:24:06.115 [info] > git status -z -uall [320ms]
2025-09-04 22:24:14.588 [info] > git config --get commit.template [7ms]
2025-09-04 22:24:14.590 [info] > git for-each-ref --format=%(refname)%00%(upstream:short)%00%(objectname)%00%(upstream:track)%00%(upstream:remotename)%00%(upstream:remoteref) refs/heads/master refs/remotes/master [2ms]
2025-09-04 22:24:14.596 [warning] [Git][revParse] Unable to read file: ENOENT: no such file or directory, open '/home/efarzad22/ostep-projects/.git/refs/remotes/origin/master'
2025-09-04 22:24:14.598 [info] > git rev-parse refs/remotes/origin/master [2ms]
2025-09-04 22:24:14.617 [info] > git for-each-ref --sort -committerdate --format %(refname)%00%(objectname)%00%(*objectname) [4ms]
2025-09-04 22:24:14.932 [info] > git status -z -uall [326ms]
2025-09-04 22:26:17.141 [info] > git config --get commit.template [7ms]
2025-09-04 22:26:17.142 [info] > git for-each-ref --format=%(refname)%00%(upstream:short)%00%(objectname)%00%(upstream:track)%00%(upstream:remotename)%00%(upstream:remoteref) refs/heads/master refs/remotes/master [3ms]
2025-09-04 22:26:17.148 [warning] [Git][revParse] Unable to read file: ENOENT: no such file or directory, open '/home/efarzad22/ostep-projects/.git/refs/remotes/origin/master'
2025-09-04 22:26:17.150 [info] > git rev-parse refs/remotes/origin/master [2ms]
2025-09-04 22:26:17.165 [info] > git for-each-ref --sort -committerdate --format %(refname)%00%(objectname)%00%(*objectname) [2ms]
2025-09-04 22:26:17.487 [info] > git status -z -uall [330ms]
2025-09-04 22:26:22.507 [info] > git config --get commit.template [7ms]
2025-09-04 22:26:22.508 [info] > git for-each-ref --format=%(refname)%00%(upstream:short)%00%(objectname)%00%(upstream:track)%00%(upstream:remotename)%00%(upstream:remoteref) refs/heads/master refs/remotes/master [2ms]
2025-09-04 22:26:22.515 [warning] [Git][revParse] Unable to read file: ENOENT: no such file or directory, open '/home/efarzad22/ostep-projects/.git/refs/remotes/origin/master'
2025-09-04 22:26:22.517 [info] > git rev-parse refs/remotes/origin/master [2ms]
2025-09-04 22:26:22.532 [info] > git for-each-ref --sort -committerdate --format %(refname)%00%(objectname)%00%(*objectname) [3ms]
2025-09-04 22:26:22.851 [info] > git status -z -uall [328ms]
2025-09-04 22:26:27.868 [info] > git config --get commit.template [5ms]
2025-09-04 22:26:27.878 [info] > git for-each-ref --format=%(refname)%00%(upstream:short)%00%(objectname)%00%(upstream:track)%00%(upstream:remotename)%00%(upstream:remoteref) refs/heads/master refs/remotes/master [3ms]
2025-09-04 22:26:27.884 [warning] [Git][revParse] Unable to read file: ENOENT: no such file or directory, open '/home/efarzad22/ostep-projects/.git/refs/remotes/origin/master'
2025-09-04 22:26:27.886 [info] > git rev-parse refs/remotes/origin/master [2ms]
2025-09-04 22:26:27.904 [info] > git for-each-ref --sort -committerdate --format %(refname)%00%(objectname)%00%(*objectname) [4ms]
2025-09-04 22:26:28.235 [info] > git status -z -uall [342ms]
2025-09-04 22:26:38.861 [info] > git config --get commit.template [9ms]
2025-09-04 22:26:38.863 [info] > git for-each-ref --format=%(refname)%00%(upstream:short)%00%(objectname)%00%(upstream:track)%00%(upstream:remotename)%00%(upstream:remoteref) refs/heads/master refs/remotes/master [3ms]
2025-09-04 22:26:38.872 [warning] [Git][revParse] Unable to read file: ENOENT: no such file or directory, open '/home/efarzad22/ostep-projects/.git/refs/remotes/origin/master'
2025-09-04 22:26:38.874 [info] > git rev-parse refs/remotes/origin/master [2ms]
2025-09-04 22:26:38.890 [info] > git for-each-ref --sort -committerdate --format %(refname)%00%(objectname)%00%(*objectname) [3ms]
2025-09-04 22:26:39.220 [info] > git status -z -uall [339ms]
2025-09-04 22:26:44.747 [info] > git config --get commit.template [10ms]
2025-09-04 22:26:44.749 [info] > git for-each-ref --format=%(refname)%00%(upstream:short)%00%(objectname)%00%(upstream:track)%00%(upstream:remotename)%00%(upstream:remoteref) refs/heads/master refs/remotes/master [3ms]
2025-09-04 22:26:44.757 [warning] [Git][revParse] Unable to read file: ENOENT: no such file or directory, open '/home/efarzad22/ostep-projects/.git/refs/remotes/origin/master'
2025-09-04 22:26:44.759 [info] > git rev-parse refs/remotes/origin/master [2ms]
2025-09-04 22:26:44.783 [info] > git for-each-ref --sort -committerdate --format %(refname)%00%(objectname)%00%(*objectname) [10ms]
2025-09-04 22:26:45.146 [info] > git status -z -uall [381ms]
2025-09-04 22:26:50.163 [info] > git config --get commit.template [8ms]
2025-09-04 22:26:50.164 [info] > git for-each-ref --format=%(refname)%00%(upstream:short)%00%(objectname)%00%(upstream:track)%00%(upstream:remotename)%00%(upstream:remoteref) refs/heads/master refs/remotes/master [2ms]
2025-09-04 22:26:50.170 [warning] [Git][revParse] Unable to read file: ENOENT: no such file or directory, open '/home/efarzad22/ostep-projects/.git/refs/remotes/origin/master'
2025-09-04 22:26:50.172 [info] > git rev-parse refs/remotes/origin/master [2ms]
2025-09-04 22:26:50.187 [info] > git for-each-ref --sort -committerdate --format %(refname)%00%(objectname)%00%(*objectname) [3ms]
2025-09-04 22:26:50.502 [info] > git status -z -uall [324ms]
2025-09-04 22:26:56.772 [info] > git config --get commit.template [7ms]
2025-09-04 22:26:56.774 [info] > git for-each-ref --format=%(refname)%00%(upstream:short)%00%(objectname)%00%(upstream:track)%00%(upstream:remotename)%00%(upstream:remoteref) refs/heads/master refs/remotes/master [3ms]
2025-09-04 22:26:56.780 [warning] [Git][revParse] Unable to read file: ENOENT: no such file or directory, open '/home/efarzad22/ostep-projects/.git/refs/remotes/origin/master'
2025-09-04 22:26:56.781 [info] > git rev-parse refs/remotes/origin/master [2ms]
2025-09-04 22:26:56.795 [info] > git for-each-ref --sort -committerdate --format %(refname)%00%(objectname)%00%(*objectname) [2ms]
2025-09-04 22:26:57.110 [info] > git status -z -uall [322ms]
2025-09-04 22:27:07.706 [info] > git config --get commit.template [9ms]
2025-09-04 22:27:07.708 [info] > git for-each-ref --format=%(refname)%00%(upstream:short)%00%(objectname)%00%(upstream:track)%00%(upstream:remotename)%00%(upstream:remoteref) refs/heads/master refs/remotes/master [3ms]
2025-09-04 22:27:07.714 [warning] [Git][revParse] Unable to read file: ENOENT: no such file or directory, open '/home/efarzad22/ostep-projects/.git/refs/remotes/origin/master'
2025-09-04 22:27:07.717 [info] > git rev-parse refs/remotes/origin/master [3ms]
2025-09-04 22:27:07.735 [info] > git for-each-ref --sort -committerdate --format %(refname)%00%(objectname)%00%(*objectname) [4ms]
2025-09-04 22:27:08.086 [info] > git status -z -uall [362ms]
2025-09-04 22:27:13.104 [info] > git config --get commit.template [7ms]
2025-09-04 22:27:13.106 [info] > git for-each-ref --format=%(refname)%00%(upstream:short)%00%(objectname)%00%(upstream:track)%00%(upstream:remotename)%00%(upstream:remoteref) refs/heads/master refs/remotes/master [3ms]
2025-09-04 22:27:13.114 [warning] [Git][revParse] Unable to read file: ENOENT: no such file or directory, open '/home/efarzad22/ostep-projects/.git/refs/remotes/origin/master'
2025-09-04 22:27:13.117 [info] > git rev-parse refs/remotes/origin/master [3ms]
2025-09-04 22:27:13.145 [info] > git for-each-ref --sort -committerdate --format %(refname)%00%(objectname)%00%(*objectname) [15ms]
2025-09-04 22:27:13.630 [info] > git status -z -uall [507ms]
2025-09-04 22:34:51.684 [info] > git config --get commit.template [12ms]
2025-09-04 22:34:51.686 [info] > git for-each-ref --format=%(refname)%00%(upstream:short)%00%(objectname)%00%(upstream:track)%00%(upstream:remotename)%00%(upstream:remoteref) refs/heads/master refs/remotes/master [3ms]
2025-09-04 22:34:51.695 [warning] [Git][revParse] Unable to read file: ENOENT: no such file or directory, open '/home/efarzad22/ostep-projects/.git/refs/remotes/origin/master'
2025-09-04 22:34:51.702 [info] > git rev-parse refs/remotes/origin/master [7ms]
2025-09-04 22:34:51.725 [info] > git for-each-ref --sort -committerdate --format %(refname)%00%(objectname)%00%(*objectname) [3ms]
2025-09-04 22:34:52.046 [info] > git status -z -uall [336ms]
2025-09-04 22:34:57.063 [info] > git config --get commit.template [7ms]
2025-09-04 22:34:57.064 [info] > git for-each-ref --format=%(refname)%00%(upstream:short)%00%(objectname)%00%(upstream:track)%00%(upstream:remotename)%00%(upstream:remoteref) refs/heads/master refs/remotes/master [2ms]
2025-09-04 22:34:57.071 [warning] [Git][revParse] Unable to read file: ENOENT: no such file or directory, open '/home/efarzad22/ostep-projects/.git/refs/remotes/origin/master'
2025-09-04 22:34:57.072 [info] > git rev-parse refs/remotes/origin/master [1ms]
2025-09-04 22:34:57.089 [info] > git for-each-ref --sort -committerdate --format %(refname)%00%(objectname)%00%(*objectname) [3ms]
2025-09-04 22:34:57.401 [info] > git status -z -uall [321ms]
2025-09-04 22:35:10.551 [info] > git config --get commit.template [8ms]
2025-09-04 22:35:10.552 [info] > git for-each-ref --format=%(refname)%00%(upstream:short)%00%(objectname)%00%(upstream:track)%00%(upstream:remotename)%00%(upstream:remoteref) refs/heads/master refs/remotes/master [2ms]
2025-09-04 22:35:10.559 [warning] [Git][revParse] Unable to read file: ENOENT: no such file or directory, open '/home/efarzad22/ostep-projects/.git/refs/remotes/origin/master'
2025-09-04 22:35:10.562 [info] > git rev-parse refs/remotes/origin/master [3ms]
2025-09-04 22:35:10.579 [info] > git for-each-ref --sort -committerdate --format %(refname)%00%(objectname)%00%(*objectname) [2ms]
2025-09-04 22:35:10.906 [info] > git status -z -uall [338ms]
