Initializing document watcher...
Document watcher initialized
efarzad22/ostep-projects/initial-reverse/reverse.c: {}
efarzad22/ostep-projects/initial-reverse/reverse.c: {}
efarzad22/ostep-projects/initial-reverse/reverse.c: {}
efarzad22/ostep-projects/initial-reverse/reverse.c: {}
efarzad22/ostep-projects/initial-reverse/reverse.c: {}
efarzad22/ostep-projects/initial-reverse/reverse.c: {}
efarzad22/ostep-projects/initial-reverse/reverse.c: Using EditorConfig core...
efarzad22/ostep-projects/initial-reverse/reverse.c: Using EditorConfig core...
efarzad22/ostep-projects/initial-reverse/reverse.c: Using EditorConfig core...
efarzad22/ostep-projects/initial-reverse/reverse.c: Using EditorConfig core...
efarzad22/ostep-projects/initial-reverse/reverse.c: Using EditorConfig core...
efarzad22/ostep-projects/initial-reverse/reverse.c: Using EditorConfig core...
efarzad22/ostep-projects/initial-reverse/reverse.c: Using EditorConfig core...
efarzad22/ostep-projects/initial-reverse/reverse.c: Using EditorConfig core...
efarzad22/ostep-projects/initial-reverse/reverse.c: Using EditorConfig core...
efarzad22/ostep-projects/initial-reverse/reverse.c: Using EditorConfig core...
efarzad22/ostep-projects/initial-reverse/reverse.c: Using EditorConfig core...
efarzad22/ostep-projects/initial-reverse/reverse.c: Using EditorConfig core...
efarzad22/ostep-projects/initial-reverse/reverse.c: Using EditorConfig core...
efarzad22/ostep-projects/initial-reverse/reverse.c: Using EditorConfig core...
efarzad22/ostep-projects/initial-reverse/reverse.c: Using EditorConfig core...
efarzad22/ostep-projects/initial-reverse/reverse.c: Using EditorConfig core...
efarzad22/ostep-projects/initial-reverse/reverse.c: Using EditorConfig core...
efarzad22/ostep-projects/initial-reverse/reverse.c: Using EditorConfig core...
efarzad22/ostep-projects/initial-reverse/reverse.c: Using EditorConfig core...
efarzad22/ostep-projects/initial-reverse/reverse.c: Using EditorConfig core...
efarzad22/ostep-projects/initial-reverse/reverse.c: Using EditorConfig core...
efarzad22/ostep-projects/initial-reverse/reverse.c: Using EditorConfig core...
efarzad22/ostep-projects/initial-reverse/reverse.c: Using EditorConfig core...
efarzad22/ostep-projects/initial-reverse/reverse.c: {}
efarzad22/ostep-projects/initial-reverse/reverse.c: Using EditorConfig core...
efarzad22/ostep-projects/initial-reverse/reverse.c: Using EditorConfig core...
efarzad22/ostep-projects/initial-reverse/reverse.c: Using EditorConfig core...
efarzad22/ostep-projects/initial-reverse/reverse.c: Using EditorConfig core...
efarzad22/ostep-projects/initial-reverse/reverse.c: Using EditorConfig core...
efarzad22/ostep-projects/initial-reverse/reverse.c: Using EditorConfig core...
efarzad22/ostep-projects/initial-reverse/reverse.c: Using EditorConfig core...
efarzad22/ostep-projects/initial-reverse/reverse.c: Using EditorConfig core...
efarzad22/ostep-projects/initial-reverse/reverse.c: Using EditorConfig core...
efarzad22/ostep-projects/initial-reverse/reverse.c: {}
efarzad22/ostep-projects/initial-reverse/reverse.c: {}
efarzad22/ostep-projects/initial-reverse/reverse.c: {}
efarzad22/ostep-projects/initial-reverse/reverse.c: {}
efarzad22/ostep-projects/initial-reverse/output.txt: {}
efarzad22/ostep-projects/initial-reverse/input.txt: {}
efarzad22/ostep-projects/initial-reverse/output.txt: {}
efarzad22/ostep-projects/initial-reverse/test-reverse.sh: {}
efarzad22/ostep-projects/initial-reverse/reverse.c: {}
efarzad22/ostep-projects/initial-reverse/reverse.c: Using EditorConfig core...
efarzad22/ostep-projects/initial-reverse/reverse.c: Using EditorConfig core...
efarzad22/ostep-projects/initial-reverse/reverse.c: Using EditorConfig core...
efarzad22/ostep-projects/initial-reverse/reverse.c: Using EditorConfig core...
efarzad22/ostep-projects/initial-reverse/tests/2.desc: {}
efarzad22/ostep-projects/initial-reverse/tests/2.err: {}
efarzad22/ostep-projects/initial-reverse/tests/2.out: {}
efarzad22/ostep-projects/initial-reverse/tests/2.err: {}
efarzad22/ostep-projects/initial-reverse/reverse.c: {}
efarzad22/ostep-projects/initial-reverse/tests/1.desc: {}
efarzad22/ostep-projects/initial-reverse/tests/1.desc: {}
efarzad22/ostep-projects/initial-reverse/tests/1.err: {}
efarzad22/ostep-projects/initial-reverse/tests/1.out: {}
efarzad22/ostep-projects/initial-reverse/tests/1.rc: {}
efarzad22/ostep-projects/initial-reverse/tests/1.run: {}
efarzad22/ostep-projects/initial-reverse/tests/2.desc: {}
efarzad22/ostep-projects/initial-reverse/tests/2.err: {}
efarzad22/ostep-projects/initial-reverse/tests/2.out: {}
efarzad22/ostep-projects/initial-reverse/tests/2.rc: {}
efarzad22/ostep-projects/initial-reverse/tests/2.run: {}
efarzad22/ostep-projects/initial-reverse/tests/3.desc: {}
efarzad22/ostep-projects/initial-reverse/tests/3.err: {}
efarzad22/ostep-projects/initial-reverse/tests/3.out: {}
efarzad22/ostep-projects/initial-reverse/tests/4.desc: {}
efarzad22/ostep-projects/initial-reverse/reverse.c: {}
efarzad22/ostep-projects/initial-reverse/tests/2.err: {}
efarzad22/ostep-projects/initial-reverse/reverse.c: {}
efarzad22/ostep-projects/initial-reverse/reverse.c: Using EditorConfig core...
efarzad22/ostep-projects/initial-reverse/reverse.c: Using EditorConfig core...
efarzad22/ostep-projects/initial-reverse/tests/2.err: {}
efarzad22/ostep-projects/initial-reverse/reverse.c: {}
efarzad22/ostep-projects/initial-reverse/tests-out/2.err: {}
efarzad22/ostep-projects/initial-reverse/tests/2.err: {}
efarzad22/ostep-projects/initial-reverse/tests-out/2.err: {}
efarzad22/ostep-projects/initial-reverse/reverse.c: {}
efarzad22/ostep-projects/initial-reverse/reverse.c: Using EditorConfig core...
efarzad22/ostep-projects/initial-reverse/reverse.c: Using EditorConfig core...
efarzad22/ostep-projects/initial-reverse/tests-out/4.err: {}
efarzad22/ostep-projects/initial-reverse/tests/4.err: {}
efarzad22/ostep-projects/initial-reverse/reverse.c: {}
efarzad22/ostep-projects/initial-reverse/reverse.c: Using EditorConfig core...
efarzad22/ostep-projects/initial-reverse/reverse.c: Using EditorConfig core...
efarzad22/ostep-projects/initial-reverse/tests-out/5.rc: {}
efarzad22/ostep-projects/initial-reverse/tests/5.in: {}
efarzad22/ostep-projects/initial-reverse/tests/5.in: Using EditorConfig core...
efarzad22/ostep-projects/initial-reverse/tests/5.rc: {}
efarzad22/ostep-projects/initial-reverse/tests/5.run: {}
efarzad22/ostep-projects/initial-reverse/tests/5.in: {}
efarzad22/ostep-projects/initial-reverse/tests/5.out: {}
efarzad22/ostep-projects/initial-reverse/tests/5.in: {}
efarzad22/ostep-projects/initial-reverse/tests/5.in: {}
efarzad22/ostep-projects/initial-reverse/tests/5.in: Using EditorConfig core...
efarzad22/ostep-projects/initial-reverse/tests/5.out: {}
efarzad22/ostep-projects/initial-reverse/tests/5.out: {}
efarzad22/ostep-projects/initial-reverse/tests/5.in: {}
efarzad22/ostep-projects/initial-reverse/tests/5.in: Using EditorConfig core...
efarzad22/ostep-projects/initial-reverse/tests/5.rc: {}
efarzad22/ostep-projects/initial-reverse/tests/5.rc: {}
efarzad22/ostep-projects/initial-reverse/tests/5.rc: {}
efarzad22/ostep-projects/initial-reverse/tests/5.rc: {}
efarzad22/ostep-projects/initial-reverse/tests/5.rc: {}
efarzad22/ostep-projects/initial-reverse/tests/5.rc: {}
efarzad22/ostep-projects/initial-reverse/tests/5.in: {}
efarzad22/ostep-projects/initial-reverse/tests/5.in: Using EditorConfig core...
efarzad22/ostep-projects/initial-reverse/tests/5.in: Using EditorConfig core...
efarzad22/ostep-projects/initial-reverse/tests/5.rc: {}
efarzad22/ostep-projects/initial-reverse/tests/5.in: {}
efarzad22/ostep-projects/initial-reverse/tests/5.rc: {}
efarzad22/ostep-projects/initial-reverse/tests-out/5.rc: {}
efarzad22/ostep-projects/initial-reverse/tests-out/5.out: {}
efarzad22/ostep-projects/initial-reverse/tests/5.in: {}
efarzad22/ostep-projects/initial-reverse/tests/5.in: Using EditorConfig core...
efarzad22/ostep-projects/initial-reverse/tests/5.in: {}
efarzad22/ostep-projects/initial-reverse/tests/5.in: {}
efarzad22/ostep-projects/initial-reverse/tests/5.run: {}
efarzad22/ostep-projects/initial-reverse/tests-out/5.out: {}
efarzad22/ostep-projects/initial-reverse/tests-out/5.rc: {}
efarzad22/ostep-projects/initial-reverse/tests/5.in: {}
efarzad22/ostep-projects/initial-reverse/tests/5.in: {}
efarzad22/ostep-projects/initial-reverse/tests/5.in: {}
efarzad22/ostep-projects/initial-reverse/reverse.c: {}
efarzad22/ostep-projects/initial-reverse/reverse.c: {}
efarzad22/ostep-projects/initial-reverse/reverse.c: {}
efarzad22/ostep-projects/initial-reverse/tests-out/5.rc: {}
efarzad22/ostep-projects/initial-reverse/tests/5.in: {}
efarzad22/ostep-projects/initial-reverse/tests/5.in: Using EditorConfig core...
efarzad22/ostep-projects/initial-reverse/tests-out/5.rc: {}
efarzad22/ostep-projects/initial-reverse/reverse.c: {}
efarzad22/ostep-projects/initial-reverse/reverse.c: {}
efarzad22/ostep-projects/initial-reverse/tests/5.run: {}
efarzad22/ostep-projects/initial-reverse/tests/5.run: {}
efarzad22/ostep-projects/initial-reverse/reverse.c: {}
efarzad22/ostep-projects/initial-reverse/reverse.c: {}
efarzad22/ostep-projects/initial-reverse/reverse.c: {}
efarzad22/ostep-projects/initial-reverse/reverse.c: {}
efarzad22/ostep-projects/initial-reverse/reverse.c: Using EditorConfig core...
efarzad22/ostep-projects/initial-reverse/reverse.c: Using EditorConfig core...
efarzad22/ostep-projects/initial-reverse/reverse.c: Using EditorConfig core...
efarzad22/ostep-projects/initial-reverse/reverse.c: Using EditorConfig core...
efarzad22/ostep-projects/initial-reverse/reverse.c: Using EditorConfig core...
efarzad22/ostep-projects/initial-reverse/reverse.c: Using EditorConfig core...
efarzad22/ostep-projects/initial-reverse/reverse.c: Using EditorConfig core...
efarzad22/ostep-projects/initial-reverse/reverse.c: Using EditorConfig core...
efarzad22/ostep-projects/initial-reverse/reverse.c: Using EditorConfig core...
efarzad22/ostep-projects/initial-reverse/reverse.c: Using EditorConfig core...
efarzad22/ostep-projects/initial-reverse/reverse.c: Using EditorConfig core...
efarzad22/ostep-projects/initial-reverse/reverse.c: Using EditorConfig core...
efarzad22/ostep-projects/initial-reverse/reverse.c: Using EditorConfig core...
efarzad22/ostep-projects/initial-reverse/reverse.c: Using EditorConfig core...
efarzad22/ostep-projects/initial-reverse/reverse.c: Using EditorConfig core...
efarzad22/ostep-projects/initial-reverse/reverse.c: Using EditorConfig core...
efarzad22/ostep-projects/initial-reverse/reverse.c: {}
efarzad22/ostep-projects/initial-reverse/reverse.c: Using EditorConfig core...
efarzad22/ostep-projects/initial-reverse/reverse.c: Using EditorConfig core...
efarzad22/ostep-projects/initial-reverse/tests-out/4.err: {}
efarzad22/ostep-projects/initial-reverse/tests/4.err: {}
efarzad22/ostep-projects/initial-reverse/reverse.c: {}
efarzad22/ostep-projects/initial-reverse/reverse.c: Using EditorConfig core...
efarzad22/ostep-projects/initial-reverse/tests/4.err: {}
efarzad22/ostep-projects/initial-reverse/reverse.c: {}
efarzad22/ostep-projects/initial-reverse/reverse.c: Using EditorConfig core...
efarzad22/ostep-projects/initial-reverse/tests/5.in: {}
efarzad22/ostep-projects/initial-reverse/tests/5.in: Using EditorConfig core...
efarzad22/ostep-projects/initial-reverse/reverse.c: {}
efarzad22/ostep-projects/initial-reverse/reverse.c: {}
efarzad22/ostep-projects/initial-reverse/reverse.c: {}
