2025-09-15 03:56:08.322 [info] [main] Log level: Info
2025-09-15 03:56:08.322 [info] [main] Validating found git in: "git"
2025-09-15 03:56:08.322 [info] [main] Using git "2.43.0" from "git"
2025-09-15 03:56:08.322 [info] [Model][doInitialScan] Initial repository scan started
2025-09-15 03:56:08.322 [info] > git rev-parse --show-toplevel [4ms]
2025-09-15 03:56:08.322 [info] > git rev-parse --git-dir --git-common-dir [3ms]
2025-09-15 03:56:08.322 [info] [Model][openRepository] Opened repository (path): /home/efarzad22
2025-09-15 03:56:08.322 [info] [Model][openRepository] Opened repository (real path): /home/efarzad22
2025-09-15 03:56:08.322 [info] > git rev-parse --show-toplevel [4ms]
2025-09-15 03:56:08.322 [info] > git config --get commit.template [9ms]
2025-09-15 03:56:08.322 [info] > git rev-parse --show-toplevel [506ms]
2025-09-15 03:56:08.322 [info] > git for-each-ref --format=%(refname)%00%(upstream:short)%00%(objectname)%00%(upstream:track)%00%(upstream:remotename)%00%(upstream:remoteref) refs/heads/main refs/remotes/main [514ms]
2025-09-15 03:56:08.322 [info] > git rev-parse --show-toplevel [30ms]
2025-09-15 03:56:08.322 [info] > git rev-parse --show-toplevel [17ms]
2025-09-15 03:56:08.324 [info] > git rev-parse --show-toplevel [3ms]
2025-09-15 03:56:08.324 [info] > git for-each-ref --sort -committerdate --format %(refname)%00%(objectname)%00%(*objectname) [13ms]
2025-09-15 03:56:08.335 [info] > git rev-parse --show-toplevel [1ms]
2025-09-15 03:56:08.344 [info] > git rev-parse --show-toplevel [2ms]
2025-09-15 03:56:08.354 [info] > git rev-parse --show-toplevel [4ms]
2025-09-15 03:56:08.392 [info] > git rev-parse --show-toplevel [31ms]
2025-09-15 03:56:08.404 [info] > git rev-parse --show-toplevel [4ms]
2025-09-15 03:56:08.446 [info] > git rev-parse --show-toplevel [31ms]
2025-09-15 03:56:08.455 [info] > git status -z -uall [152ms]
2025-09-15 03:56:08.618 [info] > git for-each-ref --format=%(refname)%00%(upstream:short)%00%(objectname)%00%(upstream:track)%00%(upstream:remotename)%00%(upstream:remoteref) refs/heads/main refs/remotes/main [36ms]
2025-09-15 03:56:08.626 [info] > git rev-parse --git-dir --git-common-dir [172ms]
2025-09-15 03:56:08.637 [info] [Model][openRepository] Opened repository (path): /home/efarzad22/ostep-projects
2025-09-15 03:56:08.637 [info] [Model][openRepository] Opened repository (real path): /home/efarzad22/ostep-projects
2025-09-15 03:56:09.869 [info] > git config --get --local branch.main.vscode-merge-base [1243ms]
2025-09-15 03:56:09.869 [warning] [Git][config] git config failed: Failed to execute git
2025-09-15 03:56:09.876 [info] > git config --get commit.template [1283ms]
2025-09-15 03:56:09.892 [info] > git check-ignore -v -z --stdin [9ms]
2025-09-15 03:56:09.894 [info] > git rev-parse --show-toplevel [102ms]
2025-09-15 03:56:09.895 [info] > git config --get commit.template [109ms]
2025-09-15 03:56:12.574 [info] > git rev-parse --show-toplevel [2667ms]
2025-09-15 03:56:12.574 [info] > git for-each-ref --format=%(refname)%00%(upstream:short)%00%(objectname)%00%(upstream:track)%00%(upstream:remotename)%00%(upstream:remoteref) refs/heads/main refs/remotes/main [2673ms]
2025-09-15 03:56:12.595 [info] > git for-each-ref --format=%(refname)%00%(upstream:short)%00%(objectname)%00%(upstream:track)%00%(upstream:remotename)%00%(upstream:remoteref) refs/heads/master refs/remotes/master [2677ms]
2025-09-15 03:56:12.596 [info] > git reflog main --grep-reflog=branch: Created from *. [2721ms]
2025-09-15 03:56:12.654 [warning] [Git][revParse] Unable to read file: ENOENT: no such file or directory, open '/home/efarzad22/ostep-projects/.git/refs/remotes/origin/master'
2025-09-15 03:56:12.660 [info] > git rev-parse --show-toplevel [76ms]
2025-09-15 03:56:12.661 [info] [Model][doInitialScan] Initial repository scan completed - repositories (2), closed repositories (0), parent repositories (0), unsafe repositories (0)
2025-09-15 03:56:12.667 [info] > git rev-parse refs/remotes/origin/master [13ms]
2025-09-15 03:56:12.700 [info] > git symbolic-ref --short refs/remotes/origin/HEAD [98ms]
2025-09-15 03:56:12.700 [info] fatal: ref refs/remotes/origin/HEAD is not a symbolic ref
2025-09-15 03:56:12.700 [warning] [Repository][getDefaultBranch] Failed to get default branch details: Failed to execute git.
2025-09-15 03:56:13.111 [info] > git status -z -uall [428ms]
2025-09-15 03:56:13.112 [info] > git for-each-ref --sort -committerdate --format %(refname)%00%(objectname)%00%(*objectname) [412ms]
2025-09-15 03:56:13.136 [info] > git for-each-ref --sort -committerdate --format %(refname)%00%(objectname)%00%(*objectname) [389ms]
2025-09-15 03:56:13.157 [info] > git merge-base refs/heads/main refs/remotes/origin/main [438ms]
2025-09-15 03:56:13.180 [info] > git status -z -uall [449ms]
2025-09-15 03:56:13.180 [info] > git check-ignore -v -z --stdin [59ms]
2025-09-15 03:56:13.181 [info] > git check-ignore -v -z --stdin [53ms]
2025-09-15 03:56:13.183 [info] > git for-each-ref --format=%(refname)%00%(upstream:short)%00%(objectname)%00%(upstream:track)%00%(upstream:remotename)%00%(upstream:remoteref) refs/heads/master refs/remotes/master [28ms]
2025-09-15 03:56:13.209 [info] > git config --get commit.template [35ms]
2025-09-15 03:56:13.209 [info] > git diff --name-status -z --diff-filter=ADMR 51ea7063ff6ed5f99aa192e4be657313910b2dfc...refs/remotes/origin/main [45ms]
2025-09-15 03:56:13.336 [info] > git config --get --local branch.master.vscode-merge-base [146ms]
2025-09-15 03:56:14.370 [info] > git for-each-ref --format=%(refname)%00%(upstream:short)%00%(objectname)%00%(upstream:track)%00%(upstream:remotename)%00%(upstream:remoteref) refs/heads/origin/master refs/remotes/origin/master [1025ms]
2025-09-15 03:56:14.391 [info] > git merge-base refs/heads/master refs/remotes/origin/master [14ms]
2025-09-15 03:56:14.402 [info] > git for-each-ref --format=%(refname)%00%(upstream:short)%00%(objectname)%00%(upstream:track)%00%(upstream:remotename)%00%(upstream:remoteref) refs/heads/master refs/remotes/master [37ms]
2025-09-15 03:56:14.411 [warning] [Git][revParse] Unable to read file: ENOENT: no such file or directory, open '/home/efarzad22/ostep-projects/.git/refs/remotes/origin/master'
2025-09-15 03:56:14.413 [info] > git diff --name-status -z --diff-filter=ADMR 76cff3f89f4bf337af6e02e53a831b7eeb1396df...refs/remotes/origin/master [12ms]
2025-09-15 03:56:14.414 [info] > git rev-parse refs/remotes/origin/master [3ms]
2025-09-15 03:56:14.439 [info] > git status -z -uall [18ms]
2025-09-15 03:56:14.441 [info] > git for-each-ref --sort -committerdate --format %(refname)%00%(objectname)%00%(*objectname) [13ms]
2025-09-15 03:56:48.124 [info] > git config --get commit.template [12ms]
2025-09-15 03:56:48.125 [info] > git for-each-ref --format=%(refname)%00%(upstream:short)%00%(objectname)%00%(upstream:track)%00%(upstream:remotename)%00%(upstream:remoteref) refs/heads/main refs/remotes/main [3ms]
2025-09-15 03:56:48.150 [info] > git for-each-ref --sort -committerdate --format %(refname)%00%(objectname)%00%(*objectname) [2ms]
2025-09-15 03:56:48.214 [info] > git status -z -uall [78ms]
2025-09-15 03:56:53.296 [info] > git config --get commit.template [12ms]
2025-09-15 03:56:53.297 [info] > git for-each-ref --format=%(refname)%00%(upstream:short)%00%(objectname)%00%(upstream:track)%00%(upstream:remotename)%00%(upstream:remoteref) refs/heads/main refs/remotes/main [3ms]
2025-09-15 03:56:53.321 [info] > git for-each-ref --sort -committerdate --format %(refname)%00%(objectname)%00%(*objectname) [2ms]
2025-09-15 03:56:53.383 [info] > git status -z -uall [75ms]
2025-09-15 04:00:31.632 [info] > git config --get commit.template [3ms]
2025-09-15 04:00:31.648 [info] > git for-each-ref --format=%(refname)%00%(upstream:short)%00%(objectname)%00%(upstream:track)%00%(upstream:remotename)%00%(upstream:remoteref) refs/heads/main refs/remotes/main [3ms]
2025-09-15 04:00:31.674 [info] > git for-each-ref --sort -committerdate --format %(refname)%00%(objectname)%00%(*objectname) [3ms]
2025-09-15 04:00:31.752 [info] > git status -z -uall [92ms]
2025-09-15 04:01:44.471 [info] > git config --get commit.template [2ms]
2025-09-15 04:01:44.480 [info] > git for-each-ref --format=%(refname)%00%(upstream:short)%00%(objectname)%00%(upstream:track)%00%(upstream:remotename)%00%(upstream:remoteref) refs/heads/main refs/remotes/main [2ms]
2025-09-15 04:01:44.499 [info] > git for-each-ref --sort -committerdate --format %(refname)%00%(objectname)%00%(*objectname) [2ms]
2025-09-15 04:01:44.561 [info] > git status -z -uall [72ms]
2025-09-15 04:01:49.638 [info] > git config --get commit.template [8ms]
2025-09-15 04:01:49.640 [info] > git for-each-ref --format=%(refname)%00%(upstream:short)%00%(objectname)%00%(upstream:track)%00%(upstream:remotename)%00%(upstream:remoteref) refs/heads/main refs/remotes/main [3ms]
2025-09-15 04:01:49.658 [info] > git for-each-ref --sort -committerdate --format %(refname)%00%(objectname)%00%(*objectname) [3ms]
2025-09-15 04:01:49.717 [info] > git status -z -uall [69ms]
2025-09-15 04:01:54.199 [info] > git show --textconv :programming1/problem7.c [10ms]
2025-09-15 04:01:54.208 [info] > git ls-files --stage -- programming1/problem7.c [11ms]
2025-09-15 04:01:54.217 [info] > git hash-object -t tree /dev/null [10ms]
2025-09-15 04:01:54.218 [warning] [GitFileSystemProvider][readFile] File not found - git:/home/efarzad22/programming1/problem7.c.git?%7B%22path%22%3A%22%2Fhome%2Fefarzad22%2Fprogramming1%2Fproblem7.c%22%2C%22ref%22%3A%22%22%7D
2025-09-15 04:01:54.226 [info] > git hash-object -t tree /dev/null [10ms]
2025-09-15 04:01:54.226 [warning] [GitFileSystemProvider][stat] File not found - git:/home/efarzad22/programming1/problem7.c.git?%7B%22path%22%3A%22%2Fhome%2Fefarzad22%2Fprogramming1%2Fproblem7.c%22%2C%22ref%22%3A%22%22%7D
2025-09-15 04:01:54.315 [info] > git check-ignore -v -z --stdin [2ms]
2025-09-15 04:01:55.959 [info] > git blame --root --incremental 51ea7063ff6ed5f99aa192e4be657313910b2dfc -- programming1/problem7.c [2ms]
2025-09-15 04:01:55.959 [info] fatal: no such path programming1/problem7.c in 51ea7063ff6ed5f99aa192e4be657313910b2dfc
2025-09-15 04:02:18.773 [info] > git config --get commit.template [9ms]
2025-09-15 04:02:18.774 [info] > git for-each-ref --format=%(refname)%00%(upstream:short)%00%(objectname)%00%(upstream:track)%00%(upstream:remotename)%00%(upstream:remoteref) refs/heads/main refs/remotes/main [2ms]
2025-09-15 04:02:18.792 [info] > git for-each-ref --sort -committerdate --format %(refname)%00%(objectname)%00%(*objectname) [2ms]
2025-09-15 04:02:18.850 [info] > git status -z -uall [68ms]
2025-09-15 04:06:08.102 [info] > git config --get commit.template [9ms]
2025-09-15 04:06:08.103 [info] > git for-each-ref --format=%(refname)%00%(upstream:short)%00%(objectname)%00%(upstream:track)%00%(upstream:remotename)%00%(upstream:remoteref) refs/heads/main refs/remotes/main [2ms]
2025-09-15 04:06:08.122 [info] > git for-each-ref --sort -committerdate --format %(refname)%00%(objectname)%00%(*objectname) [3ms]
2025-09-15 04:06:08.184 [info] > git status -z -uall [73ms]
2025-09-15 04:06:13.294 [info] > git config --get commit.template [10ms]
2025-09-15 04:06:13.298 [info] > git for-each-ref --format=%(refname)%00%(upstream:short)%00%(objectname)%00%(upstream:track)%00%(upstream:remotename)%00%(upstream:remoteref) refs/heads/main refs/remotes/main [6ms]
2025-09-15 04:06:13.318 [info] > git for-each-ref --sort -committerdate --format %(refname)%00%(objectname)%00%(*objectname) [2ms]
2025-09-15 04:06:13.375 [info] > git status -z -uall [68ms]
2025-09-15 04:06:28.534 [info] > git config --get commit.template [9ms]
2025-09-15 04:06:28.536 [info] > git for-each-ref --format=%(refname)%00%(upstream:short)%00%(objectname)%00%(upstream:track)%00%(upstream:remotename)%00%(upstream:remoteref) refs/heads/main refs/remotes/main [2ms]
2025-09-15 04:06:28.554 [info] > git for-each-ref --sort -committerdate --format %(refname)%00%(objectname)%00%(*objectname) [3ms]
2025-09-15 04:06:28.614 [info] > git status -z -uall [70ms]
2025-09-15 04:07:09.110 [info] > git config --get commit.template [8ms]
2025-09-15 04:07:09.112 [info] > git for-each-ref --format=%(refname)%00%(upstream:short)%00%(objectname)%00%(upstream:track)%00%(upstream:remotename)%00%(upstream:remoteref) refs/heads/main refs/remotes/main [2ms]
2025-09-15 04:07:09.131 [info] > git for-each-ref --sort -committerdate --format %(refname)%00%(objectname)%00%(*objectname) [2ms]
2025-09-15 04:07:09.190 [info] > git status -z -uall [70ms]
2025-09-15 04:07:15.188 [info] > git config --get commit.template [10ms]
2025-09-15 04:07:15.189 [info] > git for-each-ref --format=%(refname)%00%(upstream:short)%00%(objectname)%00%(upstream:track)%00%(upstream:remotename)%00%(upstream:remoteref) refs/heads/main refs/remotes/main [2ms]
2025-09-15 04:07:15.206 [info] > git for-each-ref --sort -committerdate --format %(refname)%00%(objectname)%00%(*objectname) [2ms]
2025-09-15 04:07:15.265 [info] > git status -z -uall [68ms]
2025-09-15 04:07:24.875 [info] > git config --get commit.template [9ms]
2025-09-15 04:07:24.876 [info] > git for-each-ref --format=%(refname)%00%(upstream:short)%00%(objectname)%00%(upstream:track)%00%(upstream:remotename)%00%(upstream:remoteref) refs/heads/main refs/remotes/main [2ms]
2025-09-15 04:07:24.894 [info] > git for-each-ref --sort -committerdate --format %(refname)%00%(objectname)%00%(*objectname) [2ms]
2025-09-15 04:07:24.952 [info] > git status -z -uall [68ms]
2025-09-15 04:07:53.085 [info] > git config --get commit.template [8ms]
2025-09-15 04:07:53.087 [info] > git for-each-ref --format=%(refname)%00%(upstream:short)%00%(objectname)%00%(upstream:track)%00%(upstream:remotename)%00%(upstream:remoteref) refs/heads/main refs/remotes/main [2ms]
2025-09-15 04:07:53.104 [info] > git for-each-ref --sort -committerdate --format %(refname)%00%(objectname)%00%(*objectname) [2ms]
2025-09-15 04:07:53.161 [info] > git status -z -uall [66ms]
2025-09-15 04:10:15.389 [info] > git config --get commit.template [8ms]
2025-09-15 04:10:15.391 [info] > git for-each-ref --format=%(refname)%00%(upstream:short)%00%(objectname)%00%(upstream:track)%00%(upstream:remotename)%00%(upstream:remoteref) refs/heads/main refs/remotes/main [2ms]
2025-09-15 04:10:15.411 [info] > git for-each-ref --sort -committerdate --format %(refname)%00%(objectname)%00%(*objectname) [3ms]
2025-09-15 04:10:15.470 [info] > git status -z -uall [71ms]
2025-09-15 04:10:20.538 [info] > git config --get commit.template [8ms]
2025-09-15 04:10:20.540 [info] > git for-each-ref --format=%(refname)%00%(upstream:short)%00%(objectname)%00%(upstream:track)%00%(upstream:remotename)%00%(upstream:remoteref) refs/heads/main refs/remotes/main [2ms]
2025-09-15 04:10:20.558 [info] > git for-each-ref --sort -committerdate --format %(refname)%00%(objectname)%00%(*objectname) [2ms]
2025-09-15 04:10:20.625 [info] > git status -z -uall [77ms]
2025-09-15 04:13:46.750 [info] > git config --get commit.template [10ms]
2025-09-15 04:13:46.750 [info] > git for-each-ref --format=%(refname)%00%(upstream:short)%00%(objectname)%00%(upstream:track)%00%(upstream:remotename)%00%(upstream:remoteref) refs/heads/main refs/remotes/main [3ms]
2025-09-15 04:13:46.768 [info] > git for-each-ref --sort -committerdate --format %(refname)%00%(objectname)%00%(*objectname) [2ms]
2025-09-15 04:13:46.832 [info] > git status -z -uall [74ms]
2025-09-15 04:18:16.402 [info] > git config --get commit.template [9ms]
2025-09-15 04:18:16.403 [info] > git for-each-ref --format=%(refname)%00%(upstream:short)%00%(objectname)%00%(upstream:track)%00%(upstream:remotename)%00%(upstream:remoteref) refs/heads/main refs/remotes/main [2ms]
2025-09-15 04:18:16.421 [info] > git for-each-ref --sort -committerdate --format %(refname)%00%(objectname)%00%(*objectname) [2ms]
2025-09-15 04:18:16.482 [info] > git status -z -uall [71ms]
2025-09-15 04:18:21.548 [info] > git config --get commit.template [4ms]
2025-09-15 04:18:21.558 [info] > git for-each-ref --format=%(refname)%00%(upstream:short)%00%(objectname)%00%(upstream:track)%00%(upstream:remotename)%00%(upstream:remoteref) refs/heads/main refs/remotes/main [2ms]
2025-09-15 04:18:21.577 [info] > git for-each-ref --sort -committerdate --format %(refname)%00%(objectname)%00%(*objectname) [2ms]
2025-09-15 04:18:21.658 [info] > git status -z -uall [91ms]
2025-09-15 04:18:44.641 [info] > git check-ignore -v -z --stdin [1ms]
2025-09-15 04:19:07.355 [info] > git config --get commit.template [9ms]
2025-09-15 04:19:07.357 [info] > git for-each-ref --format=%(refname)%00%(upstream:short)%00%(objectname)%00%(upstream:track)%00%(upstream:remotename)%00%(upstream:remoteref) refs/heads/main refs/remotes/main [3ms]
2025-09-15 04:19:07.375 [info] > git for-each-ref --sort -committerdate --format %(refname)%00%(objectname)%00%(*objectname) [2ms]
2025-09-15 04:19:07.440 [info] > git status -z -uall [75ms]
2025-09-15 04:19:12.529 [info] > git config --get commit.template [9ms]
2025-09-15 04:19:12.530 [info] > git for-each-ref --format=%(refname)%00%(upstream:short)%00%(objectname)%00%(upstream:track)%00%(upstream:remotename)%00%(upstream:remoteref) refs/heads/main refs/remotes/main [2ms]
2025-09-15 04:19:12.548 [info] > git for-each-ref --sort -committerdate --format %(refname)%00%(objectname)%00%(*objectname) [2ms]
2025-09-15 04:19:12.607 [info] > git status -z -uall [69ms]
2025-09-15 04:20:23.677 [info] > git config --get commit.template [9ms]
2025-09-15 04:20:23.678 [info] > git for-each-ref --format=%(refname)%00%(upstream:short)%00%(objectname)%00%(upstream:track)%00%(upstream:remotename)%00%(upstream:remoteref) refs/heads/main refs/remotes/main [2ms]
2025-09-15 04:20:23.698 [info] > git for-each-ref --sort -committerdate --format %(refname)%00%(objectname)%00%(*objectname) [2ms]
2025-09-15 04:20:23.759 [info] > git status -z -uall [73ms]
2025-09-15 04:20:52.779 [info] > git config --get commit.template [8ms]
2025-09-15 04:20:52.780 [info] > git for-each-ref --format=%(refname)%00%(upstream:short)%00%(objectname)%00%(upstream:track)%00%(upstream:remotename)%00%(upstream:remoteref) refs/heads/main refs/remotes/main [2ms]
2025-09-15 04:20:52.799 [info] > git for-each-ref --sort -committerdate --format %(refname)%00%(objectname)%00%(*objectname) [3ms]
2025-09-15 04:20:52.860 [info] > git status -z -uall [72ms]
2025-09-15 04:21:15.509 [info] > git config --get commit.template [8ms]
2025-09-15 04:21:15.511 [info] > git for-each-ref --format=%(refname)%00%(upstream:short)%00%(objectname)%00%(upstream:track)%00%(upstream:remotename)%00%(upstream:remoteref) refs/heads/main refs/remotes/main [3ms]
2025-09-15 04:21:15.529 [info] > git for-each-ref --sort -committerdate --format %(refname)%00%(objectname)%00%(*objectname) [2ms]
2025-09-15 04:21:15.590 [info] > git status -z -uall [71ms]
2025-09-15 04:21:20.669 [info] > git config --get commit.template [10ms]
2025-09-15 04:21:20.670 [info] > git for-each-ref --format=%(refname)%00%(upstream:short)%00%(objectname)%00%(upstream:track)%00%(upstream:remotename)%00%(upstream:remoteref) refs/heads/main refs/remotes/main [2ms]
2025-09-15 04:21:20.690 [info] > git for-each-ref --sort -committerdate --format %(refname)%00%(objectname)%00%(*objectname) [3ms]
2025-09-15 04:21:20.747 [info] > git status -z -uall [68ms]
2025-09-15 04:21:29.110 [info] > git show --textconv :programming1/problem8.c [10ms]
2025-09-15 04:21:29.111 [warning] [GitFileSystemProvider][readFile] File not found - git:/home/efarzad22/programming1/problem8.c.git?%7B%22path%22%3A%22%2Fhome%2Fefarzad22%2Fprogramming1%2Fproblem8.c%22%2C%22ref%22%3A%22%22%7D
2025-09-15 04:21:29.112 [info] > git ls-files --stage -- programming1/problem8.c [3ms]
2025-09-15 04:21:29.113 [warning] [GitFileSystemProvider][stat] File not found - git:/home/efarzad22/programming1/problem8.c.git?%7B%22path%22%3A%22%2Fhome%2Fefarzad22%2Fprogramming1%2Fproblem8.c%22%2C%22ref%22%3A%22%22%7D
2025-09-15 04:21:29.237 [info] > git check-ignore -v -z --stdin [7ms]
2025-09-15 04:29:09.327 [info] > git blame --root --incremental 51ea7063ff6ed5f99aa192e4be657313910b2dfc -- programming1/problem8.c [2ms]
2025-09-15 04:29:09.328 [info] fatal: no such path programming1/problem8.c in 51ea7063ff6ed5f99aa192e4be657313910b2dfc
