Initializing document watcher...
Document watcher initialized
efarzad22/programming1/problem4.c: {}
efarzad22/programming1/problem4.c: {}
efarzad22/programming1/problem4.c: {}
efarzad22/programming1/exec-variants.c: {}
efarzad22/programming1/exec-variants.c: Using EditorConfig core...
efarzad22/programming1/exec-variants.c: {}
efarzad22/programming1/exec-variants.c: {}
efarzad22/programming1/problem4.c: {}
efarzad22/programming1/exec-variants.c: {}
efarzad22/programming1/problem4.c: {}
efarzad22/programming1/problem4.c: Using EditorConfig core...
efarzad22/programming1/problem4.c: Using EditorConfig core...
efarzad22/programming1/problem4.c: Using EditorConfig core...
efarzad22/programming1/problem4.c: Using EditorConfig core...
efarzad22/programming1/problem4.c: Using EditorConfig core...
efarzad22/programming1/problem4.c: Using EditorConfig core...
efarzad22/programming1/problem4.c: Using EditorConfig core...
efarzad22/programming1/problem4.c: Using EditorConfig core...
efarzad22/programming1/problem3.c: {}
efarzad22/programming1/problem4.c: {}
efarzad22/programming1/problem4.c: Using EditorConfig core...
efarzad22/programming1/problem4.c: Using EditorConfig core...
efarzad22/programming1/problem4.c: Using EditorConfig core...
efarzad22/programming1/problem4.c: Using EditorConfig core...
efarzad22/programming1/problem4.c: Using EditorConfig core...
efarzad22/programming1/problem4.c: Using EditorConfig core...
efarzad22/programming1/problem4.c: Using EditorConfig core...
efarzad22/programming1/problem4.c: Using EditorConfig core...
efarzad22/programming1/problem4.c: Using EditorConfig core...
efarzad22/programming1/problem4.c: Using EditorConfig core...
efarzad22/programming1/problem4.c: {}
efarzad22/programming1/problem4.c: Using EditorConfig core...
efarzad22/programming1/problem4.c: Using EditorConfig core...
efarzad22/programming1/problem4.c: Using EditorConfig core...
efarzad22/programming1/problem4.c: Using EditorConfig core...
efarzad22/programming1/problem4.c: Using EditorConfig core...
efarzad22/programming1/problem4.c: Using EditorConfig core...
efarzad22/programming1/problem4.c: Using EditorConfig core...
efarzad22/programming1/problem4.c: Using EditorConfig core...
efarzad22/programming1/problem4.c: Using EditorConfig core...
efarzad22/programming1/problem4.c: Using EditorConfig core...
efarzad22/programming1/problem4.c: Using EditorConfig core...
efarzad22/programming1/problem4.c: Using EditorConfig core...
efarzad22/programming1/problem4.c: Using EditorConfig core...
efarzad22/programming1/problem4.c: {}
efarzad22/programming1/problem4.c: {}
efarzad22/programming1/problem4.c: Using EditorConfig core...
efarzad22/programming1/problem4.c: {}
efarzad22/programming1/problem4.c: Using EditorConfig core...
efarzad22/programming1/problem4.c: Using EditorConfig core...
efarzad22/programming1/problem4.c: Using EditorConfig core...
efarzad22/programming1/problem4.c: Using EditorConfig core...
efarzad22/programming1/problem4.c: Using EditorConfig core...
efarzad22/programming1/problem4.c: Using EditorConfig core...
