2025-09-03 04:40:25.397 [info] [main] Log level: Info
2025-09-03 04:40:25.397 [info] [main] Validating found git in: "git"
2025-09-03 04:40:25.397 [info] [main] Using git "2.43.0" from "git"
2025-09-03 04:40:25.397 [info] [Model][doInitialScan] Initial repository scan started
2025-09-03 04:40:25.397 [info] > git rev-parse --show-toplevel [5ms]
2025-09-03 04:40:25.397 [info] fatal: not a git repository (or any parent up to mount point /)
Stopping at filesystem boundary (GIT_DISCOVERY_ACROSS_FILESYSTEM not set).
2025-09-03 04:40:25.397 [info] > git rev-parse --show-toplevel [2ms]
2025-09-03 04:40:25.397 [info] fatal: not a git repository (or any parent up to mount point /)
Stopping at filesystem boundary (GIT_DISCOVERY_ACROSS_FILESYSTEM not set).
2025-09-03 04:40:25.397 [info] > git rev-parse --show-toplevel [2085ms]
2025-09-03 04:40:25.397 [info] fatal: not a git repository (or any parent up to mount point /)
Stopping at filesystem boundary (GIT_DISCOVERY_ACROSS_FILESYSTEM not set).
2025-09-03 04:40:25.397 [info] > git rev-parse --show-toplevel [4ms]
2025-09-03 04:40:25.397 [info] fatal: not a git repository (or any parent up to mount point /)
Stopping at filesystem boundary (GIT_DISCOVERY_ACROSS_FILESYSTEM not set).
2025-09-03 04:40:25.397 [info] > git rev-parse --show-toplevel [1ms]
2025-09-03 04:40:25.397 [info] fatal: not a git repository (or any parent up to mount point /)
Stopping at filesystem boundary (GIT_DISCOVERY_ACROSS_FILESYSTEM not set).
2025-09-03 04:40:25.403 [info] > git rev-parse --show-toplevel [2ms]
2025-09-03 04:40:25.403 [info] fatal: not a git repository (or any parent up to mount point /)
Stopping at filesystem boundary (GIT_DISCOVERY_ACROSS_FILESYSTEM not set).
2025-09-03 04:40:25.408 [info] > git rev-parse --show-toplevel [2ms]
2025-09-03 04:40:25.408 [info] fatal: not a git repository (or any parent up to mount point /)
Stopping at filesystem boundary (GIT_DISCOVERY_ACROSS_FILESYSTEM not set).
2025-09-03 04:40:25.413 [info] > git rev-parse --show-toplevel [2ms]
2025-09-03 04:40:25.413 [info] fatal: not a git repository (or any parent up to mount point /)
Stopping at filesystem boundary (GIT_DISCOVERY_ACROSS_FILESYSTEM not set).
2025-09-03 04:40:25.414 [info] [Model][doInitialScan] Initial repository scan completed - repositories (0), closed repositories (0), parent repositories (0), unsafe repositories (0)
2025-09-03 04:40:27.950 [info] > git rev-parse --show-toplevel [75ms]
2025-09-03 04:40:27.950 [info] fatal: not a git repository (or any parent up to mount point /)
Stopping at filesystem boundary (GIT_DISCOVERY_ACROSS_FILESYSTEM not set).
2025-09-03 04:43:47.549 [info] > git rev-parse --show-toplevel [5ms]
2025-09-03 04:43:47.549 [info] fatal: not a git repository (or any parent up to mount point /)
Stopping at filesystem boundary (GIT_DISCOVERY_ACROSS_FILESYSTEM not set).
2025-09-03 04:53:39.611 [info] > git rev-parse --show-toplevel [4ms]
2025-09-03 04:53:39.611 [info] fatal: not a git repository (or any parent up to mount point /)
Stopping at filesystem boundary (GIT_DISCOVERY_ACROSS_FILESYSTEM not set).
2025-09-03 05:01:20.699 [info] > git rev-parse --show-toplevel [3ms]
2025-09-03 05:01:20.699 [info] fatal: not a git repository (or any parent up to mount point /)
Stopping at filesystem boundary (GIT_DISCOVERY_ACROSS_FILESYSTEM not set).
2025-09-03 05:12:04.071 [info] > git rev-parse --show-toplevel [3ms]
2025-09-03 05:12:04.071 [info] fatal: not a git repository (or any parent up to mount point /)
Stopping at filesystem boundary (GIT_DISCOVERY_ACROSS_FILESYSTEM not set).
2025-09-03 05:19:00.376 [info] > git rev-parse --show-toplevel [4ms]
2025-09-03 05:19:00.376 [info] fatal: not a git repository (or any parent up to mount point /)
Stopping at filesystem boundary (GIT_DISCOVERY_ACROSS_FILESYSTEM not set).
2025-09-03 05:19:14.140 [info] > git rev-parse --show-toplevel [2ms]
2025-09-03 05:19:14.140 [info] fatal: not a git repository (or any parent up to mount point /)
Stopping at filesystem boundary (GIT_DISCOVERY_ACROSS_FILESYSTEM not set).
2025-09-03 05:19:34.606 [info] > git rev-parse --show-toplevel [2ms]
2025-09-03 05:19:34.606 [info] fatal: not a git repository (or any parent up to mount point /)
Stopping at filesystem boundary (GIT_DISCOVERY_ACROSS_FILESYSTEM not set).
2025-09-03 05:20:53.107 [info] > git rev-parse --show-toplevel [4ms]
2025-09-03 05:20:53.107 [info] fatal: not a git repository (or any parent up to mount point /)
Stopping at filesystem boundary (GIT_DISCOVERY_ACROSS_FILESYSTEM not set).
2025-09-03 05:20:56.209 [info] > git rev-parse --show-toplevel [3ms]
2025-09-03 05:20:56.209 [info] fatal: not a git repository (or any parent up to mount point /)
Stopping at filesystem boundary (GIT_DISCOVERY_ACROSS_FILESYSTEM not set).
2025-09-03 05:55:22.558 [info] > git rev-parse --show-toplevel [2ms]
2025-09-03 05:55:22.558 [info] fatal: not a git repository (or any parent up to mount point /)
Stopping at filesystem boundary (GIT_DISCOVERY_ACROSS_FILESYSTEM not set).
2025-09-03 06:05:22.135 [info] > git rev-parse --show-toplevel [3ms]
2025-09-03 06:05:22.135 [info] fatal: not a git repository (or any parent up to mount point /)
Stopping at filesystem boundary (GIT_DISCOVERY_ACROSS_FILESYSTEM not set).
2025-09-03 06:05:31.638 [info] > git rev-parse --show-toplevel [3ms]
2025-09-03 06:05:31.638 [info] fatal: not a git repository (or any parent up to mount point /)
Stopping at filesystem boundary (GIT_DISCOVERY_ACROSS_FILESYSTEM not set).
2025-09-03 06:06:46.209 [info] > git rev-parse --show-toplevel [2ms]
2025-09-03 06:06:46.209 [info] fatal: not a git repository (or any parent up to mount point /)
Stopping at filesystem boundary (GIT_DISCOVERY_ACROSS_FILESYSTEM not set).
2025-09-03 06:06:48.311 [info] > git rev-parse --show-toplevel [2ms]
2025-09-03 06:06:48.311 [info] fatal: not a git repository (or any parent up to mount point /)
Stopping at filesystem boundary (GIT_DISCOVERY_ACROSS_FILESYSTEM not set).
2025-09-03 06:06:49.830 [info] > git rev-parse --show-toplevel [3ms]
2025-09-03 06:06:49.830 [info] fatal: not a git repository (or any parent up to mount point /)
Stopping at filesystem boundary (GIT_DISCOVERY_ACROSS_FILESYSTEM not set).
2025-09-03 06:07:45.706 [info] > git rev-parse --show-toplevel [2ms]
2025-09-03 06:07:45.706 [info] fatal: not a git repository (or any parent up to mount point /)
Stopping at filesystem boundary (GIT_DISCOVERY_ACROSS_FILESYSTEM not set).
2025-09-03 06:07:48.373 [info] > git rev-parse --show-toplevel [3ms]
2025-09-03 06:07:48.373 [info] fatal: not a git repository (or any parent up to mount point /)
Stopping at filesystem boundary (GIT_DISCOVERY_ACROSS_FILESYSTEM not set).
2025-09-03 06:07:50.921 [info] > git rev-parse --show-toplevel [2ms]
2025-09-03 06:07:50.921 [info] fatal: not a git repository (or any parent up to mount point /)
Stopping at filesystem boundary (GIT_DISCOVERY_ACROSS_FILESYSTEM not set).
2025-09-03 06:07:52.080 [info] > git rev-parse --show-toplevel [1ms]
2025-09-03 06:07:52.080 [info] fatal: not a git repository (or any parent up to mount point /)
Stopping at filesystem boundary (GIT_DISCOVERY_ACROSS_FILESYSTEM not set).
2025-09-03 06:08:31.810 [info] > git rev-parse --show-toplevel [1ms]
2025-09-03 06:08:31.810 [info] fatal: not a git repository (or any parent up to mount point /)
Stopping at filesystem boundary (GIT_DISCOVERY_ACROSS_FILESYSTEM not set).
