2025-09-04 22:06:33.090 [info] [main] Log level: Info
2025-09-04 22:06:33.090 [info] [main] Validating found git in: "git"
2025-09-04 22:06:33.090 [info] [main] Using git "2.43.0" from "git"
2025-09-04 22:06:33.090 [info] [Model][doInitialScan] Initial repository scan started
2025-09-04 22:06:33.090 [info] > git rev-parse --show-toplevel [6ms]
2025-09-04 22:06:33.090 [info] fatal: not a git repository (or any parent up to mount point /)
Stopping at filesystem boundary (GIT_DISCOVERY_ACROSS_FILESYSTEM not set).
2025-09-04 22:06:33.090 [info] > git rev-parse --show-toplevel [4ms]
2025-09-04 22:06:33.090 [info] fatal: not a git repository (or any parent up to mount point /)
Stopping at filesystem boundary (GIT_DISCOVERY_ACROSS_FILESYSTEM not set).
2025-09-04 22:06:33.097 [info] > git rev-parse --show-toplevel [2ms]
2025-09-04 22:06:33.097 [info] fatal: not a git repository (or any parent up to mount point /)
Stopping at filesystem boundary (GIT_DISCOVERY_ACROSS_FILESYSTEM not set).
2025-09-04 22:06:33.103 [info] > git rev-parse --show-toplevel [2ms]
2025-09-04 22:06:33.103 [info] fatal: not a git repository (or any parent up to mount point /)
Stopping at filesystem boundary (GIT_DISCOVERY_ACROSS_FILESYSTEM not set).
2025-09-04 22:06:33.109 [info] > git rev-parse --show-toplevel [2ms]
2025-09-04 22:06:33.109 [info] fatal: not a git repository (or any parent up to mount point /)
Stopping at filesystem boundary (GIT_DISCOVERY_ACROSS_FILESYSTEM not set).
2025-09-04 22:06:35.227 [info] > git rev-parse --show-toplevel [2109ms]
2025-09-04 22:06:35.227 [info] fatal: not a git repository (or any parent up to mount point /)
Stopping at filesystem boundary (GIT_DISCOVERY_ACROSS_FILESYSTEM not set).
2025-09-04 22:06:35.326 [info] > git rev-parse --show-toplevel [92ms]
2025-09-04 22:06:35.326 [info] fatal: not a git repository (or any parent up to mount point /)
Stopping at filesystem boundary (GIT_DISCOVERY_ACROSS_FILESYSTEM not set).
2025-09-04 22:06:35.345 [info] > git rev-parse --show-toplevel [10ms]
2025-09-04 22:06:35.345 [info] fatal: not a git repository (or any parent up to mount point /)
Stopping at filesystem boundary (GIT_DISCOVERY_ACROSS_FILESYSTEM not set).
2025-09-04 22:06:37.851 [info] > git rev-parse --show-toplevel [2498ms]
2025-09-04 22:06:37.851 [info] fatal: not a git repository (or any parent up to mount point /)
Stopping at filesystem boundary (GIT_DISCOVERY_ACROSS_FILESYSTEM not set).
2025-09-04 22:06:38.069 [info] > git rev-parse --show-toplevel [162ms]
2025-09-04 22:06:38.070 [info] fatal: not a git repository (or any parent up to mount point /)
Stopping at filesystem boundary (GIT_DISCOVERY_ACROSS_FILESYSTEM not set).
2025-09-04 22:06:38.278 [info] > git rev-parse --show-toplevel [9ms]
2025-09-04 22:06:38.278 [info] fatal: not a git repository (or any parent up to mount point /)
Stopping at filesystem boundary (GIT_DISCOVERY_ACROSS_FILESYSTEM not set).
2025-09-04 22:06:38.279 [info] [Model][doInitialScan] Initial repository scan completed - repositories (0), closed repositories (0), parent repositories (0), unsafe repositories (0)
2025-09-04 22:06:38.304 [info] > git rev-parse --show-toplevel [17ms]
2025-09-04 22:06:38.304 [info] fatal: not a git repository (or any parent up to mount point /)
Stopping at filesystem boundary (GIT_DISCOVERY_ACROSS_FILESYSTEM not set).
2025-09-04 22:06:38.341 [info] > git rev-parse --show-toplevel [29ms]
2025-09-04 22:06:38.341 [info] fatal: not a git repository (or any parent up to mount point /)
Stopping at filesystem boundary (GIT_DISCOVERY_ACROSS_FILESYSTEM not set).
