2025-09-12 00:19:43.473 [info] Reading sessions from keychain...
2025-09-12 00:19:43.473 [info] Getting sessions for all scopes...
2025-09-12 00:19:43.473 [info] Getting sessions for all scopes...
2025-09-12 00:19:43.473 [info] Got 0 sessions for ...
2025-09-12 00:19:43.473 [info] Got 0 sessions for ...
2025-09-12 00:19:43.502 [info] Getting sessions for read:user,repo,user:email,workflow...
2025-09-12 00:19:43.502 [info] Got 0 sessions for read:user,repo,user:email,workflow...
2025-09-12 00:25:32.480 [info] Getting sessions for read:user,repo,user:email,workflow...
2025-09-12 00:25:32.480 [info] Got 0 sessions for read:user,repo,user:email,workflow...
2025-09-12 00:27:06.746 [info] Getting sessions for read:user,repo,user:email,workflow...
2025-09-12 00:27:06.746 [info] Got 0 sessions for read:user,repo,user:email,workflow...
2025-09-12 00:28:47.135 [info] Getting sessions for read:user,repo,user:email,workflow...
2025-09-12 00:28:47.136 [info] Got 0 sessions for read:user,repo,user:email,workflow...
2025-09-12 00:28:48.928 [info] Logging in with 'any' account...
2025-09-12 00:28:48.928 [info] Logging in for the following scopes: read:user repo user:email workflow
2025-09-12 00:28:49.002 [info] Trying device code flow... (read:user repo user:email workflow)
2025-09-12 00:29:18.840 [info] Getting user info...
2025-09-12 00:29:19.118 [info] Got account info!
2025-09-12 00:29:19.119 [info] Storing 1 sessions...
2025-09-12 00:29:23.713 [info] Reading sessions from keychain...
2025-09-12 00:29:23.713 [info] Stored 1 sessions!
2025-09-12 00:29:23.715 [info] Login success!
2025-09-12 00:29:23.851 [info] Got stored sessions!
2025-09-12 00:29:23.851 [info] Got 1 verified sessions.
2025-09-12 00:29:24.040 [info] Getting sessions for read:user,repo,user:email,workflow...
2025-09-12 00:29:24.041 [info] Got 1 sessions for read:user,repo,user:email,workflow...
2025-09-12 01:51:44.723 [info] Getting sessions for read:user,repo,user:email,workflow...
2025-09-12 01:51:44.724 [info] Got 1 sessions for read:user,repo,user:email,workflow...
